2023-10-19 17:33:10,109 [INFO] MainUpdater:2868 - connection check result : 10
2023-10-19 17:33:10,125 [INFO] MainUpdater:2868 - connection check result : 10
2023-10-19 17:33:10,188 [INFO] I2cTimingTraitement:330 - 0x00C0EAFF
2023-10-19 17:33:10,197 [INFO] MicroXplorer:468 - Change Database Path : 
2023-10-19 17:33:10,197 [INFO] MicroXplorer:498 - Change Database Version : DB.6.0.92
2023-10-19 17:33:10,247 [WARN] ThirdParty:871 - waiting for thirdparty lock release [close project]
2023-10-19 17:33:10,247 [INFO] ThirdParty:873 - entering critical section [close project]
2023-10-19 17:33:10,247 [INFO] ThirdParty:883 - exiting critical section [close project]
2023-10-19 17:33:10,249 [INFO] PinOutPanel:1499 - setPackage(No Configuration,No Configuration)
2023-10-19 17:33:10,252 [WARN] IpParametersView:151 - Warning: This peripheral hasn't parameters
2023-10-19 17:33:10,255 [WARN] MainPanel:272 - <html><b><center>Warning: This peripheral has no parameters to be configured<br></b></html>
2023-10-19 17:33:10,257 [INFO] UtilMem:75 - Begin LoadConfig() Used Memory: 428548352 Bytes (964689920)
2023-10-19 17:33:10,258 [INFO] MicroXplorer:468 - Change Database Path : 
2023-10-19 17:33:10,258 [INFO] MicroXplorer:498 - Change Database Version : DB.6.0.92
2023-10-19 17:33:10,258 [INFO] OpenFileManager:308 - Change cursor
2023-10-19 17:33:10,275 [INFO] Mcu:1946 - Initializing MCU STM32F767ZITx STM32F767ZITx STM32F767ZIT6
2023-10-19 17:33:11,836 [INFO] Context:659 - Trying to add GPIOservice into a context  which must be forbidden
2023-10-19 17:33:12,086 [INFO] RtosManager:555 - Registered RTOS mode: class=CMSIS, group=RTOS, mode=CMSIS_V1, owner=FREERTOS
2023-10-19 17:33:12,086 [INFO] RtosManager:555 - Registered RTOS mode: class=CMSIS, group=RTOS2, mode=CMSIS_V2, owner=FREERTOS
2023-10-19 17:33:12,086 [INFO] RtosManager:555 - Registered RTOS mode: class=RTOS, group=Core, mode=CMSIS_V1, owner=FREERTOS
2023-10-19 17:33:12,086 [INFO] RtosManager:555 - Registered RTOS mode: class=RTOS, group=Core, mode=CMSIS_V2, owner=FREERTOS
2023-10-19 17:33:12,086 [WARN] ModelIntegratedComponent:184 - Missing modes for component STMicroelectronics:FreeRTOS:0.0.1:STMicroelectronics:RTOS:FreeRTOS:Core:::10.2.0:
2023-10-19 17:33:12,096 [WARN] ModelIntegratedComponent:63 - No mode defined for component null
2023-10-19 17:33:12,096 [WARN] ModelIntegratedComponent:63 - No mode defined for component null
2023-10-19 17:33:12,096 [WARN] ModelIntegratedComponent:63 - No mode defined for component null
2023-10-19 17:33:12,096 [WARN] ModelIntegratedComponent:63 - No mode defined for component null
2023-10-19 17:33:12,096 [WARN] ModelIntegratedComponent:63 - No mode defined for component null
2023-10-19 17:33:12,096 [WARN] ModelIntegratedComponent:63 - No mode defined for component null
2023-10-19 17:33:12,096 [WARN] ModelIntegratedComponent:63 - No mode defined for component null
2023-10-19 17:33:12,096 [WARN] ModelIntegratedComponent:63 - No mode defined for component null
2023-10-19 17:33:12,096 [WARN] ModelIntegratedComponent:63 - No mode defined for component null
2023-10-19 17:33:12,096 [WARN] ModelIntegratedComponent:63 - No mode defined for component null
2023-10-19 17:33:12,097 [WARN] ModelIntegratedComponent:63 - No mode defined for component null
2023-10-19 17:33:12,097 [WARN] ModelIntegratedComponent:63 - No mode defined for component null
2023-10-19 17:33:12,097 [WARN] ModelIntegratedComponent:63 - No mode defined for component null
2023-10-19 17:33:12,097 [WARN] ModelIntegratedComponent:63 - No mode defined for component null
2023-10-19 17:33:12,097 [WARN] ModelIntegratedComponent:63 - No mode defined for component null
2023-10-19 17:33:12,097 [WARN] ModelIntegratedComponent:63 - No mode defined for component null
2023-10-19 17:33:12,097 [WARN] ModelIntegratedComponent:63 - No mode defined for component null
2023-10-19 17:33:12,097 [WARN] ModelIntegratedComponent:63 - No mode defined for component null
2023-10-19 17:33:12,097 [WARN] ModelIntegratedComponent:63 - No mode defined for component null
2023-10-19 17:33:12,097 [WARN] ModelIntegratedComponent:63 - No mode defined for component null
2023-10-19 17:33:12,097 [WARN] ModelIntegratedComponent:63 - No mode defined for component null
2023-10-19 17:33:12,097 [WARN] ModelIntegratedComponent:63 - No mode defined for component null
2023-10-19 17:33:12,097 [WARN] ModelIntegratedComponent:63 - No mode defined for component null
2023-10-19 17:33:12,097 [WARN] ModelIntegratedComponent:63 - No mode defined for component null
2023-10-19 17:33:12,097 [WARN] ModelIntegratedComponent:63 - No mode defined for component null
2023-10-19 17:33:12,097 [WARN] ModelIntegratedComponent:63 - No mode defined for component null
2023-10-19 17:33:12,097 [WARN] ModelIntegratedComponent:63 - No mode defined for component null
2023-10-19 17:33:12,097 [WARN] ModelIntegratedComponent:63 - No mode defined for component null
2023-10-19 17:33:12,097 [WARN] ModelIntegratedComponent:63 - No mode defined for component null
2023-10-19 17:33:12,097 [WARN] ModelIntegratedComponent:63 - No mode defined for component null
2023-10-19 17:33:12,097 [WARN] ModelIntegratedComponent:63 - No mode defined for component null
2023-10-19 17:33:12,097 [WARN] ModelIntegratedComponent:63 - No mode defined for component null
2023-10-19 17:33:12,097 [WARN] ModelIntegratedComponent:63 - No mode defined for component null
2023-10-19 17:33:12,104 [INFO] ThirdPartyModel:298 - Start build external matchings
2023-10-19 17:33:12,307 [INFO] ThirdPartyModel:316 - End build external matchings
2023-10-19 17:33:12,313 [INFO] ImportTextPane:194 - (OptionalMessage_ERROR) IP (RCC) : Invalid parameter (48MHZClocksFreq_Value)
2023-10-19 17:33:12,313 [INFO] ImportTextPane:194 - (OptionalMessage_ERROR) IP (RCC) : Invalid parameter (ADC12outputFreq_Value)
2023-10-19 17:33:12,313 [INFO] ImportTextPane:194 - (OptionalMessage_ERROR) IP (RCC) : Invalid parameter (ADC34outputFreq_Value)
2023-10-19 17:33:12,313 [INFO] ImportTextPane:194 - (OptionalMessage_ERROR) IP (RCC) : Invalid parameter (FamilyName)
2023-10-19 17:33:12,313 [INFO] ImportTextPane:194 - (OptionalMessage_ERROR) IP (RCC) : Invalid parameter (I2SClocksFreq_Value)
2023-10-19 17:33:12,313 [INFO] ImportTextPane:194 - (OptionalMessage_ERROR) IP (RCC) : Invalid parameter (LCDTFToutputFreq_Value)
2023-10-19 17:33:12,313 [INFO] ImportTextPane:194 - (OptionalMessage_ERROR) IP (RCC) : Invalid parameter (MCOFreq_Value)
2023-10-19 17:33:12,313 [INFO] ImportTextPane:194 - (OptionalMessage_ERROR) IP (RCC) : Invalid parameter (PLLMCOFreq_Value)
2023-10-19 17:33:12,313 [INFO] ImportTextPane:194 - (OptionalMessage_ERROR) IP (RCC) : Invalid parameter (PLLMUL)
2023-10-19 17:33:12,313 [INFO] ImportTextPane:194 - (OptionalMessage_ERROR) IP (RCC) : Invalid parameter (PRESCALERUSB)
2023-10-19 17:33:12,314 [INFO] ImportTextPane:194 - (OptionalMessage_ERROR) IP (RCC) : Invalid parameter (RTCHSEDivFreq_Value)
2023-10-19 17:33:12,314 [INFO] ImportTextPane:194 - (OptionalMessage_ERROR) IP (RCC) : Parameter (SDMMC2Freq_Value) has invalid value (200000000)
2023-10-19 17:33:12,314 [INFO] ImportTextPane:194 - (OptionalMessage_ERROR) IP (RCC) : Parameter (SDMMCFreq_Value) has invalid value (200000000)
2023-10-19 17:33:12,314 [INFO] ImportTextPane:194 - (OptionalMessage_ERROR) IP (RCC) : Invalid parameter (SYSCLKSourceVirtual)
2023-10-19 17:33:12,314 [INFO] ImportTextPane:194 - (OptionalMessage_ERROR) IP (RCC) : Invalid parameter (TIM15Freq_Value)
2023-10-19 17:33:12,314 [INFO] ImportTextPane:194 - (OptionalMessage_ERROR) IP (RCC) : Invalid parameter (TIM16Freq_Value)
2023-10-19 17:33:12,314 [INFO] ImportTextPane:194 - (OptionalMessage_ERROR) IP (RCC) : Invalid parameter (TIM17Freq_Value)
2023-10-19 17:33:12,314 [INFO] ImportTextPane:194 - (OptionalMessage_ERROR) IP (RCC) : Invalid parameter (TIM1Freq_Value)
2023-10-19 17:33:12,314 [INFO] ImportTextPane:194 - (OptionalMessage_ERROR) IP (RCC) : Invalid parameter (TIM20Freq_Value)
2023-10-19 17:33:12,314 [INFO] ImportTextPane:194 - (OptionalMessage_ERROR) IP (RCC) : Invalid parameter (TIM2Freq_Value)
2023-10-19 17:33:12,314 [INFO] ImportTextPane:194 - (OptionalMessage_ERROR) IP (RCC) : Invalid parameter (TIM3Freq_Value)
2023-10-19 17:33:12,314 [INFO] ImportTextPane:194 - (OptionalMessage_ERROR) IP (RCC) : Invalid parameter (TIM8Freq_Value)
2023-10-19 17:33:12,314 [INFO] ImportTextPane:194 - (OptionalMessage_ERROR) IP (RCC) : Parameter (USBFreq_Value) has invalid value (44444444.44444445)
2023-10-19 17:33:12,314 [INFO] ImportTextPane:194 - (OptionalMessage_ERROR) IP (RCC) : Invalid parameter (VCOOutput2Freq_Value)
2023-10-19 17:33:12,314 [INFO] ImportTextPane:194 - (OptionalMessage_ERROR) IP (RCC) : Invalid parameter (VcooutputI2S)
2023-10-19 17:33:12,566 [INFO] UtilMem:75 - End LoadConfig() Used Memory: 514841624 Bytes (964689920)
2023-10-19 17:33:12,594 [WARN] ThirdParty:833 - waiting for thirdparty lock release [change project]
2023-10-19 17:33:12,594 [INFO] ThirdParty:835 - entering critical section [change project]
2023-10-19 17:33:12,594 [INFO] ThirdParty:1030 - CMSIS Pack Vendor :STMicroelectronics X-CUBE-ISPU 1.1.0
2023-10-19 17:33:12,594 [INFO] ThirdParty:1030 - CMSIS Pack Vendor :STMicroelectronics USBPD 4.1
2023-10-19 17:33:12,594 [INFO] ThirdParty:1030 - CMSIS Pack Vendor :STMicroelectronics X-CUBE-GNSS1 6.0.0
2023-10-19 17:33:12,594 [INFO] ThirdParty:1030 - CMSIS Pack Vendor :STMicroelectronics USB_HOST 2.0.0
2023-10-19 17:33:12,594 [INFO] ThirdParty:1030 - CMSIS Pack Vendor :STMicroelectronics X-CUBE-AZRTOS-F4 1.1.0
2023-10-19 17:33:12,594 [INFO] ThirdParty:1030 - CMSIS Pack Vendor :STMicroelectronics LIBJPEG 8.0.0
2023-10-19 17:33:12,594 [INFO] ThirdParty:1030 - CMSIS Pack Vendor :wolfSSL I-CUBE-wolfSSL 5.6.3
2023-10-19 17:33:12,594 [INFO] ThirdParty:1030 - CMSIS Pack Vendor :STMicroelectronics X-CUBE-SMBUS 2.1.0
2023-10-19 17:33:12,594 [INFO] ThirdParty:1030 - CMSIS Pack Vendor :STMicroelectronics USB_DEVICE 3.0.0
2023-10-19 17:33:12,594 [INFO] ThirdParty:1030 - CMSIS Pack Vendor :STMicroelectronics X-CUBE-AZRTOS-WB 2.0.0
2023-10-19 17:33:12,594 [INFO] ThirdParty:1030 - CMSIS Pack Vendor :STMicroelectronics X-CUBE-FREERTOS 1.0.1
2023-10-19 17:33:12,594 [INFO] ThirdParty:1030 - CMSIS Pack Vendor :STMicroelectronics X-CUBE-AZRTOS-F7 1.1.0
2023-10-19 17:33:12,594 [INFO] ThirdParty:1030 - CMSIS Pack Vendor :STMicroelectronics X-CUBE-AZRTOS-L5 2.0.0
2023-10-19 17:33:12,594 [INFO] ThirdParty:1030 - CMSIS Pack Vendor :STMicroelectronics USB_DEVICE 2.0.0
2023-10-19 17:33:12,594 [INFO] ThirdParty:1030 - CMSIS Pack Vendor :STMicroelectronics X-CUBE-MEMS1 9.6.0
2023-10-19 17:33:12,594 [INFO] ThirdParty:1030 - CMSIS Pack Vendor :ITTIA_DB I-CUBE-ITTIADB 8.8.0
2023-10-19 17:33:12,594 [INFO] ThirdParty:1030 - CMSIS Pack Vendor :STMicroelectronics FP-SNS-MOTENV1 4.3.2
2023-10-19 17:33:12,594 [INFO] ThirdParty:1030 - CMSIS Pack Vendor :STMicroelectronics X-CUBE-ALGOBUILD 1.3.0
2023-10-19 17:33:12,594 [INFO] ThirdParty:1030 - CMSIS Pack Vendor :STMicroelectronics X-CUBE-BLE1 6.2.4
2023-10-19 17:33:12,594 [INFO] ThirdParty:1030 - CMSIS Pack Vendor :STMicroelectronics X-CUBE-AZRTOS-L5 1.1.0
2023-10-19 17:33:12,594 [INFO] ThirdParty:1030 - CMSIS Pack Vendor :STMicroelectronics FreeRTOS 0.0.1
2023-10-19 17:33:12,594 [INFO] ThirdParty:1030 - CMSIS Pack Vendor :STMicroelectronics X-CUBE-AZRTOS-G0 1.1.0
2023-10-19 17:33:12,594 [INFO] ThirdParty:1030 - CMSIS Pack Vendor :STMicroelectronics X-CUBE-BLEMGR 2.0.0
2023-10-19 17:33:12,594 [INFO] ThirdParty:1030 - CMSIS Pack Vendor :STMicroelectronics X-CUBE-AI 8.0.1
2023-10-19 17:33:12,594 [INFO] ThirdParty:1030 - CMSIS Pack Vendor :STMicroelectronics X-CUBE-NFC4 3.0.0
2023-10-19 17:33:12,594 [INFO] ThirdParty:1030 - CMSIS Pack Vendor :STMicroelectronics X-CUBE-SUBG2 5.0.0
2023-10-19 17:33:12,594 [INFO] ThirdParty:1030 - CMSIS Pack Vendor :STMicroelectronics STM32_WPAN 1.0.0
2023-10-19 17:33:12,594 [INFO] ThirdParty:1030 - CMSIS Pack Vendor :STMicroelectronics lwIP 2.0.3
2023-10-19 17:33:12,594 [INFO] ThirdParty:1030 - CMSIS Pack Vendor :STMicroelectronics FP-SNS-FLIGHT1 5.0.2
2023-10-19 17:33:12,594 [INFO] ThirdParty:1030 - CMSIS Pack Vendor :STMicroelectronics USB_HOST 1.0.0
2023-10-19 17:33:12,594 [INFO] ThirdParty:1030 - CMSIS Pack Vendor :STMicroelectronics X-CUBE-TOF1 3.3.1
2023-10-19 17:33:12,595 [INFO] ThirdParty:1030 - CMSIS Pack Vendor :STMicroelectronics X-CUBE-AZRTOS-G4 2.0.0
2023-10-19 17:33:12,595 [INFO] ThirdParty:1030 - CMSIS Pack Vendor :STMicroelectronics PDM2PCM 3.1.0
2023-10-19 17:33:12,595 [INFO] ThirdParty:1030 - CMSIS Pack Vendor :STMicroelectronics X-CUBE-AZRTOS-H7 3.1.0
2023-10-19 17:33:12,595 [INFO] ThirdParty:1030 - CMSIS Pack Vendor :Infineon AIROC-Wi-Fi-Bluetooth-STM32 1.5.1
2023-10-19 17:33:12,595 [INFO] ThirdParty:1030 - CMSIS Pack Vendor :STMicroelectronics PDM2PCM 3.3.0
2023-10-19 17:33:12,595 [INFO] ThirdParty:1030 - CMSIS Pack Vendor :STMicroelectronics X-CUBE-DISPLAY 3.0.0
2023-10-19 17:33:12,595 [INFO] ThirdParty:1030 - CMSIS Pack Vendor :STMicroelectronics X-CUBE-BLE1 7.0.0
2023-10-19 17:33:12,595 [INFO] ThirdParty:1030 - CMSIS Pack Vendor :STMicroelectronics FP-ATR-SIGFOX1 3.2.0
2023-10-19 17:33:12,595 [INFO] ThirdParty:1030 - CMSIS Pack Vendor :STMicroelectronics HAL Drivers 0.0.0
2023-10-19 17:33:12,595 [INFO] ThirdParty:1030 - CMSIS Pack Vendor :STMicroelectronics MBEDTLS 2.16.2
2023-10-19 17:33:12,595 [INFO] ThirdParty:1030 - CMSIS Pack Vendor :emotas I-CUBE-CANOPEN 1.3.0
2023-10-19 17:33:12,595 [INFO] ThirdParty:1030 - CMSIS Pack Vendor :STMicroelectronics X-CUBE-FREERTOS 1.1.0
2023-10-19 17:33:12,595 [INFO] ThirdParty:1030 - CMSIS Pack Vendor :STMicroelectronics X-CUBE-TOUCHGFX 4.22.0
2023-10-19 17:33:12,595 [INFO] ThirdParty:1030 - CMSIS Pack Vendor :STMicroelectronics X-CUBE-NFC7 1.0.1
2023-10-19 17:33:12,595 [INFO] ThirdParty:1030 - CMSIS Pack Vendor :STMicroelectronics MBEDTLS 2.14.1
2023-10-19 17:33:12,595 [INFO] ThirdParty:1030 - CMSIS Pack Vendor :STMicroelectronics X-CUBE-TOUCHGFX 4.22.1
2023-10-19 17:33:12,595 [INFO] ThirdParty:1030 - CMSIS Pack Vendor :STMicroelectronics X-CUBE-NFC6 3.0.0
2023-10-19 17:33:12,595 [INFO] ThirdParty:1030 - CMSIS Pack Vendor :STMicroelectronics X-CUBE-EEPRMA1 4.1.0
2023-10-19 17:33:12,595 [INFO] ThirdParty:1030 - CMSIS Pack Vendor :portGmbH I-Cube-SoM-uGOAL 1.1.0
2023-10-19 17:33:12,595 [INFO] ThirdParty:1030 - CMSIS Pack Vendor :STMicroelectronics X-CUBE-ALS 1.0.1
2023-10-19 17:33:12,595 [INFO] ThirdParty:1030 - CMSIS Pack Vendor :STMicroelectronics ThreadX 1.0.0
2023-10-19 17:33:12,595 [INFO] ThirdParty:1030 - CMSIS Pack Vendor :STMicroelectronics FP-SNS-SMARTAG2 1.2.0
2023-10-19 17:33:12,595 [INFO] ThirdParty:1030 - CMSIS Pack Vendor :STMicroelectronics X-CUBE-AZRTOS-WB 1.1.0
2023-10-19 17:33:12,595 [INFO] ThirdParty:1030 - CMSIS Pack Vendor :STMicroelectronics X-CUBE-AZRTOS-WL 2.0.0
2023-10-19 17:33:12,595 [INFO] ThirdParty:1030 - CMSIS Pack Vendor :SEGGER I-CUBE-embOS 1.3.1
2023-10-19 17:33:12,595 [INFO] ThirdParty:1030 - CMSIS Pack Vendor :STMicroelectronics USB_DEVICE 1.0.0
2023-10-19 17:33:12,595 [INFO] ThirdParty:1030 - CMSIS Pack Vendor :STMicroelectronics X-CUBE-AI 8.1.0
2023-10-19 17:33:12,595 [INFO] ThirdParty:1030 - CMSIS Pack Vendor :STMicroelectronics X-CUBE-AZRTOS-L4 2.0.0
2023-10-19 17:33:12,595 [INFO] ThirdParty:1030 - CMSIS Pack Vendor :STMicroelectronics ThreadX 0.0.2
2023-10-19 17:33:12,595 [INFO] ThirdParty:1030 - CMSIS Pack Vendor :WES I-CUBE-Cesium 1.3.0
2023-10-19 17:33:12,595 [INFO] ThirdParty:1030 - CMSIS Pack Vendor :STMicroelectronics FP-ATR-ASTRA1 2.0.0
2023-10-19 17:33:12,595 [INFO] ThirdParty:1030 - CMSIS Pack Vendor :STMicroelectronics lwIP 2.1.2
2023-10-19 17:33:12,595 [INFO] ThirdParty:1030 - CMSIS Pack Vendor :STMicroelectronics X-CUBE-SFXS2LP1 4.0.0
2023-10-19 17:33:12,595 [INFO] ThirdParty:1030 - CMSIS Pack Vendor :STMicroelectronics X-CUBE-BLE2 3.3.0
2023-10-19 17:33:12,595 [INFO] ThirdParty:1030 - CMSIS Pack Vendor :STMicroelectronics PDM2PCM 3.2.0
2023-10-19 17:33:12,595 [INFO] ThirdParty:841 - exiting critical section [change project]
2023-10-19 17:33:12,706 [INFO] PinOutPanel:1499 - setPackage(No Configuration,No Configuration)
2023-10-19 17:33:12,707 [INFO] PinOutPanel:1499 - setPackage(STM32F767ZITx,LQFP144)
2023-10-19 17:33:13,027 [INFO] UtilMem:75 - Before build in PCC Used Memory: 585516112 Bytes (964689920)
2023-10-19 17:33:13,163 [INFO] UtilMem:75 - After build in PCC Used Memory: 634799184 Bytes (964689920)
2023-10-19 17:33:13,175 [INFO] IPUIPlugin:80 - create IPUIPlugin
2023-10-19 17:33:13,175 [INFO] IPUIPlugin:80 - create IPUIPlugin
2023-10-19 17:33:13,175 [INFO] IPUIPlugin:80 - create IPUIPlugin
2023-10-19 17:33:13,175 [INFO] IPUIPlugin:80 - create IPUIPlugin
2023-10-19 17:33:13,175 [INFO] IPUIPlugin:80 - create IPUIPlugin
2023-10-19 17:33:13,176 [INFO] IPUIPlugin:80 - create IPUIPlugin
2023-10-19 17:33:13,176 [INFO] IPUIPlugin:80 - create IPUIPlugin
2023-10-19 17:33:13,176 [INFO] IPUIPlugin:80 - create IPUIPlugin
2023-10-19 17:33:13,176 [INFO] IPUIPlugin:80 - create IPUIPlugin
2023-10-19 17:33:13,176 [INFO] IPUIPlugin:80 - create IPUIPlugin
2023-10-19 17:33:13,176 [INFO] IPUIPlugin:80 - create IPUIPlugin
2023-10-19 17:33:13,176 [INFO] IPUIPlugin:80 - create IPUIPlugin
2023-10-19 17:33:13,176 [INFO] IPUIPlugin:80 - create IPUIPlugin
2023-10-19 17:33:13,176 [INFO] IPUIPlugin:80 - create IPUIPlugin
2023-10-19 17:33:13,176 [INFO] IPUIPlugin:80 - create IPUIPlugin
2023-10-19 17:33:13,176 [INFO] IPUIPlugin:80 - create IPUIPlugin
2023-10-19 17:33:13,176 [INFO] IPUIPlugin:80 - create IPUIPlugin
2023-10-19 17:33:13,176 [INFO] IPUIPlugin:80 - create IPUIPlugin
2023-10-19 17:33:13,176 [INFO] IPUIPlugin:80 - create IPUIPlugin
2023-10-19 17:33:13,176 [INFO] IPUIPlugin:80 - create IPUIPlugin
2023-10-19 17:33:13,176 [INFO] IPUIPlugin:80 - create IPUIPlugin
2023-10-19 17:33:13,176 [INFO] IPUIPlugin:80 - create IPUIPlugin
2023-10-19 17:33:13,176 [INFO] IPUIPlugin:80 - create IPUIPlugin
2023-10-19 17:33:13,176 [INFO] IPUIPlugin:80 - create IPUIPlugin
2023-10-19 17:33:13,177 [INFO] IPUIPlugin:80 - create IPUIPlugin
2023-10-19 17:33:13,177 [INFO] IPUIPlugin:80 - create IPUIPlugin
2023-10-19 17:33:13,177 [INFO] IPUIPlugin:80 - create IPUIPlugin
2023-10-19 17:33:13,177 [INFO] IPUIPlugin:80 - create IPUIPlugin
2023-10-19 17:33:13,177 [INFO] IPUIPlugin:80 - create IPUIPlugin
2023-10-19 17:33:13,177 [INFO] IPUIPlugin:80 - create IPUIPlugin
2023-10-19 17:33:13,177 [INFO] IPUIPlugin:80 - create IPUIPlugin
2023-10-19 17:33:13,177 [INFO] IPUIPlugin:80 - create IPUIPlugin
2023-10-19 17:33:13,177 [INFO] IPUIPlugin:80 - create IPUIPlugin
2023-10-19 17:33:13,177 [INFO] IPUIPlugin:80 - create IPUIPlugin
2023-10-19 17:33:13,177 [INFO] IPUIPlugin:80 - create IPUIPlugin
2023-10-19 17:33:13,178 [INFO] IPUIPlugin:80 - create IPUIPlugin
2023-10-19 17:33:13,178 [INFO] IPUIPlugin:80 - create IPUIPlugin
2023-10-19 17:33:13,178 [INFO] IPUIPlugin:80 - create IPUIPlugin
2023-10-19 17:33:13,178 [INFO] IPUIPlugin:80 - create IPUIPlugin
2023-10-19 17:33:13,178 [INFO] IPUIPlugin:80 - create IPUIPlugin
2023-10-19 17:33:13,179 [INFO] IPUIPlugin:80 - create IPUIPlugin
2023-10-19 17:33:13,179 [INFO] IPUIPlugin:80 - create IPUIPlugin
2023-10-19 17:33:13,179 [INFO] IPUIPlugin:80 - create IPUIPlugin
2023-10-19 17:33:13,179 [INFO] IPUIPlugin:80 - create IPUIPlugin
2023-10-19 17:33:13,179 [INFO] IPUIPlugin:80 - create IPUIPlugin
2023-10-19 17:33:13,179 [INFO] IPUIPlugin:80 - create IPUIPlugin
2023-10-19 17:33:13,179 [INFO] IPUIPlugin:80 - create IPUIPlugin
2023-10-19 17:33:13,179 [INFO] IPUIPlugin:80 - create IPUIPlugin
2023-10-19 17:33:13,179 [INFO] IPUIPlugin:80 - create IPUIPlugin
2023-10-19 17:33:13,180 [INFO] IPUIPlugin:80 - create IPUIPlugin
2023-10-19 17:33:13,180 [INFO] IPUIPlugin:80 - create IPUIPlugin
2023-10-19 17:33:13,180 [INFO] IPUIPlugin:80 - create IPUIPlugin
2023-10-19 17:33:13,180 [INFO] IPUIPlugin:80 - create IPUIPlugin
2023-10-19 17:33:13,180 [INFO] IPUIPlugin:80 - create IPUIPlugin
2023-10-19 17:33:13,180 [INFO] IPUIPlugin:80 - create IPUIPlugin
2023-10-19 17:33:13,180 [INFO] IPUIPlugin:80 - create IPUIPlugin
2023-10-19 17:33:13,181 [INFO] IPUIPlugin:80 - create IPUIPlugin
2023-10-19 17:33:13,181 [INFO] IPUIPlugin:80 - create IPUIPlugin
2023-10-19 17:33:13,181 [INFO] IPUIPlugin:80 - create IPUIPlugin
2023-10-19 17:33:13,181 [INFO] IPUIPlugin:80 - create IPUIPlugin
2023-10-19 17:33:13,181 [INFO] IPUIPlugin:80 - create IPUIPlugin
2023-10-19 17:33:13,181 [INFO] IPUIPlugin:80 - create IPUIPlugin
2023-10-19 17:33:13,181 [INFO] IPUIPlugin:80 - create IPUIPlugin
2023-10-19 17:33:13,182 [INFO] IPUIPlugin:80 - create IPUIPlugin
2023-10-19 17:33:13,182 [INFO] IPUIPlugin:80 - create IPUIPlugin
2023-10-19 17:33:13,182 [INFO] IPUIPlugin:80 - create IPUIPlugin
2023-10-19 17:33:13,182 [INFO] IPUIPlugin:80 - create IPUIPlugin
2023-10-19 17:33:13,182 [INFO] IPUIPlugin:80 - create IPUIPlugin
2023-10-19 17:33:13,183 [INFO] IPUIPlugin:80 - create IPUIPlugin
2023-10-19 17:33:13,183 [INFO] IPUIPlugin:80 - create IPUIPlugin
2023-10-19 17:33:13,183 [INFO] IPUIPlugin:80 - create IPUIPlugin
2023-10-19 17:33:13,183 [INFO] IPUIPlugin:80 - create IPUIPlugin
2023-10-19 17:33:13,183 [INFO] IPUIPlugin:80 - create IPUIPlugin
2023-10-19 17:33:13,183 [INFO] IPUIPlugin:80 - create IPUIPlugin
2023-10-19 17:33:13,184 [INFO] IPUIPlugin:80 - create IPUIPlugin
2023-10-19 17:33:13,184 [INFO] IPUIPlugin:80 - create IPUIPlugin
2023-10-19 17:33:13,184 [INFO] IPUIPlugin:80 - create IPUIPlugin
2023-10-19 17:33:13,184 [INFO] IPUIPlugin:80 - create IPUIPlugin
2023-10-19 17:33:13,185 [INFO] IPUIPlugin:80 - create IPUIPlugin
2023-10-19 17:33:13,197 [INFO] ApiDbMcu:507 - Load IP Config File for PDM2PCM
2023-10-19 17:33:13,230 [INFO] CADModel:165 - CPN selected for project levelSTM32F767ZIT6
2023-10-19 17:33:13,230 [INFO] CADModel:114 - Register for checkConnection events
2023-10-19 17:33:13,280 [INFO] OpenFileManager:328 - Restore cursor
2023-10-19 17:34:40,229 [INFO] NvicIntPanel:101 - NVIC parent = com.st.microxplorer.plugins.ip.nvic.MultiNvicIntPanel[,0,0,0x0,invalid,layout=javax.swing.BoxLayout,alignmentX=0.0,alignmentY=0.0,border=,flags=9,maximumSize=,minimumSize=,preferredSize=]
2023-10-19 17:34:44,027 [INFO] UtilMem:75 - End SaveConfig() Used Memory: 435479168 Bytes (982515712)
2023-10-19 17:34:46,833 [INFO] UtilMem:75 - End SaveConfig() Used Memory: 480567936 Bytes (982515712)
2023-10-19 17:34:50,152 [INFO] UtilMem:75 - End SaveConfig() Used Memory: 599057024 Bytes (982515712)
2023-10-19 17:34:50,283 [INFO] BlockDiagram:2759 - set Specific Code input for plugin: RNG
2023-10-19 17:34:50,283 [INFO] BlockDiagram:2759 - set Specific Code input for plugin: SPI
2023-10-19 17:34:50,283 [INFO] BlockDiagram:2759 - set Specific Code input for plugin: TIM1_8F77
2023-10-19 17:34:50,283 [INFO] BlockDiagram:2759 - set Specific Code input for plugin: SYS
2023-10-19 17:34:50,283 [INFO] BlockDiagram:2759 - set Specific Code input for plugin: ADC
2023-10-19 17:34:50,283 [INFO] BlockDiagram:2759 - set Specific Code input for plugin: RCC
2023-10-19 17:34:50,283 [INFO] BlockDiagram:2759 - set Specific Code input for plugin: NVIC
2023-10-19 17:34:50,283 [INFO] BlockDiagram:2759 - set Specific Code input for plugin: USART
2023-10-19 17:34:50,283 [INFO] BlockDiagram:2759 - set Specific Code input for plugin: UART
2023-10-19 17:34:50,284 [INFO] BlockDiagram:2759 - set Specific Code input for plugin: GPIO
2023-10-19 17:34:50,285 [INFO] CodeGenerator:799 - code generatio: config db path: C:\ST\STM32CubeIDE_1.13.0\STM32CubeIDE\plugins\com.st.stm32cube.common.mx_6.9.2.202309101412\\db\
2023-10-19 17:34:50,423 [INFO] CodeEngine:255 - oldGeneratedFile, C:\Users\User\Downloads\AssignmentTest_3\AssignmentTest\MXTmpFiles\license.tmp_save
2023-10-19 17:34:50,498 [INFO] CodeEngine:279 - Generated code: C:\Users\User\Downloads\AssignmentTest_3\AssignmentTest\MXTmpFiles\license.tmp
2023-10-19 17:34:50,639 [INFO] CodeEngine:255 - oldGeneratedFile, C:\Users\User\Downloads\AssignmentTest_3\AssignmentTest\Core\Src\gpio.c_save
2023-10-19 17:34:50,726 [INFO] CodeEngine:279 - Generated code: C:\Users\User\Downloads\AssignmentTest_3\AssignmentTest\Core\Src\gpio.c
2023-10-19 17:34:50,737 [INFO] CodeEngine:255 - oldGeneratedFile, C:\Users\User\Downloads\AssignmentTest_3\AssignmentTest\Core\Inc\gpio.h_save
2023-10-19 17:34:50,796 [INFO] CodeEngine:279 - Generated code: C:\Users\User\Downloads\AssignmentTest_3\AssignmentTest\Core\Inc\gpio.h
2023-10-19 17:34:51,227 [INFO] CodeEngine:255 - oldGeneratedFile, C:\Users\User\Downloads\AssignmentTest_3\AssignmentTest\Core\Src\adc.c_save
2023-10-19 17:34:51,314 [INFO] CodeEngine:279 - Generated code: C:\Users\User\Downloads\AssignmentTest_3\AssignmentTest\Core\Src\adc.c
2023-10-19 17:34:51,324 [INFO] CodeEngine:255 - oldGeneratedFile, C:\Users\User\Downloads\AssignmentTest_3\AssignmentTest\Core\Inc\adc.h_save
2023-10-19 17:34:51,380 [INFO] CodeEngine:279 - Generated code: C:\Users\User\Downloads\AssignmentTest_3\AssignmentTest\Core\Inc\adc.h
2023-10-19 17:34:51,392 [INFO] CodeEngine:255 - oldGeneratedFile, C:\Users\User\Downloads\AssignmentTest_3\AssignmentTest\MXTmpFiles\cortex.tmp_save
2023-10-19 17:34:51,467 [INFO] CodeEngine:279 - Generated code: C:\Users\User\Downloads\AssignmentTest_3\AssignmentTest\MXTmpFiles\cortex.tmp
2023-10-19 17:34:51,485 [INFO] CodeEngine:255 - oldGeneratedFile, C:\Users\User\Downloads\AssignmentTest_3\AssignmentTest\Core\Src\rng.c_save
2023-10-19 17:34:51,562 [INFO] CodeEngine:279 - Generated code: C:\Users\User\Downloads\AssignmentTest_3\AssignmentTest\Core\Src\rng.c
2023-10-19 17:34:51,567 [INFO] CodeEngine:255 - oldGeneratedFile, C:\Users\User\Downloads\AssignmentTest_3\AssignmentTest\Core\Inc\rng.h_save
2023-10-19 17:34:51,626 [INFO] CodeEngine:279 - Generated code: C:\Users\User\Downloads\AssignmentTest_3\AssignmentTest\Core\Inc\rng.h
2023-10-19 17:34:51,644 [INFO] CodeEngine:255 - oldGeneratedFile, C:\Users\User\Downloads\AssignmentTest_3\AssignmentTest\Core\Src\spi.c_save
2023-10-19 17:34:51,728 [INFO] CodeEngine:279 - Generated code: C:\Users\User\Downloads\AssignmentTest_3\AssignmentTest\Core\Src\spi.c
2023-10-19 17:34:51,733 [INFO] CodeEngine:255 - oldGeneratedFile, C:\Users\User\Downloads\AssignmentTest_3\AssignmentTest\Core\Inc\spi.h_save
2023-10-19 17:34:51,795 [INFO] CodeEngine:279 - Generated code: C:\Users\User\Downloads\AssignmentTest_3\AssignmentTest\Core\Inc\spi.h
2023-10-19 17:34:51,812 [INFO] CodeEngine:255 - oldGeneratedFile, C:\Users\User\Downloads\AssignmentTest_3\AssignmentTest\Core\Src\tim.c_save
2023-10-19 17:34:51,891 [INFO] CodeEngine:279 - Generated code: C:\Users\User\Downloads\AssignmentTest_3\AssignmentTest\Core\Src\tim.c
2023-10-19 17:34:51,896 [INFO] CodeEngine:255 - oldGeneratedFile, C:\Users\User\Downloads\AssignmentTest_3\AssignmentTest\Core\Inc\tim.h_save
2023-10-19 17:34:51,956 [INFO] CodeEngine:279 - Generated code: C:\Users\User\Downloads\AssignmentTest_3\AssignmentTest\Core\Inc\tim.h
2023-10-19 17:34:51,974 [INFO] CodeEngine:255 - oldGeneratedFile, C:\Users\User\Downloads\AssignmentTest_3\AssignmentTest\Core\Src\usart.c_save
2023-10-19 17:34:52,068 [INFO] CodeEngine:279 - Generated code: C:\Users\User\Downloads\AssignmentTest_3\AssignmentTest\Core\Src\usart.c
2023-10-19 17:34:52,074 [INFO] CodeEngine:255 - oldGeneratedFile, C:\Users\User\Downloads\AssignmentTest_3\AssignmentTest\Core\Inc\usart.h_save
2023-10-19 17:34:52,143 [INFO] CodeEngine:279 - Generated code: C:\Users\User\Downloads\AssignmentTest_3\AssignmentTest\Core\Inc\usart.h
2023-10-19 17:34:52,171 [INFO] CodeEngine:255 - oldGeneratedFile, C:\Users\User\Downloads\AssignmentTest_3\AssignmentTest\Core\Src\stm32f7xx_it.c_save
2023-10-19 17:34:52,281 [INFO] CodeEngine:279 - Generated code: C:\Users\User\Downloads\AssignmentTest_3\AssignmentTest\Core\Src\stm32f7xx_it.c
2023-10-19 17:34:52,291 [INFO] CodeEngine:255 - oldGeneratedFile, C:\Users\User\Downloads\AssignmentTest_3\AssignmentTest\Core\Inc\stm32f7xx_it.h_save
2023-10-19 17:34:52,354 [INFO] CodeEngine:279 - Generated code: C:\Users\User\Downloads\AssignmentTest_3\AssignmentTest\Core\Inc\stm32f7xx_it.h
2023-10-19 17:34:52,381 [INFO] CodeEngine:255 - oldGeneratedFile, C:\Users\User\Downloads\AssignmentTest_3\AssignmentTest\Core\Src\stm32f7xx_hal_msp.c_save
2023-10-19 17:34:52,457 [INFO] CodeEngine:279 - Generated code: C:\Users\User\Downloads\AssignmentTest_3\AssignmentTest\Core\Src\stm32f7xx_hal_msp.c
2023-10-19 17:34:52,466 [INFO] CodeEngine:255 - oldGeneratedFile, C:\Users\User\Downloads\AssignmentTest_3\AssignmentTest\MXTmpFiles\system.tmp_save
2023-10-19 17:34:52,512 [INFO] CodeEngine:279 - Generated code: C:\Users\User\Downloads\AssignmentTest_3\AssignmentTest\MXTmpFiles\system.tmp
2023-10-19 17:34:52,535 [INFO] CodeEngine:311 - oldGeneratedFile, C:\Users\User\Downloads\AssignmentTest_3\AssignmentTest\Core\Inc\stm32f7xx_hal_conf.h_save
2023-10-19 17:34:52,614 [INFO] CodeEngine:335 - Generated code: C:\Users\User\Downloads\AssignmentTest_3\AssignmentTest\Core\Inc\stm32f7xx_hal_conf.h
2023-10-19 17:34:52,659 [INFO] CodeEngine:255 - oldGeneratedFile, C:\Users\User\Downloads\AssignmentTest_3\AssignmentTest\Core\Inc\main.h_save
2023-10-19 17:34:52,735 [INFO] CodeEngine:279 - Generated code: C:\Users\User\Downloads\AssignmentTest_3\AssignmentTest\Core\Inc\main.h
2023-10-19 17:34:52,757 [INFO] CodeEngine:255 - oldGeneratedFile, C:\Users\User\Downloads\AssignmentTest_3\AssignmentTest\Core\Src\main.c_save
2023-10-19 17:34:52,842 [INFO] CodeEngine:279 - Generated code: C:\Users\User\Downloads\AssignmentTest_3\AssignmentTest\Core\Src\main.c
2023-10-19 17:34:53,246 [INFO] ProjectBuilder:3064 - Time for Copy HAL[1] : 202mS.
2023-10-19 17:34:53,249 [INFO] ProjectBuilder:4404 - Project Generator version: 4.1.0
2023-10-19 17:34:53,357 [INFO] ConfigFileManager:1457 - The Die is : DIE451
2023-10-19 17:34:53,366 [INFO] ApiDbMcu:507 - Load IP Config File for FATFS
2023-10-19 17:34:53,375 [INFO] ApiDbMcu:507 - Load IP Config File for FREERTOS
2023-10-19 17:34:53,382 [INFO] ApiDbMcu:507 - Load IP Config File for LIBJPEG
2023-10-19 17:34:53,394 [INFO] ApiDbMcu:507 - Load IP Config File for LWIP
2023-10-19 17:34:53,404 [INFO] ApiDbMcu:507 - Load IP Config File for MBEDTLS
2023-10-19 17:34:53,415 [INFO] ApiDbMcu:507 - Load IP Config File for USB_DEVICE
2023-10-19 17:34:53,423 [INFO] ApiDbMcu:507 - Load IP Config File for USB_HOST
2023-10-19 17:34:54,241 [INFO] ProjectBuilder:4626 - Time for Generating toolchain IDE Files: 993mS.
2023-10-19 17:34:54,242 [INFO] ProjectBuilder:2935 - Time for Copy CMSIS : 0mS.
2023-10-19 17:34:54,245 [INFO] ProjectBuilder:2935 - Time for Copy CMSIS : 0mS.
2023-10-19 18:40:34,259 [INFO] MainUpdater:2868 - connection check result : 10
2023-10-19 18:40:34,259 [INFO] MainUpdater:2868 - connection check result : 10
2023-10-19 18:40:34,272 [INFO] MicroXplorer:468 - Change Database Path : 
2023-10-19 18:40:34,272 [INFO] MicroXplorer:498 - Change Database Version : DB.6.0.92
2023-10-19 18:40:34,285 [WARN] ThirdParty:871 - waiting for thirdparty lock release [close project]
2023-10-19 18:40:34,285 [INFO] ThirdParty:873 - entering critical section [close project]
2023-10-19 18:40:34,285 [INFO] ThirdParty:883 - exiting critical section [close project]
2023-10-19 18:40:34,286 [INFO] PinOutPanel:1499 - setPackage(No Configuration,No Configuration)
2023-10-19 18:40:34,290 [WARN] IpParametersView:151 - Warning: This peripheral hasn't parameters
2023-10-19 18:40:34,295 [WARN] MainPanel:272 - <html><b><center>Warning: This peripheral has no parameters to be configured<br></b></html>
2023-10-19 18:40:34,296 [INFO] UtilMem:75 - Begin LoadConfig() Used Memory: 662148408 Bytes (1069547520)
2023-10-19 18:40:34,297 [INFO] MicroXplorer:468 - Change Database Path : 
2023-10-19 18:40:34,297 [INFO] MicroXplorer:498 - Change Database Version : DB.6.0.92
2023-10-19 18:40:34,297 [INFO] OpenFileManager:308 - Change cursor
2023-10-19 18:40:34,315 [INFO] RulesReader:64 - Compatibility file has been processed (293 Rules)
2023-10-19 18:40:34,317 [INFO] Mcu:1946 - Initializing MCU STM32F767ZITx STM32F767ZITx STM32F767ZIT6
2023-10-19 18:40:35,463 [INFO] Context:659 - Trying to add GPIOservice into a context  which must be forbidden
2023-10-19 18:40:35,684 [INFO] RtosManager:555 - Registered RTOS mode: class=CMSIS, group=RTOS, mode=CMSIS_V1, owner=FREERTOS
2023-10-19 18:40:35,684 [INFO] RtosManager:555 - Registered RTOS mode: class=CMSIS, group=RTOS2, mode=CMSIS_V2, owner=FREERTOS
2023-10-19 18:40:35,684 [INFO] RtosManager:555 - Registered RTOS mode: class=RTOS, group=Core, mode=CMSIS_V1, owner=FREERTOS
2023-10-19 18:40:35,685 [INFO] RtosManager:555 - Registered RTOS mode: class=RTOS, group=Core, mode=CMSIS_V2, owner=FREERTOS
2023-10-19 18:40:35,685 [WARN] ModelIntegratedComponent:184 - Missing modes for component STMicroelectronics:FreeRTOS:0.0.1:STMicroelectronics:RTOS:FreeRTOS:Core:::10.2.0:
2023-10-19 18:40:35,689 [WARN] ModelIntegratedComponent:63 - No mode defined for component null
2023-10-19 18:40:35,689 [WARN] ModelIntegratedComponent:63 - No mode defined for component null
2023-10-19 18:40:35,689 [WARN] ModelIntegratedComponent:63 - No mode defined for component null
2023-10-19 18:40:35,689 [WARN] ModelIntegratedComponent:63 - No mode defined for component null
2023-10-19 18:40:35,689 [WARN] ModelIntegratedComponent:63 - No mode defined for component null
2023-10-19 18:40:35,689 [WARN] ModelIntegratedComponent:63 - No mode defined for component null
2023-10-19 18:40:35,689 [WARN] ModelIntegratedComponent:63 - No mode defined for component null
2023-10-19 18:40:35,689 [WARN] ModelIntegratedComponent:63 - No mode defined for component null
2023-10-19 18:40:35,689 [WARN] ModelIntegratedComponent:63 - No mode defined for component null
2023-10-19 18:40:35,689 [WARN] ModelIntegratedComponent:63 - No mode defined for component null
2023-10-19 18:40:35,689 [WARN] ModelIntegratedComponent:63 - No mode defined for component null
2023-10-19 18:40:35,689 [WARN] ModelIntegratedComponent:63 - No mode defined for component null
2023-10-19 18:40:35,689 [WARN] ModelIntegratedComponent:63 - No mode defined for component null
2023-10-19 18:40:35,689 [WARN] ModelIntegratedComponent:63 - No mode defined for component null
2023-10-19 18:40:35,689 [WARN] ModelIntegratedComponent:63 - No mode defined for component null
2023-10-19 18:40:35,689 [WARN] ModelIntegratedComponent:63 - No mode defined for component null
2023-10-19 18:40:35,689 [WARN] ModelIntegratedComponent:63 - No mode defined for component null
2023-10-19 18:40:35,689 [WARN] ModelIntegratedComponent:63 - No mode defined for component null
2023-10-19 18:40:35,689 [WARN] ModelIntegratedComponent:63 - No mode defined for component null
2023-10-19 18:40:35,689 [WARN] ModelIntegratedComponent:63 - No mode defined for component null
2023-10-19 18:40:35,689 [WARN] ModelIntegratedComponent:63 - No mode defined for component null
2023-10-19 18:40:35,689 [WARN] ModelIntegratedComponent:63 - No mode defined for component null
2023-10-19 18:40:35,690 [WARN] ModelIntegratedComponent:63 - No mode defined for component null
2023-10-19 18:40:35,690 [WARN] ModelIntegratedComponent:63 - No mode defined for component null
2023-10-19 18:40:35,690 [WARN] ModelIntegratedComponent:63 - No mode defined for component null
2023-10-19 18:40:35,690 [WARN] ModelIntegratedComponent:63 - No mode defined for component null
2023-10-19 18:40:35,690 [WARN] ModelIntegratedComponent:63 - No mode defined for component null
2023-10-19 18:40:35,690 [WARN] ModelIntegratedComponent:63 - No mode defined for component null
2023-10-19 18:40:35,690 [WARN] ModelIntegratedComponent:63 - No mode defined for component null
2023-10-19 18:40:35,690 [WARN] ModelIntegratedComponent:63 - No mode defined for component null
2023-10-19 18:40:35,690 [WARN] ModelIntegratedComponent:63 - No mode defined for component null
2023-10-19 18:40:35,690 [WARN] ModelIntegratedComponent:63 - No mode defined for component null
2023-10-19 18:40:35,690 [WARN] ModelIntegratedComponent:63 - No mode defined for component null
2023-10-19 18:40:35,697 [INFO] ThirdPartyModel:298 - Start build external matchings
2023-10-19 18:40:35,898 [INFO] ThirdPartyModel:316 - End build external matchings
2023-10-19 18:40:35,904 [INFO] ImportTextPane:194 - (OptionalMessage_ERROR) IP (DMA) : Parameter (Instance) has Id (ADC1) currently not set
2023-10-19 18:40:35,905 [INFO] ImportTextPane:194 - (OptionalMessage_ERROR) IP (DMA) : Parameter (Channel) has Id (ADC1) currently not set
2023-10-19 18:40:35,905 [INFO] ImportTextPane:194 - (OptionalMessage_ERROR) IP (DMA) : Parameter (Direction) has Id (ADC1) currently not set
2023-10-19 18:40:35,905 [INFO] ImportTextPane:194 - (OptionalMessage_ERROR) IP (DMA) : Parameter (PeriphInc) has Id (ADC1) currently not set
2023-10-19 18:40:35,905 [INFO] ImportTextPane:194 - (OptionalMessage_ERROR) IP (DMA) : Parameter (MemInc) has Id (ADC1) currently not set
2023-10-19 18:40:35,905 [INFO] ImportTextPane:194 - (OptionalMessage_ERROR) IP (DMA) : Parameter (PeriphDataAlignment) has Id (ADC1) currently not set
2023-10-19 18:40:35,905 [INFO] ImportTextPane:194 - (OptionalMessage_ERROR) IP (DMA) : Parameter (MemDataAlignment) has Id (ADC1) currently not set
2023-10-19 18:40:35,905 [INFO] ImportTextPane:194 - (OptionalMessage_ERROR) IP (DMA) : Parameter (Mode) has Id (ADC1) currently not set
2023-10-19 18:40:35,905 [INFO] ImportTextPane:194 - (OptionalMessage_ERROR) IP (DMA) : Parameter (Priority) has Id (ADC1) currently not set
2023-10-19 18:40:35,905 [INFO] ImportTextPane:194 - (OptionalMessage_ERROR) IP (DMA) : Parameter (FIFOMode) has Id (ADC1) currently not set
2023-10-19 18:40:35,905 [INFO] ImportTextPane:194 - (OptionalMessage_ERROR) IP (DMA) : Parameter (FIFOThreshold) has Id (ADC1) currently not set
2023-10-19 18:40:35,905 [INFO] ImportTextPane:194 - (OptionalMessage_ERROR) IP (DMA) : Parameter (FIFOThreshold) has invalid value (null)
2023-10-19 18:40:35,905 [INFO] ImportTextPane:194 - (OptionalMessage_ERROR) IP (DMA) : Parameter (MemBurst) has Id (ADC1) currently not set
2023-10-19 18:40:35,905 [INFO] ImportTextPane:194 - (OptionalMessage_ERROR) IP (DMA) : Parameter (MemBurst) has invalid value (null)
2023-10-19 18:40:35,905 [INFO] ImportTextPane:194 - (OptionalMessage_ERROR) IP (DMA) : Parameter (PeriphBurst) has Id (ADC1) currently not set
2023-10-19 18:40:35,905 [INFO] ImportTextPane:194 - (OptionalMessage_ERROR) IP (DMA) : Parameter (PeriphBurst) has invalid value (null)
2023-10-19 18:40:35,906 [INFO] ImportTextPane:194 - (OptionalMessage_ERROR) IP (RCC) : Invalid parameter (48MHZClocksFreq_Value)
2023-10-19 18:40:35,906 [INFO] ImportTextPane:194 - (OptionalMessage_ERROR) IP (RCC) : Invalid parameter (ADC12outputFreq_Value)
2023-10-19 18:40:35,906 [INFO] ImportTextPane:194 - (OptionalMessage_ERROR) IP (RCC) : Invalid parameter (ADC34outputFreq_Value)
2023-10-19 18:40:35,906 [INFO] ImportTextPane:194 - (OptionalMessage_ERROR) IP (RCC) : Invalid parameter (FamilyName)
2023-10-19 18:40:35,906 [INFO] ImportTextPane:194 - (OptionalMessage_ERROR) IP (RCC) : Invalid parameter (I2SClocksFreq_Value)
2023-10-19 18:40:35,906 [INFO] ImportTextPane:194 - (OptionalMessage_ERROR) IP (RCC) : Invalid parameter (LCDTFToutputFreq_Value)
2023-10-19 18:40:35,906 [INFO] ImportTextPane:194 - (OptionalMessage_ERROR) IP (RCC) : Invalid parameter (MCOFreq_Value)
2023-10-19 18:40:35,906 [INFO] ImportTextPane:194 - (OptionalMessage_ERROR) IP (RCC) : Invalid parameter (PLLMCOFreq_Value)
2023-10-19 18:40:35,906 [INFO] ImportTextPane:194 - (OptionalMessage_ERROR) IP (RCC) : Invalid parameter (PLLMUL)
2023-10-19 18:40:35,906 [INFO] ImportTextPane:194 - (OptionalMessage_ERROR) IP (RCC) : Invalid parameter (PRESCALERUSB)
2023-10-19 18:40:35,906 [INFO] ImportTextPane:194 - (OptionalMessage_ERROR) IP (RCC) : Invalid parameter (RTCHSEDivFreq_Value)
2023-10-19 18:40:35,906 [INFO] ImportTextPane:194 - (OptionalMessage_ERROR) IP (RCC) : Parameter (SDMMC2Freq_Value) has invalid value (200000000)
2023-10-19 18:40:35,906 [INFO] ImportTextPane:194 - (OptionalMessage_ERROR) IP (RCC) : Parameter (SDMMCFreq_Value) has invalid value (200000000)
2023-10-19 18:40:35,906 [INFO] ImportTextPane:194 - (OptionalMessage_ERROR) IP (RCC) : Invalid parameter (SYSCLKSourceVirtual)
2023-10-19 18:40:35,906 [INFO] ImportTextPane:194 - (OptionalMessage_ERROR) IP (RCC) : Invalid parameter (TIM15Freq_Value)
2023-10-19 18:40:35,906 [INFO] ImportTextPane:194 - (OptionalMessage_ERROR) IP (RCC) : Invalid parameter (TIM16Freq_Value)
2023-10-19 18:40:35,906 [INFO] ImportTextPane:194 - (OptionalMessage_ERROR) IP (RCC) : Invalid parameter (TIM17Freq_Value)
2023-10-19 18:40:35,906 [INFO] ImportTextPane:194 - (OptionalMessage_ERROR) IP (RCC) : Invalid parameter (TIM1Freq_Value)
2023-10-19 18:40:35,906 [INFO] ImportTextPane:194 - (OptionalMessage_ERROR) IP (RCC) : Invalid parameter (TIM20Freq_Value)
2023-10-19 18:40:35,906 [INFO] ImportTextPane:194 - (OptionalMessage_ERROR) IP (RCC) : Invalid parameter (TIM2Freq_Value)
2023-10-19 18:40:35,906 [INFO] ImportTextPane:194 - (OptionalMessage_ERROR) IP (RCC) : Invalid parameter (TIM3Freq_Value)
2023-10-19 18:40:35,906 [INFO] ImportTextPane:194 - (OptionalMessage_ERROR) IP (RCC) : Invalid parameter (TIM8Freq_Value)
2023-10-19 18:40:35,906 [INFO] ImportTextPane:194 - (OptionalMessage_ERROR) IP (RCC) : Parameter (USBFreq_Value) has invalid value (44444444.44444445)
2023-10-19 18:40:35,907 [INFO] ImportTextPane:194 - (OptionalMessage_ERROR) IP (RCC) : Invalid parameter (VCOOutput2Freq_Value)
2023-10-19 18:40:35,907 [INFO] ImportTextPane:194 - (OptionalMessage_ERROR) IP (RCC) : Invalid parameter (VcooutputI2S)
2023-10-19 18:40:36,288 [INFO] UtilMem:75 - End LoadConfig() Used Memory: 843834520 Bytes (1071644672)
2023-10-19 18:40:36,314 [WARN] ThirdParty:833 - waiting for thirdparty lock release [change project]
2023-10-19 18:40:36,315 [INFO] ThirdParty:835 - entering critical section [change project]
2023-10-19 18:40:36,315 [INFO] ThirdParty:1030 - CMSIS Pack Vendor :STMicroelectronics X-CUBE-ISPU 1.1.0
2023-10-19 18:40:36,315 [INFO] ThirdParty:1030 - CMSIS Pack Vendor :STMicroelectronics USBPD 4.1
2023-10-19 18:40:36,315 [INFO] ThirdParty:1030 - CMSIS Pack Vendor :STMicroelectronics X-CUBE-GNSS1 6.0.0
2023-10-19 18:40:36,315 [INFO] ThirdParty:1030 - CMSIS Pack Vendor :STMicroelectronics USB_HOST 2.0.0
2023-10-19 18:40:36,315 [INFO] ThirdParty:1030 - CMSIS Pack Vendor :STMicroelectronics X-CUBE-AZRTOS-F4 1.1.0
2023-10-19 18:40:36,315 [INFO] ThirdParty:1030 - CMSIS Pack Vendor :STMicroelectronics LIBJPEG 8.0.0
2023-10-19 18:40:36,315 [INFO] ThirdParty:1030 - CMSIS Pack Vendor :wolfSSL I-CUBE-wolfSSL 5.6.3
2023-10-19 18:40:36,315 [INFO] ThirdParty:1030 - CMSIS Pack Vendor :STMicroelectronics X-CUBE-SMBUS 2.1.0
2023-10-19 18:40:36,315 [INFO] ThirdParty:1030 - CMSIS Pack Vendor :STMicroelectronics USB_DEVICE 3.0.0
2023-10-19 18:40:36,315 [INFO] ThirdParty:1030 - CMSIS Pack Vendor :STMicroelectronics X-CUBE-AZRTOS-WB 2.0.0
2023-10-19 18:40:36,315 [INFO] ThirdParty:1030 - CMSIS Pack Vendor :STMicroelectronics X-CUBE-FREERTOS 1.0.1
2023-10-19 18:40:36,315 [INFO] ThirdParty:1030 - CMSIS Pack Vendor :STMicroelectronics X-CUBE-AZRTOS-F7 1.1.0
2023-10-19 18:40:36,315 [INFO] ThirdParty:1030 - CMSIS Pack Vendor :STMicroelectronics X-CUBE-AZRTOS-L5 2.0.0
2023-10-19 18:40:36,315 [INFO] ThirdParty:1030 - CMSIS Pack Vendor :STMicroelectronics USB_DEVICE 2.0.0
2023-10-19 18:40:36,315 [INFO] ThirdParty:1030 - CMSIS Pack Vendor :STMicroelectronics X-CUBE-MEMS1 9.6.0
2023-10-19 18:40:36,315 [INFO] ThirdParty:1030 - CMSIS Pack Vendor :ITTIA_DB I-CUBE-ITTIADB 8.8.0
2023-10-19 18:40:36,315 [INFO] ThirdParty:1030 - CMSIS Pack Vendor :STMicroelectronics FP-SNS-MOTENV1 4.3.2
2023-10-19 18:40:36,315 [INFO] ThirdParty:1030 - CMSIS Pack Vendor :STMicroelectronics X-CUBE-ALGOBUILD 1.3.0
2023-10-19 18:40:36,315 [INFO] ThirdParty:1030 - CMSIS Pack Vendor :STMicroelectronics X-CUBE-BLE1 6.2.4
2023-10-19 18:40:36,315 [INFO] ThirdParty:1030 - CMSIS Pack Vendor :STMicroelectronics X-CUBE-AZRTOS-L5 1.1.0
2023-10-19 18:40:36,315 [INFO] ThirdParty:1030 - CMSIS Pack Vendor :STMicroelectronics FreeRTOS 0.0.1
2023-10-19 18:40:36,315 [INFO] ThirdParty:1030 - CMSIS Pack Vendor :STMicroelectronics X-CUBE-AZRTOS-G0 1.1.0
2023-10-19 18:40:36,315 [INFO] ThirdParty:1030 - CMSIS Pack Vendor :STMicroelectronics X-CUBE-BLEMGR 2.0.0
2023-10-19 18:40:36,315 [INFO] ThirdParty:1030 - CMSIS Pack Vendor :STMicroelectronics X-CUBE-AI 8.0.1
2023-10-19 18:40:36,315 [INFO] ThirdParty:1030 - CMSIS Pack Vendor :STMicroelectronics X-CUBE-NFC4 3.0.0
2023-10-19 18:40:36,315 [INFO] ThirdParty:1030 - CMSIS Pack Vendor :STMicroelectronics X-CUBE-SUBG2 5.0.0
2023-10-19 18:40:36,315 [INFO] ThirdParty:1030 - CMSIS Pack Vendor :STMicroelectronics STM32_WPAN 1.0.0
2023-10-19 18:40:36,315 [INFO] ThirdParty:1030 - CMSIS Pack Vendor :STMicroelectronics lwIP 2.0.3
2023-10-19 18:40:36,315 [INFO] ThirdParty:1030 - CMSIS Pack Vendor :STMicroelectronics FP-SNS-FLIGHT1 5.0.2
2023-10-19 18:40:36,315 [INFO] ThirdParty:1030 - CMSIS Pack Vendor :STMicroelectronics USB_HOST 1.0.0
2023-10-19 18:40:36,315 [INFO] ThirdParty:1030 - CMSIS Pack Vendor :STMicroelectronics X-CUBE-TOF1 3.3.1
2023-10-19 18:40:36,315 [INFO] ThirdParty:1030 - CMSIS Pack Vendor :STMicroelectronics X-CUBE-AZRTOS-G4 2.0.0
2023-10-19 18:40:36,315 [INFO] ThirdParty:1030 - CMSIS Pack Vendor :STMicroelectronics PDM2PCM 3.1.0
2023-10-19 18:40:36,315 [INFO] ThirdParty:1030 - CMSIS Pack Vendor :STMicroelectronics X-CUBE-AZRTOS-H7 3.1.0
2023-10-19 18:40:36,315 [INFO] ThirdParty:1030 - CMSIS Pack Vendor :Infineon AIROC-Wi-Fi-Bluetooth-STM32 1.5.1
2023-10-19 18:40:36,315 [INFO] ThirdParty:1030 - CMSIS Pack Vendor :STMicroelectronics PDM2PCM 3.3.0
2023-10-19 18:40:36,315 [INFO] ThirdParty:1030 - CMSIS Pack Vendor :STMicroelectronics X-CUBE-DISPLAY 3.0.0
2023-10-19 18:40:36,315 [INFO] ThirdParty:1030 - CMSIS Pack Vendor :STMicroelectronics X-CUBE-BLE1 7.0.0
2023-10-19 18:40:36,315 [INFO] ThirdParty:1030 - CMSIS Pack Vendor :STMicroelectronics FP-ATR-SIGFOX1 3.2.0
2023-10-19 18:40:36,315 [INFO] ThirdParty:1030 - CMSIS Pack Vendor :STMicroelectronics HAL Drivers 0.0.0
2023-10-19 18:40:36,315 [INFO] ThirdParty:1030 - CMSIS Pack Vendor :STMicroelectronics MBEDTLS 2.16.2
2023-10-19 18:40:36,315 [INFO] ThirdParty:1030 - CMSIS Pack Vendor :emotas I-CUBE-CANOPEN 1.3.0
2023-10-19 18:40:36,315 [INFO] ThirdParty:1030 - CMSIS Pack Vendor :STMicroelectronics X-CUBE-FREERTOS 1.1.0
2023-10-19 18:40:36,315 [INFO] ThirdParty:1030 - CMSIS Pack Vendor :STMicroelectronics X-CUBE-TOUCHGFX 4.22.0
2023-10-19 18:40:36,315 [INFO] ThirdParty:1030 - CMSIS Pack Vendor :STMicroelectronics X-CUBE-NFC7 1.0.1
2023-10-19 18:40:36,315 [INFO] ThirdParty:1030 - CMSIS Pack Vendor :STMicroelectronics MBEDTLS 2.14.1
2023-10-19 18:40:36,316 [INFO] ThirdParty:1030 - CMSIS Pack Vendor :STMicroelectronics X-CUBE-TOUCHGFX 4.22.1
2023-10-19 18:40:36,316 [INFO] ThirdParty:1030 - CMSIS Pack Vendor :STMicroelectronics X-CUBE-NFC6 3.0.0
2023-10-19 18:40:36,316 [INFO] ThirdParty:1030 - CMSIS Pack Vendor :STMicroelectronics X-CUBE-EEPRMA1 4.1.0
2023-10-19 18:40:36,316 [INFO] ThirdParty:1030 - CMSIS Pack Vendor :portGmbH I-Cube-SoM-uGOAL 1.1.0
2023-10-19 18:40:36,316 [INFO] ThirdParty:1030 - CMSIS Pack Vendor :STMicroelectronics X-CUBE-ALS 1.0.1
2023-10-19 18:40:36,316 [INFO] ThirdParty:1030 - CMSIS Pack Vendor :STMicroelectronics ThreadX 1.0.0
2023-10-19 18:40:36,316 [INFO] ThirdParty:1030 - CMSIS Pack Vendor :STMicroelectronics FP-SNS-SMARTAG2 1.2.0
2023-10-19 18:40:36,316 [INFO] ThirdParty:1030 - CMSIS Pack Vendor :STMicroelectronics X-CUBE-AZRTOS-WB 1.1.0
2023-10-19 18:40:36,316 [INFO] ThirdParty:1030 - CMSIS Pack Vendor :STMicroelectronics X-CUBE-AZRTOS-WL 2.0.0
2023-10-19 18:40:36,316 [INFO] ThirdParty:1030 - CMSIS Pack Vendor :SEGGER I-CUBE-embOS 1.3.1
2023-10-19 18:40:36,316 [INFO] ThirdParty:1030 - CMSIS Pack Vendor :STMicroelectronics USB_DEVICE 1.0.0
2023-10-19 18:40:36,316 [INFO] ThirdParty:1030 - CMSIS Pack Vendor :STMicroelectronics X-CUBE-AI 8.1.0
2023-10-19 18:40:36,316 [INFO] ThirdParty:1030 - CMSIS Pack Vendor :STMicroelectronics X-CUBE-AZRTOS-L4 2.0.0
2023-10-19 18:40:36,316 [INFO] ThirdParty:1030 - CMSIS Pack Vendor :STMicroelectronics ThreadX 0.0.2
2023-10-19 18:40:36,316 [INFO] ThirdParty:1030 - CMSIS Pack Vendor :WES I-CUBE-Cesium 1.3.0
2023-10-19 18:40:36,316 [INFO] ThirdParty:1030 - CMSIS Pack Vendor :STMicroelectronics FP-ATR-ASTRA1 2.0.0
2023-10-19 18:40:36,316 [INFO] ThirdParty:1030 - CMSIS Pack Vendor :STMicroelectronics lwIP 2.1.2
2023-10-19 18:40:36,316 [INFO] ThirdParty:1030 - CMSIS Pack Vendor :STMicroelectronics X-CUBE-SFXS2LP1 4.0.0
2023-10-19 18:40:36,316 [INFO] ThirdParty:1030 - CMSIS Pack Vendor :STMicroelectronics X-CUBE-BLE2 3.3.0
2023-10-19 18:40:36,316 [INFO] ThirdParty:1030 - CMSIS Pack Vendor :STMicroelectronics PDM2PCM 3.2.0
2023-10-19 18:40:36,316 [INFO] ThirdParty:841 - exiting critical section [change project]
2023-10-19 18:40:36,434 [INFO] PinOutPanel:1499 - setPackage(No Configuration,No Configuration)
2023-10-19 18:40:36,434 [INFO] PinOutPanel:1499 - setPackage(STM32F767ZITx,LQFP144)
2023-10-19 18:40:36,727 [INFO] UtilMem:75 - Before build in PCC Used Memory: 591927616 Bytes (1071644672)
2023-10-19 18:40:36,812 [INFO] UtilMem:75 - After build in PCC Used Memory: 640684352 Bytes (1071644672)
2023-10-19 18:40:36,824 [INFO] IPUIPlugin:80 - create IPUIPlugin
2023-10-19 18:40:36,824 [INFO] IPUIPlugin:80 - create IPUIPlugin
2023-10-19 18:40:36,824 [INFO] IPUIPlugin:80 - create IPUIPlugin
2023-10-19 18:40:36,824 [INFO] IPUIPlugin:80 - create IPUIPlugin
2023-10-19 18:40:36,824 [INFO] IPUIPlugin:80 - create IPUIPlugin
2023-10-19 18:40:36,824 [INFO] IPUIPlugin:80 - create IPUIPlugin
2023-10-19 18:40:36,824 [INFO] IPUIPlugin:80 - create IPUIPlugin
2023-10-19 18:40:36,824 [INFO] IPUIPlugin:80 - create IPUIPlugin
2023-10-19 18:40:36,824 [INFO] IPUIPlugin:80 - create IPUIPlugin
2023-10-19 18:40:36,824 [INFO] IPUIPlugin:80 - create IPUIPlugin
2023-10-19 18:40:36,825 [INFO] IPUIPlugin:80 - create IPUIPlugin
2023-10-19 18:40:36,825 [INFO] IPUIPlugin:80 - create IPUIPlugin
2023-10-19 18:40:36,825 [INFO] IPUIPlugin:80 - create IPUIPlugin
2023-10-19 18:40:36,825 [INFO] IPUIPlugin:80 - create IPUIPlugin
2023-10-19 18:40:36,825 [INFO] IPUIPlugin:80 - create IPUIPlugin
2023-10-19 18:40:36,825 [INFO] IPUIPlugin:80 - create IPUIPlugin
2023-10-19 18:40:36,825 [INFO] IPUIPlugin:80 - create IPUIPlugin
2023-10-19 18:40:36,825 [INFO] IPUIPlugin:80 - create IPUIPlugin
2023-10-19 18:40:36,825 [INFO] IPUIPlugin:80 - create IPUIPlugin
2023-10-19 18:40:36,825 [INFO] IPUIPlugin:80 - create IPUIPlugin
2023-10-19 18:40:36,825 [INFO] IPUIPlugin:80 - create IPUIPlugin
2023-10-19 18:40:36,825 [INFO] IPUIPlugin:80 - create IPUIPlugin
2023-10-19 18:40:36,825 [INFO] IPUIPlugin:80 - create IPUIPlugin
2023-10-19 18:40:36,825 [INFO] IPUIPlugin:80 - create IPUIPlugin
2023-10-19 18:40:36,825 [INFO] IPUIPlugin:80 - create IPUIPlugin
2023-10-19 18:40:36,825 [INFO] IPUIPlugin:80 - create IPUIPlugin
2023-10-19 18:40:36,825 [INFO] IPUIPlugin:80 - create IPUIPlugin
2023-10-19 18:40:36,825 [INFO] IPUIPlugin:80 - create IPUIPlugin
2023-10-19 18:40:36,826 [INFO] IPUIPlugin:80 - create IPUIPlugin
2023-10-19 18:40:36,826 [INFO] IPUIPlugin:80 - create IPUIPlugin
2023-10-19 18:40:36,826 [INFO] IPUIPlugin:80 - create IPUIPlugin
2023-10-19 18:40:36,826 [INFO] IPUIPlugin:80 - create IPUIPlugin
2023-10-19 18:40:36,826 [INFO] IPUIPlugin:80 - create IPUIPlugin
2023-10-19 18:40:36,826 [INFO] IPUIPlugin:80 - create IPUIPlugin
2023-10-19 18:40:36,826 [INFO] IPUIPlugin:80 - create IPUIPlugin
2023-10-19 18:40:36,826 [INFO] IPUIPlugin:80 - create IPUIPlugin
2023-10-19 18:40:36,826 [INFO] IPUIPlugin:80 - create IPUIPlugin
2023-10-19 18:40:36,826 [INFO] IPUIPlugin:80 - create IPUIPlugin
2023-10-19 18:40:36,827 [INFO] IPUIPlugin:80 - create IPUIPlugin
2023-10-19 18:40:36,827 [INFO] IPUIPlugin:80 - create IPUIPlugin
2023-10-19 18:40:36,827 [INFO] IPUIPlugin:80 - create IPUIPlugin
2023-10-19 18:40:36,827 [INFO] IPUIPlugin:80 - create IPUIPlugin
2023-10-19 18:40:36,827 [INFO] IPUIPlugin:80 - create IPUIPlugin
2023-10-19 18:40:36,828 [INFO] IPUIPlugin:80 - create IPUIPlugin
2023-10-19 18:40:36,828 [INFO] IPUIPlugin:80 - create IPUIPlugin
2023-10-19 18:40:36,828 [INFO] IPUIPlugin:80 - create IPUIPlugin
2023-10-19 18:40:36,828 [INFO] IPUIPlugin:80 - create IPUIPlugin
2023-10-19 18:40:36,828 [INFO] IPUIPlugin:80 - create IPUIPlugin
2023-10-19 18:40:36,828 [INFO] IPUIPlugin:80 - create IPUIPlugin
2023-10-19 18:40:36,828 [INFO] IPUIPlugin:80 - create IPUIPlugin
2023-10-19 18:40:36,828 [INFO] IPUIPlugin:80 - create IPUIPlugin
2023-10-19 18:40:36,829 [INFO] IPUIPlugin:80 - create IPUIPlugin
2023-10-19 18:40:36,829 [INFO] IPUIPlugin:80 - create IPUIPlugin
2023-10-19 18:40:36,829 [INFO] IPUIPlugin:80 - create IPUIPlugin
2023-10-19 18:40:36,829 [INFO] IPUIPlugin:80 - create IPUIPlugin
2023-10-19 18:40:36,829 [INFO] IPUIPlugin:80 - create IPUIPlugin
2023-10-19 18:40:36,829 [INFO] IPUIPlugin:80 - create IPUIPlugin
2023-10-19 18:40:36,829 [INFO] IPUIPlugin:80 - create IPUIPlugin
2023-10-19 18:40:36,829 [INFO] IPUIPlugin:80 - create IPUIPlugin
2023-10-19 18:40:36,830 [INFO] IPUIPlugin:80 - create IPUIPlugin
2023-10-19 18:40:36,830 [INFO] IPUIPlugin:80 - create IPUIPlugin
2023-10-19 18:40:36,830 [INFO] IPUIPlugin:80 - create IPUIPlugin
2023-10-19 18:40:36,830 [INFO] IPUIPlugin:80 - create IPUIPlugin
2023-10-19 18:40:36,830 [INFO] IPUIPlugin:80 - create IPUIPlugin
2023-10-19 18:40:36,830 [INFO] IPUIPlugin:80 - create IPUIPlugin
2023-10-19 18:40:36,830 [INFO] IPUIPlugin:80 - create IPUIPlugin
2023-10-19 18:40:36,831 [INFO] IPUIPlugin:80 - create IPUIPlugin
2023-10-19 18:40:36,831 [INFO] IPUIPlugin:80 - create IPUIPlugin
2023-10-19 18:40:36,831 [INFO] IPUIPlugin:80 - create IPUIPlugin
2023-10-19 18:40:36,831 [INFO] IPUIPlugin:80 - create IPUIPlugin
2023-10-19 18:40:36,831 [INFO] IPUIPlugin:80 - create IPUIPlugin
2023-10-19 18:40:36,832 [INFO] IPUIPlugin:80 - create IPUIPlugin
2023-10-19 18:40:36,832 [INFO] IPUIPlugin:80 - create IPUIPlugin
2023-10-19 18:40:36,832 [INFO] IPUIPlugin:80 - create IPUIPlugin
2023-10-19 18:40:36,832 [INFO] IPUIPlugin:80 - create IPUIPlugin
2023-10-19 18:40:36,832 [INFO] IPUIPlugin:80 - create IPUIPlugin
2023-10-19 18:40:36,833 [INFO] IPUIPlugin:80 - create IPUIPlugin
2023-10-19 18:40:36,833 [INFO] IPUIPlugin:80 - create IPUIPlugin
2023-10-19 18:40:36,833 [INFO] IPUIPlugin:80 - create IPUIPlugin
2023-10-19 18:40:36,835 [INFO] ApiDbMcu:507 - Load IP Config File for PDM2PCM
2023-10-19 18:40:36,873 [INFO] CADModel:165 - CPN selected for project levelSTM32F767ZIT6
2023-10-19 18:40:36,873 [INFO] CADModel:114 - Register for checkConnection events
2023-10-19 18:40:36,925 [INFO] OpenFileManager:328 - Restore cursor
