2024-09-23 21:08:25,687 [INFO] Activator:176 - 


2024-09-23 21:08:25,692 [INFO] Activator:177 - !SESSION log4j initialized
2024-09-23 21:08:28,499 [INFO] ApplicationProperties:184 - Using Application install path: C:\ST\STM32CubeIDE_1.13.0\STM32CubeIDE\plugins\com.st.stm32cube.common.mx_6.9.2.202309101412
2024-09-23 21:08:28,515 [INFO] DbMcusXml:78 - Set database path to: C:\ST\STM32CubeIDE_1.13.0\STM32CubeIDE\plugins\com.st.stm32cube.common.mx_6.9.2.202309101412\\db\/mcu/
2024-09-23 21:08:28,515 [INFO] ApiDb:274 - Set plugin database path to: C:\ST\STM32CubeIDE_1.13.0\STM32CubeIDE\plugins\com.st.stm32cube.common.mx_6.9.2.202309101412\\db\/plugins/boardmanager/
2024-09-23 21:08:28,515 [WARN] ApiDb:259 - Overriding images path with different value:  => C:\ST\STM32CubeIDE_1.13.0\STM32CubeIDE\plugins\com.st.stm32cube.common.mx_6.9.2.202309101412\\db\/plugins/mcufinder/images/
2024-09-23 21:08:28,528 [INFO] ApiDb:250 - Set database path to: C:\Users\User\.stmcufinder\plugins\mcufinder//mcu/
2024-09-23 21:08:28,529 [INFO] DbMcusAds:125 - Set database path to: C:\Users\User\.stmcufinder\plugins\mcufinder//mcu/
2024-09-23 21:08:28,571 [INFO] CrossReferenceDbSqlite:203 - Set database path to: C:\Users\User\.stmcufinder\plugins\mcufinder//mcu/cs/
2024-09-23 21:08:28,669 [INFO] RulesReader:64 - Compatibility file has been processed (293 Rules)
2024-09-23 21:08:28,765 [INFO] DbMcusXml:78 - Set database path to: C:\ST\STM32CubeIDE_1.13.0\STM32CubeIDE\plugins\com.st.stm32cube.common.mx_6.9.2.202309101412\\db\/mcu/
2024-09-23 21:08:28,765 [INFO] ApiDb:274 - Set plugin database path to: C:\ST\STM32CubeIDE_1.13.0\STM32CubeIDE\plugins\com.st.stm32cube.common.mx_6.9.2.202309101412\\db\/plugins/boardmanager/
2024-09-23 21:08:28,765 [INFO] ApiDb:261 - Set plugin images path to: C:\ST\STM32CubeIDE_1.13.0\STM32CubeIDE\plugins\com.st.stm32cube.common.mx_6.9.2.202309101412\\db\/plugins/mcufinder/images/
2024-09-23 21:08:28,765 [WARN] DbFile:41 - Overriding database path with different value: C:\Users\User\.stmcufinder\plugins\mcufinder/ => C:\Users\User\.stmcufinder\plugins\mcufinder
2024-09-23 21:08:28,765 [INFO] ApiDb:250 - Set database path to: C:\Users\User\.stmcufinder\plugins\mcufinder//mcu/
2024-09-23 21:08:28,766 [WARN] DbFile:41 - Overriding database path with different value: C:\Users\User\.stmcufinder\plugins\mcufinder/ => C:\Users\User\.stmcufinder\plugins\mcufinder
2024-09-23 21:08:28,766 [INFO] DbMcusAds:125 - Set database path to: C:\Users\User\.stmcufinder\plugins\mcufinder//mcu/
2024-09-23 21:08:28,766 [WARN] DbFile:41 - Overriding database path with different value: C:\Users\User\.stmcufinder\plugins\mcufinder/ => C:\Users\User\.stmcufinder\plugins\mcufinder
2024-09-23 21:08:28,766 [WARN] DbFile:41 - Overriding database path with different value: C:\Users\User\.stmcufinder\plugins\mcufinder/ => C:\Users\User\.stmcufinder\plugins\mcufinder
2024-09-23 21:08:28,766 [INFO] CrossReferenceDbSqlite:203 - Set database path to: C:\Users\User\.stmcufinder\plugins\mcufinder//mcu/cs/
2024-09-23 21:08:28,846 [INFO] MainPanel:262 - HeapMemory: 268435456
2024-09-23 21:08:28,957 [INFO] DbMcusXml:78 - Set database path to: C:\ST\STM32CubeIDE_1.13.0\STM32CubeIDE\plugins\com.st.stm32cube.common.mx_6.9.2.202309101412\\db\/mcu/
2024-09-23 21:08:28,957 [INFO] ApiDb:274 - Set plugin database path to: C:\ST\STM32CubeIDE_1.13.0\STM32CubeIDE\plugins\com.st.stm32cube.common.mx_6.9.2.202309101412\\db\/plugins/boardmanager/
2024-09-23 21:08:28,957 [INFO] ApiDb:261 - Set plugin images path to: C:\ST\STM32CubeIDE_1.13.0\STM32CubeIDE\plugins\com.st.stm32cube.common.mx_6.9.2.202309101412\\db\/plugins/mcufinder/images/
2024-09-23 21:08:28,957 [WARN] DbFile:41 - Overriding database path with different value: C:\Users\User\.stmcufinder\plugins\mcufinder/ => C:\Users\User\.stmcufinder\plugins\mcufinder
2024-09-23 21:08:28,958 [INFO] ApiDb:250 - Set database path to: C:\Users\User\.stmcufinder\plugins\mcufinder//mcu/
2024-09-23 21:08:28,958 [WARN] DbFile:41 - Overriding database path with different value: C:\Users\User\.stmcufinder\plugins\mcufinder/ => C:\Users\User\.stmcufinder\plugins\mcufinder
2024-09-23 21:08:28,958 [INFO] DbMcusAds:125 - Set database path to: C:\Users\User\.stmcufinder\plugins\mcufinder//mcu/
2024-09-23 21:08:28,958 [WARN] DbFile:41 - Overriding database path with different value: C:\Users\User\.stmcufinder\plugins\mcufinder/ => C:\Users\User\.stmcufinder\plugins\mcufinder
2024-09-23 21:08:28,958 [WARN] DbFile:41 - Overriding database path with different value: C:\Users\User\.stmcufinder\plugins\mcufinder/ => C:\Users\User\.stmcufinder\plugins\mcufinder
2024-09-23 21:08:28,958 [INFO] CrossReferenceDbSqlite:203 - Set database path to: C:\Users\User\.stmcufinder\plugins\mcufinder//mcu/cs/
2024-09-23 21:08:28,978 [INFO] ApplicationProperties:184 - Using Application install path: C:\ST\STM32CubeIDE_1.13.0\STM32CubeIDE\plugins\com.st.stm32cube.common.mx_6.9.2.202309101412
2024-09-23 21:08:28,979 [INFO] PluginManage:196 - Search for loadable plugins [exclusion list=, ]
2024-09-23 21:08:28,981 [INFO] PluginManage:310 - Check plugin analytics
2024-09-23 21:08:34,155 [INFO] AnalyticsPlugin:253 - Accepted Software Licenses: 
2024-09-23 21:08:34,155 [INFO] AnalyticsPlugin:255 - Accepted CMSIS Pack Licenses: 
2024-09-23 21:08:34,155 [INFO] AnalyticsPlugin:257 - Accepted Firmware Licenses: FW.F7.1.17.0,FW.F4.1.27.0
2024-09-23 21:08:34,157 [INFO] PluginManage:359 - Loaded plugin analytics (category:tool,tabindex:-1)
2024-09-23 21:08:34,158 [INFO] PluginManage:310 - Check plugin cadmodel
2024-09-23 21:08:34,208 [INFO] CADModel:105 - Init CAD model plugin
2024-09-23 21:08:34,208 [INFO] PluginManage:359 - Loaded plugin cadmodel (category:power,tabindex:5)
2024-09-23 21:08:34,208 [INFO] PluginManage:310 - Check plugin clock
2024-09-23 21:08:34,228 [INFO] PluginManage:359 - Loaded plugin clock (category:base,tabindex:2)
2024-09-23 21:08:34,228 [INFO] PluginManage:310 - Check plugin ddr
2024-09-23 21:08:34,231 [INFO] PluginManage:359 - Loaded plugin ddr (category:tool,tabindex:6)
2024-09-23 21:08:34,231 [INFO] PluginManage:310 - Check plugin filemanager
2024-09-23 21:08:34,349 [INFO] PluginManage:359 - Loaded plugin filemanager (category:base,tabindex:10)
2024-09-23 21:08:34,349 [INFO] PluginManage:310 - Check plugin ipmanager
2024-09-23 21:08:34,355 [INFO] PluginManage:359 - Loaded plugin ipmanager (category:base,tabindex:5)
2024-09-23 21:08:34,355 [INFO] PluginManage:310 - Check plugin lpbam
2024-09-23 21:08:34,371 [INFO] PluginManage:359 - Loaded plugin lpbam (category:base,tabindex:0)
2024-09-23 21:08:34,371 [INFO] PluginManage:310 - Check plugin memorymap
2024-09-23 21:08:34,391 [INFO] PluginManage:359 - Loaded plugin memorymap (category:base,tabindex:4)
2024-09-23 21:08:34,391 [INFO] PluginManage:310 - Check plugin pinoutandconfiguration
2024-09-23 21:08:34,406 [INFO] PluginManage:359 - Loaded plugin pinoutandconfiguration (category:base,tabindex:1)
2024-09-23 21:08:34,406 [INFO] PluginManage:310 - Check plugin pinoutconfig
2024-09-23 21:08:34,486 [WARN] SupportedApi:132 - Cannot load RTOS API schema: s4s-elt-must-match.1: The content of 'definitions' must match (annotation?, (simpleType | complexType)?, (unique | key | keyref)*)). A problem was found starting at: attribute.
2024-09-23 21:08:34,622 [INFO] PluginManage:359 - Loaded plugin pinoutconfig (category:base,tabindex:0)
2024-09-23 21:08:34,622 [INFO] PluginManage:310 - Check plugin power
2024-09-23 21:08:34,644 [INFO] PluginManage:359 - Loaded plugin power (category:power,tabindex:4)
2024-09-23 21:08:34,645 [INFO] PluginManage:310 - Check plugin projectmanager
2024-09-23 21:08:34,660 [INFO] PluginManage:359 - Loaded plugin projectmanager (category:projectmanager,tabindex:3)
2024-09-23 21:08:34,660 [INFO] PluginManage:310 - Check plugin thirdparty
2024-09-23 21:08:34,982 [INFO] PluginManage:359 - Loaded plugin thirdparty (category:base,tabindex:-1)
2024-09-23 21:08:34,982 [INFO] PluginManage:310 - Check plugin tools
2024-09-23 21:08:34,982 [WARN] IntegrityCheckThread:84 - waiting for thirdparty lock release [integrity check]
2024-09-23 21:08:34,983 [INFO] IntegrityCheckThread:86 - entering critical section [integrity check]
2024-09-23 21:08:34,983 [INFO] ThirdPartyUpdaterWithRetryManager:70 - Updater plugin not ready yet. [1/15]
2024-09-23 21:08:35,019 [INFO] PluginManage:359 - Loaded plugin tools (category:base,tabindex:7)
2024-09-23 21:08:35,019 [INFO] PluginManage:310 - Check plugin tutovideos
2024-09-23 21:08:35,224 [INFO] PluginManage:359 - Loaded plugin tutovideos (category:base,tabindex:-1)
2024-09-23 21:08:35,224 [INFO] PluginManage:310 - Check plugin updater
2024-09-23 21:08:35,234 [INFO] PluginManage:359 - Loaded plugin updater (category:base,tabindex:12)
2024-09-23 21:08:35,234 [INFO] PluginManage:310 - Check plugin userauth
2024-09-23 21:08:35,239 [INFO] UserAuth:113 - Init User Auth plugin
2024-09-23 21:08:35,239 [INFO] PluginManage:359 - Loaded plugin userauth (category:base,tabindex:14)
2024-09-23 21:08:35,239 [INFO] PluginManage:283 - PluginManage : Loaded plugins [17]
2024-09-23 21:08:35,455 [INFO] PinOutPanel:1499 - setPackage(No Configuration,No Configuration)
2024-09-23 21:08:35,550 [INFO] CADModel:165 - CPN selected for project level
2024-09-23 21:08:35,551 [INFO] CADModel:114 - Register for checkConnection events
2024-09-23 21:08:35,577 [INFO] IPUIPlugin:80 - create IPUIPlugin
2024-09-23 21:08:35,577 [INFO] PluginManager:220 - loadIPPluginJar : add adc
2024-09-23 21:08:35,615 [INFO] IPUIPlugin:80 - create IPUIPlugin
2024-09-23 21:08:35,615 [INFO] PluginManager:220 - loadIPPluginJar : add aes
2024-09-23 21:08:35,664 [INFO] IPUIPlugin:80 - create IPUIPlugin
2024-09-23 21:08:35,664 [INFO] PluginManager:220 - loadIPPluginJar : add can
2024-09-23 21:08:35,689 [INFO] IPUIPlugin:80 - create IPUIPlugin
2024-09-23 21:08:35,690 [INFO] PluginManager:220 - loadIPPluginJar : add comp
2024-09-23 21:08:35,722 [INFO] IPUIPlugin:80 - create IPUIPlugin
2024-09-23 21:08:35,722 [INFO] PluginManager:220 - loadIPPluginJar : add cryp
2024-09-23 21:08:35,745 [INFO] IPUIPlugin:80 - create IPUIPlugin
2024-09-23 21:08:35,745 [INFO] PluginManager:220 - loadIPPluginJar : add dfsdm
2024-09-23 21:08:35,758 [INFO] IPUIPlugin:80 - create IPUIPlugin
2024-09-23 21:08:35,758 [INFO] PluginManager:220 - loadIPPluginJar : add dma
2024-09-23 21:08:35,792 [INFO] IPUIPlugin:80 - create IPUIPlugin
2024-09-23 21:08:35,792 [INFO] PluginManager:220 - loadIPPluginJar : add dma3
2024-09-23 21:08:35,809 [INFO] IPUIPlugin:80 - create IPUIPlugin
2024-09-23 21:08:35,810 [INFO] PluginManager:220 - loadIPPluginJar : add fatfs
2024-09-23 21:08:35,849 [INFO] IPUIPlugin:80 - create IPUIPlugin
2024-09-23 21:08:35,849 [INFO] PluginManager:220 - loadIPPluginJar : add fmc
2024-09-23 21:08:35,863 [INFO] IPUIPlugin:80 - create IPUIPlugin
2024-09-23 21:08:35,863 [INFO] PluginManager:220 - loadIPPluginJar : add freertos
2024-09-23 21:08:35,880 [INFO] IPUIPlugin:80 - create IPUIPlugin
2024-09-23 21:08:35,880 [INFO] PluginManager:220 - loadIPPluginJar : add genericplugin
2024-09-23 21:08:35,949 [INFO] IPUIPlugin:80 - create IPUIPlugin
2024-09-23 21:08:35,949 [INFO] PluginManager:220 - loadIPPluginJar : add gfxmmu
2024-09-23 21:08:36,048 [INFO] IPUIPlugin:80 - create IPUIPlugin
2024-09-23 21:08:36,048 [INFO] PluginManager:220 - loadIPPluginJar : add gic
2024-09-23 21:08:36,061 [INFO] IPUIPlugin:80 - create IPUIPlugin
2024-09-23 21:08:36,061 [INFO] PluginManager:220 - loadIPPluginJar : add gpio
2024-09-23 21:08:36,130 [INFO] IPUIPlugin:80 - create IPUIPlugin
2024-09-23 21:08:36,130 [INFO] PluginManager:220 - loadIPPluginJar : add gtzc
2024-09-23 21:08:36,156 [INFO] IPUIPlugin:80 - create IPUIPlugin
2024-09-23 21:08:36,156 [INFO] PluginManager:220 - loadIPPluginJar : add hash
2024-09-23 21:08:36,197 [INFO] IPUIPlugin:80 - create IPUIPlugin
2024-09-23 21:08:36,197 [INFO] PluginManager:220 - loadIPPluginJar : add i2c
2024-09-23 21:08:36,227 [INFO] IPUIPlugin:80 - create IPUIPlugin
2024-09-23 21:08:36,227 [INFO] PluginManager:220 - loadIPPluginJar : add i2s
2024-09-23 21:08:36,265 [INFO] IPUIPlugin:80 - create IPUIPlugin
2024-09-23 21:08:36,265 [INFO] PluginManager:220 - loadIPPluginJar : add i3c
2024-09-23 21:08:36,347 [INFO] IPUIPlugin:80 - create IPUIPlugin
2024-09-23 21:08:36,347 [INFO] PluginManager:220 - loadIPPluginJar : add ipddr
2024-09-23 21:08:36,417 [INFO] IPUIPlugin:80 - create IPUIPlugin
2024-09-23 21:08:36,417 [INFO] PluginManager:220 - loadIPPluginJar : add linkedlist
2024-09-23 21:08:36,447 [INFO] IPUIPlugin:80 - create IPUIPlugin
2024-09-23 21:08:36,448 [INFO] PluginManager:220 - loadIPPluginJar : add lorawan
2024-09-23 21:08:36,481 [INFO] IPUIPlugin:80 - create IPUIPlugin
2024-09-23 21:08:36,481 [INFO] PluginManager:220 - loadIPPluginJar : add ltdc
2024-09-23 21:08:36,495 [INFO] IPUIPlugin:80 - create IPUIPlugin
2024-09-23 21:08:36,495 [INFO] PluginManager:220 - loadIPPluginJar : add mdma
2024-09-23 21:08:36,508 [INFO] IPUIPlugin:80 - create IPUIPlugin
2024-09-23 21:08:36,508 [INFO] PluginManager:220 - loadIPPluginJar : add nvic
2024-09-23 21:08:36,541 [INFO] IPUIPlugin:80 - create IPUIPlugin
2024-09-23 21:08:36,541 [INFO] PluginManager:220 - loadIPPluginJar : add opamp
2024-09-23 21:08:36,597 [INFO] IPUIPlugin:80 - create IPUIPlugin
2024-09-23 21:08:36,597 [INFO] PluginManager:220 - loadIPPluginJar : add openamp
2024-09-23 21:08:36,635 [INFO] IPUIPlugin:80 - create IPUIPlugin
2024-09-23 21:08:36,635 [INFO] PluginManager:220 - loadIPPluginJar : add pdm2pcm
2024-09-23 21:08:36,647 [INFO] IPUIPlugin:80 - create IPUIPlugin
2024-09-23 21:08:36,649 [INFO] PluginManager:220 - loadIPPluginJar : add plateformsettings
2024-09-23 21:08:36,667 [INFO] IPUIPlugin:80 - create IPUIPlugin
2024-09-23 21:08:36,667 [INFO] PluginManager:220 - loadIPPluginJar : add quadspi
2024-09-23 21:08:36,679 [INFO] IPUIPlugin:80 - create IPUIPlugin
2024-09-23 21:08:36,679 [INFO] PluginManager:220 - loadIPPluginJar : add resmgrutility
2024-09-23 21:08:36,721 [INFO] IPUIPlugin:80 - create IPUIPlugin
2024-09-23 21:08:36,721 [INFO] PluginManager:220 - loadIPPluginJar : add sai
2024-09-23 21:08:36,750 [INFO] IPUIPlugin:80 - create IPUIPlugin
2024-09-23 21:08:36,750 [INFO] PluginManager:220 - loadIPPluginJar : add spi
2024-09-23 21:08:36,793 [INFO] IPUIPlugin:80 - create IPUIPlugin
2024-09-23 21:08:36,793 [INFO] PluginManager:220 - loadIPPluginJar : add stm32_wpan
2024-09-23 21:08:36,813 [INFO] IPUIPlugin:80 - create IPUIPlugin
2024-09-23 21:08:36,813 [INFO] PluginManager:220 - loadIPPluginJar : add tim
2024-09-23 21:08:36,858 [INFO] IPUIPlugin:80 - create IPUIPlugin
2024-09-23 21:08:36,858 [INFO] PluginManager:220 - loadIPPluginJar : add touchsensing
2024-09-23 21:08:36,876 [INFO] IPUIPlugin:80 - create IPUIPlugin
2024-09-23 21:08:36,877 [INFO] PluginManager:220 - loadIPPluginJar : add tracer_emb
2024-09-23 21:08:36,895 [INFO] IPUIPlugin:80 - create IPUIPlugin
2024-09-23 21:08:36,895 [INFO] PluginManager:220 - loadIPPluginJar : add ts
2024-09-23 21:08:36,913 [INFO] IPUIPlugin:80 - create IPUIPlugin
2024-09-23 21:08:36,913 [INFO] PluginManager:220 - loadIPPluginJar : add tsc
2024-09-23 21:08:36,931 [INFO] IPUIPlugin:80 - create IPUIPlugin
2024-09-23 21:08:36,931 [INFO] PluginManager:220 - loadIPPluginJar : add ucpd
2024-09-23 21:08:36,966 [INFO] IPUIPlugin:80 - create IPUIPlugin
2024-09-23 21:08:36,966 [INFO] PluginManager:220 - loadIPPluginJar : add usart
2024-09-23 21:08:37,003 [INFO] IPUIPlugin:80 - create IPUIPlugin
2024-09-23 21:08:37,003 [INFO] PluginManager:220 - loadIPPluginJar : add usbx
2024-09-23 21:08:37,115 [INFO] CADModel:165 - CPN selected for project level
2024-09-23 21:08:37,115 [INFO] CADModel:114 - Register for checkConnection events
2024-09-23 21:08:37,115 [FATAL] Updater:308 - Updater called before beeing initialized
2024-09-23 21:08:37,115 [ERROR] CADModel:125 - Updater not yet initialized, retry later 
2024-09-23 21:08:37,267 [INFO] CADModel:165 - CPN selected for project level
2024-09-23 21:08:37,267 [INFO] CADModel:114 - Register for checkConnection events
2024-09-23 21:08:37,267 [FATAL] Updater:308 - Updater called before beeing initialized
2024-09-23 21:08:37,267 [ERROR] CADModel:125 - Updater not yet initialized, retry later 
2024-09-23 21:08:37,270 [FATAL] Updater:308 - Updater called before beeing initialized
2024-09-23 21:08:37,356 [FATAL] Updater:308 - Updater called before beeing initialized
2024-09-23 21:08:37,366 [INFO] DbMcusAds:53 - JSON generation date=Tue Mar 07 15:50:55 ICT 2023 (1678179055114)
2024-09-23 21:08:37,366 [FATAL] Updater:308 - Updater called before beeing initialized
2024-09-23 21:08:37,402 [WARN] DetailPanel:346 - Failed to get advertising image, set to default
2024-09-23 21:08:37,513 [FATAL] Updater:308 - Updater called before beeing initialized
2024-09-23 21:08:37,516 [FATAL] Updater:308 - Updater called before beeing initialized
2024-09-23 21:08:37,516 [FATAL] Updater:308 - Updater called before beeing initialized
2024-09-23 21:08:37,517 [WARN] DetailPanel:346 - Failed to get advertising image, set to default
2024-09-23 21:08:37,518 [FATAL] Updater:308 - Updater called before beeing initialized
2024-09-23 21:08:37,591 [ERROR] Updater:1120 - MainUpdater not yet initialized. External WinMGr cannot be set.
2024-09-23 21:08:37,606 [INFO] Updater:1056 - Updater Version found : 6.9.2
2024-09-23 21:08:37,631 [INFO] ApplicationProperties:184 - Using Application install path: C:\ST\STM32CubeIDE_1.13.0\STM32CubeIDE\plugins\com.st.stm32cube.common.mx_6.9.2.202309101412
2024-09-23 21:08:37,991 [INFO] ThirdPartyUpdaterWithRetryManager:70 - Updater plugin not ready yet. [2/15]
2024-09-23 21:08:39,261 [INFO] MainUpdater:2868 - connection check result : 10
2024-09-23 21:08:39,261 [INFO] MainUpdater:3562 - Updater definition file requires update
2024-09-23 21:08:39,262 [INFO] MainUpdater:285 - Updater Check For Update Now.
2024-09-23 21:08:39,262 [INFO] MicroXplorer:498 - Change Database Version : DB.6.0.92
2024-09-23 21:08:41,006 [WARN] MainUpdater:1189 - Updater busy. Cannot search thirdparties
2024-09-23 21:08:41,006 [INFO] ThirdPartyUpdaterWithRetryManager:96 - Updater plugin is busy. [1/15]
2024-09-23 21:08:41,115 [INFO] ServerAccessManage:473 - Download File updaters.zip
2024-09-23 21:08:41,164 [INFO] FileExtend:240 - Unzip File : updaters.zip
2024-09-23 21:08:41,164 [INFO] FileExtend:255 - Standard Zip Deflate
2024-09-23 21:08:42,366 [INFO] ServerAccessManage:473 - Download File PacksControlFlags.xml
2024-09-23 21:08:43,320 [INFO] ServerAccessManage:473 - Download File cubemx.pidx
2024-09-23 21:08:44,011 [WARN] MainUpdater:1189 - Updater busy. Cannot search thirdparties
2024-09-23 21:08:44,011 [INFO] ThirdPartyUpdaterWithRetryManager:96 - Updater plugin is busy. [2/15]
2024-09-23 21:08:44,873 [INFO] ServerAccessManage:473 - Download File STMicroelectronics.X-CUBE-GNSS1.pdsc
2024-09-23 21:08:47,023 [WARN] MainUpdater:1189 - Updater busy. Cannot search thirdparties
2024-09-23 21:08:47,023 [INFO] ThirdPartyUpdaterWithRetryManager:96 - Updater plugin is busy. [3/15]
2024-09-23 21:08:50,025 [WARN] MainUpdater:1189 - Updater busy. Cannot search thirdparties
2024-09-23 21:08:50,025 [INFO] ThirdPartyUpdaterWithRetryManager:96 - Updater plugin is busy. [4/15]
2024-09-23 21:08:53,029 [WARN] MainUpdater:1189 - Updater busy. Cannot search thirdparties
2024-09-23 21:08:53,029 [INFO] ThirdPartyUpdaterWithRetryManager:96 - Updater plugin is busy. [5/15]
2024-09-23 21:08:53,652 [ERROR] ServerAccessManage:1089 - Problem, file not found on Server
2024-09-23 21:08:54,522 [ERROR] ServerAccessManage:1089 - Problem, file not found on Server
2024-09-23 21:08:55,423 [ERROR] ServerAccessManage:1089 - Problem, file not found on Server
2024-09-23 21:08:56,043 [WARN] MainUpdater:1189 - Updater busy. Cannot search thirdparties
2024-09-23 21:08:56,043 [INFO] ThirdPartyUpdaterWithRetryManager:96 - Updater plugin is busy. [6/15]
2024-09-23 21:08:56,287 [ERROR] ServerAccessManage:1089 - Problem, file not found on Server
2024-09-23 21:08:57,091 [ERROR] ServerAccessManage:1089 - Problem, file not found on Server
2024-09-23 21:08:57,332 [ERROR] ServerAccessManage:1089 - Problem, file not found on Server
2024-09-23 21:08:58,222 [INFO] ServerAccessManage:473 - Download File STMicroelectronics.X-CUBE-ISPU.pdsc
2024-09-23 21:08:59,046 [WARN] MainUpdater:1189 - Updater busy. Cannot search thirdparties
2024-09-23 21:08:59,046 [INFO] ThirdPartyUpdaterWithRetryManager:96 - Updater plugin is busy. [7/15]
2024-09-23 21:08:59,730 [INFO] MainUpdater:2868 - connection check result : 10
2024-09-23 21:09:02,057 [WARN] MainUpdater:1189 - Updater busy. Cannot search thirdparties
2024-09-23 21:09:02,057 [INFO] ThirdPartyUpdaterWithRetryManager:96 - Updater plugin is busy. [8/15]
2024-09-23 21:09:02,209 [INFO] ServerAccessManage:473 - Download File STMicroelectronics.X-CUBE-TOUCHGFX.pdsc
2024-09-23 21:09:05,061 [WARN] MainUpdater:1189 - Updater busy. Cannot search thirdparties
2024-09-23 21:09:05,061 [INFO] ThirdPartyUpdaterWithRetryManager:96 - Updater plugin is busy. [9/15]
2024-09-23 21:09:08,063 [WARN] MainUpdater:1189 - Updater busy. Cannot search thirdparties
2024-09-23 21:09:08,063 [INFO] ThirdPartyUpdaterWithRetryManager:96 - Updater plugin is busy. [10/15]
2024-09-23 21:09:11,075 [WARN] MainUpdater:1189 - Updater busy. Cannot search thirdparties
2024-09-23 21:09:11,075 [INFO] ThirdPartyUpdaterWithRetryManager:96 - Updater plugin is busy. [11/15]
2024-09-23 21:09:14,076 [WARN] MainUpdater:1189 - Updater busy. Cannot search thirdparties
2024-09-23 21:09:14,076 [INFO] ThirdPartyUpdaterWithRetryManager:96 - Updater plugin is busy. [12/15]
2024-09-23 21:09:17,091 [WARN] MainUpdater:1189 - Updater busy. Cannot search thirdparties
2024-09-23 21:09:17,091 [INFO] ThirdPartyUpdaterWithRetryManager:96 - Updater plugin is busy. [13/15]
2024-09-23 21:09:20,060 [INFO] MainUpdater:2868 - connection check result : 10
2024-09-23 21:09:20,106 [WARN] MainUpdater:1189 - Updater busy. Cannot search thirdparties
2024-09-23 21:09:20,106 [INFO] ThirdPartyUpdaterWithRetryManager:96 - Updater plugin is busy. [14/15]
2024-09-23 21:09:20,358 [INFO] MicroXplorer:468 - Change Database Path : 
2024-09-23 21:09:20,358 [INFO] MicroXplorer:498 - Change Database Version : DB.6.0.92
2024-09-23 21:09:20,361 [WARN] ThirdParty:871 - waiting for thirdparty lock release [close project]
2024-09-23 21:09:22,291 [WARN] PackLoader:240 - Cannot read IP mode file for STMicroelectronics.X-CUBE-GNSS1.7.0.0
2024-09-23 21:09:22,300 [WARN] PackLoader:240 - Cannot read IP mode file for STMicroelectronics.X-CUBE-ISPU.2.1.0
2024-09-23 21:09:22,306 [WARN] PackLoader:240 - Cannot read IP mode file for STMicroelectronics.X-CUBE-TOUCHGFX.4.24.1
2024-09-23 21:09:22,306 [INFO] PopulateThirdPartyThread:66 - Ending populate Thread
2024-09-23 21:09:22,308 [INFO] ThirdParty:1030 - CMSIS Pack Vendor :STMicroelectronics X-CUBE-GNSS1 7.0.0
2024-09-23 21:09:22,308 [INFO] ThirdParty:1030 - CMSIS Pack Vendor :STMicroelectronics X-CUBE-TOUCHGFX 4.24.1
2024-09-23 21:09:22,308 [INFO] ThirdParty:1030 - CMSIS Pack Vendor :STMicroelectronics X-CUBE-ISPU 2.1.0
2024-09-23 21:09:22,309 [INFO] LoadServerUpdatesThread:373 - End of LoadServerUpdate Thread
2024-09-23 21:09:22,420 [INFO] CheckServerUpdateThread:120 - End of CheckServer Thread
2024-09-23 21:09:23,341 [WARN] PackLoader:240 - Cannot read IP mode file for STMicroelectronics.FP-SNS-MOTENVWB1.1.4.0
2024-09-23 21:09:23,356 [WARN] PackLoader:240 - Cannot read IP mode file for STMicroelectronics.X-CUBE-SMBUS.2.1.0
2024-09-23 21:09:23,370 [WARN] PackLoader:240 - Cannot read IP mode file for STMicroelectronics.X-CUBE-TOUCHGFX.4.23.0
2024-09-23 21:09:23,403 [WARN] PackLoader:240 - Cannot read IP mode file for STMicroelectronics.X-CUBE-AZRTOS-F7.1.1.0
2024-09-23 21:09:23,424 [WARN] PackLoader:240 - Cannot read IP mode file for STMicroelectronics.FP-SNS-MOTENV1.4.3.2
2024-09-23 21:09:23,485 [WARN] PackLoader:240 - Cannot read IP mode file for STMicroelectronics.X-CUBE-MEMS1.11.0.0
2024-09-23 21:09:23,625 [WARN] PackLoader:240 - Cannot read IP mode file for STMicroelectronics.X-CUBE-BLE1.6.2.4
2024-09-23 21:09:23,632 [WARN] PackLoader:240 - Cannot read IP mode file for STMicroelectronics.FP-SNS-FLIGHT1.5.0.2
2024-09-23 21:09:23,651 [WARN] PackLoader:240 - Cannot read IP mode file for STMicroelectronics.X-CUBE-DISPLAY.3.0.0
2024-09-23 21:09:23,669 [WARN] PackLoader:240 - Cannot read IP mode file for STMicroelectronics.X-CUBE-BLE1.7.0.0
2024-09-23 21:09:23,688 [WARN] PackLoader:240 - Cannot read IP mode file for emotas.I-CUBE-CANOPEN.1.3.0
2024-09-23 21:09:23,703 [WARN] PackLoader:240 - Cannot read IP mode file for STMicroelectronics.X-CUBE-TOUCHGFX.4.22.0
2024-09-23 21:09:23,717 [WARN] PackLoader:240 - Cannot read IP mode file for STMicroelectronics.X-CUBE-TOUCHGFX.4.22.1
2024-09-23 21:09:23,738 [WARN] PackLoader:240 - Cannot read IP mode file for STMicroelectronics.X-CUBE-BLEMGR.3.1.0
2024-09-23 21:09:23,754 [WARN] PackLoader:240 - Cannot read IP mode file for STMicroelectronics.FP-SNS-SMARTAG2.1.2.0
2024-09-23 21:09:23,776 [INFO] LogOutputStream:77 - [STDOUT_REDIRECT] 1 : Invalid condition id : UX_CORESTACK_Condition cause : null
2024-09-23 21:09:23,776 [INFO] LogOutputStream:77 - [STDOUT_REDIRECT] 1 : Invalid condition id : UX_CORESTACK_Condition cause : null
2024-09-23 21:09:23,777 [INFO] LogOutputStream:77 - [STDOUT_REDIRECT] 1 : Invalid condition id : UX_CORESTACK_Condition cause : null
2024-09-23 21:09:23,778 [INFO] LogOutputStream:77 - [STDOUT_REDIRECT] 1 : Invalid condition id : UX_CORESTACK_Condition cause : null
2024-09-23 21:09:23,778 [INFO] LogOutputStream:77 - [STDOUT_REDIRECT] 1 : Invalid condition id : UX_CORESTACK_Condition cause : null
2024-09-23 21:09:23,781 [WARN] PackLoader:240 - Cannot read IP mode file for STMicroelectronics.X-CUBE-AZRTOS-WL.2.0.0
2024-09-23 21:09:23,796 [WARN] PackLoader:240 - Cannot read IP mode file for STMicroelectronics.FP-SNS-MOTENV1.5.0.0
2024-09-23 21:09:23,804 [WARN] PackLoader:240 - Cannot read IP mode file for wolfSSL.I-CUBE-wolfMQTT.1.19.0
2024-09-23 21:09:23,820 [WARN] PackLoader:240 - Cannot read IP mode file for WES.I-CUBE-Cesium.1.3.0
2024-09-23 21:09:23,840 [WARN] PackLoader:240 - Cannot read IP mode file for STMicroelectronics.X-CUBE-BLE2.3.3.0
2024-09-23 21:09:23,856 [WARN] PackLoader:240 - Cannot read IP mode file for STMicroelectronics.X-CUBE-TCPP.4.1.0
2024-09-23 21:09:23,878 [WARN] PackLoader:240 - Cannot read IP mode file for STMicroelectronics.X-CUBE-ALGOBUILD.1.3.0
2024-09-23 21:09:23,909 [WARN] PackLoader:240 - Cannot read IP mode file for STMicroelectronics.X-CUBE-AZRTOS-G0.1.1.0
2024-09-23 21:09:23,926 [WARN] PackLoader:240 - Cannot read IP mode file for STMicroelectronics.X-CUBE-SAFEA1.1.2.2
2024-09-23 21:09:23,943 [WARN] PackLoader:240 - Cannot read IP mode file for STMicroelectronics.X-CUBE-NFC4.3.0.0
2024-09-23 21:09:23,955 [ERROR] Engine:466 - C:\Users\User\.stm32cubemx\thirdparties\pdsc\EmbeddedOffice.I-CUBE-FS-RTOS.1.0.1.pdsc: PDSC version is not supported
2024-09-23 21:09:23,972 [WARN] PackLoader:240 - Cannot read IP mode file for STMicroelectronics.X-CUBE-BLEMGR.3.0.0
2024-09-23 21:09:23,990 [ERROR] Engine:466 - C:\Users\User\.stm32cubemx\thirdparties\pdsc\RealThread.X-CUBE-RT-Thread_Nano.4.1.1.pdsc: PDSC version is not supported
2024-09-23 21:09:23,996 [WARN] PackLoader:240 - Cannot read IP mode file for STMicroelectronics.FP-ATR-SIGFOX1.3.2.0
2024-09-23 21:09:24,011 [WARN] PackLoader:240 - Cannot read IP mode file for STMicroelectronics.X-CUBE-EEPRMA1.5.1.0
2024-09-23 21:09:24,048 [WARN] PackLoader:240 - Cannot read IP mode file for SEGGER.I-CUBE-embOS.1.3.1
2024-09-23 21:09:24,087 [WARN] PackLoader:240 - Cannot read IP mode file for STMicroelectronics.X-CUBE-ALGOBUILD.1.4.0
2024-09-23 21:09:24,105 [WARN] PackLoader:240 - Cannot read IP mode file for STMicroelectronics.X-CUBE-GNSS1.6.0.0
2024-09-23 21:09:24,137 [WARN] PackLoader:240 - Cannot read IP mode file for STMicroelectronics.X-CUBE-AZRTOS-F4.1.1.0
2024-09-23 21:09:24,153 [WARN] PackLoader:240 - Cannot read IP mode file for wolfSSL.I-CUBE-wolfSSL.5.6.3
2024-09-23 21:09:24,157 [WARN] PackLoader:240 - Cannot read IP mode file for STMicroelectronics.X-CUBE-ISPU.2.1.0
2024-09-23 21:09:24,174 [WARN] PackLoader:240 - Cannot read IP mode file for STMicroelectronics.X-CUBE-FREERTOS.1.2.0
2024-09-23 21:09:24,202 [WARN] PackLoader:240 - Cannot read IP mode file for STMicroelectronics.X-CUBE-AZRTOS-L5.2.0.0
2024-09-23 21:09:24,250 [WARN] PackLoader:240 - Cannot read IP mode file for STMicroelectronics.X-CUBE-MEMS1.9.6.0
2024-09-23 21:09:24,359 [WARN] PackLoader:240 - Cannot read IP mode file for STMicroelectronics.X-CUBE-NFC6.3.1.0
2024-09-23 21:09:24,374 [WARN] PackLoader:240 - Cannot read IP mode file for ITTIA_DB.I-CUBE-ITTIADB.8.8.0
2024-09-23 21:09:24,392 [WARN] PackLoader:240 - Cannot read IP mode file for STMicroelectronics.X-CUBE-BLEMGR.2.0.0
2024-09-23 21:09:24,406 [ERROR] Engine:466 - C:\Users\User\.stm32cubemx\thirdparties\pdsc\STMicroelectronics.X-CUBE-DPower.1.2.0.pdsc: PDSC version is not supported
2024-09-23 21:09:24,421 [WARN] PackLoader:240 - Cannot read IP mode file for STMicroelectronics.X-CUBE-AI.9.0.0
2024-09-23 21:09:24,448 [WARN] ConditionMgr:438 - getConditionDescription Invalid condition id : UX DEVICE CLASS RTOS Condition cause : null
2024-09-23 21:09:24,448 [WARN] ConditionMgr:438 - getConditionDescription Invalid condition id : UX DEVICE CLASS RTOS Condition cause : null
2024-09-23 21:09:24,450 [WARN] PackLoader:240 - Cannot read IP mode file for STMicroelectronics.X-CUBE-AZRTOS-H7.3.1.0
2024-09-23 21:09:24,451 [WARN] ConditionMgr:1039 - genDependencies : Invalid condition id : UX DEVICE CLASS RTOS Condition cause : null
2024-09-23 21:09:24,452 [WARN] ConditionMgr:1039 - genDependencies : Invalid condition id : UX DEVICE CLASS RTOS Condition cause : null
2024-09-23 21:09:24,452 [WARN] ConditionMgr:1039 - genDependencies : Invalid condition id : UX DEVICE CLASS RTOS Condition cause : null
2024-09-23 21:09:24,453 [WARN] ConditionMgr:1039 - genDependencies : Invalid condition id : UX DEVICE CLASS RTOS Condition cause : null
2024-09-23 21:09:24,453 [WARN] ConditionMgr:1039 - genDependencies : Invalid condition id : UX DEVICE CLASS RTOS Condition cause : null
2024-09-23 21:09:24,469 [WARN] PackLoader:240 - Cannot read IP mode file for STMicroelectronics.X-CUBE-NFC7.1.0.1
2024-09-23 21:09:24,476 [WARN] PackLoader:240 - Cannot read IP mode file for wolfSSL.I-CUBE-wolfTPM.3.2.0
2024-09-23 21:09:24,494 [WARN] PackLoader:240 - Cannot read IP mode file for STMicroelectronics.X-CUBE-NFC6.3.0.0
2024-09-23 21:09:24,513 [WARN] PackLoader:240 - Cannot read IP mode file for STMicroelectronics.X-CUBE-EEPRMA1.4.1.0
2024-09-23 21:09:24,528 [WARN] PackLoader:240 - Cannot read IP mode file for STMicroelectronics.X-CUBE-AI.8.1.0
2024-09-23 21:09:24,560 [WARN] ConditionMgr:438 - getConditionDescription Invalid condition id : LAN8742 Phy interface Condition cause : null
2024-09-23 21:09:24,560 [WARN] PackLoader:240 - Cannot read IP mode file for STMicroelectronics.X-CUBE-AZRTOS-L4.2.0.0
2024-09-23 21:09:24,562 [WARN] ConditionMgr:1039 - genDependencies : Invalid condition id : LAN8742 Phy interface Condition cause : null
2024-09-23 21:09:24,562 [WARN] ConditionMgr:1039 - genDependencies : Invalid condition id : LAN8742 Phy interface Condition cause : null
2024-09-23 21:09:24,563 [WARN] ConditionMgr:1039 - genDependencies : Invalid condition id : LAN8742 Phy interface Condition cause : null
2024-09-23 21:09:24,579 [WARN] PackLoader:240 - Cannot read IP mode file for STMicroelectronics.X-CUBE-SFXS2LP1.4.0.0
2024-09-23 21:09:24,596 [WARN] PackLoader:240 - Cannot read IP mode file for STMicroelectronics.X-CUBE-ISPU.1.1.0
2024-09-23 21:09:24,625 [WARN] PackLoader:240 - Cannot read IP mode file for STMicroelectronics.X-CUBE-AZRTOS-H7.3.3.0
2024-09-23 21:09:24,656 [WARN] ConditionMgr:438 - getConditionDescription Invalid condition id : UX DEVICE CLASS RTOS Condition cause : null
2024-09-23 21:09:24,657 [WARN] ConditionMgr:438 - getConditionDescription Invalid condition id : UX DEVICE CLASS RTOS Condition cause : null
2024-09-23 21:09:24,658 [WARN] PackLoader:240 - Cannot read IP mode file for STMicroelectronics.X-CUBE-AZRTOS-WB.2.0.0
2024-09-23 21:09:24,659 [WARN] ConditionMgr:1039 - genDependencies : Invalid condition id : UX DEVICE CLASS RTOS Condition cause : null
2024-09-23 21:09:24,659 [WARN] ConditionMgr:1039 - genDependencies : Invalid condition id : UX DEVICE CLASS RTOS Condition cause : null
2024-09-23 21:09:24,659 [WARN] ConditionMgr:1039 - genDependencies : Invalid condition id : UX DEVICE CLASS RTOS Condition cause : null
2024-09-23 21:09:24,659 [WARN] ConditionMgr:1039 - genDependencies : Invalid condition id : UX DEVICE CLASS RTOS Condition cause : null
2024-09-23 21:09:24,659 [WARN] ConditionMgr:1039 - genDependencies : Invalid condition id : UX DEVICE CLASS RTOS Condition cause : null
2024-09-23 21:09:24,674 [WARN] PackLoader:240 - Cannot read IP mode file for STMicroelectronics.X-CUBE-FREERTOS.1.0.1
2024-09-23 21:09:24,678 [WARN] PackLoader:240 - Cannot read IP mode file for STMicroelectronics.X-CUBE-GNSS1.7.0.0
2024-09-23 21:09:24,694 [ERROR] Engine:466 - C:\Users\User\.stm32cubemx\thirdparties\pdsc\STMicroelectronics.FP-SNS-STBOX1.2.0.0.pdsc: PDSC version is not supported
2024-09-23 21:09:24,716 [WARN] PackLoader:240 - Cannot read IP mode file for STMicroelectronics.X-CUBE-AZRTOS-L5.1.1.0
2024-09-23 21:09:24,731 [WARN] PackLoader:240 - Cannot read IP mode file for STMicroelectronics.X-CUBE-AI.8.0.1
2024-09-23 21:09:24,750 [WARN] PackLoader:240 - Cannot read IP mode file for STMicroelectronics.X-CUBE-SUBG2.5.0.0
2024-09-23 21:09:24,758 [WARN] PackLoader:240 - Cannot read IP mode file for Cesanta.I-CUBE-Mongoose.7.13.0
2024-09-23 21:09:24,777 [WARN] PackLoader:240 - Cannot read IP mode file for STMicroelectronics.X-CUBE-TOF1.3.3.1
2024-09-23 21:09:24,810 [WARN] PackLoader:240 - Cannot read IP mode file for STMicroelectronics.X-CUBE-AZRTOS-G4.2.0.0
2024-09-23 21:09:24,834 [WARN] PackLoader:240 - Cannot read IP mode file for Infineon.AIROC-Wi-Fi-Bluetooth-STM32.1.5.1
2024-09-23 21:09:24,852 [WARN] PackLoader:240 - Cannot read IP mode file for STMicroelectronics.FP-SNS-MOTENVWB1.1.3.1
2024-09-23 21:09:24,867 [WARN] PackLoader:240 - Cannot read IP mode file for STMicroelectronics.X-CUBE-ISPU.2.0.0
2024-09-23 21:09:24,881 [WARN] PackLoader:240 - Cannot read IP mode file for STMicroelectronics.X-CUBE-ALS.1.0.2
2024-09-23 21:09:24,916 [WARN] PackLoader:240 - Cannot read IP mode file for STMicroelectronics.X-CUBE-MEMS1.10.0.0
2024-09-23 21:09:24,986 [WARN] PackLoader:240 - Cannot read IP mode file for STMicroelectronics.X-CUBE-FREERTOS.1.1.0
2024-09-23 21:09:25,001 [WARN] PackLoader:240 - Cannot read IP mode file for STMicroelectronics.X-CUBE-TOUCHGFX.4.24.0
2024-09-23 21:09:25,002 [WARN] PackLoader:240 - Cannot read IP mode file for STMicroelectronics.X-CUBE-TOUCHGFX.4.24.1
2024-09-23 21:09:25,017 [WARN] PackLoader:240 - Cannot read IP mode file for portGmbH.I-Cube-SoM-uGOAL.1.1.0
2024-09-23 21:09:25,033 [WARN] PackLoader:240 - Cannot read IP mode file for STMicroelectronics.X-CUBE-ALS.1.0.1
2024-09-23 21:09:25,055 [WARN] PackLoader:240 - Cannot read IP mode file for STMicroelectronics.X-CUBE-AZRTOS-WB.1.1.0
2024-09-23 21:09:25,084 [WARN] PackLoader:240 - Cannot read IP mode file for STMicroelectronics.X-CUBE-AZRTOS-H7RS.1.0.0
2024-09-23 21:09:25,090 [WARN] PackLoader:240 - Cannot read IP mode file for STMicroelectronics.FP-ATR-ASTRA1.2.0.0
2024-09-23 21:09:25,107 [ERROR] Engine:466 - C:\Users\User\.stm32cubemx\thirdparties\pdsc\STMicroelectronics.X-CUBE-TOF1.3.4.2.pdsc: PDSC version is not supported
2024-09-23 21:09:25,128 [WARN] PackLoader:240 - Cannot read IP mode file for STMicroelectronics.X-CUBE-TOF1.3.4.0
2024-09-23 21:09:25,161 [WARN] PackLoader:240 - Cannot read IP mode file for STMicroelectronics.X-CUBE-AZRTOS-H7.3.2.0
2024-09-23 21:09:25,167 [WARN] PackLoader:240 - Cannot read IP mode file for wolfSSL.I-CUBE-wolfSSH.1.4.17
2024-09-23 21:09:25,167 [INFO] ThirdParty:978 - Integrity check success = true
2024-09-23 21:09:25,168 [INFO] IntegrityCheckThread:100 - exiting critical section [integrity check]
2024-09-23 21:09:25,168 [INFO] IntegrityCheckThread:103 - End integrity checks thread
2024-09-23 21:09:25,168 [INFO] ThirdParty:873 - entering critical section [close project]
2024-09-23 21:09:25,169 [INFO] ThirdParty:883 - exiting critical section [close project]
2024-09-23 21:09:25,170 [INFO] PinOutPanel:1499 - setPackage(No Configuration,No Configuration)
2024-09-23 21:09:25,176 [INFO] UtilMem:75 - Begin LoadConfig() Used Memory: 115352608 Bytes (391118848)
2024-09-23 21:09:25,186 [INFO] MicroXplorer:468 - Change Database Path : C:/Users/User/.stm32cubemx/databases/DB.6.0.90/db/
2024-09-23 21:09:25,186 [INFO] MicroXplorer:498 - Change Database Version : DB.6.0.90
2024-09-23 21:09:43,016 [INFO] OpenFileManager:308 - Change cursor
2024-09-23 21:09:43,045 [INFO] Mcu:1946 - Initializing MCU STM32F767ZITx STM32F767ZITx STM32F767ZIT6
2024-09-23 21:09:44,806 [INFO] Context:659 - Trying to add GPIOservice into a context  which must be forbidden
2024-09-23 21:09:45,405 [INFO] RtosManager:555 - Registered RTOS mode: class=CMSIS, group=RTOS, mode=CMSIS_V1, owner=FREERTOS
2024-09-23 21:09:45,405 [INFO] RtosManager:555 - Registered RTOS mode: class=CMSIS, group=RTOS2, mode=CMSIS_V2, owner=FREERTOS
2024-09-23 21:09:45,405 [INFO] RtosManager:555 - Registered RTOS mode: class=RTOS, group=Core, mode=CMSIS_V1, owner=FREERTOS
2024-09-23 21:09:45,406 [INFO] RtosManager:555 - Registered RTOS mode: class=RTOS, group=Core, mode=CMSIS_V2, owner=FREERTOS
2024-09-23 21:09:45,406 [WARN] ModelIntegratedComponent:184 - Missing modes for component STMicroelectronics:FreeRTOS:0.0.1:STMicroelectronics:RTOS:FreeRTOS:Core:::10.2.0:
2024-09-23 21:09:45,415 [WARN] ModelIntegratedComponent:63 - No mode defined for component null
2024-09-23 21:09:45,415 [WARN] ModelIntegratedComponent:63 - No mode defined for component null
2024-09-23 21:09:45,415 [WARN] ModelIntegratedComponent:63 - No mode defined for component null
2024-09-23 21:09:45,415 [WARN] ModelIntegratedComponent:63 - No mode defined for component null
2024-09-23 21:09:45,415 [WARN] ModelIntegratedComponent:63 - No mode defined for component null
2024-09-23 21:09:45,416 [WARN] ModelIntegratedComponent:63 - No mode defined for component null
2024-09-23 21:09:45,416 [WARN] ModelIntegratedComponent:63 - No mode defined for component null
2024-09-23 21:09:45,416 [WARN] ModelIntegratedComponent:63 - No mode defined for component null
2024-09-23 21:09:45,416 [WARN] ModelIntegratedComponent:63 - No mode defined for component null
2024-09-23 21:09:45,416 [WARN] ModelIntegratedComponent:63 - No mode defined for component null
2024-09-23 21:09:45,416 [WARN] ModelIntegratedComponent:63 - No mode defined for component null
2024-09-23 21:09:45,416 [WARN] ModelIntegratedComponent:63 - No mode defined for component null
2024-09-23 21:09:45,416 [WARN] ModelIntegratedComponent:63 - No mode defined for component null
2024-09-23 21:09:45,416 [WARN] ModelIntegratedComponent:63 - No mode defined for component null
2024-09-23 21:09:45,416 [WARN] ModelIntegratedComponent:63 - No mode defined for component null
2024-09-23 21:09:45,416 [WARN] ModelIntegratedComponent:63 - No mode defined for component null
2024-09-23 21:09:45,416 [WARN] ModelIntegratedComponent:63 - No mode defined for component null
2024-09-23 21:09:45,416 [WARN] ModelIntegratedComponent:63 - No mode defined for component null
2024-09-23 21:09:45,416 [WARN] ModelIntegratedComponent:63 - No mode defined for component null
2024-09-23 21:09:45,416 [WARN] ModelIntegratedComponent:63 - No mode defined for component null
2024-09-23 21:09:45,416 [WARN] ModelIntegratedComponent:63 - No mode defined for component null
2024-09-23 21:09:45,416 [WARN] ModelIntegratedComponent:63 - No mode defined for component null
2024-09-23 21:09:45,416 [WARN] ModelIntegratedComponent:63 - No mode defined for component null
2024-09-23 21:09:45,416 [WARN] ModelIntegratedComponent:63 - No mode defined for component null
2024-09-23 21:09:45,416 [WARN] ModelIntegratedComponent:63 - No mode defined for component null
2024-09-23 21:09:45,416 [WARN] ModelIntegratedComponent:63 - No mode defined for component null
2024-09-23 21:09:45,416 [WARN] ModelIntegratedComponent:63 - No mode defined for component null
2024-09-23 21:09:45,416 [WARN] ModelIntegratedComponent:63 - No mode defined for component null
2024-09-23 21:09:45,416 [WARN] ModelIntegratedComponent:63 - No mode defined for component null
2024-09-23 21:09:45,416 [WARN] ModelIntegratedComponent:63 - No mode defined for component null
2024-09-23 21:09:45,416 [WARN] ModelIntegratedComponent:63 - No mode defined for component null
2024-09-23 21:09:45,416 [WARN] ModelIntegratedComponent:63 - No mode defined for component null
2024-09-23 21:09:45,416 [WARN] ModelIntegratedComponent:63 - No mode defined for component null
2024-09-23 21:09:45,480 [INFO] ThirdPartyModel:298 - Start build external matchings
2024-09-23 21:09:46,278 [INFO] ThirdPartyModel:316 - End build external matchings
2024-09-23 21:09:46,303 [INFO] ImportTextPane:194 - (OptionalMessage_ERROR) IP (DMA) : Parameter (Instance) has Id (ADC1) currently not set
2024-09-23 21:09:46,303 [INFO] ImportTextPane:194 - (OptionalMessage_ERROR) IP (DMA) : Parameter (Channel) has Id (ADC1) currently not set
2024-09-23 21:09:46,303 [INFO] ImportTextPane:194 - (OptionalMessage_ERROR) IP (DMA) : Parameter (Direction) has Id (ADC1) currently not set
2024-09-23 21:09:46,303 [INFO] ImportTextPane:194 - (OptionalMessage_ERROR) IP (DMA) : Parameter (PeriphInc) has Id (ADC1) currently not set
2024-09-23 21:09:46,303 [INFO] ImportTextPane:194 - (OptionalMessage_ERROR) IP (DMA) : Parameter (MemInc) has Id (ADC1) currently not set
2024-09-23 21:09:46,303 [INFO] ImportTextPane:194 - (OptionalMessage_ERROR) IP (DMA) : Parameter (PeriphDataAlignment) has Id (ADC1) currently not set
2024-09-23 21:09:46,304 [INFO] ImportTextPane:194 - (OptionalMessage_ERROR) IP (DMA) : Parameter (MemDataAlignment) has Id (ADC1) currently not set
2024-09-23 21:09:46,304 [INFO] ImportTextPane:194 - (OptionalMessage_ERROR) IP (DMA) : Parameter (Mode) has Id (ADC1) currently not set
2024-09-23 21:09:46,304 [INFO] ImportTextPane:194 - (OptionalMessage_ERROR) IP (DMA) : Parameter (Priority) has Id (ADC1) currently not set
2024-09-23 21:09:46,304 [INFO] ImportTextPane:194 - (OptionalMessage_ERROR) IP (DMA) : Parameter (FIFOMode) has Id (ADC1) currently not set
2024-09-23 21:09:46,649 [INFO] UtilMem:75 - End LoadConfig() Used Memory: 191817152 Bytes (391118848)
2024-09-23 21:09:47,019 [INFO] ApiDb:581 - Connected to CubeFinder SQLite database (C:\Users\User\.stmcufinder\plugins\mcufinder\mcu\cube-finder-db.db)
2024-09-23 21:09:47,083 [INFO] ApiDb:668 - CubeFinder database Data Model version=2.1
2024-09-23 21:09:47,083 [INFO] ApiDb:669 - CubeFinder database Configuration version=3.0.37
2024-09-23 21:09:47,083 [INFO] ApiDb:670 - CubeFinder database generation date=2023-08-09 (1691586011)
2024-09-23 21:09:47,083 [INFO] ApiDb:671 - CubeFinder database FW Pack versions=[FP-ATR-ASTRA1_V2.0.0, FP-SNS-FLIGHT1_V5.0.1, FP-SNS-FLIGHT1_V5.0.2, FP-SNS-MOTENV1_V4.3.1, FP-SNS-MOTENV1_V4.3.2, STM32Cube_FW_C0_V1.1.0, STM32Cube_FW_F4_V1.27.1, STM32Cube_FW_F7_V1.17.0, STM32Cube_FW_G0_V1.6.1, STM32Cube_FW_G4_V1.5.1, STM32Cube_FW_H5_V0.5.1, STM32Cube_FW_H5_V1.1.0, STM32Cube_FW_H7_V1.11.0, STM32Cube_FW_L0_V1.12.2, STM32Cube_FW_L5_V1.5.0, STM32Cube_FW_U5_V1.3.0, STM32Cube_FW_U5_V1.3.0RC4, STM32Cube_FW_WBA_V1.0.0RC1, STM32Cube_FW_WBA_V1.1.0, STM32Cube_FW_WBA_V1.1.0RC1, STM32Cube_FW_WB_V1.15.0RC1, STM32Cube_FW_WB_V1.16.0, STM32Cube_FW_WB_V1.16.0RC2, STM32Cube_FW_WB_V1.17.0, STM32Cube_FW_WL_V1.3.0, X-CUBE-ALGOBUILD_V1.3.0, X-CUBE-ALS_V1.0.1, X-CUBE-AZRTOS-F4_V1.1.0, X-CUBE-AZRTOS-F7_V1.1.0, X-CUBE-AZRTOS-G0_V1.1.0, X-CUBE-AZRTOS-G4_V2.0.0, X-CUBE-AZRTOS-H7_V3.1.0, X-CUBE-AZRTOS-L4_V1.0.0, X-CUBE-AZRTOS-L4_V2.0.0, X-CUBE-AZRTOS-L5_V1.1.0, X-CUBE-AZRTOS-WB_V1.1.0, X-CUBE-AZRTOS-WL_V2.0.0, X-CUBE-BLE1_V7.0.0, X-CUBE-BLE2_V3.3.0, X-CUBE-BLEMGR_V2.0.0, X-CUBE-EEPRMA1_V4.1.0, X-CUBE-FREERTOS_V1.1.0, X-CUBE-GNSS1_V6.0.0, X-CUBE-MEMS1_V9.1.0, X-CUBE-MEMS1_V9.4.0, X-CUBE-MEMS1_V9.6.0, X-CUBE-NFC4_V3.0.0, X-CUBE-NFC7_V1.0.0, X-CUBE-SFXS2LP1_V4.0.0, X-CUBE-SUBG2_V5.0.0, X-CUBE-TOF1_V3.3.1]
2024-09-23 21:09:48,982 [INFO] ApiDb:240 - Found 323 in-development CPN: [B-G473E-ZEST1S, B-WB1M-WPAN1, B-WL5M-SUBG1, NUCLEO-C031C6, NUCLEO-H503RB, NUCLEO-H563ZI, NUCLEO-U545RE-Q, NUCLEO-U5A5ZJ-Q, NUCLEO-WBA52CG, STEVAL-PROTEUS1, STEVAL-SMARTAG2, STEVAL-STWINBX1, STM320518-EVAL, STM32C0116-DK, STM32C011D6Y3TR, STM32C011D6Y6TR, STM32C011F4P3, STM32C011F4P6, STM32C011F4U3, STM32C011F4U6TR, STM32C011F6P3, STM32C011F6P6, STM32C011F6U3, STM32C011F6U6TR, STM32C011J4M3, STM32C011J4M6, STM32C011J6M3, STM32C011J6M6, STM32C0316-DK, STM32C031C4T3, STM32C031C4T6, STM32C031C4U3, STM32C031C4U6, STM32C031C6T3, STM32C031C6T6, STM32C031C6U3, STM32C031C6U6, STM32C031F4P3, STM32C031F4P6, STM32C031F6P3, STM32C031F6P6, STM32C031G4U3, STM32C031G4U6, STM32C031G6U3, STM32C031G6U6, STM32C031K4T3, STM32C031K4T6, STM32C031K4U3, STM32C031K4U6, STM32C031K6T3, STM32C031K6T6, STM32C031K6U3, STM32C031K6U6, STM32G071K8TXN, STM32G071K8UXN, STM32G081GBU6N, STM32G081KBT6N, STM32G081KBUXN, STM32G0B1CCT6N, STM32G0B1KCT6, STM32G0B1NEY6TR, STM32G0B1RCT6N, STM32G0C1CCT6, STM32G0C1CCT6N, STM32G0C1CCU6N, STM32G0C1CET6N, STM32G0C1CEU6N, STM32G0C1KCT6, STM32G0C1NEY6TR, STM32G0C1RCI6N, STM32G0C1RCT6N, STM32G0C1REI6N, STM32G0C1RET6N, STM32G0C1VCI6, STM32G0C1VEI6, STM32G471CCT6, STM32G471CCU6, STM32G471CET3, STM32G471CET6, STM32G471CEU3, STM32G471CEU6, STM32G471MCT6, STM32G471MET3, STM32G471MET6, STM32G471MEY6TR, STM32G471QCT6, STM32G471QET3, STM32G471RCT6, STM32G471RET3, STM32G471RET6, STM32G471VCH6, STM32G471VCI6, STM32G471VCT6, STM32G471VEH3, STM32G471VEH6, STM32G471VEI3, STM32G471VEI6, STM32G471VET3, STM32G471VET6, STM32G474CCT6, STM32H503CBT6, STM32H503CBU6, STM32H503EBY6TR, STM32H503KBU6, STM32H503RBT6, STM32H562AGI6, STM32H562AII6, STM32H562IGK6, STM32H562IGT6, STM32H562IIK6, STM32H562IIT6, STM32H562RGT6, STM32H562RGV6, STM32H562RIT6, STM32H562RIV6, STM32H562VGT6, STM32H562VIT6, STM32H562ZGT6, STM32H562ZIT6, STM32H563AGI6, STM32H563AII3Q, STM32H563AII6, STM32H563IGK6, STM32H563IGT6, STM32H563IIK3Q, STM32H563IIK6, STM32H563IIT3Q, STM32H563IIT6, STM32H563MIY3QTR, STM32H563RGT6, STM32H563RGV6, STM32H563RIT6, STM32H563RIV6, STM32H563VGT6, STM32H563VIT3Q, STM32H563VIT6, STM32H563ZGT6, STM32H563ZIT3Q, STM32H563ZIT6, STM32H573AII3Q, STM32H573AII6, STM32H573I-DK, STM32H573IIK3Q, STM32H573IIK6, STM32H573IIT3Q, STM32H573IIT6, STM32H573MIY3QTR, STM32H573RIT6, STM32H573RIV6, STM32H573VIT3Q, STM32H573VIT6, STM32H573ZIT3Q, STM32H573ZIT6, STM32L4R5QGI6STR, STM32MP131AAE3, STM32MP131AAF3, STM32MP131AAG3, STM32MP131CAE3, STM32MP131CAF3, STM32MP131CAG3, STM32MP131DAE7, STM32MP131DAF7, STM32MP131DAG7, STM32MP131FAE7, STM32MP131FAF7, STM32MP131FAG7, STM32MP133AAE3, STM32MP133AAF3, STM32MP133AAG3, STM32MP133CAE3, STM32MP133CAF3, STM32MP133CAG3, STM32MP133DAE7, STM32MP133DAF7, STM32MP133DAG7, STM32MP133FAE7, STM32MP133FAF7, STM32MP133FAG7, STM32MP135AAE3, STM32MP135AAF3, STM32MP135AAG3, STM32MP135CAE3, STM32MP135CAF3, STM32MP135CAG3, STM32MP135DAE7, STM32MP135DAF7, STM32MP135DAG7, STM32MP135F-DK, STM32MP135FAE7, STM32MP135FAF7, STM32MP135FAF7T, STM32MP135FAF7U, STM32MP135FAG7, STM32U535CBT6, STM32U535CBT6Q, STM32U535CBU6, STM32U535CBU6Q, STM32U535CCT6, STM32U535CCT6Q, STM32U535CCU6, STM32U535CCU6Q, STM32U535CET6, STM32U535CET6Q, STM32U535CEU6, STM32U535CEU6Q, STM32U535JEY6QTR, STM32U535NCY6QTR, STM32U535NEY6QTR, STM32U535RBI6, STM32U535RBI6Q, STM32U535RBT6, STM32U535RBT6Q, STM32U535RCI6, STM32U535RCI6Q, STM32U535RCT6, STM32U535RCT6Q, STM32U535REI6, STM32U535REI6Q, STM32U535RET6, STM32U535RET6Q, STM32U535VCI6, STM32U535VCI6Q, STM32U535VCT6, STM32U535VCT6Q, STM32U535VEI6, STM32U535VEI6Q, STM32U535VET6, STM32U535VET6Q, STM32U545CET6, STM32U545CET6Q, STM32U545CEU6, STM32U545CEU6Q, STM32U545JEY6QTR, STM32U545NEY6QTR, STM32U545REI6, STM32U545REI6Q, STM32U545RET6, STM32U545RET6Q, STM32U545VEI6, STM32U545VEI6Q, STM32U545VET6, STM32U545VET6Q, STM32U595AIH6, STM32U595AIH6Q, STM32U595AJH6, STM32U595AJH6Q, STM32U595QII6, STM32U595QII6Q, STM32U595QJI6, STM32U595QJI6Q, STM32U595RIT6, STM32U595RIT6Q, STM32U595RJT6, STM32U595RJT6Q, STM32U595VIT6, STM32U595VIT6Q, STM32U595VJT6, STM32U595VJT6Q, STM32U595ZIT6, STM32U595ZIT6Q, STM32U595ZIY6QTR, STM32U595ZJT6, STM32U595ZJT6Q, STM32U595ZJY6QTR, STM32U599BJY6QTR, STM32U599NIH6Q, STM32U599NJH6Q, STM32U599VIT6Q, STM32U599VJT6, STM32U599VJT6Q, STM32U599ZIT6Q, STM32U599ZIY6QTR, STM32U599ZJT6Q, STM32U599ZJY6QTR, STM32U5A5AJH6, STM32U5A5AJH6Q, STM32U5A5QJI6, STM32U5A5QJI6Q, STM32U5A5RJT6, STM32U5A5RJT6Q, STM32U5A5VJT6, STM32U5A5VJT6Q, STM32U5A5ZJT6, STM32U5A5ZJT6Q, STM32U5A5ZJY6QTR, STM32U5A9BJY6QTR, STM32U5A9J-DK, STM32U5A9NJH6Q, STM32U5A9VJT6Q, STM32U5A9ZJT6Q, STM32U5A9ZJY6QTR, STM32U5F7VIT6, STM32U5F7VIT6Q, STM32U5F7VJT6, STM32U5F7VJT6Q, STM32U5F9BJY6QTR, STM32U5F9NJH6Q, STM32U5F9VIT6Q, STM32U5F9VJT6Q, STM32U5F9ZIJ6QTR, STM32U5F9ZIT6Q, STM32U5F9ZJJ6QTR, STM32U5F9ZJT6Q, STM32U5G7VJT6, STM32U5G7VJT6Q, STM32U5G9BJY6QTR, STM32U5G9J-DK1, STM32U5G9J-DK2, STM32U5G9NJH6Q, STM32U5G9VJT6Q, STM32U5G9ZJJ6QTR, STM32U5G9ZJT6Q, STM32WB1MMCH6, STM32WBA52CEU6, STM32WBA52CEU6T, STM32WBA52CGU6, STM32WBA52CGU6T, STM32WBA52KEU6, STM32WBA52KEU6T, STM32WBA52KGU6, STM32WBA52KGU6T, STM32WL5MOCH6, STM32WL5MOCH6TR]
2024-09-23 21:09:48,986 [INFO] DbMcus:217 - Found 3848 MCUs, 3848 are supported
2024-09-23 21:09:48,987 [INFO] ApiDb:423 - Load user favorites file C:\Users\User/.stm32cubeide/favorites.mcus.txt: 0 item(s)
2024-09-23 21:09:48,987 [INFO] ApiDb:427 - User favorites MCUs=[]
2024-09-23 21:09:48,987 [INFO] DbMcus:223 - Set 0 / 0 favorites MCUs
2024-09-23 21:09:49,212 [WARN] ThirdParty:833 - waiting for thirdparty lock release [change project]
2024-09-23 21:09:49,212 [INFO] ThirdParty:835 - entering critical section [change project]
2024-09-23 21:09:49,212 [INFO] ThirdParty:1030 - CMSIS Pack Vendor :STMicroelectronics X-CUBE-ISPU 1.1.0
2024-09-23 21:09:49,212 [INFO] ThirdParty:1030 - CMSIS Pack Vendor :STMicroelectronics USBPD 4.1
2024-09-23 21:09:49,212 [INFO] ThirdParty:1030 - CMSIS Pack Vendor :STMicroelectronics X-CUBE-AZRTOS-H7 3.3.0
2024-09-23 21:09:49,212 [INFO] ThirdParty:1030 - CMSIS Pack Vendor :STMicroelectronics X-CUBE-GNSS1 6.0.0
2024-09-23 21:09:49,212 [INFO] ThirdParty:1030 - CMSIS Pack Vendor :STMicroelectronics USB_HOST 2.0.0
2024-09-23 21:09:49,212 [INFO] ThirdParty:1030 - CMSIS Pack Vendor :STMicroelectronics FP-SNS-MOTENVWB1 1.4.0
2024-09-23 21:09:49,212 [INFO] ThirdParty:1030 - CMSIS Pack Vendor :STMicroelectronics X-CUBE-AZRTOS-F4 1.1.0
2024-09-23 21:09:49,212 [INFO] ThirdParty:1030 - CMSIS Pack Vendor :STMicroelectronics LIBJPEG 8.0.0
2024-09-23 21:09:49,212 [INFO] ThirdParty:1030 - CMSIS Pack Vendor :wolfSSL I-CUBE-wolfSSL 5.6.3
2024-09-23 21:09:49,212 [INFO] ThirdParty:1030 - CMSIS Pack Vendor :STMicroelectronics X-CUBE-SMBUS 2.1.0
2024-09-23 21:09:49,212 [INFO] ThirdParty:1030 - CMSIS Pack Vendor :STMicroelectronics USB_DEVICE 3.0.0
2024-09-23 21:09:49,212 [INFO] ThirdParty:1030 - CMSIS Pack Vendor :STMicroelectronics X-CUBE-TCPP 4.1.0
2024-09-23 21:09:49,212 [INFO] ThirdParty:1030 - CMSIS Pack Vendor :STMicroelectronics X-CUBE-ISPU 2.1.0
2024-09-23 21:09:49,212 [INFO] ThirdParty:1030 - CMSIS Pack Vendor :STMicroelectronics X-CUBE-FREERTOS 1.2.0
2024-09-23 21:09:49,212 [INFO] ThirdParty:1030 - CMSIS Pack Vendor :STMicroelectronics X-CUBE-AZRTOS-WB 2.0.0
2024-09-23 21:09:49,212 [INFO] ThirdParty:1030 - CMSIS Pack Vendor :STMicroelectronics X-CUBE-FREERTOS 1.0.1
2024-09-23 21:09:49,212 [INFO] ThirdParty:1030 - CMSIS Pack Vendor :STMicroelectronics X-CUBE-GNSS1 7.0.0
2024-09-23 21:09:49,212 [INFO] ThirdParty:1030 - CMSIS Pack Vendor :STMicroelectronics X-CUBE-TOUCHGFX 4.23.0
2024-09-23 21:09:49,212 [INFO] ThirdParty:1030 - CMSIS Pack Vendor :STMicroelectronics X-CUBE-AZRTOS-F7 1.1.0
2024-09-23 21:09:49,212 [INFO] ThirdParty:1030 - CMSIS Pack Vendor :STMicroelectronics X-CUBE-AZRTOS-L5 2.0.0
2024-09-23 21:09:49,212 [INFO] ThirdParty:1030 - CMSIS Pack Vendor :STMicroelectronics USB_DEVICE 2.0.0
2024-09-23 21:09:49,213 [INFO] ThirdParty:1030 - CMSIS Pack Vendor :STMicroelectronics X-CUBE-MEMS1 9.6.0
2024-09-23 21:09:49,213 [INFO] ThirdParty:1030 - CMSIS Pack Vendor :STMicroelectronics X-CUBE-NFC6 3.1.0
2024-09-23 21:09:49,213 [INFO] ThirdParty:1030 - CMSIS Pack Vendor :ITTIA_DB I-CUBE-ITTIADB 8.8.0
2024-09-23 21:09:49,213 [INFO] ThirdParty:1030 - CMSIS Pack Vendor :STMicroelectronics FP-SNS-MOTENV1 4.3.2
2024-09-23 21:09:49,213 [INFO] ThirdParty:1030 - CMSIS Pack Vendor :STMicroelectronics X-CUBE-ALGOBUILD 1.3.0
2024-09-23 21:09:49,213 [INFO] ThirdParty:1030 - CMSIS Pack Vendor :STMicroelectronics X-CUBE-MEMS1 11.0.0
2024-09-23 21:09:49,213 [INFO] ThirdParty:1030 - CMSIS Pack Vendor :STMicroelectronics X-CUBE-BLE1 6.2.4
2024-09-23 21:09:49,213 [INFO] ThirdParty:1030 - CMSIS Pack Vendor :STMicroelectronics X-CUBE-AZRTOS-L5 1.1.0
2024-09-23 21:09:49,213 [INFO] ThirdParty:1030 - CMSIS Pack Vendor :STMicroelectronics FreeRTOS 0.0.1
2024-09-23 21:09:49,213 [INFO] ThirdParty:1030 - CMSIS Pack Vendor :STMicroelectronics X-CUBE-AZRTOS-G0 1.1.0
2024-09-23 21:09:49,213 [INFO] ThirdParty:1030 - CMSIS Pack Vendor :STMicroelectronics X-CUBE-BLEMGR 2.0.0
2024-09-23 21:09:49,213 [INFO] ThirdParty:1030 - CMSIS Pack Vendor :STMicroelectronics X-CUBE-AI 8.0.1
2024-09-23 21:09:49,213 [INFO] ThirdParty:1030 - CMSIS Pack Vendor :STMicroelectronics X-CUBE-SAFEA1 1.2.2
2024-09-23 21:09:49,213 [INFO] ThirdParty:1030 - CMSIS Pack Vendor :STMicroelectronics X-CUBE-NFC4 3.0.0
2024-09-23 21:09:49,213 [INFO] ThirdParty:1030 - CMSIS Pack Vendor :STMicroelectronics X-CUBE-SUBG2 5.0.0
2024-09-23 21:09:49,213 [INFO] ThirdParty:1030 - CMSIS Pack Vendor :STMicroelectronics STM32_WPAN 1.0.0
2024-09-23 21:09:49,213 [INFO] ThirdParty:1030 - CMSIS Pack Vendor :STMicroelectronics lwIP 2.0.3
2024-09-23 21:09:49,213 [INFO] ThirdParty:1030 - CMSIS Pack Vendor :STMicroelectronics FP-SNS-FLIGHT1 5.0.2
2024-09-23 21:09:49,213 [INFO] ThirdParty:1030 - CMSIS Pack Vendor :Cesanta I-CUBE-Mongoose 7.13.0
2024-09-23 21:09:49,213 [INFO] ThirdParty:1030 - CMSIS Pack Vendor :STMicroelectronics USB_HOST 1.0.0
2024-09-23 21:09:49,213 [INFO] ThirdParty:1030 - CMSIS Pack Vendor :STMicroelectronics X-CUBE-TOF1 3.3.1
2024-09-23 21:09:49,213 [INFO] ThirdParty:1030 - CMSIS Pack Vendor :STMicroelectronics X-CUBE-AI 9.0.0
2024-09-23 21:09:49,213 [INFO] ThirdParty:1030 - CMSIS Pack Vendor :STMicroelectronics X-CUBE-AZRTOS-G4 2.0.0
2024-09-23 21:09:49,213 [INFO] ThirdParty:1030 - CMSIS Pack Vendor :STMicroelectronics PDM2PCM 3.1.0
2024-09-23 21:09:49,213 [INFO] ThirdParty:1030 - CMSIS Pack Vendor :STMicroelectronics X-CUBE-AZRTOS-H7 3.1.0
2024-09-23 21:09:49,213 [INFO] ThirdParty:1030 - CMSIS Pack Vendor :Infineon AIROC-Wi-Fi-Bluetooth-STM32 1.5.1
2024-09-23 21:09:49,213 [INFO] ThirdParty:1030 - CMSIS Pack Vendor :STMicroelectronics X-CUBE-BLEMGR 3.0.0
2024-09-23 21:09:49,213 [INFO] ThirdParty:1030 - CMSIS Pack Vendor :STMicroelectronics PDM2PCM 3.3.0
2024-09-23 21:09:49,213 [INFO] ThirdParty:1030 - CMSIS Pack Vendor :STMicroelectronics X-CUBE-DISPLAY 3.0.0
2024-09-23 21:09:49,213 [INFO] ThirdParty:1030 - CMSIS Pack Vendor :STMicroelectronics FP-SNS-MOTENVWB1 1.3.1
2024-09-23 21:09:49,213 [INFO] ThirdParty:1030 - CMSIS Pack Vendor :STMicroelectronics X-CUBE-BLE1 7.0.0
2024-09-23 21:09:49,213 [INFO] ThirdParty:1030 - CMSIS Pack Vendor :STMicroelectronics FP-ATR-SIGFOX1 3.2.0
2024-09-23 21:09:49,213 [INFO] ThirdParty:1030 - CMSIS Pack Vendor :STMicroelectronics X-CUBE-ISPU 2.0.0
2024-09-23 21:09:49,213 [INFO] ThirdParty:1030 - CMSIS Pack Vendor :STMicroelectronics X-CUBE-EEPRMA1 5.1.0
2024-09-23 21:09:49,213 [INFO] ThirdParty:1030 - CMSIS Pack Vendor :STMicroelectronics HAL Drivers 0.0.0
2024-09-23 21:09:49,213 [INFO] ThirdParty:1030 - CMSIS Pack Vendor :STMicroelectronics MBEDTLS 2.16.2
2024-09-23 21:09:49,213 [INFO] ThirdParty:1030 - CMSIS Pack Vendor :STMicroelectronics X-CUBE-ALS 1.0.2
2024-09-23 21:09:49,213 [INFO] ThirdParty:1030 - CMSIS Pack Vendor :emotas I-CUBE-CANOPEN 1.3.0
2024-09-23 21:09:49,213 [INFO] ThirdParty:1030 - CMSIS Pack Vendor :STMicroelectronics X-CUBE-MEMS1 10.0.0
2024-09-23 21:09:49,213 [INFO] ThirdParty:1030 - CMSIS Pack Vendor :STMicroelectronics X-CUBE-FREERTOS 1.1.0
2024-09-23 21:09:49,213 [INFO] ThirdParty:1030 - CMSIS Pack Vendor :STMicroelectronics X-CUBE-TOUCHGFX 4.22.0
2024-09-23 21:09:49,213 [INFO] ThirdParty:1030 - CMSIS Pack Vendor :STMicroelectronics X-CUBE-NFC7 1.0.1
2024-09-23 21:09:49,213 [INFO] ThirdParty:1030 - CMSIS Pack Vendor :STMicroelectronics MBEDTLS 2.14.1
2024-09-23 21:09:49,213 [INFO] ThirdParty:1030 - CMSIS Pack Vendor :STMicroelectronics X-CUBE-TOUCHGFX 4.24.0
2024-09-23 21:09:49,213 [INFO] ThirdParty:1030 - CMSIS Pack Vendor :STMicroelectronics X-CUBE-TOUCHGFX 4.22.1
2024-09-23 21:09:49,213 [INFO] ThirdParty:1030 - CMSIS Pack Vendor :wolfSSL I-CUBE-wolfTPM 3.2.0
2024-09-23 21:09:49,213 [INFO] ThirdParty:1030 - CMSIS Pack Vendor :STMicroelectronics X-CUBE-TOUCHGFX 4.24.1
2024-09-23 21:09:49,213 [INFO] ThirdParty:1030 - CMSIS Pack Vendor :STMicroelectronics X-CUBE-NFC6 3.0.0
2024-09-23 21:09:49,213 [INFO] ThirdParty:1030 - CMSIS Pack Vendor :STMicroelectronics X-CUBE-EEPRMA1 4.1.0
2024-09-23 21:09:49,213 [INFO] ThirdParty:1030 - CMSIS Pack Vendor :portGmbH I-Cube-SoM-uGOAL 1.1.0
2024-09-23 21:09:49,213 [INFO] ThirdParty:1030 - CMSIS Pack Vendor :STMicroelectronics X-CUBE-ALS 1.0.1
2024-09-23 21:09:49,213 [INFO] ThirdParty:1030 - CMSIS Pack Vendor :STMicroelectronics X-CUBE-BLEMGR 3.1.0
2024-09-23 21:09:49,213 [INFO] ThirdParty:1030 - CMSIS Pack Vendor :STMicroelectronics ThreadX 1.0.0
2024-09-23 21:09:49,213 [INFO] ThirdParty:1030 - CMSIS Pack Vendor :STMicroelectronics FP-SNS-SMARTAG2 1.2.0
2024-09-23 21:09:49,213 [INFO] ThirdParty:1030 - CMSIS Pack Vendor :STMicroelectronics X-CUBE-AZRTOS-WB 1.1.0
2024-09-23 21:09:49,213 [INFO] ThirdParty:1030 - CMSIS Pack Vendor :STMicroelectronics X-CUBE-AZRTOS-WL 2.0.0
2024-09-23 21:09:49,213 [INFO] ThirdParty:1030 - CMSIS Pack Vendor :SEGGER I-CUBE-embOS 1.3.1
2024-09-23 21:09:49,213 [INFO] ThirdParty:1030 - CMSIS Pack Vendor :STMicroelectronics X-CUBE-ALGOBUILD 1.4.0
2024-09-23 21:09:49,213 [INFO] ThirdParty:1030 - CMSIS Pack Vendor :STMicroelectronics FP-SNS-MOTENV1 5.0.0
2024-09-23 21:09:49,213 [INFO] ThirdParty:1030 - CMSIS Pack Vendor :STMicroelectronics USB_DEVICE 1.0.0
2024-09-23 21:09:49,213 [INFO] ThirdParty:1030 - CMSIS Pack Vendor :STMicroelectronics X-CUBE-AI 8.1.0
2024-09-23 21:09:49,213 [INFO] ThirdParty:1030 - CMSIS Pack Vendor :STMicroelectronics X-CUBE-AZRTOS-H7RS 1.0.0
2024-09-23 21:09:49,213 [INFO] ThirdParty:1030 - CMSIS Pack Vendor :wolfSSL I-CUBE-wolfMQTT 1.19.0
2024-09-23 21:09:49,213 [INFO] ThirdParty:1030 - CMSIS Pack Vendor :STMicroelectronics X-CUBE-AZRTOS-L4 2.0.0
2024-09-23 21:09:49,213 [INFO] ThirdParty:1030 - CMSIS Pack Vendor :STMicroelectronics ThreadX 0.0.2
2024-09-23 21:09:49,213 [INFO] ThirdParty:1030 - CMSIS Pack Vendor :WES I-CUBE-Cesium 1.3.0
2024-09-23 21:09:49,215 [INFO] ThirdParty:1030 - CMSIS Pack Vendor :STMicroelectronics FP-ATR-ASTRA1 2.0.0
2024-09-23 21:09:49,215 [INFO] ThirdParty:1030 - CMSIS Pack Vendor :STMicroelectronics lwIP 2.1.2
2024-09-23 21:09:49,215 [INFO] ThirdParty:1030 - CMSIS Pack Vendor :STMicroelectronics X-CUBE-SFXS2LP1 4.0.0
2024-09-23 21:09:49,215 [INFO] ThirdParty:1030 - CMSIS Pack Vendor :STMicroelectronics X-CUBE-BLE2 3.3.0
2024-09-23 21:09:49,215 [INFO] ThirdParty:1030 - CMSIS Pack Vendor :STMicroelectronics X-CUBE-TOF1 3.4.0
2024-09-23 21:09:49,215 [INFO] ThirdParty:1030 - CMSIS Pack Vendor :STMicroelectronics X-CUBE-AZRTOS-H7 3.2.0
2024-09-23 21:09:49,215 [INFO] ThirdParty:1030 - CMSIS Pack Vendor :STMicroelectronics PDM2PCM 3.2.0
2024-09-23 21:09:49,215 [INFO] ThirdParty:1030 - CMSIS Pack Vendor :wolfSSL I-CUBE-wolfSSH 1.4.17
2024-09-23 21:09:49,215 [INFO] ThirdParty:841 - exiting critical section [change project]
2024-09-23 21:09:49,663 [INFO] PinOutPanel:1499 - setPackage(No Configuration,No Configuration)
2024-09-23 21:09:49,665 [INFO] PinOutPanel:1499 - setPackage(STM32F767ZITx,LQFP144)
2024-09-23 21:09:50,185 [INFO] UtilMem:75 - Before build in PCC Used Memory: 284565000 Bytes (391118848)
2024-09-23 21:09:51,092 [INFO] UtilMem:75 - After build in PCC Used Memory: 188521600 Bytes (391118848)
2024-09-23 21:09:51,133 [INFO] IPUIPlugin:80 - create IPUIPlugin
2024-09-23 21:09:51,133 [INFO] IPUIPlugin:80 - create IPUIPlugin
2024-09-23 21:09:51,133 [INFO] IPUIPlugin:80 - create IPUIPlugin
2024-09-23 21:09:51,134 [INFO] IPUIPlugin:80 - create IPUIPlugin
2024-09-23 21:09:51,134 [INFO] IPUIPlugin:80 - create IPUIPlugin
2024-09-23 21:09:51,134 [INFO] IPUIPlugin:80 - create IPUIPlugin
2024-09-23 21:09:51,134 [INFO] IPUIPlugin:80 - create IPUIPlugin
2024-09-23 21:09:51,134 [INFO] IPUIPlugin:80 - create IPUIPlugin
2024-09-23 21:09:51,134 [INFO] IPUIPlugin:80 - create IPUIPlugin
2024-09-23 21:09:51,134 [INFO] IPUIPlugin:80 - create IPUIPlugin
2024-09-23 21:09:51,134 [INFO] IPUIPlugin:80 - create IPUIPlugin
2024-09-23 21:09:51,134 [INFO] IPUIPlugin:80 - create IPUIPlugin
2024-09-23 21:09:51,134 [INFO] IPUIPlugin:80 - create IPUIPlugin
2024-09-23 21:09:51,134 [INFO] IPUIPlugin:80 - create IPUIPlugin
2024-09-23 21:09:51,134 [INFO] IPUIPlugin:80 - create IPUIPlugin
2024-09-23 21:09:51,134 [INFO] IPUIPlugin:80 - create IPUIPlugin
2024-09-23 21:09:51,136 [INFO] IPUIPlugin:80 - create IPUIPlugin
2024-09-23 21:09:51,136 [INFO] IPUIPlugin:80 - create IPUIPlugin
2024-09-23 21:09:51,136 [INFO] IPUIPlugin:80 - create IPUIPlugin
2024-09-23 21:09:51,136 [INFO] IPUIPlugin:80 - create IPUIPlugin
2024-09-23 21:09:51,136 [INFO] IPUIPlugin:80 - create IPUIPlugin
2024-09-23 21:09:51,136 [INFO] IPUIPlugin:80 - create IPUIPlugin
2024-09-23 21:09:51,136 [INFO] IPUIPlugin:80 - create IPUIPlugin
2024-09-23 21:09:51,136 [INFO] IPUIPlugin:80 - create IPUIPlugin
2024-09-23 21:09:51,136 [INFO] IPUIPlugin:80 - create IPUIPlugin
2024-09-23 21:09:51,136 [INFO] IPUIPlugin:80 - create IPUIPlugin
2024-09-23 21:09:51,137 [INFO] IPUIPlugin:80 - create IPUIPlugin
2024-09-23 21:09:51,137 [INFO] IPUIPlugin:80 - create IPUIPlugin
2024-09-23 21:09:51,137 [INFO] IPUIPlugin:80 - create IPUIPlugin
2024-09-23 21:09:51,137 [INFO] IPUIPlugin:80 - create IPUIPlugin
2024-09-23 21:09:51,137 [INFO] IPUIPlugin:80 - create IPUIPlugin
2024-09-23 21:09:51,137 [INFO] IPUIPlugin:80 - create IPUIPlugin
2024-09-23 21:09:51,137 [INFO] IPUIPlugin:80 - create IPUIPlugin
2024-09-23 21:09:51,138 [INFO] IPUIPlugin:80 - create IPUIPlugin
2024-09-23 21:09:51,138 [INFO] IPUIPlugin:80 - create IPUIPlugin
2024-09-23 21:09:51,138 [INFO] IPUIPlugin:80 - create IPUIPlugin
2024-09-23 21:09:51,138 [INFO] IPUIPlugin:80 - create IPUIPlugin
2024-09-23 21:09:51,139 [INFO] IPUIPlugin:80 - create IPUIPlugin
2024-09-23 21:09:51,139 [INFO] IPUIPlugin:80 - create IPUIPlugin
2024-09-23 21:09:51,139 [INFO] IPUIPlugin:80 - create IPUIPlugin
2024-09-23 21:09:51,139 [INFO] IPUIPlugin:80 - create IPUIPlugin
2024-09-23 21:09:51,139 [INFO] IPUIPlugin:80 - create IPUIPlugin
2024-09-23 21:09:51,139 [INFO] IPUIPlugin:80 - create IPUIPlugin
2024-09-23 21:09:51,140 [INFO] IPUIPlugin:80 - create IPUIPlugin
2024-09-23 21:09:51,140 [INFO] IPUIPlugin:80 - create IPUIPlugin
2024-09-23 21:09:51,140 [INFO] IPUIPlugin:80 - create IPUIPlugin
2024-09-23 21:09:51,140 [INFO] IPUIPlugin:80 - create IPUIPlugin
2024-09-23 21:09:51,140 [INFO] IPUIPlugin:80 - create IPUIPlugin
2024-09-23 21:09:51,140 [INFO] IPUIPlugin:80 - create IPUIPlugin
2024-09-23 21:09:51,140 [INFO] IPUIPlugin:80 - create IPUIPlugin
2024-09-23 21:09:51,141 [INFO] IPUIPlugin:80 - create IPUIPlugin
2024-09-23 21:09:51,141 [INFO] IPUIPlugin:80 - create IPUIPlugin
2024-09-23 21:09:51,141 [INFO] IPUIPlugin:80 - create IPUIPlugin
2024-09-23 21:09:51,141 [INFO] IPUIPlugin:80 - create IPUIPlugin
2024-09-23 21:09:51,141 [INFO] IPUIPlugin:80 - create IPUIPlugin
2024-09-23 21:09:51,142 [INFO] IPUIPlugin:80 - create IPUIPlugin
2024-09-23 21:09:51,142 [INFO] IPUIPlugin:80 - create IPUIPlugin
2024-09-23 21:09:51,142 [INFO] IPUIPlugin:80 - create IPUIPlugin
2024-09-23 21:09:51,142 [INFO] IPUIPlugin:80 - create IPUIPlugin
2024-09-23 21:09:51,142 [INFO] IPUIPlugin:80 - create IPUIPlugin
2024-09-23 21:09:51,142 [INFO] IPUIPlugin:80 - create IPUIPlugin
2024-09-23 21:09:51,143 [INFO] IPUIPlugin:80 - create IPUIPlugin
2024-09-23 21:09:51,143 [INFO] IPUIPlugin:80 - create IPUIPlugin
2024-09-23 21:09:51,143 [INFO] IPUIPlugin:80 - create IPUIPlugin
2024-09-23 21:09:51,143 [INFO] IPUIPlugin:80 - create IPUIPlugin
2024-09-23 21:09:51,144 [INFO] IPUIPlugin:80 - create IPUIPlugin
2024-09-23 21:09:51,144 [INFO] IPUIPlugin:80 - create IPUIPlugin
2024-09-23 21:09:51,144 [INFO] IPUIPlugin:80 - create IPUIPlugin
2024-09-23 21:09:51,144 [INFO] IPUIPlugin:80 - create IPUIPlugin
2024-09-23 21:09:51,145 [INFO] IPUIPlugin:80 - create IPUIPlugin
2024-09-23 21:09:51,145 [INFO] IPUIPlugin:80 - create IPUIPlugin
2024-09-23 21:09:51,145 [INFO] IPUIPlugin:80 - create IPUIPlugin
2024-09-23 21:09:51,145 [INFO] IPUIPlugin:80 - create IPUIPlugin
2024-09-23 21:09:51,145 [INFO] IPUIPlugin:80 - create IPUIPlugin
2024-09-23 21:09:51,146 [INFO] IPUIPlugin:80 - create IPUIPlugin
2024-09-23 21:09:51,146 [INFO] IPUIPlugin:80 - create IPUIPlugin
2024-09-23 21:09:51,146 [INFO] IPUIPlugin:80 - create IPUIPlugin
2024-09-23 21:09:51,147 [INFO] IPUIPlugin:80 - create IPUIPlugin
2024-09-23 21:09:51,147 [INFO] IPUIPlugin:80 - create IPUIPlugin
2024-09-23 21:09:51,256 [INFO] ApiDbMcu:507 - Load IP Config File for PDM2PCM
2024-09-23 21:09:51,478 [INFO] CADModel:165 - CPN selected for project levelSTM32F767ZIT6
2024-09-23 21:09:51,478 [INFO] CADModel:114 - Register for checkConnection events
2024-09-23 21:09:51,531 [INFO] OpenFileManager:328 - Restore cursor
2024-09-23 21:09:53,604 [INFO] LogOutputStream:77 - [STDOUT_REDIRECT] 
2024-09-23 21:10:10,211 [INFO] McuFinderGlobals:63 - Set McuFinder mode to 2 (CubeIDE integrated)
2024-09-23 21:10:17,696 [INFO] MainUpdater:2868 - connection check result : 10
2024-09-23 21:10:17,696 [INFO] MainUpdater:2868 - connection check result : 10
2024-09-23 21:10:17,715 [INFO] MicroXplorer:468 - Change Database Path : 
2024-09-23 21:10:17,715 [INFO] MicroXplorer:498 - Change Database Version : DB.6.0.92
2024-09-23 21:10:17,744 [WARN] ThirdParty:871 - waiting for thirdparty lock release [close project]
2024-09-23 21:10:17,744 [INFO] ThirdParty:873 - entering critical section [close project]
2024-09-23 21:10:17,744 [INFO] ThirdParty:883 - exiting critical section [close project]
2024-09-23 21:10:17,746 [INFO] PinOutPanel:1499 - setPackage(No Configuration,No Configuration)
2024-09-23 21:10:17,762 [WARN] IpParametersView:151 - Warning: This peripheral hasn't parameters
2024-09-23 21:10:17,776 [WARN] MainPanel:272 - <html><b><center>Warning: This peripheral has no parameters to be configured<br></b></html>
2024-09-23 21:10:17,786 [INFO] UtilMem:75 - Begin LoadConfig() Used Memory: 453068712 Bytes (623902720)
2024-09-23 21:10:17,794 [INFO] MicroXplorer:468 - Change Database Path : C:/Users/User/.stm32cubemx/databases/DB.6.0.90/db/
2024-09-23 21:10:17,794 [INFO] MicroXplorer:498 - Change Database Version : DB.6.0.90
2024-09-23 21:10:18,773 [INFO] OpenFileManager:308 - Change cursor
2024-09-23 21:10:18,779 [INFO] Mcu:1946 - Initializing MCU STM32F767ZITx STM32F767ZITx STM32F767ZIT6
2024-09-23 21:10:20,013 [INFO] Context:659 - Trying to add GPIOservice into a context  which must be forbidden
2024-09-23 21:10:20,407 [INFO] RtosManager:555 - Registered RTOS mode: class=CMSIS, group=RTOS, mode=CMSIS_V1, owner=FREERTOS
2024-09-23 21:10:20,407 [INFO] RtosManager:555 - Registered RTOS mode: class=CMSIS, group=RTOS2, mode=CMSIS_V2, owner=FREERTOS
2024-09-23 21:10:20,407 [INFO] RtosManager:555 - Registered RTOS mode: class=RTOS, group=Core, mode=CMSIS_V1, owner=FREERTOS
2024-09-23 21:10:20,407 [INFO] RtosManager:555 - Registered RTOS mode: class=RTOS, group=Core, mode=CMSIS_V2, owner=FREERTOS
2024-09-23 21:10:20,407 [WARN] ModelIntegratedComponent:184 - Missing modes for component STMicroelectronics:FreeRTOS:0.0.1:STMicroelectronics:RTOS:FreeRTOS:Core:::10.2.0:
2024-09-23 21:10:20,414 [WARN] ModelIntegratedComponent:63 - No mode defined for component null
2024-09-23 21:10:20,414 [WARN] ModelIntegratedComponent:63 - No mode defined for component null
2024-09-23 21:10:20,414 [WARN] ModelIntegratedComponent:63 - No mode defined for component null
2024-09-23 21:10:20,414 [WARN] ModelIntegratedComponent:63 - No mode defined for component null
2024-09-23 21:10:20,414 [WARN] ModelIntegratedComponent:63 - No mode defined for component null
2024-09-23 21:10:20,414 [WARN] ModelIntegratedComponent:63 - No mode defined for component null
2024-09-23 21:10:20,414 [WARN] ModelIntegratedComponent:63 - No mode defined for component null
2024-09-23 21:10:20,414 [WARN] ModelIntegratedComponent:63 - No mode defined for component null
2024-09-23 21:10:20,414 [WARN] ModelIntegratedComponent:63 - No mode defined for component null
2024-09-23 21:10:20,414 [WARN] ModelIntegratedComponent:63 - No mode defined for component null
2024-09-23 21:10:20,414 [WARN] ModelIntegratedComponent:63 - No mode defined for component null
2024-09-23 21:10:20,414 [WARN] ModelIntegratedComponent:63 - No mode defined for component null
2024-09-23 21:10:20,414 [WARN] ModelIntegratedComponent:63 - No mode defined for component null
2024-09-23 21:10:20,414 [WARN] ModelIntegratedComponent:63 - No mode defined for component null
2024-09-23 21:10:20,414 [WARN] ModelIntegratedComponent:63 - No mode defined for component null
2024-09-23 21:10:20,414 [WARN] ModelIntegratedComponent:63 - No mode defined for component null
2024-09-23 21:10:20,414 [WARN] ModelIntegratedComponent:63 - No mode defined for component null
2024-09-23 21:10:20,415 [WARN] ModelIntegratedComponent:63 - No mode defined for component null
2024-09-23 21:10:20,415 [WARN] ModelIntegratedComponent:63 - No mode defined for component null
2024-09-23 21:10:20,415 [WARN] ModelIntegratedComponent:63 - No mode defined for component null
2024-09-23 21:10:20,415 [WARN] ModelIntegratedComponent:63 - No mode defined for component null
2024-09-23 21:10:20,415 [WARN] ModelIntegratedComponent:63 - No mode defined for component null
2024-09-23 21:10:20,415 [WARN] ModelIntegratedComponent:63 - No mode defined for component null
2024-09-23 21:10:20,415 [WARN] ModelIntegratedComponent:63 - No mode defined for component null
2024-09-23 21:10:20,415 [WARN] ModelIntegratedComponent:63 - No mode defined for component null
2024-09-23 21:10:20,415 [WARN] ModelIntegratedComponent:63 - No mode defined for component null
2024-09-23 21:10:20,415 [WARN] ModelIntegratedComponent:63 - No mode defined for component null
2024-09-23 21:10:20,415 [WARN] ModelIntegratedComponent:63 - No mode defined for component null
2024-09-23 21:10:20,415 [WARN] ModelIntegratedComponent:63 - No mode defined for component null
2024-09-23 21:10:20,415 [WARN] ModelIntegratedComponent:63 - No mode defined for component null
2024-09-23 21:10:20,415 [WARN] ModelIntegratedComponent:63 - No mode defined for component null
2024-09-23 21:10:20,415 [WARN] ModelIntegratedComponent:63 - No mode defined for component null
2024-09-23 21:10:20,415 [WARN] ModelIntegratedComponent:63 - No mode defined for component null
2024-09-23 21:10:20,474 [INFO] ThirdPartyModel:298 - Start build external matchings
2024-09-23 21:10:21,391 [INFO] ThirdPartyModel:316 - End build external matchings
2024-09-23 21:10:21,719 [INFO] UtilMem:75 - End LoadConfig() Used Memory: 552776616 Bytes (780140544)
2024-09-23 21:10:21,752 [WARN] ThirdParty:833 - waiting for thirdparty lock release [change project]
2024-09-23 21:10:21,752 [INFO] ThirdParty:835 - entering critical section [change project]
2024-09-23 21:10:21,752 [INFO] ThirdParty:1030 - CMSIS Pack Vendor :STMicroelectronics X-CUBE-ISPU 1.1.0
2024-09-23 21:10:21,752 [INFO] ThirdParty:1030 - CMSIS Pack Vendor :STMicroelectronics USBPD 4.1
2024-09-23 21:10:21,752 [INFO] ThirdParty:1030 - CMSIS Pack Vendor :STMicroelectronics X-CUBE-AZRTOS-H7 3.3.0
2024-09-23 21:10:21,752 [INFO] ThirdParty:1030 - CMSIS Pack Vendor :STMicroelectronics X-CUBE-GNSS1 6.0.0
2024-09-23 21:10:21,752 [INFO] ThirdParty:1030 - CMSIS Pack Vendor :STMicroelectronics USB_HOST 2.0.0
2024-09-23 21:10:21,752 [INFO] ThirdParty:1030 - CMSIS Pack Vendor :STMicroelectronics FP-SNS-MOTENVWB1 1.4.0
2024-09-23 21:10:21,752 [INFO] ThirdParty:1030 - CMSIS Pack Vendor :STMicroelectronics X-CUBE-AZRTOS-F4 1.1.0
2024-09-23 21:10:21,752 [INFO] ThirdParty:1030 - CMSIS Pack Vendor :STMicroelectronics LIBJPEG 8.0.0
2024-09-23 21:10:21,752 [INFO] ThirdParty:1030 - CMSIS Pack Vendor :wolfSSL I-CUBE-wolfSSL 5.6.3
2024-09-23 21:10:21,752 [INFO] ThirdParty:1030 - CMSIS Pack Vendor :STMicroelectronics X-CUBE-SMBUS 2.1.0
2024-09-23 21:10:21,752 [INFO] ThirdParty:1030 - CMSIS Pack Vendor :STMicroelectronics USB_DEVICE 3.0.0
2024-09-23 21:10:21,752 [INFO] ThirdParty:1030 - CMSIS Pack Vendor :STMicroelectronics X-CUBE-TCPP 4.1.0
2024-09-23 21:10:21,752 [INFO] ThirdParty:1030 - CMSIS Pack Vendor :STMicroelectronics X-CUBE-ISPU 2.1.0
2024-09-23 21:10:21,752 [INFO] ThirdParty:1030 - CMSIS Pack Vendor :STMicroelectronics X-CUBE-FREERTOS 1.2.0
2024-09-23 21:10:21,752 [INFO] ThirdParty:1030 - CMSIS Pack Vendor :STMicroelectronics X-CUBE-AZRTOS-WB 2.0.0
2024-09-23 21:10:21,752 [INFO] ThirdParty:1030 - CMSIS Pack Vendor :STMicroelectronics X-CUBE-FREERTOS 1.0.1
2024-09-23 21:10:21,752 [INFO] ThirdParty:1030 - CMSIS Pack Vendor :STMicroelectronics X-CUBE-GNSS1 7.0.0
2024-09-23 21:10:21,752 [INFO] ThirdParty:1030 - CMSIS Pack Vendor :STMicroelectronics X-CUBE-TOUCHGFX 4.23.0
2024-09-23 21:10:21,752 [INFO] ThirdParty:1030 - CMSIS Pack Vendor :STMicroelectronics X-CUBE-AZRTOS-F7 1.1.0
2024-09-23 21:10:21,752 [INFO] ThirdParty:1030 - CMSIS Pack Vendor :STMicroelectronics X-CUBE-AZRTOS-L5 2.0.0
2024-09-23 21:10:21,752 [INFO] ThirdParty:1030 - CMSIS Pack Vendor :STMicroelectronics USB_DEVICE 2.0.0
2024-09-23 21:10:21,752 [INFO] ThirdParty:1030 - CMSIS Pack Vendor :STMicroelectronics X-CUBE-MEMS1 9.6.0
2024-09-23 21:10:21,752 [INFO] ThirdParty:1030 - CMSIS Pack Vendor :STMicroelectronics X-CUBE-NFC6 3.1.0
2024-09-23 21:10:21,752 [INFO] ThirdParty:1030 - CMSIS Pack Vendor :ITTIA_DB I-CUBE-ITTIADB 8.8.0
2024-09-23 21:10:21,752 [INFO] ThirdParty:1030 - CMSIS Pack Vendor :STMicroelectronics FP-SNS-MOTENV1 4.3.2
2024-09-23 21:10:21,753 [INFO] ThirdParty:1030 - CMSIS Pack Vendor :STMicroelectronics X-CUBE-ALGOBUILD 1.3.0
2024-09-23 21:10:21,753 [INFO] ThirdParty:1030 - CMSIS Pack Vendor :STMicroelectronics X-CUBE-MEMS1 11.0.0
2024-09-23 21:10:21,753 [INFO] ThirdParty:1030 - CMSIS Pack Vendor :STMicroelectronics X-CUBE-BLE1 6.2.4
2024-09-23 21:10:21,753 [INFO] ThirdParty:1030 - CMSIS Pack Vendor :STMicroelectronics X-CUBE-AZRTOS-L5 1.1.0
2024-09-23 21:10:21,753 [INFO] ThirdParty:1030 - CMSIS Pack Vendor :STMicroelectronics FreeRTOS 0.0.1
2024-09-23 21:10:21,753 [INFO] ThirdParty:1030 - CMSIS Pack Vendor :STMicroelectronics X-CUBE-AZRTOS-G0 1.1.0
2024-09-23 21:10:21,753 [INFO] ThirdParty:1030 - CMSIS Pack Vendor :STMicroelectronics X-CUBE-BLEMGR 2.0.0
2024-09-23 21:10:21,753 [INFO] ThirdParty:1030 - CMSIS Pack Vendor :STMicroelectronics X-CUBE-AI 8.0.1
2024-09-23 21:10:21,753 [INFO] ThirdParty:1030 - CMSIS Pack Vendor :STMicroelectronics X-CUBE-SAFEA1 1.2.2
2024-09-23 21:10:21,753 [INFO] ThirdParty:1030 - CMSIS Pack Vendor :STMicroelectronics X-CUBE-NFC4 3.0.0
2024-09-23 21:10:21,753 [INFO] ThirdParty:1030 - CMSIS Pack Vendor :STMicroelectronics X-CUBE-SUBG2 5.0.0
2024-09-23 21:10:21,753 [INFO] ThirdParty:1030 - CMSIS Pack Vendor :STMicroelectronics STM32_WPAN 1.0.0
2024-09-23 21:10:21,753 [INFO] ThirdParty:1030 - CMSIS Pack Vendor :STMicroelectronics lwIP 2.0.3
2024-09-23 21:10:21,753 [INFO] ThirdParty:1030 - CMSIS Pack Vendor :STMicroelectronics FP-SNS-FLIGHT1 5.0.2
2024-09-23 21:10:21,753 [INFO] ThirdParty:1030 - CMSIS Pack Vendor :Cesanta I-CUBE-Mongoose 7.13.0
2024-09-23 21:10:21,753 [INFO] ThirdParty:1030 - CMSIS Pack Vendor :STMicroelectronics USB_HOST 1.0.0
2024-09-23 21:10:21,753 [INFO] ThirdParty:1030 - CMSIS Pack Vendor :STMicroelectronics X-CUBE-TOF1 3.3.1
2024-09-23 21:10:21,753 [INFO] ThirdParty:1030 - CMSIS Pack Vendor :STMicroelectronics X-CUBE-AI 9.0.0
2024-09-23 21:10:21,753 [INFO] ThirdParty:1030 - CMSIS Pack Vendor :STMicroelectronics X-CUBE-AZRTOS-G4 2.0.0
2024-09-23 21:10:21,753 [INFO] ThirdParty:1030 - CMSIS Pack Vendor :STMicroelectronics PDM2PCM 3.1.0
2024-09-23 21:10:21,753 [INFO] ThirdParty:1030 - CMSIS Pack Vendor :STMicroelectronics X-CUBE-AZRTOS-H7 3.1.0
2024-09-23 21:10:21,753 [INFO] ThirdParty:1030 - CMSIS Pack Vendor :Infineon AIROC-Wi-Fi-Bluetooth-STM32 1.5.1
2024-09-23 21:10:21,753 [INFO] ThirdParty:1030 - CMSIS Pack Vendor :STMicroelectronics X-CUBE-BLEMGR 3.0.0
2024-09-23 21:10:21,753 [INFO] ThirdParty:1030 - CMSIS Pack Vendor :STMicroelectronics PDM2PCM 3.3.0
2024-09-23 21:10:21,753 [INFO] ThirdParty:1030 - CMSIS Pack Vendor :STMicroelectronics X-CUBE-DISPLAY 3.0.0
2024-09-23 21:10:21,753 [INFO] ThirdParty:1030 - CMSIS Pack Vendor :STMicroelectronics FP-SNS-MOTENVWB1 1.3.1
2024-09-23 21:10:21,753 [INFO] ThirdParty:1030 - CMSIS Pack Vendor :STMicroelectronics X-CUBE-BLE1 7.0.0
2024-09-23 21:10:21,753 [INFO] ThirdParty:1030 - CMSIS Pack Vendor :STMicroelectronics FP-ATR-SIGFOX1 3.2.0
2024-09-23 21:10:21,753 [INFO] ThirdParty:1030 - CMSIS Pack Vendor :STMicroelectronics X-CUBE-ISPU 2.0.0
2024-09-23 21:10:21,753 [INFO] ThirdParty:1030 - CMSIS Pack Vendor :STMicroelectronics X-CUBE-EEPRMA1 5.1.0
2024-09-23 21:10:21,753 [INFO] ThirdParty:1030 - CMSIS Pack Vendor :STMicroelectronics HAL Drivers 0.0.0
2024-09-23 21:10:21,753 [INFO] ThirdParty:1030 - CMSIS Pack Vendor :STMicroelectronics MBEDTLS 2.16.2
2024-09-23 21:10:21,753 [INFO] ThirdParty:1030 - CMSIS Pack Vendor :STMicroelectronics X-CUBE-ALS 1.0.2
2024-09-23 21:10:21,753 [INFO] ThirdParty:1030 - CMSIS Pack Vendor :emotas I-CUBE-CANOPEN 1.3.0
2024-09-23 21:10:21,753 [INFO] ThirdParty:1030 - CMSIS Pack Vendor :STMicroelectronics X-CUBE-MEMS1 10.0.0
2024-09-23 21:10:21,753 [INFO] ThirdParty:1030 - CMSIS Pack Vendor :STMicroelectronics X-CUBE-FREERTOS 1.1.0
2024-09-23 21:10:21,753 [INFO] ThirdParty:1030 - CMSIS Pack Vendor :STMicroelectronics X-CUBE-TOUCHGFX 4.22.0
2024-09-23 21:10:21,753 [INFO] ThirdParty:1030 - CMSIS Pack Vendor :STMicroelectronics X-CUBE-NFC7 1.0.1
2024-09-23 21:10:21,753 [INFO] ThirdParty:1030 - CMSIS Pack Vendor :STMicroelectronics MBEDTLS 2.14.1
2024-09-23 21:10:21,753 [INFO] ThirdParty:1030 - CMSIS Pack Vendor :STMicroelectronics X-CUBE-TOUCHGFX 4.24.0
2024-09-23 21:10:21,753 [INFO] ThirdParty:1030 - CMSIS Pack Vendor :STMicroelectronics X-CUBE-TOUCHGFX 4.22.1
2024-09-23 21:10:21,753 [INFO] ThirdParty:1030 - CMSIS Pack Vendor :wolfSSL I-CUBE-wolfTPM 3.2.0
2024-09-23 21:10:21,753 [INFO] ThirdParty:1030 - CMSIS Pack Vendor :STMicroelectronics X-CUBE-TOUCHGFX 4.24.1
2024-09-23 21:10:21,753 [INFO] ThirdParty:1030 - CMSIS Pack Vendor :STMicroelectronics X-CUBE-NFC6 3.0.0
2024-09-23 21:10:21,753 [INFO] ThirdParty:1030 - CMSIS Pack Vendor :STMicroelectronics X-CUBE-EEPRMA1 4.1.0
2024-09-23 21:10:21,753 [INFO] ThirdParty:1030 - CMSIS Pack Vendor :portGmbH I-Cube-SoM-uGOAL 1.1.0
2024-09-23 21:10:21,753 [INFO] ThirdParty:1030 - CMSIS Pack Vendor :STMicroelectronics X-CUBE-ALS 1.0.1
2024-09-23 21:10:21,753 [INFO] ThirdParty:1030 - CMSIS Pack Vendor :STMicroelectronics X-CUBE-BLEMGR 3.1.0
2024-09-23 21:10:21,753 [INFO] ThirdParty:1030 - CMSIS Pack Vendor :STMicroelectronics ThreadX 1.0.0
2024-09-23 21:10:21,753 [INFO] ThirdParty:1030 - CMSIS Pack Vendor :STMicroelectronics FP-SNS-SMARTAG2 1.2.0
2024-09-23 21:10:21,753 [INFO] ThirdParty:1030 - CMSIS Pack Vendor :STMicroelectronics X-CUBE-AZRTOS-WB 1.1.0
2024-09-23 21:10:21,753 [INFO] ThirdParty:1030 - CMSIS Pack Vendor :STMicroelectronics X-CUBE-AZRTOS-WL 2.0.0
2024-09-23 21:10:21,753 [INFO] ThirdParty:1030 - CMSIS Pack Vendor :SEGGER I-CUBE-embOS 1.3.1
2024-09-23 21:10:21,753 [INFO] ThirdParty:1030 - CMSIS Pack Vendor :STMicroelectronics X-CUBE-ALGOBUILD 1.4.0
2024-09-23 21:10:21,753 [INFO] ThirdParty:1030 - CMSIS Pack Vendor :STMicroelectronics FP-SNS-MOTENV1 5.0.0
2024-09-23 21:10:21,753 [INFO] ThirdParty:1030 - CMSIS Pack Vendor :STMicroelectronics USB_DEVICE 1.0.0
2024-09-23 21:10:21,753 [INFO] ThirdParty:1030 - CMSIS Pack Vendor :STMicroelectronics X-CUBE-AI 8.1.0
2024-09-23 21:10:21,753 [INFO] ThirdParty:1030 - CMSIS Pack Vendor :STMicroelectronics X-CUBE-AZRTOS-H7RS 1.0.0
2024-09-23 21:10:21,753 [INFO] ThirdParty:1030 - CMSIS Pack Vendor :wolfSSL I-CUBE-wolfMQTT 1.19.0
2024-09-23 21:10:21,753 [INFO] ThirdParty:1030 - CMSIS Pack Vendor :STMicroelectronics X-CUBE-AZRTOS-L4 2.0.0
2024-09-23 21:10:21,753 [INFO] ThirdParty:1030 - CMSIS Pack Vendor :STMicroelectronics ThreadX 0.0.2
2024-09-23 21:10:21,753 [INFO] ThirdParty:1030 - CMSIS Pack Vendor :WES I-CUBE-Cesium 1.3.0
2024-09-23 21:10:21,753 [INFO] ThirdParty:1030 - CMSIS Pack Vendor :STMicroelectronics FP-ATR-ASTRA1 2.0.0
2024-09-23 21:10:21,753 [INFO] ThirdParty:1030 - CMSIS Pack Vendor :STMicroelectronics lwIP 2.1.2
2024-09-23 21:10:21,753 [INFO] ThirdParty:1030 - CMSIS Pack Vendor :STMicroelectronics X-CUBE-SFXS2LP1 4.0.0
2024-09-23 21:10:21,753 [INFO] ThirdParty:1030 - CMSIS Pack Vendor :STMicroelectronics X-CUBE-BLE2 3.3.0
2024-09-23 21:10:21,753 [INFO] ThirdParty:1030 - CMSIS Pack Vendor :STMicroelectronics X-CUBE-TOF1 3.4.0
2024-09-23 21:10:21,753 [INFO] ThirdParty:1030 - CMSIS Pack Vendor :STMicroelectronics X-CUBE-AZRTOS-H7 3.2.0
2024-09-23 21:10:21,753 [INFO] ThirdParty:1030 - CMSIS Pack Vendor :STMicroelectronics PDM2PCM 3.2.0
2024-09-23 21:10:21,753 [INFO] ThirdParty:1030 - CMSIS Pack Vendor :wolfSSL I-CUBE-wolfSSH 1.4.17
2024-09-23 21:10:21,753 [INFO] ThirdParty:841 - exiting critical section [change project]
2024-09-23 21:10:21,927 [INFO] PinOutPanel:1499 - setPackage(No Configuration,No Configuration)
2024-09-23 21:10:21,928 [INFO] PinOutPanel:1499 - setPackage(STM32F767ZITx,LQFP144)
2024-09-23 21:10:22,162 [INFO] UtilMem:75 - Before build in PCC Used Memory: 521733632 Bytes (780140544)
2024-09-23 21:10:22,323 [INFO] UtilMem:75 - After build in PCC Used Memory: 628688384 Bytes (780140544)
2024-09-23 21:10:22,342 [INFO] IPUIPlugin:80 - create IPUIPlugin
2024-09-23 21:10:22,342 [INFO] IPUIPlugin:80 - create IPUIPlugin
2024-09-23 21:10:22,342 [INFO] IPUIPlugin:80 - create IPUIPlugin
2024-09-23 21:10:22,342 [INFO] IPUIPlugin:80 - create IPUIPlugin
2024-09-23 21:10:22,342 [INFO] IPUIPlugin:80 - create IPUIPlugin
2024-09-23 21:10:22,342 [INFO] IPUIPlugin:80 - create IPUIPlugin
2024-09-23 21:10:22,342 [INFO] IPUIPlugin:80 - create IPUIPlugin
2024-09-23 21:10:22,342 [INFO] IPUIPlugin:80 - create IPUIPlugin
2024-09-23 21:10:22,342 [INFO] IPUIPlugin:80 - create IPUIPlugin
2024-09-23 21:10:22,342 [INFO] IPUIPlugin:80 - create IPUIPlugin
2024-09-23 21:10:22,342 [INFO] IPUIPlugin:80 - create IPUIPlugin
2024-09-23 21:10:22,342 [INFO] IPUIPlugin:80 - create IPUIPlugin
2024-09-23 21:10:22,342 [INFO] IPUIPlugin:80 - create IPUIPlugin
2024-09-23 21:10:22,343 [INFO] IPUIPlugin:80 - create IPUIPlugin
2024-09-23 21:10:22,343 [INFO] IPUIPlugin:80 - create IPUIPlugin
2024-09-23 21:10:22,343 [INFO] IPUIPlugin:80 - create IPUIPlugin
2024-09-23 21:10:22,343 [INFO] IPUIPlugin:80 - create IPUIPlugin
2024-09-23 21:10:22,343 [INFO] IPUIPlugin:80 - create IPUIPlugin
2024-09-23 21:10:22,343 [INFO] IPUIPlugin:80 - create IPUIPlugin
2024-09-23 21:10:22,343 [INFO] IPUIPlugin:80 - create IPUIPlugin
2024-09-23 21:10:22,343 [INFO] IPUIPlugin:80 - create IPUIPlugin
2024-09-23 21:10:22,343 [INFO] IPUIPlugin:80 - create IPUIPlugin
2024-09-23 21:10:22,343 [INFO] IPUIPlugin:80 - create IPUIPlugin
2024-09-23 21:10:22,343 [INFO] IPUIPlugin:80 - create IPUIPlugin
2024-09-23 21:10:22,343 [INFO] IPUIPlugin:80 - create IPUIPlugin
2024-09-23 21:10:22,343 [INFO] IPUIPlugin:80 - create IPUIPlugin
2024-09-23 21:10:22,343 [INFO] IPUIPlugin:80 - create IPUIPlugin
2024-09-23 21:10:22,343 [INFO] IPUIPlugin:80 - create IPUIPlugin
2024-09-23 21:10:22,344 [INFO] IPUIPlugin:80 - create IPUIPlugin
2024-09-23 21:10:22,344 [INFO] IPUIPlugin:80 - create IPUIPlugin
2024-09-23 21:10:22,344 [INFO] IPUIPlugin:80 - create IPUIPlugin
2024-09-23 21:10:22,344 [INFO] IPUIPlugin:80 - create IPUIPlugin
2024-09-23 21:10:22,344 [INFO] IPUIPlugin:80 - create IPUIPlugin
2024-09-23 21:10:22,344 [INFO] IPUIPlugin:80 - create IPUIPlugin
2024-09-23 21:10:22,345 [INFO] IPUIPlugin:80 - create IPUIPlugin
2024-09-23 21:10:22,345 [INFO] IPUIPlugin:80 - create IPUIPlugin
2024-09-23 21:10:22,345 [INFO] IPUIPlugin:80 - create IPUIPlugin
2024-09-23 21:10:22,345 [INFO] IPUIPlugin:80 - create IPUIPlugin
2024-09-23 21:10:22,345 [INFO] IPUIPlugin:80 - create IPUIPlugin
2024-09-23 21:10:22,345 [INFO] IPUIPlugin:80 - create IPUIPlugin
2024-09-23 21:10:22,346 [INFO] IPUIPlugin:80 - create IPUIPlugin
2024-09-23 21:10:22,346 [INFO] IPUIPlugin:80 - create IPUIPlugin
2024-09-23 21:10:22,346 [INFO] IPUIPlugin:80 - create IPUIPlugin
2024-09-23 21:10:22,346 [INFO] IPUIPlugin:80 - create IPUIPlugin
2024-09-23 21:10:22,346 [INFO] IPUIPlugin:80 - create IPUIPlugin
2024-09-23 21:10:22,346 [INFO] IPUIPlugin:80 - create IPUIPlugin
2024-09-23 21:10:22,346 [INFO] IPUIPlugin:80 - create IPUIPlugin
2024-09-23 21:10:22,346 [INFO] IPUIPlugin:80 - create IPUIPlugin
2024-09-23 21:10:22,347 [INFO] IPUIPlugin:80 - create IPUIPlugin
2024-09-23 21:10:22,347 [INFO] IPUIPlugin:80 - create IPUIPlugin
2024-09-23 21:10:22,347 [INFO] IPUIPlugin:80 - create IPUIPlugin
2024-09-23 21:10:22,347 [INFO] IPUIPlugin:80 - create IPUIPlugin
2024-09-23 21:10:22,347 [INFO] IPUIPlugin:80 - create IPUIPlugin
2024-09-23 21:10:22,348 [INFO] IPUIPlugin:80 - create IPUIPlugin
2024-09-23 21:10:22,348 [INFO] IPUIPlugin:80 - create IPUIPlugin
2024-09-23 21:10:22,348 [INFO] IPUIPlugin:80 - create IPUIPlugin
2024-09-23 21:10:22,348 [INFO] IPUIPlugin:80 - create IPUIPlugin
2024-09-23 21:10:22,348 [INFO] IPUIPlugin:80 - create IPUIPlugin
2024-09-23 21:10:22,348 [INFO] IPUIPlugin:80 - create IPUIPlugin
2024-09-23 21:10:22,348 [INFO] IPUIPlugin:80 - create IPUIPlugin
2024-09-23 21:10:22,349 [INFO] IPUIPlugin:80 - create IPUIPlugin
2024-09-23 21:10:22,349 [INFO] IPUIPlugin:80 - create IPUIPlugin
2024-09-23 21:10:22,349 [INFO] IPUIPlugin:80 - create IPUIPlugin
2024-09-23 21:10:22,349 [INFO] IPUIPlugin:80 - create IPUIPlugin
2024-09-23 21:10:22,349 [INFO] IPUIPlugin:80 - create IPUIPlugin
2024-09-23 21:10:22,349 [INFO] IPUIPlugin:80 - create IPUIPlugin
2024-09-23 21:10:22,349 [INFO] IPUIPlugin:80 - create IPUIPlugin
2024-09-23 21:10:22,350 [INFO] IPUIPlugin:80 - create IPUIPlugin
2024-09-23 21:10:22,350 [INFO] IPUIPlugin:80 - create IPUIPlugin
2024-09-23 21:10:22,350 [INFO] IPUIPlugin:80 - create IPUIPlugin
2024-09-23 21:10:22,350 [INFO] IPUIPlugin:80 - create IPUIPlugin
2024-09-23 21:10:22,350 [INFO] IPUIPlugin:80 - create IPUIPlugin
2024-09-23 21:10:22,351 [INFO] IPUIPlugin:80 - create IPUIPlugin
2024-09-23 21:10:22,351 [INFO] IPUIPlugin:80 - create IPUIPlugin
2024-09-23 21:10:22,351 [INFO] IPUIPlugin:80 - create IPUIPlugin
2024-09-23 21:10:22,352 [INFO] IPUIPlugin:80 - create IPUIPlugin
2024-09-23 21:10:22,352 [INFO] IPUIPlugin:80 - create IPUIPlugin
2024-09-23 21:10:22,352 [INFO] IPUIPlugin:80 - create IPUIPlugin
2024-09-23 21:10:22,352 [INFO] IPUIPlugin:80 - create IPUIPlugin
2024-09-23 21:10:22,367 [INFO] ApiDbMcu:507 - Load IP Config File for PDM2PCM
2024-09-23 21:10:22,427 [INFO] CADModel:165 - CPN selected for project levelSTM32F767ZIT6
2024-09-23 21:10:22,428 [INFO] CADModel:114 - Register for checkConnection events
2024-09-23 21:10:22,483 [INFO] OpenFileManager:328 - Restore cursor
2024-09-23 21:10:30,558 [ERROR] LogOutputStream:75 - [STDERR_REDIRECT] SLF4J: Failed to load class "org.slf4j.impl.StaticLoggerBinder".
2024-09-23 21:10:30,558 [ERROR] LogOutputStream:75 - [STDERR_REDIRECT] SLF4J: Defaulting to no-operation (NOP) logger implementation
2024-09-23 21:10:30,559 [ERROR] LogOutputStream:75 - [STDERR_REDIRECT] SLF4J: See http://www.slf4j.org/codes.html#StaticLoggerBinder for further details.
