2024-08-07 15:10:31,197 [INFO] Activator:176 - 


2024-08-07 15:10:31,203 [INFO] Activator:177 - !SESSION log4j initialized
2024-08-07 15:10:36,274 [INFO] LogOutputStream:77 - [STDOUT_REDIRECT] 
2024-08-07 15:10:45,125 [INFO] ApplicationProperties:184 - Using Application install path: C:\ST\STM32CubeIDE_1.13.0\STM32CubeIDE\plugins\com.st.stm32cube.common.mx_6.9.2.202309101412
2024-08-07 15:10:45,146 [INFO] DbMcusXml:78 - Set database path to: C:\ST\STM32CubeIDE_1.13.0\STM32CubeIDE\plugins\com.st.stm32cube.common.mx_6.9.2.202309101412\\db\/mcu/
2024-08-07 15:10:45,146 [INFO] ApiDb:274 - Set plugin database path to: C:\ST\STM32CubeIDE_1.13.0\STM32CubeIDE\plugins\com.st.stm32cube.common.mx_6.9.2.202309101412\\db\/plugins/boardmanager/
2024-08-07 15:10:45,147 [WARN] ApiDb:259 - Overriding images path with different value:  => C:\ST\STM32CubeIDE_1.13.0\STM32CubeIDE\plugins\com.st.stm32cube.common.mx_6.9.2.202309101412\\db\/plugins/mcufinder/images/
2024-08-07 15:10:45,161 [INFO] ApiDb:250 - Set database path to: C:\Users\User\.stmcufinder\plugins\mcufinder//mcu/
2024-08-07 15:10:45,163 [INFO] DbMcusAds:125 - Set database path to: C:\Users\User\.stmcufinder\plugins\mcufinder//mcu/
2024-08-07 15:10:45,164 [INFO] CrossReferenceDbSqlite:203 - Set database path to: C:\Users\User\.stmcufinder\plugins\mcufinder//mcu/cs/
2024-08-07 15:10:45,298 [INFO] RulesReader:64 - Compatibility file has been processed (293 Rules)
2024-08-07 15:10:45,399 [INFO] DbMcusXml:78 - Set database path to: C:\ST\STM32CubeIDE_1.13.0\STM32CubeIDE\plugins\com.st.stm32cube.common.mx_6.9.2.202309101412\\db\/mcu/
2024-08-07 15:10:45,399 [INFO] ApiDb:274 - Set plugin database path to: C:\ST\STM32CubeIDE_1.13.0\STM32CubeIDE\plugins\com.st.stm32cube.common.mx_6.9.2.202309101412\\db\/plugins/boardmanager/
2024-08-07 15:10:45,399 [INFO] ApiDb:261 - Set plugin images path to: C:\ST\STM32CubeIDE_1.13.0\STM32CubeIDE\plugins\com.st.stm32cube.common.mx_6.9.2.202309101412\\db\/plugins/mcufinder/images/
2024-08-07 15:10:45,399 [WARN] DbFile:41 - Overriding database path with different value: C:\Users\User\.stmcufinder\plugins\mcufinder/ => C:\Users\User\.stmcufinder\plugins\mcufinder
2024-08-07 15:10:45,399 [INFO] ApiDb:250 - Set database path to: C:\Users\User\.stmcufinder\plugins\mcufinder//mcu/
2024-08-07 15:10:45,400 [WARN] DbFile:41 - Overriding database path with different value: C:\Users\User\.stmcufinder\plugins\mcufinder/ => C:\Users\User\.stmcufinder\plugins\mcufinder
2024-08-07 15:10:45,400 [INFO] DbMcusAds:125 - Set database path to: C:\Users\User\.stmcufinder\plugins\mcufinder//mcu/
2024-08-07 15:10:45,400 [WARN] DbFile:41 - Overriding database path with different value: C:\Users\User\.stmcufinder\plugins\mcufinder/ => C:\Users\User\.stmcufinder\plugins\mcufinder
2024-08-07 15:10:45,400 [WARN] DbFile:41 - Overriding database path with different value: C:\Users\User\.stmcufinder\plugins\mcufinder/ => C:\Users\User\.stmcufinder\plugins\mcufinder
2024-08-07 15:10:45,400 [INFO] CrossReferenceDbSqlite:203 - Set database path to: C:\Users\User\.stmcufinder\plugins\mcufinder//mcu/cs/
2024-08-07 15:10:45,475 [INFO] MainPanel:262 - HeapMemory: 268435456
2024-08-07 15:10:45,563 [INFO] DbMcusXml:78 - Set database path to: C:\ST\STM32CubeIDE_1.13.0\STM32CubeIDE\plugins\com.st.stm32cube.common.mx_6.9.2.202309101412\\db\/mcu/
2024-08-07 15:10:45,564 [INFO] ApiDb:274 - Set plugin database path to: C:\ST\STM32CubeIDE_1.13.0\STM32CubeIDE\plugins\com.st.stm32cube.common.mx_6.9.2.202309101412\\db\/plugins/boardmanager/
2024-08-07 15:10:45,564 [INFO] ApiDb:261 - Set plugin images path to: C:\ST\STM32CubeIDE_1.13.0\STM32CubeIDE\plugins\com.st.stm32cube.common.mx_6.9.2.202309101412\\db\/plugins/mcufinder/images/
2024-08-07 15:10:45,564 [WARN] DbFile:41 - Overriding database path with different value: C:\Users\User\.stmcufinder\plugins\mcufinder/ => C:\Users\User\.stmcufinder\plugins\mcufinder
2024-08-07 15:10:45,565 [INFO] ApiDb:250 - Set database path to: C:\Users\User\.stmcufinder\plugins\mcufinder//mcu/
2024-08-07 15:10:45,565 [WARN] DbFile:41 - Overriding database path with different value: C:\Users\User\.stmcufinder\plugins\mcufinder/ => C:\Users\User\.stmcufinder\plugins\mcufinder
2024-08-07 15:10:45,565 [INFO] DbMcusAds:125 - Set database path to: C:\Users\User\.stmcufinder\plugins\mcufinder//mcu/
2024-08-07 15:10:45,565 [WARN] DbFile:41 - Overriding database path with different value: C:\Users\User\.stmcufinder\plugins\mcufinder/ => C:\Users\User\.stmcufinder\plugins\mcufinder
2024-08-07 15:10:45,565 [WARN] DbFile:41 - Overriding database path with different value: C:\Users\User\.stmcufinder\plugins\mcufinder/ => C:\Users\User\.stmcufinder\plugins\mcufinder
2024-08-07 15:10:45,565 [INFO] CrossReferenceDbSqlite:203 - Set database path to: C:\Users\User\.stmcufinder\plugins\mcufinder//mcu/cs/
2024-08-07 15:10:45,587 [INFO] ApplicationProperties:184 - Using Application install path: C:\ST\STM32CubeIDE_1.13.0\STM32CubeIDE\plugins\com.st.stm32cube.common.mx_6.9.2.202309101412
2024-08-07 15:10:45,588 [INFO] PluginManage:196 - Search for loadable plugins [exclusion list=, ]
2024-08-07 15:10:45,590 [INFO] PluginManage:310 - Check plugin analytics
2024-08-07 15:10:45,727 [INFO] AnalyticsPlugin:253 - Accepted Software Licenses: 
2024-08-07 15:10:45,727 [INFO] AnalyticsPlugin:255 - Accepted CMSIS Pack Licenses: 
2024-08-07 15:10:45,727 [INFO] AnalyticsPlugin:257 - Accepted Firmware Licenses: FW.F7.1.17.0,FW.F4.1.27.0
2024-08-07 15:10:45,729 [INFO] PluginManage:359 - Loaded plugin analytics (category:tool,tabindex:-1)
2024-08-07 15:10:45,729 [INFO] PluginManage:310 - Check plugin cadmodel
2024-08-07 15:10:45,743 [INFO] CADModel:105 - Init CAD model plugin
2024-08-07 15:10:45,743 [INFO] PluginManage:359 - Loaded plugin cadmodel (category:power,tabindex:5)
2024-08-07 15:10:45,743 [INFO] PluginManage:310 - Check plugin clock
2024-08-07 15:10:45,763 [INFO] PluginManage:359 - Loaded plugin clock (category:base,tabindex:2)
2024-08-07 15:10:45,763 [INFO] PluginManage:310 - Check plugin ddr
2024-08-07 15:10:45,765 [INFO] PluginManage:359 - Loaded plugin ddr (category:tool,tabindex:6)
2024-08-07 15:10:45,765 [INFO] PluginManage:310 - Check plugin filemanager
2024-08-07 15:10:45,886 [INFO] PluginManage:359 - Loaded plugin filemanager (category:base,tabindex:10)
2024-08-07 15:10:45,887 [INFO] PluginManage:310 - Check plugin ipmanager
2024-08-07 15:10:45,894 [INFO] PluginManage:359 - Loaded plugin ipmanager (category:base,tabindex:5)
2024-08-07 15:10:45,894 [INFO] PluginManage:310 - Check plugin lpbam
2024-08-07 15:10:45,910 [INFO] PluginManage:359 - Loaded plugin lpbam (category:base,tabindex:0)
2024-08-07 15:10:45,910 [INFO] PluginManage:310 - Check plugin memorymap
2024-08-07 15:10:45,931 [INFO] PluginManage:359 - Loaded plugin memorymap (category:base,tabindex:4)
2024-08-07 15:10:45,931 [INFO] PluginManage:310 - Check plugin pinoutandconfiguration
2024-08-07 15:10:45,946 [INFO] PluginManage:359 - Loaded plugin pinoutandconfiguration (category:base,tabindex:1)
2024-08-07 15:10:45,946 [INFO] PluginManage:310 - Check plugin pinoutconfig
2024-08-07 15:10:46,026 [WARN] SupportedApi:132 - Cannot load RTOS API schema: s4s-elt-must-match.1: The content of 'definitions' must match (annotation?, (simpleType | complexType)?, (unique | key | keyref)*)). A problem was found starting at: attribute.
2024-08-07 15:10:46,139 [INFO] PluginManage:359 - Loaded plugin pinoutconfig (category:base,tabindex:0)
2024-08-07 15:10:46,139 [INFO] PluginManage:310 - Check plugin power
2024-08-07 15:10:46,158 [INFO] PluginManage:359 - Loaded plugin power (category:power,tabindex:4)
2024-08-07 15:10:46,158 [INFO] PluginManage:310 - Check plugin projectmanager
2024-08-07 15:10:46,169 [INFO] PluginManage:359 - Loaded plugin projectmanager (category:projectmanager,tabindex:3)
2024-08-07 15:10:46,169 [INFO] PluginManage:310 - Check plugin thirdparty
2024-08-07 15:10:46,432 [WARN] IntegrityCheckThread:84 - waiting for thirdparty lock release [integrity check]
2024-08-07 15:10:46,432 [INFO] PluginManage:359 - Loaded plugin thirdparty (category:base,tabindex:-1)
2024-08-07 15:10:46,432 [INFO] IntegrityCheckThread:86 - entering critical section [integrity check]
2024-08-07 15:10:46,432 [INFO] PluginManage:310 - Check plugin tools
2024-08-07 15:10:46,432 [INFO] ThirdPartyUpdaterWithRetryManager:70 - Updater plugin not ready yet. [1/15]
2024-08-07 15:10:46,472 [INFO] PluginManage:359 - Loaded plugin tools (category:base,tabindex:7)
2024-08-07 15:10:46,472 [INFO] PluginManage:310 - Check plugin tutovideos
2024-08-07 15:10:46,692 [INFO] PluginManage:359 - Loaded plugin tutovideos (category:base,tabindex:-1)
2024-08-07 15:10:46,693 [INFO] PluginManage:310 - Check plugin updater
2024-08-07 15:10:46,706 [INFO] PluginManage:359 - Loaded plugin updater (category:base,tabindex:12)
2024-08-07 15:10:46,706 [INFO] PluginManage:310 - Check plugin userauth
2024-08-07 15:10:46,712 [INFO] UserAuth:113 - Init User Auth plugin
2024-08-07 15:10:46,712 [INFO] PluginManage:359 - Loaded plugin userauth (category:base,tabindex:14)
2024-08-07 15:10:46,713 [INFO] PluginManage:283 - PluginManage : Loaded plugins [17]
2024-08-07 15:10:46,977 [INFO] PinOutPanel:1499 - setPackage(No Configuration,No Configuration)
2024-08-07 15:10:47,104 [INFO] CADModel:165 - CPN selected for project level
2024-08-07 15:10:47,104 [INFO] CADModel:114 - Register for checkConnection events
2024-08-07 15:10:47,130 [INFO] IPUIPlugin:80 - create IPUIPlugin
2024-08-07 15:10:47,130 [INFO] PluginManager:220 - loadIPPluginJar : add adc
2024-08-07 15:10:47,157 [INFO] IPUIPlugin:80 - create IPUIPlugin
2024-08-07 15:10:47,158 [INFO] PluginManager:220 - loadIPPluginJar : add aes
2024-08-07 15:10:47,197 [INFO] IPUIPlugin:80 - create IPUIPlugin
2024-08-07 15:10:47,197 [INFO] PluginManager:220 - loadIPPluginJar : add can
2024-08-07 15:10:47,216 [INFO] IPUIPlugin:80 - create IPUIPlugin
2024-08-07 15:10:47,217 [INFO] PluginManager:220 - loadIPPluginJar : add comp
2024-08-07 15:10:47,242 [INFO] IPUIPlugin:80 - create IPUIPlugin
2024-08-07 15:10:47,243 [INFO] PluginManager:220 - loadIPPluginJar : add cryp
2024-08-07 15:10:47,272 [INFO] IPUIPlugin:80 - create IPUIPlugin
2024-08-07 15:10:47,273 [INFO] PluginManager:220 - loadIPPluginJar : add dfsdm
2024-08-07 15:10:47,286 [INFO] IPUIPlugin:80 - create IPUIPlugin
2024-08-07 15:10:47,286 [INFO] PluginManager:220 - loadIPPluginJar : add dma
2024-08-07 15:10:47,325 [INFO] IPUIPlugin:80 - create IPUIPlugin
2024-08-07 15:10:47,325 [INFO] PluginManager:220 - loadIPPluginJar : add dma3
2024-08-07 15:10:47,345 [INFO] IPUIPlugin:80 - create IPUIPlugin
2024-08-07 15:10:47,345 [INFO] PluginManager:220 - loadIPPluginJar : add fatfs
2024-08-07 15:10:47,383 [INFO] IPUIPlugin:80 - create IPUIPlugin
2024-08-07 15:10:47,384 [INFO] PluginManager:220 - loadIPPluginJar : add fmc
2024-08-07 15:10:47,396 [INFO] IPUIPlugin:80 - create IPUIPlugin
2024-08-07 15:10:47,396 [INFO] PluginManager:220 - loadIPPluginJar : add freertos
2024-08-07 15:10:47,413 [INFO] IPUIPlugin:80 - create IPUIPlugin
2024-08-07 15:10:47,413 [INFO] PluginManager:220 - loadIPPluginJar : add genericplugin
2024-08-07 15:10:47,478 [INFO] IPUIPlugin:80 - create IPUIPlugin
2024-08-07 15:10:47,478 [INFO] PluginManager:220 - loadIPPluginJar : add gfxmmu
2024-08-07 15:10:47,566 [INFO] IPUIPlugin:80 - create IPUIPlugin
2024-08-07 15:10:47,567 [INFO] PluginManager:220 - loadIPPluginJar : add gic
2024-08-07 15:10:47,579 [INFO] IPUIPlugin:80 - create IPUIPlugin
2024-08-07 15:10:47,579 [INFO] PluginManager:220 - loadIPPluginJar : add gpio
2024-08-07 15:10:47,643 [INFO] IPUIPlugin:80 - create IPUIPlugin
2024-08-07 15:10:47,643 [INFO] PluginManager:220 - loadIPPluginJar : add gtzc
2024-08-07 15:10:47,668 [INFO] IPUIPlugin:80 - create IPUIPlugin
2024-08-07 15:10:47,668 [INFO] PluginManager:220 - loadIPPluginJar : add hash
2024-08-07 15:10:47,705 [INFO] IPUIPlugin:80 - create IPUIPlugin
2024-08-07 15:10:47,705 [INFO] PluginManager:220 - loadIPPluginJar : add i2c
2024-08-07 15:10:47,735 [INFO] IPUIPlugin:80 - create IPUIPlugin
2024-08-07 15:10:47,735 [INFO] PluginManager:220 - loadIPPluginJar : add i2s
2024-08-07 15:10:47,765 [INFO] IPUIPlugin:80 - create IPUIPlugin
2024-08-07 15:10:47,765 [INFO] PluginManager:220 - loadIPPluginJar : add i3c
2024-08-07 15:10:47,838 [INFO] IPUIPlugin:80 - create IPUIPlugin
2024-08-07 15:10:47,838 [INFO] PluginManager:220 - loadIPPluginJar : add ipddr
2024-08-07 15:10:47,906 [INFO] IPUIPlugin:80 - create IPUIPlugin
2024-08-07 15:10:47,906 [INFO] PluginManager:220 - loadIPPluginJar : add linkedlist
2024-08-07 15:10:47,934 [INFO] IPUIPlugin:80 - create IPUIPlugin
2024-08-07 15:10:47,934 [INFO] PluginManager:220 - loadIPPluginJar : add lorawan
2024-08-07 15:10:47,961 [INFO] IPUIPlugin:80 - create IPUIPlugin
2024-08-07 15:10:47,961 [INFO] PluginManager:220 - loadIPPluginJar : add ltdc
2024-08-07 15:10:47,974 [INFO] IPUIPlugin:80 - create IPUIPlugin
2024-08-07 15:10:47,974 [INFO] PluginManager:220 - loadIPPluginJar : add mdma
2024-08-07 15:10:47,984 [INFO] IPUIPlugin:80 - create IPUIPlugin
2024-08-07 15:10:47,984 [INFO] PluginManager:220 - loadIPPluginJar : add nvic
2024-08-07 15:10:48,010 [INFO] IPUIPlugin:80 - create IPUIPlugin
2024-08-07 15:10:48,011 [INFO] PluginManager:220 - loadIPPluginJar : add opamp
2024-08-07 15:10:48,056 [INFO] IPUIPlugin:80 - create IPUIPlugin
2024-08-07 15:10:48,056 [INFO] PluginManager:220 - loadIPPluginJar : add openamp
2024-08-07 15:10:48,089 [INFO] IPUIPlugin:80 - create IPUIPlugin
2024-08-07 15:10:48,089 [INFO] PluginManager:220 - loadIPPluginJar : add pdm2pcm
2024-08-07 15:10:48,102 [INFO] IPUIPlugin:80 - create IPUIPlugin
2024-08-07 15:10:48,103 [INFO] PluginManager:220 - loadIPPluginJar : add plateformsettings
2024-08-07 15:10:48,119 [INFO] IPUIPlugin:80 - create IPUIPlugin
2024-08-07 15:10:48,119 [INFO] PluginManager:220 - loadIPPluginJar : add quadspi
2024-08-07 15:10:48,131 [INFO] IPUIPlugin:80 - create IPUIPlugin
2024-08-07 15:10:48,131 [INFO] PluginManager:220 - loadIPPluginJar : add resmgrutility
2024-08-07 15:10:48,169 [INFO] IPUIPlugin:80 - create IPUIPlugin
2024-08-07 15:10:48,170 [INFO] PluginManager:220 - loadIPPluginJar : add sai
2024-08-07 15:10:48,201 [INFO] IPUIPlugin:80 - create IPUIPlugin
2024-08-07 15:10:48,201 [INFO] PluginManager:220 - loadIPPluginJar : add spi
2024-08-07 15:10:48,245 [INFO] IPUIPlugin:80 - create IPUIPlugin
2024-08-07 15:10:48,245 [INFO] PluginManager:220 - loadIPPluginJar : add stm32_wpan
2024-08-07 15:10:48,263 [INFO] IPUIPlugin:80 - create IPUIPlugin
2024-08-07 15:10:48,264 [INFO] PluginManager:220 - loadIPPluginJar : add tim
2024-08-07 15:10:48,308 [INFO] IPUIPlugin:80 - create IPUIPlugin
2024-08-07 15:10:48,308 [INFO] PluginManager:220 - loadIPPluginJar : add touchsensing
2024-08-07 15:10:48,325 [INFO] IPUIPlugin:80 - create IPUIPlugin
2024-08-07 15:10:48,325 [INFO] PluginManager:220 - loadIPPluginJar : add tracer_emb
2024-08-07 15:10:48,344 [INFO] IPUIPlugin:80 - create IPUIPlugin
2024-08-07 15:10:48,344 [INFO] PluginManager:220 - loadIPPluginJar : add ts
2024-08-07 15:10:48,363 [INFO] IPUIPlugin:80 - create IPUIPlugin
2024-08-07 15:10:48,363 [INFO] PluginManager:220 - loadIPPluginJar : add tsc
2024-08-07 15:10:48,380 [INFO] IPUIPlugin:80 - create IPUIPlugin
2024-08-07 15:10:48,380 [INFO] PluginManager:220 - loadIPPluginJar : add ucpd
2024-08-07 15:10:48,413 [INFO] IPUIPlugin:80 - create IPUIPlugin
2024-08-07 15:10:48,414 [INFO] PluginManager:220 - loadIPPluginJar : add usart
2024-08-07 15:10:48,447 [INFO] IPUIPlugin:80 - create IPUIPlugin
2024-08-07 15:10:48,447 [INFO] PluginManager:220 - loadIPPluginJar : add usbx
2024-08-07 15:10:48,553 [INFO] CADModel:165 - CPN selected for project level
2024-08-07 15:10:48,553 [INFO] CADModel:114 - Register for checkConnection events
2024-08-07 15:10:48,553 [FATAL] Updater:308 - Updater called before beeing initialized
2024-08-07 15:10:48,553 [ERROR] CADModel:125 - Updater not yet initialized, retry later 
2024-08-07 15:10:48,693 [INFO] CADModel:165 - CPN selected for project level
2024-08-07 15:10:48,694 [INFO] CADModel:114 - Register for checkConnection events
2024-08-07 15:10:48,694 [FATAL] Updater:308 - Updater called before beeing initialized
2024-08-07 15:10:48,694 [ERROR] CADModel:125 - Updater not yet initialized, retry later 
2024-08-07 15:10:48,697 [FATAL] Updater:308 - Updater called before beeing initialized
2024-08-07 15:10:48,812 [FATAL] Updater:308 - Updater called before beeing initialized
2024-08-07 15:10:48,825 [INFO] DbMcusAds:53 - JSON generation date=Tue Mar 07 15:50:55 ICT 2023 (1678179055114)
2024-08-07 15:10:48,825 [FATAL] Updater:308 - Updater called before beeing initialized
2024-08-07 15:10:48,863 [WARN] DetailPanel:346 - Failed to get advertising image, set to default
2024-08-07 15:10:48,941 [FATAL] Updater:308 - Updater called before beeing initialized
2024-08-07 15:10:48,944 [FATAL] Updater:308 - Updater called before beeing initialized
2024-08-07 15:10:48,945 [FATAL] Updater:308 - Updater called before beeing initialized
2024-08-07 15:10:48,945 [WARN] DetailPanel:346 - Failed to get advertising image, set to default
2024-08-07 15:10:48,945 [FATAL] Updater:308 - Updater called before beeing initialized
2024-08-07 15:10:48,991 [ERROR] Updater:1120 - MainUpdater not yet initialized. External WinMGr cannot be set.
2024-08-07 15:10:49,001 [INFO] Updater:1056 - Updater Version found : 6.9.2
2024-08-07 15:10:49,016 [INFO] ApplicationProperties:184 - Using Application install path: C:\ST\STM32CubeIDE_1.13.0\STM32CubeIDE\plugins\com.st.stm32cube.common.mx_6.9.2.202309101412
2024-08-07 15:10:49,310 [INFO] MainUpdater:2868 - connection check result : 10
2024-08-07 15:10:49,310 [INFO] MainUpdater:3562 - Updater definition file requires update
2024-08-07 15:10:49,311 [INFO] MainUpdater:285 - Updater Check For Update Now.
2024-08-07 15:10:49,311 [INFO] MicroXplorer:498 - Change Database Version : DB.6.0.92
2024-08-07 15:10:49,326 [INFO] McuFinderGlobals:63 - Set McuFinder mode to 2 (CubeIDE integrated)
2024-08-07 15:10:49,434 [WARN] MainUpdater:1189 - Updater busy. Cannot search thirdparties
2024-08-07 15:10:49,434 [INFO] ThirdPartyUpdaterWithRetryManager:96 - Updater plugin is busy. [1/15]
2024-08-07 15:10:51,062 [INFO] ServerAccessManage:473 - Download File updaters.zip
2024-08-07 15:10:51,146 [INFO] FileExtend:240 - Unzip File : updaters.zip
2024-08-07 15:10:51,146 [INFO] FileExtend:255 - Standard Zip Deflate
2024-08-07 15:10:52,382 [INFO] ServerAccessManage:473 - Download File PacksControlFlags.xml
2024-08-07 15:10:52,436 [WARN] MainUpdater:1189 - Updater busy. Cannot search thirdparties
2024-08-07 15:10:52,436 [INFO] ThirdPartyUpdaterWithRetryManager:96 - Updater plugin is busy. [2/15]
2024-08-07 15:10:53,233 [INFO] ServerAccessManage:473 - Download File cubemx.pidx
2024-08-07 15:10:53,319 [INFO] LoadServerUpdatesThread:373 - End of LoadServerUpdate Thread
2024-08-07 15:10:53,478 [INFO] CheckServerUpdateThread:120 - End of CheckServer Thread
2024-08-07 15:10:55,637 [WARN] PackLoader:240 - Cannot read IP mode file for STMicroelectronics.FP-SNS-MOTENVWB1.1.4.0
2024-08-07 15:10:55,652 [WARN] PackLoader:240 - Cannot read IP mode file for STMicroelectronics.X-CUBE-SMBUS.2.1.0
2024-08-07 15:10:55,663 [WARN] PackLoader:240 - Cannot read IP mode file for STMicroelectronics.X-CUBE-TOUCHGFX.4.23.0
2024-08-07 15:10:55,692 [WARN] PackLoader:240 - Cannot read IP mode file for STMicroelectronics.X-CUBE-AZRTOS-F7.1.1.0
2024-08-07 15:10:55,706 [WARN] PackLoader:240 - Cannot read IP mode file for STMicroelectronics.FP-SNS-MOTENV1.4.3.2
2024-08-07 15:10:55,720 [WARN] PackLoader:240 - Cannot read IP mode file for STMicroelectronics.X-CUBE-BLE1.6.2.4
2024-08-07 15:10:55,730 [WARN] PackLoader:240 - Cannot read IP mode file for STMicroelectronics.FP-SNS-FLIGHT1.5.0.2
2024-08-07 15:10:55,743 [WARN] PackLoader:240 - Cannot read IP mode file for STMicroelectronics.X-CUBE-DISPLAY.3.0.0
2024-08-07 15:10:55,757 [WARN] PackLoader:240 - Cannot read IP mode file for STMicroelectronics.X-CUBE-BLE1.7.0.0
2024-08-07 15:10:55,768 [WARN] PackLoader:240 - Cannot read IP mode file for emotas.I-CUBE-CANOPEN.1.3.0
2024-08-07 15:10:55,779 [WARN] PackLoader:240 - Cannot read IP mode file for STMicroelectronics.X-CUBE-TOUCHGFX.4.22.0
2024-08-07 15:10:55,790 [WARN] PackLoader:240 - Cannot read IP mode file for STMicroelectronics.X-CUBE-TOUCHGFX.4.22.1
2024-08-07 15:10:55,803 [WARN] PackLoader:240 - Cannot read IP mode file for STMicroelectronics.X-CUBE-BLEMGR.3.1.0
2024-08-07 15:10:55,814 [WARN] PackLoader:240 - Cannot read IP mode file for STMicroelectronics.FP-SNS-SMARTAG2.1.2.0
2024-08-07 15:10:55,831 [INFO] LogOutputStream:77 - [STDOUT_REDIRECT] 1 : Invalid condition id : UX_CORESTACK_Condition cause : null
2024-08-07 15:10:55,832 [INFO] LogOutputStream:77 - [STDOUT_REDIRECT] 1 : Invalid condition id : UX_CORESTACK_Condition cause : null
2024-08-07 15:10:55,832 [INFO] LogOutputStream:77 - [STDOUT_REDIRECT] 1 : Invalid condition id : UX_CORESTACK_Condition cause : null
2024-08-07 15:10:55,833 [INFO] LogOutputStream:77 - [STDOUT_REDIRECT] 1 : Invalid condition id : UX_CORESTACK_Condition cause : null
2024-08-07 15:10:55,833 [INFO] LogOutputStream:77 - [STDOUT_REDIRECT] 1 : Invalid condition id : UX_CORESTACK_Condition cause : null
2024-08-07 15:10:55,835 [WARN] PackLoader:240 - Cannot read IP mode file for STMicroelectronics.X-CUBE-AZRTOS-WL.2.0.0
2024-08-07 15:10:55,846 [WARN] PackLoader:240 - Cannot read IP mode file for STMicroelectronics.FP-SNS-MOTENV1.5.0.0
2024-08-07 15:10:55,857 [WARN] PackLoader:240 - Cannot read IP mode file for wolfSSL.I-CUBE-wolfMQTT.1.19.0
2024-08-07 15:10:55,869 [WARN] PackLoader:240 - Cannot read IP mode file for WES.I-CUBE-Cesium.1.3.0
2024-08-07 15:10:55,880 [WARN] PackLoader:240 - Cannot read IP mode file for STMicroelectronics.X-CUBE-BLE2.3.3.0
2024-08-07 15:10:55,890 [WARN] PackLoader:240 - Cannot read IP mode file for STMicroelectronics.X-CUBE-TCPP.4.1.0
2024-08-07 15:10:55,903 [WARN] PackLoader:240 - Cannot read IP mode file for STMicroelectronics.X-CUBE-ALGOBUILD.1.3.0
2024-08-07 15:10:55,929 [WARN] PackLoader:240 - Cannot read IP mode file for STMicroelectronics.X-CUBE-AZRTOS-G0.1.1.0
2024-08-07 15:10:55,943 [WARN] PackLoader:240 - Cannot read IP mode file for STMicroelectronics.X-CUBE-SAFEA1.1.2.2
2024-08-07 15:10:55,955 [WARN] PackLoader:240 - Cannot read IP mode file for STMicroelectronics.X-CUBE-NFC4.3.0.0
2024-08-07 15:10:55,967 [ERROR] Engine:466 - C:\Users\User\.stm32cubemx\thirdparties\pdsc\EmbeddedOffice.I-CUBE-FS-RTOS.1.0.1.pdsc: PDSC version is not supported
2024-08-07 15:10:55,979 [WARN] PackLoader:240 - Cannot read IP mode file for STMicroelectronics.X-CUBE-BLEMGR.3.0.0
2024-08-07 15:10:55,990 [ERROR] Engine:466 - C:\Users\User\.stm32cubemx\thirdparties\pdsc\RealThread.X-CUBE-RT-Thread_Nano.4.1.1.pdsc: PDSC version is not supported
2024-08-07 15:10:56,001 [WARN] PackLoader:240 - Cannot read IP mode file for STMicroelectronics.FP-ATR-SIGFOX1.3.2.0
2024-08-07 15:10:56,013 [WARN] PackLoader:240 - Cannot read IP mode file for STMicroelectronics.X-CUBE-EEPRMA1.5.1.0
2024-08-07 15:10:56,043 [WARN] PackLoader:240 - Cannot read IP mode file for SEGGER.I-CUBE-embOS.1.3.1
2024-08-07 15:10:56,079 [WARN] PackLoader:240 - Cannot read IP mode file for STMicroelectronics.X-CUBE-ALGOBUILD.1.4.0
2024-08-07 15:10:56,092 [WARN] PackLoader:240 - Cannot read IP mode file for STMicroelectronics.X-CUBE-GNSS1.6.0.0
2024-08-07 15:10:56,118 [WARN] PackLoader:240 - Cannot read IP mode file for STMicroelectronics.X-CUBE-AZRTOS-F4.1.1.0
2024-08-07 15:10:56,135 [WARN] PackLoader:240 - Cannot read IP mode file for wolfSSL.I-CUBE-wolfSSL.5.6.3
2024-08-07 15:10:56,149 [WARN] PackLoader:240 - Cannot read IP mode file for STMicroelectronics.X-CUBE-FREERTOS.1.2.0
2024-08-07 15:10:56,173 [WARN] PackLoader:240 - Cannot read IP mode file for STMicroelectronics.X-CUBE-AZRTOS-L5.2.0.0
2024-08-07 15:10:56,216 [WARN] PackLoader:240 - Cannot read IP mode file for STMicroelectronics.X-CUBE-MEMS1.9.6.0
2024-08-07 15:10:56,306 [WARN] PackLoader:240 - Cannot read IP mode file for STMicroelectronics.X-CUBE-NFC6.3.1.0
2024-08-07 15:10:56,323 [WARN] PackLoader:240 - Cannot read IP mode file for ITTIA_DB.I-CUBE-ITTIADB.8.8.0
2024-08-07 15:10:56,337 [WARN] PackLoader:240 - Cannot read IP mode file for STMicroelectronics.X-CUBE-BLEMGR.2.0.0
2024-08-07 15:10:56,349 [ERROR] Engine:466 - C:\Users\User\.stm32cubemx\thirdparties\pdsc\STMicroelectronics.X-CUBE-DPower.1.2.0.pdsc: PDSC version is not supported
2024-08-07 15:10:56,364 [WARN] PackLoader:240 - Cannot read IP mode file for STMicroelectronics.X-CUBE-AI.9.0.0
2024-08-07 15:10:56,387 [WARN] ConditionMgr:438 - getConditionDescription Invalid condition id : UX DEVICE CLASS RTOS Condition cause : null
2024-08-07 15:10:56,387 [WARN] ConditionMgr:438 - getConditionDescription Invalid condition id : UX DEVICE CLASS RTOS Condition cause : null
2024-08-07 15:10:56,388 [WARN] PackLoader:240 - Cannot read IP mode file for STMicroelectronics.X-CUBE-AZRTOS-H7.3.1.0
2024-08-07 15:10:56,389 [WARN] ConditionMgr:1039 - genDependencies : Invalid condition id : UX DEVICE CLASS RTOS Condition cause : null
2024-08-07 15:10:56,389 [WARN] ConditionMgr:1039 - genDependencies : Invalid condition id : UX DEVICE CLASS RTOS Condition cause : null
2024-08-07 15:10:56,390 [WARN] ConditionMgr:1039 - genDependencies : Invalid condition id : UX DEVICE CLASS RTOS Condition cause : null
2024-08-07 15:10:56,390 [WARN] ConditionMgr:1039 - genDependencies : Invalid condition id : UX DEVICE CLASS RTOS Condition cause : null
2024-08-07 15:10:56,390 [WARN] ConditionMgr:1039 - genDependencies : Invalid condition id : UX DEVICE CLASS RTOS Condition cause : null
2024-08-07 15:10:56,403 [WARN] PackLoader:240 - Cannot read IP mode file for STMicroelectronics.X-CUBE-NFC7.1.0.1
2024-08-07 15:10:56,418 [WARN] PackLoader:240 - Cannot read IP mode file for wolfSSL.I-CUBE-wolfTPM.3.2.0
2024-08-07 15:10:56,431 [WARN] PackLoader:240 - Cannot read IP mode file for STMicroelectronics.X-CUBE-NFC6.3.0.0
2024-08-07 15:10:56,447 [WARN] PackLoader:240 - Cannot read IP mode file for STMicroelectronics.X-CUBE-EEPRMA1.4.1.0
2024-08-07 15:10:56,462 [WARN] PackLoader:240 - Cannot read IP mode file for STMicroelectronics.X-CUBE-AI.8.1.0
2024-08-07 15:10:56,491 [WARN] ConditionMgr:438 - getConditionDescription Invalid condition id : LAN8742 Phy interface Condition cause : null
2024-08-07 15:10:56,492 [WARN] PackLoader:240 - Cannot read IP mode file for STMicroelectronics.X-CUBE-AZRTOS-L4.2.0.0
2024-08-07 15:10:56,493 [WARN] ConditionMgr:1039 - genDependencies : Invalid condition id : LAN8742 Phy interface Condition cause : null
2024-08-07 15:10:56,493 [WARN] ConditionMgr:1039 - genDependencies : Invalid condition id : LAN8742 Phy interface Condition cause : null
2024-08-07 15:10:56,494 [WARN] ConditionMgr:1039 - genDependencies : Invalid condition id : LAN8742 Phy interface Condition cause : null
2024-08-07 15:10:56,511 [WARN] PackLoader:240 - Cannot read IP mode file for STMicroelectronics.X-CUBE-SFXS2LP1.4.0.0
2024-08-07 15:10:56,527 [WARN] PackLoader:240 - Cannot read IP mode file for STMicroelectronics.X-CUBE-ISPU.1.1.0
2024-08-07 15:10:56,549 [WARN] ConditionMgr:438 - getConditionDescription Invalid condition id : UX DEVICE CLASS RTOS Condition cause : null
2024-08-07 15:10:56,549 [WARN] ConditionMgr:438 - getConditionDescription Invalid condition id : UX DEVICE CLASS RTOS Condition cause : null
2024-08-07 15:10:56,550 [WARN] PackLoader:240 - Cannot read IP mode file for STMicroelectronics.X-CUBE-AZRTOS-WB.2.0.0
2024-08-07 15:10:56,552 [WARN] ConditionMgr:1039 - genDependencies : Invalid condition id : UX DEVICE CLASS RTOS Condition cause : null
2024-08-07 15:10:56,552 [WARN] ConditionMgr:1039 - genDependencies : Invalid condition id : UX DEVICE CLASS RTOS Condition cause : null
2024-08-07 15:10:56,552 [WARN] ConditionMgr:1039 - genDependencies : Invalid condition id : UX DEVICE CLASS RTOS Condition cause : null
2024-08-07 15:10:56,552 [WARN] ConditionMgr:1039 - genDependencies : Invalid condition id : UX DEVICE CLASS RTOS Condition cause : null
2024-08-07 15:10:56,552 [WARN] ConditionMgr:1039 - genDependencies : Invalid condition id : UX DEVICE CLASS RTOS Condition cause : null
2024-08-07 15:10:56,565 [WARN] PackLoader:240 - Cannot read IP mode file for STMicroelectronics.X-CUBE-FREERTOS.1.0.1
2024-08-07 15:10:56,577 [ERROR] Engine:466 - C:\Users\User\.stm32cubemx\thirdparties\pdsc\STMicroelectronics.FP-SNS-STBOX1.2.0.0.pdsc: PDSC version is not supported
2024-08-07 15:10:56,601 [WARN] PackLoader:240 - Cannot read IP mode file for STMicroelectronics.X-CUBE-AZRTOS-L5.1.1.0
2024-08-07 15:10:56,615 [WARN] PackLoader:240 - Cannot read IP mode file for STMicroelectronics.X-CUBE-AI.8.0.1
2024-08-07 15:10:56,633 [WARN] PackLoader:240 - Cannot read IP mode file for STMicroelectronics.X-CUBE-SUBG2.5.0.0
2024-08-07 15:10:56,647 [WARN] PackLoader:240 - Cannot read IP mode file for Cesanta.I-CUBE-Mongoose.7.13.0
2024-08-07 15:10:56,662 [WARN] PackLoader:240 - Cannot read IP mode file for STMicroelectronics.X-CUBE-TOF1.3.3.1
2024-08-07 15:10:56,684 [WARN] PackLoader:240 - Cannot read IP mode file for STMicroelectronics.X-CUBE-AZRTOS-G4.2.0.0
2024-08-07 15:10:56,702 [WARN] PackLoader:240 - Cannot read IP mode file for Infineon.AIROC-Wi-Fi-Bluetooth-STM32.1.5.1
2024-08-07 15:10:56,713 [WARN] PackLoader:240 - Cannot read IP mode file for STMicroelectronics.FP-SNS-MOTENVWB1.1.3.1
2024-08-07 15:10:56,722 [WARN] PackLoader:240 - Cannot read IP mode file for STMicroelectronics.X-CUBE-ISPU.2.0.0
2024-08-07 15:10:56,733 [WARN] PackLoader:240 - Cannot read IP mode file for STMicroelectronics.X-CUBE-ALS.1.0.2
2024-08-07 15:10:56,763 [WARN] PackLoader:240 - Cannot read IP mode file for STMicroelectronics.X-CUBE-MEMS1.10.0.0
2024-08-07 15:10:56,843 [WARN] PackLoader:240 - Cannot read IP mode file for STMicroelectronics.X-CUBE-FREERTOS.1.1.0
2024-08-07 15:10:56,855 [WARN] PackLoader:240 - Cannot read IP mode file for STMicroelectronics.X-CUBE-TOUCHGFX.4.24.0
2024-08-07 15:10:56,872 [WARN] PackLoader:240 - Cannot read IP mode file for portGmbH.I-Cube-SoM-uGOAL.1.1.0
2024-08-07 15:10:56,883 [WARN] PackLoader:240 - Cannot read IP mode file for STMicroelectronics.X-CUBE-ALS.1.0.1
2024-08-07 15:10:56,902 [WARN] PackLoader:240 - Cannot read IP mode file for STMicroelectronics.X-CUBE-AZRTOS-WB.1.1.0
2024-08-07 15:10:56,924 [WARN] PackLoader:240 - Cannot read IP mode file for STMicroelectronics.X-CUBE-AZRTOS-H7RS.1.0.0
2024-08-07 15:10:56,937 [WARN] PackLoader:240 - Cannot read IP mode file for STMicroelectronics.FP-ATR-ASTRA1.2.0.0
2024-08-07 15:10:56,950 [ERROR] Engine:466 - C:\Users\User\.stm32cubemx\thirdparties\pdsc\STMicroelectronics.X-CUBE-TOF1.3.4.2.pdsc: PDSC version is not supported
2024-08-07 15:10:56,965 [WARN] PackLoader:240 - Cannot read IP mode file for STMicroelectronics.X-CUBE-TOF1.3.4.0
2024-08-07 15:10:56,991 [WARN] PackLoader:240 - Cannot read IP mode file for STMicroelectronics.X-CUBE-AZRTOS-H7.3.2.0
2024-08-07 15:10:57,004 [WARN] PackLoader:240 - Cannot read IP mode file for wolfSSL.I-CUBE-wolfSSH.1.4.17
2024-08-07 15:10:57,005 [INFO] ThirdParty:978 - Integrity check success = true
2024-08-07 15:10:57,005 [INFO] IntegrityCheckThread:100 - exiting critical section [integrity check]
2024-08-07 15:10:57,005 [INFO] IntegrityCheckThread:103 - End integrity checks thread
2024-08-07 15:11:03,038 [INFO] McuFinderGlobals:63 - Set McuFinder mode to 2 (CubeIDE integrated)
2024-08-07 15:11:03,060 [INFO] MainUpdater:2868 - connection check result : 10
2024-08-07 15:11:03,065 [INFO] MainUpdater:2868 - connection check result : 10
2024-08-07 15:11:03,189 [INFO] MicroXplorer:468 - Change Database Path : 
2024-08-07 15:11:03,190 [INFO] MicroXplorer:498 - Change Database Version : DB.6.0.92
2024-08-07 15:11:03,193 [WARN] ThirdParty:871 - waiting for thirdparty lock release [close project]
2024-08-07 15:11:03,193 [INFO] ThirdParty:873 - entering critical section [close project]
2024-08-07 15:11:03,193 [INFO] ThirdParty:883 - exiting critical section [close project]
2024-08-07 15:11:03,194 [INFO] PinOutPanel:1499 - setPackage(No Configuration,No Configuration)
2024-08-07 15:11:03,198 [INFO] UtilMem:75 - Begin LoadConfig() Used Memory: 235906088 Bytes (416284672)
2024-08-07 15:11:03,206 [INFO] MicroXplorer:468 - Change Database Path : C:/Users/User/.stm32cubemx/databases/DB.6.0.90/db/
2024-08-07 15:11:03,206 [INFO] MicroXplorer:498 - Change Database Version : DB.6.0.90
2024-08-07 15:11:04,730 [ERROR] LogOutputStream:75 - [STDERR_REDIRECT] SLF4J: Failed to load class "org.slf4j.impl.StaticLoggerBinder".
2024-08-07 15:11:04,730 [ERROR] LogOutputStream:75 - [STDERR_REDIRECT] SLF4J: Defaulting to no-operation (NOP) logger implementation
2024-08-07 15:11:04,730 [ERROR] LogOutputStream:75 - [STDERR_REDIRECT] SLF4J: See http://www.slf4j.org/codes.html#StaticLoggerBinder for further details.
2024-08-07 15:11:04,992 [INFO] OpenFileManager:308 - Change cursor
2024-08-07 15:11:05,019 [INFO] Mcu:1946 - Initializing MCU STM32F767ZITx STM32F767ZITx STM32F767ZIT6
2024-08-07 15:11:07,041 [INFO] Context:659 - Trying to add GPIOservice into a context  which must be forbidden
2024-08-07 15:11:07,635 [INFO] RtosManager:555 - Registered RTOS mode: class=CMSIS, group=RTOS, mode=CMSIS_V1, owner=FREERTOS
2024-08-07 15:11:07,635 [INFO] RtosManager:555 - Registered RTOS mode: class=CMSIS, group=RTOS2, mode=CMSIS_V2, owner=FREERTOS
2024-08-07 15:11:07,635 [INFO] RtosManager:555 - Registered RTOS mode: class=RTOS, group=Core, mode=CMSIS_V1, owner=FREERTOS
2024-08-07 15:11:07,635 [INFO] RtosManager:555 - Registered RTOS mode: class=RTOS, group=Core, mode=CMSIS_V2, owner=FREERTOS
2024-08-07 15:11:07,635 [WARN] ModelIntegratedComponent:184 - Missing modes for component STMicroelectronics:FreeRTOS:0.0.1:STMicroelectronics:RTOS:FreeRTOS:Core:::10.2.0:
2024-08-07 15:11:07,651 [WARN] ModelIntegratedComponent:63 - No mode defined for component null
2024-08-07 15:11:07,651 [WARN] ModelIntegratedComponent:63 - No mode defined for component null
2024-08-07 15:11:07,651 [WARN] ModelIntegratedComponent:63 - No mode defined for component null
2024-08-07 15:11:07,651 [WARN] ModelIntegratedComponent:63 - No mode defined for component null
2024-08-07 15:11:07,651 [WARN] ModelIntegratedComponent:63 - No mode defined for component null
2024-08-07 15:11:07,651 [WARN] ModelIntegratedComponent:63 - No mode defined for component null
2024-08-07 15:11:07,652 [WARN] ModelIntegratedComponent:63 - No mode defined for component null
2024-08-07 15:11:07,652 [WARN] ModelIntegratedComponent:63 - No mode defined for component null
2024-08-07 15:11:07,652 [WARN] ModelIntegratedComponent:63 - No mode defined for component null
2024-08-07 15:11:07,652 [WARN] ModelIntegratedComponent:63 - No mode defined for component null
2024-08-07 15:11:07,652 [WARN] ModelIntegratedComponent:63 - No mode defined for component null
2024-08-07 15:11:07,652 [WARN] ModelIntegratedComponent:63 - No mode defined for component null
2024-08-07 15:11:07,652 [WARN] ModelIntegratedComponent:63 - No mode defined for component null
2024-08-07 15:11:07,652 [WARN] ModelIntegratedComponent:63 - No mode defined for component null
2024-08-07 15:11:07,652 [WARN] ModelIntegratedComponent:63 - No mode defined for component null
2024-08-07 15:11:07,652 [WARN] ModelIntegratedComponent:63 - No mode defined for component null
2024-08-07 15:11:07,652 [WARN] ModelIntegratedComponent:63 - No mode defined for component null
2024-08-07 15:11:07,652 [WARN] ModelIntegratedComponent:63 - No mode defined for component null
2024-08-07 15:11:07,652 [WARN] ModelIntegratedComponent:63 - No mode defined for component null
2024-08-07 15:11:07,652 [WARN] ModelIntegratedComponent:63 - No mode defined for component null
2024-08-07 15:11:07,652 [WARN] ModelIntegratedComponent:63 - No mode defined for component null
2024-08-07 15:11:07,652 [WARN] ModelIntegratedComponent:63 - No mode defined for component null
2024-08-07 15:11:07,652 [WARN] ModelIntegratedComponent:63 - No mode defined for component null
2024-08-07 15:11:07,652 [WARN] ModelIntegratedComponent:63 - No mode defined for component null
2024-08-07 15:11:07,652 [WARN] ModelIntegratedComponent:63 - No mode defined for component null
2024-08-07 15:11:07,652 [WARN] ModelIntegratedComponent:63 - No mode defined for component null
2024-08-07 15:11:07,652 [WARN] ModelIntegratedComponent:63 - No mode defined for component null
2024-08-07 15:11:07,652 [WARN] ModelIntegratedComponent:63 - No mode defined for component null
2024-08-07 15:11:07,652 [WARN] ModelIntegratedComponent:63 - No mode defined for component null
2024-08-07 15:11:07,653 [WARN] ModelIntegratedComponent:63 - No mode defined for component null
2024-08-07 15:11:07,653 [WARN] ModelIntegratedComponent:63 - No mode defined for component null
2024-08-07 15:11:07,653 [WARN] ModelIntegratedComponent:63 - No mode defined for component null
2024-08-07 15:11:07,653 [WARN] ModelIntegratedComponent:63 - No mode defined for component null
2024-08-07 15:11:07,753 [INFO] ThirdPartyModel:298 - Start build external matchings
2024-08-07 15:11:08,363 [INFO] ThirdPartyModel:316 - End build external matchings
2024-08-07 15:11:08,854 [INFO] UtilMem:75 - End LoadConfig() Used Memory: 257083624 Bytes (465567744)
2024-08-07 15:11:09,661 [INFO] ApiDb:581 - Connected to CubeFinder SQLite database (C:\Users\User\.stmcufinder\plugins\mcufinder\mcu\cube-finder-db.db)
2024-08-07 15:11:09,731 [INFO] ApiDb:668 - CubeFinder database Data Model version=2.1
2024-08-07 15:11:09,731 [INFO] ApiDb:669 - CubeFinder database Configuration version=3.0.37
2024-08-07 15:11:09,731 [INFO] ApiDb:670 - CubeFinder database generation date=2023-08-09 (1691586011)
2024-08-07 15:11:09,731 [INFO] ApiDb:671 - CubeFinder database FW Pack versions=[FP-ATR-ASTRA1_V2.0.0, FP-SNS-FLIGHT1_V5.0.1, FP-SNS-FLIGHT1_V5.0.2, FP-SNS-MOTENV1_V4.3.1, FP-SNS-MOTENV1_V4.3.2, STM32Cube_FW_C0_V1.1.0, STM32Cube_FW_F4_V1.27.1, STM32Cube_FW_F7_V1.17.0, STM32Cube_FW_G0_V1.6.1, STM32Cube_FW_G4_V1.5.1, STM32Cube_FW_H5_V0.5.1, STM32Cube_FW_H5_V1.1.0, STM32Cube_FW_H7_V1.11.0, STM32Cube_FW_L0_V1.12.2, STM32Cube_FW_L5_V1.5.0, STM32Cube_FW_U5_V1.3.0, STM32Cube_FW_U5_V1.3.0RC4, STM32Cube_FW_WBA_V1.0.0RC1, STM32Cube_FW_WBA_V1.1.0, STM32Cube_FW_WBA_V1.1.0RC1, STM32Cube_FW_WB_V1.15.0RC1, STM32Cube_FW_WB_V1.16.0, STM32Cube_FW_WB_V1.16.0RC2, STM32Cube_FW_WB_V1.17.0, STM32Cube_FW_WL_V1.3.0, X-CUBE-ALGOBUILD_V1.3.0, X-CUBE-ALS_V1.0.1, X-CUBE-AZRTOS-F4_V1.1.0, X-CUBE-AZRTOS-F7_V1.1.0, X-CUBE-AZRTOS-G0_V1.1.0, X-CUBE-AZRTOS-G4_V2.0.0, X-CUBE-AZRTOS-H7_V3.1.0, X-CUBE-AZRTOS-L4_V1.0.0, X-CUBE-AZRTOS-L4_V2.0.0, X-CUBE-AZRTOS-L5_V1.1.0, X-CUBE-AZRTOS-WB_V1.1.0, X-CUBE-AZRTOS-WL_V2.0.0, X-CUBE-BLE1_V7.0.0, X-CUBE-BLE2_V3.3.0, X-CUBE-BLEMGR_V2.0.0, X-CUBE-EEPRMA1_V4.1.0, X-CUBE-FREERTOS_V1.1.0, X-CUBE-GNSS1_V6.0.0, X-CUBE-MEMS1_V9.1.0, X-CUBE-MEMS1_V9.4.0, X-CUBE-MEMS1_V9.6.0, X-CUBE-NFC4_V3.0.0, X-CUBE-NFC7_V1.0.0, X-CUBE-SFXS2LP1_V4.0.0, X-CUBE-SUBG2_V5.0.0, X-CUBE-TOF1_V3.3.1]
2024-08-07 15:11:11,910 [INFO] ApiDb:240 - Found 323 in-development CPN: [B-G473E-ZEST1S, B-WB1M-WPAN1, B-WL5M-SUBG1, NUCLEO-C031C6, NUCLEO-H503RB, NUCLEO-H563ZI, NUCLEO-U545RE-Q, NUCLEO-U5A5ZJ-Q, NUCLEO-WBA52CG, STEVAL-PROTEUS1, STEVAL-SMARTAG2, STEVAL-STWINBX1, STM320518-EVAL, STM32C0116-DK, STM32C011D6Y3TR, STM32C011D6Y6TR, STM32C011F4P3, STM32C011F4P6, STM32C011F4U3, STM32C011F4U6TR, STM32C011F6P3, STM32C011F6P6, STM32C011F6U3, STM32C011F6U6TR, STM32C011J4M3, STM32C011J4M6, STM32C011J6M3, STM32C011J6M6, STM32C0316-DK, STM32C031C4T3, STM32C031C4T6, STM32C031C4U3, STM32C031C4U6, STM32C031C6T3, STM32C031C6T6, STM32C031C6U3, STM32C031C6U6, STM32C031F4P3, STM32C031F4P6, STM32C031F6P3, STM32C031F6P6, STM32C031G4U3, STM32C031G4U6, STM32C031G6U3, STM32C031G6U6, STM32C031K4T3, STM32C031K4T6, STM32C031K4U3, STM32C031K4U6, STM32C031K6T3, STM32C031K6T6, STM32C031K6U3, STM32C031K6U6, STM32G071K8TXN, STM32G071K8UXN, STM32G081GBU6N, STM32G081KBT6N, STM32G081KBUXN, STM32G0B1CCT6N, STM32G0B1KCT6, STM32G0B1NEY6TR, STM32G0B1RCT6N, STM32G0C1CCT6, STM32G0C1CCT6N, STM32G0C1CCU6N, STM32G0C1CET6N, STM32G0C1CEU6N, STM32G0C1KCT6, STM32G0C1NEY6TR, STM32G0C1RCI6N, STM32G0C1RCT6N, STM32G0C1REI6N, STM32G0C1RET6N, STM32G0C1VCI6, STM32G0C1VEI6, STM32G471CCT6, STM32G471CCU6, STM32G471CET3, STM32G471CET6, STM32G471CEU3, STM32G471CEU6, STM32G471MCT6, STM32G471MET3, STM32G471MET6, STM32G471MEY6TR, STM32G471QCT6, STM32G471QET3, STM32G471RCT6, STM32G471RET3, STM32G471RET6, STM32G471VCH6, STM32G471VCI6, STM32G471VCT6, STM32G471VEH3, STM32G471VEH6, STM32G471VEI3, STM32G471VEI6, STM32G471VET3, STM32G471VET6, STM32G474CCT6, STM32H503CBT6, STM32H503CBU6, STM32H503EBY6TR, STM32H503KBU6, STM32H503RBT6, STM32H562AGI6, STM32H562AII6, STM32H562IGK6, STM32H562IGT6, STM32H562IIK6, STM32H562IIT6, STM32H562RGT6, STM32H562RGV6, STM32H562RIT6, STM32H562RIV6, STM32H562VGT6, STM32H562VIT6, STM32H562ZGT6, STM32H562ZIT6, STM32H563AGI6, STM32H563AII3Q, STM32H563AII6, STM32H563IGK6, STM32H563IGT6, STM32H563IIK3Q, STM32H563IIK6, STM32H563IIT3Q, STM32H563IIT6, STM32H563MIY3QTR, STM32H563RGT6, STM32H563RGV6, STM32H563RIT6, STM32H563RIV6, STM32H563VGT6, STM32H563VIT3Q, STM32H563VIT6, STM32H563ZGT6, STM32H563ZIT3Q, STM32H563ZIT6, STM32H573AII3Q, STM32H573AII6, STM32H573I-DK, STM32H573IIK3Q, STM32H573IIK6, STM32H573IIT3Q, STM32H573IIT6, STM32H573MIY3QTR, STM32H573RIT6, STM32H573RIV6, STM32H573VIT3Q, STM32H573VIT6, STM32H573ZIT3Q, STM32H573ZIT6, STM32L4R5QGI6STR, STM32MP131AAE3, STM32MP131AAF3, STM32MP131AAG3, STM32MP131CAE3, STM32MP131CAF3, STM32MP131CAG3, STM32MP131DAE7, STM32MP131DAF7, STM32MP131DAG7, STM32MP131FAE7, STM32MP131FAF7, STM32MP131FAG7, STM32MP133AAE3, STM32MP133AAF3, STM32MP133AAG3, STM32MP133CAE3, STM32MP133CAF3, STM32MP133CAG3, STM32MP133DAE7, STM32MP133DAF7, STM32MP133DAG7, STM32MP133FAE7, STM32MP133FAF7, STM32MP133FAG7, STM32MP135AAE3, STM32MP135AAF3, STM32MP135AAG3, STM32MP135CAE3, STM32MP135CAF3, STM32MP135CAG3, STM32MP135DAE7, STM32MP135DAF7, STM32MP135DAG7, STM32MP135F-DK, STM32MP135FAE7, STM32MP135FAF7, STM32MP135FAF7T, STM32MP135FAF7U, STM32MP135FAG7, STM32U535CBT6, STM32U535CBT6Q, STM32U535CBU6, STM32U535CBU6Q, STM32U535CCT6, STM32U535CCT6Q, STM32U535CCU6, STM32U535CCU6Q, STM32U535CET6, STM32U535CET6Q, STM32U535CEU6, STM32U535CEU6Q, STM32U535JEY6QTR, STM32U535NCY6QTR, STM32U535NEY6QTR, STM32U535RBI6, STM32U535RBI6Q, STM32U535RBT6, STM32U535RBT6Q, STM32U535RCI6, STM32U535RCI6Q, STM32U535RCT6, STM32U535RCT6Q, STM32U535REI6, STM32U535REI6Q, STM32U535RET6, STM32U535RET6Q, STM32U535VCI6, STM32U535VCI6Q, STM32U535VCT6, STM32U535VCT6Q, STM32U535VEI6, STM32U535VEI6Q, STM32U535VET6, STM32U535VET6Q, STM32U545CET6, STM32U545CET6Q, STM32U545CEU6, STM32U545CEU6Q, STM32U545JEY6QTR, STM32U545NEY6QTR, STM32U545REI6, STM32U545REI6Q, STM32U545RET6, STM32U545RET6Q, STM32U545VEI6, STM32U545VEI6Q, STM32U545VET6, STM32U545VET6Q, STM32U595AIH6, STM32U595AIH6Q, STM32U595AJH6, STM32U595AJH6Q, STM32U595QII6, STM32U595QII6Q, STM32U595QJI6, STM32U595QJI6Q, STM32U595RIT6, STM32U595RIT6Q, STM32U595RJT6, STM32U595RJT6Q, STM32U595VIT6, STM32U595VIT6Q, STM32U595VJT6, STM32U595VJT6Q, STM32U595ZIT6, STM32U595ZIT6Q, STM32U595ZIY6QTR, STM32U595ZJT6, STM32U595ZJT6Q, STM32U595ZJY6QTR, STM32U599BJY6QTR, STM32U599NIH6Q, STM32U599NJH6Q, STM32U599VIT6Q, STM32U599VJT6, STM32U599VJT6Q, STM32U599ZIT6Q, STM32U599ZIY6QTR, STM32U599ZJT6Q, STM32U599ZJY6QTR, STM32U5A5AJH6, STM32U5A5AJH6Q, STM32U5A5QJI6, STM32U5A5QJI6Q, STM32U5A5RJT6, STM32U5A5RJT6Q, STM32U5A5VJT6, STM32U5A5VJT6Q, STM32U5A5ZJT6, STM32U5A5ZJT6Q, STM32U5A5ZJY6QTR, STM32U5A9BJY6QTR, STM32U5A9J-DK, STM32U5A9NJH6Q, STM32U5A9VJT6Q, STM32U5A9ZJT6Q, STM32U5A9ZJY6QTR, STM32U5F7VIT6, STM32U5F7VIT6Q, STM32U5F7VJT6, STM32U5F7VJT6Q, STM32U5F9BJY6QTR, STM32U5F9NJH6Q, STM32U5F9VIT6Q, STM32U5F9VJT6Q, STM32U5F9ZIJ6QTR, STM32U5F9ZIT6Q, STM32U5F9ZJJ6QTR, STM32U5F9ZJT6Q, STM32U5G7VJT6, STM32U5G7VJT6Q, STM32U5G9BJY6QTR, STM32U5G9J-DK1, STM32U5G9J-DK2, STM32U5G9NJH6Q, STM32U5G9VJT6Q, STM32U5G9ZJJ6QTR, STM32U5G9ZJT6Q, STM32WB1MMCH6, STM32WBA52CEU6, STM32WBA52CEU6T, STM32WBA52CGU6, STM32WBA52CGU6T, STM32WBA52KEU6, STM32WBA52KEU6T, STM32WBA52KGU6, STM32WBA52KGU6T, STM32WL5MOCH6, STM32WL5MOCH6TR]
2024-08-07 15:11:11,912 [INFO] DbMcus:217 - Found 3848 MCUs, 3848 are supported
2024-08-07 15:11:11,913 [INFO] ApiDb:423 - Load user favorites file C:\Users\User/.stm32cubeide/favorites.mcus.txt: 0 item(s)
2024-08-07 15:11:11,913 [INFO] ApiDb:427 - User favorites MCUs=[]
2024-08-07 15:11:11,913 [INFO] DbMcus:223 - Set 0 / 0 favorites MCUs
2024-08-07 15:11:12,189 [WARN] ThirdParty:833 - waiting for thirdparty lock release [change project]
2024-08-07 15:11:12,189 [INFO] ThirdParty:835 - entering critical section [change project]
2024-08-07 15:11:12,190 [INFO] ThirdParty:1030 - CMSIS Pack Vendor :STMicroelectronics X-CUBE-ISPU 1.1.0
2024-08-07 15:11:12,190 [INFO] ThirdParty:1030 - CMSIS Pack Vendor :STMicroelectronics USBPD 4.1
2024-08-07 15:11:12,190 [INFO] ThirdParty:1030 - CMSIS Pack Vendor :STMicroelectronics X-CUBE-GNSS1 6.0.0
2024-08-07 15:11:12,190 [INFO] ThirdParty:1030 - CMSIS Pack Vendor :STMicroelectronics USB_HOST 2.0.0
2024-08-07 15:11:12,190 [INFO] ThirdParty:1030 - CMSIS Pack Vendor :STMicroelectronics FP-SNS-MOTENVWB1 1.4.0
2024-08-07 15:11:12,190 [INFO] ThirdParty:1030 - CMSIS Pack Vendor :STMicroelectronics X-CUBE-AZRTOS-F4 1.1.0
2024-08-07 15:11:12,190 [INFO] ThirdParty:1030 - CMSIS Pack Vendor :STMicroelectronics LIBJPEG 8.0.0
2024-08-07 15:11:12,190 [INFO] ThirdParty:1030 - CMSIS Pack Vendor :wolfSSL I-CUBE-wolfSSL 5.6.3
2024-08-07 15:11:12,190 [INFO] ThirdParty:1030 - CMSIS Pack Vendor :STMicroelectronics X-CUBE-SMBUS 2.1.0
2024-08-07 15:11:12,190 [INFO] ThirdParty:1030 - CMSIS Pack Vendor :STMicroelectronics USB_DEVICE 3.0.0
2024-08-07 15:11:12,190 [INFO] ThirdParty:1030 - CMSIS Pack Vendor :STMicroelectronics X-CUBE-TCPP 4.1.0
2024-08-07 15:11:12,190 [INFO] ThirdParty:1030 - CMSIS Pack Vendor :STMicroelectronics X-CUBE-FREERTOS 1.2.0
2024-08-07 15:11:12,190 [INFO] ThirdParty:1030 - CMSIS Pack Vendor :STMicroelectronics X-CUBE-AZRTOS-WB 2.0.0
2024-08-07 15:11:12,190 [INFO] ThirdParty:1030 - CMSIS Pack Vendor :STMicroelectronics X-CUBE-FREERTOS 1.0.1
2024-08-07 15:11:12,190 [INFO] ThirdParty:1030 - CMSIS Pack Vendor :STMicroelectronics X-CUBE-TOUCHGFX 4.23.0
2024-08-07 15:11:12,190 [INFO] ThirdParty:1030 - CMSIS Pack Vendor :STMicroelectronics X-CUBE-AZRTOS-F7 1.1.0
2024-08-07 15:11:12,190 [INFO] ThirdParty:1030 - CMSIS Pack Vendor :STMicroelectronics X-CUBE-AZRTOS-L5 2.0.0
2024-08-07 15:11:12,190 [INFO] ThirdParty:1030 - CMSIS Pack Vendor :STMicroelectronics USB_DEVICE 2.0.0
2024-08-07 15:11:12,190 [INFO] ThirdParty:1030 - CMSIS Pack Vendor :STMicroelectronics X-CUBE-MEMS1 9.6.0
2024-08-07 15:11:12,190 [INFO] ThirdParty:1030 - CMSIS Pack Vendor :STMicroelectronics X-CUBE-NFC6 3.1.0
2024-08-07 15:11:12,190 [INFO] ThirdParty:1030 - CMSIS Pack Vendor :ITTIA_DB I-CUBE-ITTIADB 8.8.0
2024-08-07 15:11:12,190 [INFO] ThirdParty:1030 - CMSIS Pack Vendor :STMicroelectronics FP-SNS-MOTENV1 4.3.2
2024-08-07 15:11:12,190 [INFO] ThirdParty:1030 - CMSIS Pack Vendor :STMicroelectronics X-CUBE-ALGOBUILD 1.3.0
2024-08-07 15:11:12,190 [INFO] ThirdParty:1030 - CMSIS Pack Vendor :STMicroelectronics X-CUBE-BLE1 6.2.4
2024-08-07 15:11:12,190 [INFO] ThirdParty:1030 - CMSIS Pack Vendor :STMicroelectronics X-CUBE-AZRTOS-L5 1.1.0
2024-08-07 15:11:12,190 [INFO] ThirdParty:1030 - CMSIS Pack Vendor :STMicroelectronics FreeRTOS 0.0.1
2024-08-07 15:11:12,190 [INFO] ThirdParty:1030 - CMSIS Pack Vendor :STMicroelectronics X-CUBE-AZRTOS-G0 1.1.0
2024-08-07 15:11:12,190 [INFO] ThirdParty:1030 - CMSIS Pack Vendor :STMicroelectronics X-CUBE-BLEMGR 2.0.0
2024-08-07 15:11:12,190 [INFO] ThirdParty:1030 - CMSIS Pack Vendor :STMicroelectronics X-CUBE-AI 8.0.1
2024-08-07 15:11:12,190 [INFO] ThirdParty:1030 - CMSIS Pack Vendor :STMicroelectronics X-CUBE-SAFEA1 1.2.2
2024-08-07 15:11:12,190 [INFO] ThirdParty:1030 - CMSIS Pack Vendor :STMicroelectronics X-CUBE-NFC4 3.0.0
2024-08-07 15:11:12,191 [INFO] ThirdParty:1030 - CMSIS Pack Vendor :STMicroelectronics X-CUBE-SUBG2 5.0.0
2024-08-07 15:11:12,191 [INFO] ThirdParty:1030 - CMSIS Pack Vendor :STMicroelectronics STM32_WPAN 1.0.0
2024-08-07 15:11:12,191 [INFO] ThirdParty:1030 - CMSIS Pack Vendor :STMicroelectronics lwIP 2.0.3
2024-08-07 15:11:12,191 [INFO] ThirdParty:1030 - CMSIS Pack Vendor :STMicroelectronics FP-SNS-FLIGHT1 5.0.2
2024-08-07 15:11:12,191 [INFO] ThirdParty:1030 - CMSIS Pack Vendor :Cesanta I-CUBE-Mongoose 7.13.0
2024-08-07 15:11:12,191 [INFO] ThirdParty:1030 - CMSIS Pack Vendor :STMicroelectronics USB_HOST 1.0.0
2024-08-07 15:11:12,191 [INFO] ThirdParty:1030 - CMSIS Pack Vendor :STMicroelectronics X-CUBE-TOF1 3.3.1
2024-08-07 15:11:12,191 [INFO] ThirdParty:1030 - CMSIS Pack Vendor :STMicroelectronics X-CUBE-AI 9.0.0
2024-08-07 15:11:12,191 [INFO] ThirdParty:1030 - CMSIS Pack Vendor :STMicroelectronics X-CUBE-AZRTOS-G4 2.0.0
2024-08-07 15:11:12,191 [INFO] ThirdParty:1030 - CMSIS Pack Vendor :STMicroelectronics PDM2PCM 3.1.0
2024-08-07 15:11:12,191 [INFO] ThirdParty:1030 - CMSIS Pack Vendor :STMicroelectronics X-CUBE-AZRTOS-H7 3.1.0
2024-08-07 15:11:12,191 [INFO] ThirdParty:1030 - CMSIS Pack Vendor :Infineon AIROC-Wi-Fi-Bluetooth-STM32 1.5.1
2024-08-07 15:11:12,191 [INFO] ThirdParty:1030 - CMSIS Pack Vendor :STMicroelectronics X-CUBE-BLEMGR 3.0.0
2024-08-07 15:11:12,191 [INFO] ThirdParty:1030 - CMSIS Pack Vendor :STMicroelectronics PDM2PCM 3.3.0
2024-08-07 15:11:12,191 [INFO] ThirdParty:1030 - CMSIS Pack Vendor :STMicroelectronics X-CUBE-DISPLAY 3.0.0
2024-08-07 15:11:12,191 [INFO] ThirdParty:1030 - CMSIS Pack Vendor :STMicroelectronics FP-SNS-MOTENVWB1 1.3.1
2024-08-07 15:11:12,191 [INFO] ThirdParty:1030 - CMSIS Pack Vendor :STMicroelectronics X-CUBE-BLE1 7.0.0
2024-08-07 15:11:12,191 [INFO] ThirdParty:1030 - CMSIS Pack Vendor :STMicroelectronics FP-ATR-SIGFOX1 3.2.0
2024-08-07 15:11:12,191 [INFO] ThirdParty:1030 - CMSIS Pack Vendor :STMicroelectronics X-CUBE-ISPU 2.0.0
2024-08-07 15:11:12,191 [INFO] ThirdParty:1030 - CMSIS Pack Vendor :STMicroelectronics X-CUBE-EEPRMA1 5.1.0
2024-08-07 15:11:12,191 [INFO] ThirdParty:1030 - CMSIS Pack Vendor :STMicroelectronics HAL Drivers 0.0.0
2024-08-07 15:11:12,191 [INFO] ThirdParty:1030 - CMSIS Pack Vendor :STMicroelectronics MBEDTLS 2.16.2
2024-08-07 15:11:12,191 [INFO] ThirdParty:1030 - CMSIS Pack Vendor :STMicroelectronics X-CUBE-ALS 1.0.2
2024-08-07 15:11:12,191 [INFO] ThirdParty:1030 - CMSIS Pack Vendor :emotas I-CUBE-CANOPEN 1.3.0
2024-08-07 15:11:12,191 [INFO] ThirdParty:1030 - CMSIS Pack Vendor :STMicroelectronics X-CUBE-MEMS1 10.0.0
2024-08-07 15:11:12,191 [INFO] ThirdParty:1030 - CMSIS Pack Vendor :STMicroelectronics X-CUBE-FREERTOS 1.1.0
2024-08-07 15:11:12,191 [INFO] ThirdParty:1030 - CMSIS Pack Vendor :STMicroelectronics X-CUBE-TOUCHGFX 4.22.0
2024-08-07 15:11:12,191 [INFO] ThirdParty:1030 - CMSIS Pack Vendor :STMicroelectronics X-CUBE-NFC7 1.0.1
2024-08-07 15:11:12,191 [INFO] ThirdParty:1030 - CMSIS Pack Vendor :STMicroelectronics MBEDTLS 2.14.1
2024-08-07 15:11:12,191 [INFO] ThirdParty:1030 - CMSIS Pack Vendor :STMicroelectronics X-CUBE-TOUCHGFX 4.24.0
2024-08-07 15:11:12,191 [INFO] ThirdParty:1030 - CMSIS Pack Vendor :STMicroelectronics X-CUBE-TOUCHGFX 4.22.1
2024-08-07 15:11:12,191 [INFO] ThirdParty:1030 - CMSIS Pack Vendor :wolfSSL I-CUBE-wolfTPM 3.2.0
2024-08-07 15:11:12,191 [INFO] ThirdParty:1030 - CMSIS Pack Vendor :STMicroelectronics X-CUBE-NFC6 3.0.0
2024-08-07 15:11:12,191 [INFO] ThirdParty:1030 - CMSIS Pack Vendor :STMicroelectronics X-CUBE-EEPRMA1 4.1.0
2024-08-07 15:11:12,191 [INFO] ThirdParty:1030 - CMSIS Pack Vendor :portGmbH I-Cube-SoM-uGOAL 1.1.0
2024-08-07 15:11:12,191 [INFO] ThirdParty:1030 - CMSIS Pack Vendor :STMicroelectronics X-CUBE-ALS 1.0.1
2024-08-07 15:11:12,191 [INFO] ThirdParty:1030 - CMSIS Pack Vendor :STMicroelectronics X-CUBE-BLEMGR 3.1.0
2024-08-07 15:11:12,192 [INFO] ThirdParty:1030 - CMSIS Pack Vendor :STMicroelectronics ThreadX 1.0.0
2024-08-07 15:11:12,192 [INFO] ThirdParty:1030 - CMSIS Pack Vendor :STMicroelectronics FP-SNS-SMARTAG2 1.2.0
2024-08-07 15:11:12,192 [INFO] ThirdParty:1030 - CMSIS Pack Vendor :STMicroelectronics X-CUBE-AZRTOS-WB 1.1.0
2024-08-07 15:11:12,192 [INFO] ThirdParty:1030 - CMSIS Pack Vendor :STMicroelectronics X-CUBE-AZRTOS-WL 2.0.0
2024-08-07 15:11:12,192 [INFO] ThirdParty:1030 - CMSIS Pack Vendor :SEGGER I-CUBE-embOS 1.3.1
2024-08-07 15:11:12,192 [INFO] ThirdParty:1030 - CMSIS Pack Vendor :STMicroelectronics X-CUBE-ALGOBUILD 1.4.0
2024-08-07 15:11:12,192 [INFO] ThirdParty:1030 - CMSIS Pack Vendor :STMicroelectronics FP-SNS-MOTENV1 5.0.0
2024-08-07 15:11:12,192 [INFO] ThirdParty:1030 - CMSIS Pack Vendor :STMicroelectronics USB_DEVICE 1.0.0
2024-08-07 15:11:12,192 [INFO] ThirdParty:1030 - CMSIS Pack Vendor :STMicroelectronics X-CUBE-AI 8.1.0
2024-08-07 15:11:12,192 [INFO] ThirdParty:1030 - CMSIS Pack Vendor :STMicroelectronics X-CUBE-AZRTOS-H7RS 1.0.0
2024-08-07 15:11:12,192 [INFO] ThirdParty:1030 - CMSIS Pack Vendor :wolfSSL I-CUBE-wolfMQTT 1.19.0
2024-08-07 15:11:12,192 [INFO] ThirdParty:1030 - CMSIS Pack Vendor :STMicroelectronics X-CUBE-AZRTOS-L4 2.0.0
2024-08-07 15:11:12,192 [INFO] ThirdParty:1030 - CMSIS Pack Vendor :STMicroelectronics ThreadX 0.0.2
2024-08-07 15:11:12,192 [INFO] ThirdParty:1030 - CMSIS Pack Vendor :WES I-CUBE-Cesium 1.3.0
2024-08-07 15:11:12,192 [INFO] ThirdParty:1030 - CMSIS Pack Vendor :STMicroelectronics FP-ATR-ASTRA1 2.0.0
2024-08-07 15:11:12,192 [INFO] ThirdParty:1030 - CMSIS Pack Vendor :STMicroelectronics lwIP 2.1.2
2024-08-07 15:11:12,192 [INFO] ThirdParty:1030 - CMSIS Pack Vendor :STMicroelectronics X-CUBE-SFXS2LP1 4.0.0
2024-08-07 15:11:12,192 [INFO] ThirdParty:1030 - CMSIS Pack Vendor :STMicroelectronics X-CUBE-BLE2 3.3.0
2024-08-07 15:11:12,192 [INFO] ThirdParty:1030 - CMSIS Pack Vendor :STMicroelectronics X-CUBE-TOF1 3.4.0
2024-08-07 15:11:12,192 [INFO] ThirdParty:1030 - CMSIS Pack Vendor :STMicroelectronics X-CUBE-AZRTOS-H7 3.2.0
2024-08-07 15:11:12,192 [INFO] ThirdParty:1030 - CMSIS Pack Vendor :STMicroelectronics PDM2PCM 3.2.0
2024-08-07 15:11:12,192 [INFO] ThirdParty:1030 - CMSIS Pack Vendor :wolfSSL I-CUBE-wolfSSH 1.4.17
2024-08-07 15:11:12,192 [INFO] ThirdParty:841 - exiting critical section [change project]
2024-08-07 15:11:12,624 [INFO] PinOutPanel:1499 - setPackage(No Configuration,No Configuration)
2024-08-07 15:11:12,626 [INFO] PinOutPanel:1499 - setPackage(STM32F767ZITx,LQFP144)
2024-08-07 15:11:13,157 [INFO] UtilMem:75 - Before build in PCC Used Memory: 381640536 Bytes (566231040)
2024-08-07 15:11:14,114 [INFO] UtilMem:75 - After build in PCC Used Memory: 356545376 Bytes (566231040)
2024-08-07 15:11:14,142 [INFO] IPUIPlugin:80 - create IPUIPlugin
2024-08-07 15:11:14,142 [INFO] IPUIPlugin:80 - create IPUIPlugin
2024-08-07 15:11:14,142 [INFO] IPUIPlugin:80 - create IPUIPlugin
2024-08-07 15:11:14,142 [INFO] IPUIPlugin:80 - create IPUIPlugin
2024-08-07 15:11:14,142 [INFO] IPUIPlugin:80 - create IPUIPlugin
2024-08-07 15:11:14,142 [INFO] IPUIPlugin:80 - create IPUIPlugin
2024-08-07 15:11:14,142 [INFO] IPUIPlugin:80 - create IPUIPlugin
2024-08-07 15:11:14,143 [INFO] IPUIPlugin:80 - create IPUIPlugin
2024-08-07 15:11:14,143 [INFO] IPUIPlugin:80 - create IPUIPlugin
2024-08-07 15:11:14,143 [INFO] IPUIPlugin:80 - create IPUIPlugin
2024-08-07 15:11:14,143 [INFO] IPUIPlugin:80 - create IPUIPlugin
2024-08-07 15:11:14,143 [INFO] IPUIPlugin:80 - create IPUIPlugin
2024-08-07 15:11:14,143 [INFO] IPUIPlugin:80 - create IPUIPlugin
2024-08-07 15:11:14,143 [INFO] IPUIPlugin:80 - create IPUIPlugin
2024-08-07 15:11:14,143 [INFO] IPUIPlugin:80 - create IPUIPlugin
2024-08-07 15:11:14,143 [INFO] IPUIPlugin:80 - create IPUIPlugin
2024-08-07 15:11:14,143 [INFO] IPUIPlugin:80 - create IPUIPlugin
2024-08-07 15:11:14,143 [INFO] IPUIPlugin:80 - create IPUIPlugin
2024-08-07 15:11:14,143 [INFO] IPUIPlugin:80 - create IPUIPlugin
2024-08-07 15:11:14,143 [INFO] IPUIPlugin:80 - create IPUIPlugin
2024-08-07 15:11:14,143 [INFO] IPUIPlugin:80 - create IPUIPlugin
2024-08-07 15:11:14,144 [INFO] IPUIPlugin:80 - create IPUIPlugin
2024-08-07 15:11:14,144 [INFO] IPUIPlugin:80 - create IPUIPlugin
2024-08-07 15:11:14,144 [INFO] IPUIPlugin:80 - create IPUIPlugin
2024-08-07 15:11:14,144 [INFO] IPUIPlugin:80 - create IPUIPlugin
2024-08-07 15:11:14,144 [INFO] IPUIPlugin:80 - create IPUIPlugin
2024-08-07 15:11:14,144 [INFO] IPUIPlugin:80 - create IPUIPlugin
2024-08-07 15:11:14,144 [INFO] IPUIPlugin:80 - create IPUIPlugin
2024-08-07 15:11:14,144 [INFO] IPUIPlugin:80 - create IPUIPlugin
2024-08-07 15:11:14,144 [INFO] IPUIPlugin:80 - create IPUIPlugin
2024-08-07 15:11:14,144 [INFO] IPUIPlugin:80 - create IPUIPlugin
2024-08-07 15:11:14,145 [INFO] IPUIPlugin:80 - create IPUIPlugin
2024-08-07 15:11:14,145 [INFO] IPUIPlugin:80 - create IPUIPlugin
2024-08-07 15:11:14,145 [INFO] IPUIPlugin:80 - create IPUIPlugin
2024-08-07 15:11:14,145 [INFO] IPUIPlugin:80 - create IPUIPlugin
2024-08-07 15:11:14,145 [INFO] IPUIPlugin:80 - create IPUIPlugin
2024-08-07 15:11:14,145 [INFO] IPUIPlugin:80 - create IPUIPlugin
2024-08-07 15:11:14,146 [INFO] IPUIPlugin:80 - create IPUIPlugin
2024-08-07 15:11:14,146 [INFO] IPUIPlugin:80 - create IPUIPlugin
2024-08-07 15:11:14,146 [INFO] IPUIPlugin:80 - create IPUIPlugin
2024-08-07 15:11:14,146 [INFO] IPUIPlugin:80 - create IPUIPlugin
2024-08-07 15:11:14,146 [INFO] IPUIPlugin:80 - create IPUIPlugin
2024-08-07 15:11:14,147 [INFO] IPUIPlugin:80 - create IPUIPlugin
2024-08-07 15:11:14,147 [INFO] IPUIPlugin:80 - create IPUIPlugin
2024-08-07 15:11:14,147 [INFO] IPUIPlugin:80 - create IPUIPlugin
2024-08-07 15:11:14,147 [INFO] IPUIPlugin:80 - create IPUIPlugin
2024-08-07 15:11:14,147 [INFO] IPUIPlugin:80 - create IPUIPlugin
2024-08-07 15:11:14,147 [INFO] IPUIPlugin:80 - create IPUIPlugin
2024-08-07 15:11:14,147 [INFO] IPUIPlugin:80 - create IPUIPlugin
2024-08-07 15:11:14,147 [INFO] IPUIPlugin:80 - create IPUIPlugin
2024-08-07 15:11:14,148 [INFO] IPUIPlugin:80 - create IPUIPlugin
2024-08-07 15:11:14,148 [INFO] IPUIPlugin:80 - create IPUIPlugin
2024-08-07 15:11:14,148 [INFO] IPUIPlugin:80 - create IPUIPlugin
2024-08-07 15:11:14,148 [INFO] IPUIPlugin:80 - create IPUIPlugin
2024-08-07 15:11:14,149 [INFO] IPUIPlugin:80 - create IPUIPlugin
2024-08-07 15:11:14,149 [INFO] IPUIPlugin:80 - create IPUIPlugin
2024-08-07 15:11:14,149 [INFO] IPUIPlugin:80 - create IPUIPlugin
2024-08-07 15:11:14,149 [INFO] IPUIPlugin:80 - create IPUIPlugin
2024-08-07 15:11:14,149 [INFO] IPUIPlugin:80 - create IPUIPlugin
2024-08-07 15:11:14,150 [INFO] IPUIPlugin:80 - create IPUIPlugin
2024-08-07 15:11:14,150 [INFO] IPUIPlugin:80 - create IPUIPlugin
2024-08-07 15:11:14,150 [INFO] IPUIPlugin:80 - create IPUIPlugin
2024-08-07 15:11:14,150 [INFO] IPUIPlugin:80 - create IPUIPlugin
2024-08-07 15:11:14,150 [INFO] IPUIPlugin:80 - create IPUIPlugin
2024-08-07 15:11:14,151 [INFO] IPUIPlugin:80 - create IPUIPlugin
2024-08-07 15:11:14,151 [INFO] IPUIPlugin:80 - create IPUIPlugin
2024-08-07 15:11:14,151 [INFO] IPUIPlugin:80 - create IPUIPlugin
2024-08-07 15:11:14,151 [INFO] IPUIPlugin:80 - create IPUIPlugin
2024-08-07 15:11:14,152 [INFO] IPUIPlugin:80 - create IPUIPlugin
2024-08-07 15:11:14,152 [INFO] IPUIPlugin:80 - create IPUIPlugin
2024-08-07 15:11:14,152 [INFO] IPUIPlugin:80 - create IPUIPlugin
2024-08-07 15:11:14,152 [INFO] IPUIPlugin:80 - create IPUIPlugin
2024-08-07 15:11:14,153 [INFO] IPUIPlugin:80 - create IPUIPlugin
2024-08-07 15:11:14,153 [INFO] IPUIPlugin:80 - create IPUIPlugin
2024-08-07 15:11:14,153 [INFO] IPUIPlugin:80 - create IPUIPlugin
2024-08-07 15:11:14,153 [INFO] IPUIPlugin:80 - create IPUIPlugin
2024-08-07 15:11:14,154 [INFO] IPUIPlugin:80 - create IPUIPlugin
2024-08-07 15:11:14,154 [INFO] IPUIPlugin:80 - create IPUIPlugin
2024-08-07 15:11:14,154 [INFO] IPUIPlugin:80 - create IPUIPlugin
2024-08-07 15:11:14,290 [INFO] ApiDbMcu:507 - Load IP Config File for PDM2PCM
2024-08-07 15:11:14,469 [INFO] CADModel:165 - CPN selected for project levelSTM32F767ZIT6
2024-08-07 15:11:14,469 [INFO] CADModel:114 - Register for checkConnection events
2024-08-07 15:11:14,525 [INFO] OpenFileManager:328 - Restore cursor
2024-08-07 15:11:27,186 [INFO] Gpio:273 - dependency for GPIO []
