2024-08-22 10:20:55,507 [INFO] Activator:176 - 


2024-08-22 10:20:55,514 [INFO] Activator:177 - !SESSION log4j initialized
2024-08-22 10:21:01,165 [INFO] LogOutputStream:77 - [STDOUT_REDIRECT] 
2024-08-22 10:21:08,066 [INFO] ApplicationProperties:184 - Using Application install path: C:\ST\STM32CubeIDE_1.13.0\STM32CubeIDE\plugins\com.st.stm32cube.common.mx_6.9.2.202309101412
2024-08-22 10:21:08,082 [INFO] DbMcusXml:78 - Set database path to: C:\ST\STM32CubeIDE_1.13.0\STM32CubeIDE\plugins\com.st.stm32cube.common.mx_6.9.2.202309101412\\db\/mcu/
2024-08-22 10:21:08,082 [INFO] ApiDb:274 - Set plugin database path to: C:\ST\STM32CubeIDE_1.13.0\STM32CubeIDE\plugins\com.st.stm32cube.common.mx_6.9.2.202309101412\\db\/plugins/boardmanager/
2024-08-22 10:21:08,082 [WARN] ApiDb:259 - Overriding images path with different value:  => C:\ST\STM32CubeIDE_1.13.0\STM32CubeIDE\plugins\com.st.stm32cube.common.mx_6.9.2.202309101412\\db\/plugins/mcufinder/images/
2024-08-22 10:21:08,098 [INFO] ApiDb:250 - Set database path to: C:\Users\User\.stmcufinder\plugins\mcufinder//mcu/
2024-08-22 10:21:08,098 [INFO] DbMcusAds:125 - Set database path to: C:\Users\User\.stmcufinder\plugins\mcufinder//mcu/
2024-08-22 10:21:08,098 [INFO] CrossReferenceDbSqlite:203 - Set database path to: C:\Users\User\.stmcufinder\plugins\mcufinder//mcu/cs/
2024-08-22 10:21:08,203 [INFO] RulesReader:64 - Compatibility file has been processed (293 Rules)
2024-08-22 10:21:08,301 [INFO] DbMcusXml:78 - Set database path to: C:\ST\STM32CubeIDE_1.13.0\STM32CubeIDE\plugins\com.st.stm32cube.common.mx_6.9.2.202309101412\\db\/mcu/
2024-08-22 10:21:08,301 [INFO] ApiDb:274 - Set plugin database path to: C:\ST\STM32CubeIDE_1.13.0\STM32CubeIDE\plugins\com.st.stm32cube.common.mx_6.9.2.202309101412\\db\/plugins/boardmanager/
2024-08-22 10:21:08,301 [INFO] ApiDb:261 - Set plugin images path to: C:\ST\STM32CubeIDE_1.13.0\STM32CubeIDE\plugins\com.st.stm32cube.common.mx_6.9.2.202309101412\\db\/plugins/mcufinder/images/
2024-08-22 10:21:08,301 [WARN] DbFile:41 - Overriding database path with different value: C:\Users\User\.stmcufinder\plugins\mcufinder/ => C:\Users\User\.stmcufinder\plugins\mcufinder
2024-08-22 10:21:08,301 [INFO] ApiDb:250 - Set database path to: C:\Users\User\.stmcufinder\plugins\mcufinder//mcu/
2024-08-22 10:21:08,301 [WARN] DbFile:41 - Overriding database path with different value: C:\Users\User\.stmcufinder\plugins\mcufinder/ => C:\Users\User\.stmcufinder\plugins\mcufinder
2024-08-22 10:21:08,301 [INFO] DbMcusAds:125 - Set database path to: C:\Users\User\.stmcufinder\plugins\mcufinder//mcu/
2024-08-22 10:21:08,301 [WARN] DbFile:41 - Overriding database path with different value: C:\Users\User\.stmcufinder\plugins\mcufinder/ => C:\Users\User\.stmcufinder\plugins\mcufinder
2024-08-22 10:21:08,301 [WARN] DbFile:41 - Overriding database path with different value: C:\Users\User\.stmcufinder\plugins\mcufinder/ => C:\Users\User\.stmcufinder\plugins\mcufinder
2024-08-22 10:21:08,301 [INFO] CrossReferenceDbSqlite:203 - Set database path to: C:\Users\User\.stmcufinder\plugins\mcufinder//mcu/cs/
2024-08-22 10:21:08,392 [INFO] MainPanel:262 - HeapMemory: 268435456
2024-08-22 10:21:08,498 [INFO] DbMcusXml:78 - Set database path to: C:\ST\STM32CubeIDE_1.13.0\STM32CubeIDE\plugins\com.st.stm32cube.common.mx_6.9.2.202309101412\\db\/mcu/
2024-08-22 10:21:08,498 [INFO] ApiDb:274 - Set plugin database path to: C:\ST\STM32CubeIDE_1.13.0\STM32CubeIDE\plugins\com.st.stm32cube.common.mx_6.9.2.202309101412\\db\/plugins/boardmanager/
2024-08-22 10:21:08,498 [INFO] ApiDb:261 - Set plugin images path to: C:\ST\STM32CubeIDE_1.13.0\STM32CubeIDE\plugins\com.st.stm32cube.common.mx_6.9.2.202309101412\\db\/plugins/mcufinder/images/
2024-08-22 10:21:08,498 [WARN] DbFile:41 - Overriding database path with different value: C:\Users\User\.stmcufinder\plugins\mcufinder/ => C:\Users\User\.stmcufinder\plugins\mcufinder
2024-08-22 10:21:08,498 [INFO] ApiDb:250 - Set database path to: C:\Users\User\.stmcufinder\plugins\mcufinder//mcu/
2024-08-22 10:21:08,498 [WARN] DbFile:41 - Overriding database path with different value: C:\Users\User\.stmcufinder\plugins\mcufinder/ => C:\Users\User\.stmcufinder\plugins\mcufinder
2024-08-22 10:21:08,498 [INFO] DbMcusAds:125 - Set database path to: C:\Users\User\.stmcufinder\plugins\mcufinder//mcu/
2024-08-22 10:21:08,500 [WARN] DbFile:41 - Overriding database path with different value: C:\Users\User\.stmcufinder\plugins\mcufinder/ => C:\Users\User\.stmcufinder\plugins\mcufinder
2024-08-22 10:21:08,500 [WARN] DbFile:41 - Overriding database path with different value: C:\Users\User\.stmcufinder\plugins\mcufinder/ => C:\Users\User\.stmcufinder\plugins\mcufinder
2024-08-22 10:21:08,500 [INFO] CrossReferenceDbSqlite:203 - Set database path to: C:\Users\User\.stmcufinder\plugins\mcufinder//mcu/cs/
2024-08-22 10:21:08,520 [INFO] ApplicationProperties:184 - Using Application install path: C:\ST\STM32CubeIDE_1.13.0\STM32CubeIDE\plugins\com.st.stm32cube.common.mx_6.9.2.202309101412
2024-08-22 10:21:08,520 [INFO] PluginManage:196 - Search for loadable plugins [exclusion list=, ]
2024-08-22 10:21:08,522 [INFO] PluginManage:310 - Check plugin analytics
2024-08-22 10:21:08,701 [INFO] AnalyticsPlugin:253 - Accepted Software Licenses: 
2024-08-22 10:21:08,701 [INFO] AnalyticsPlugin:255 - Accepted CMSIS Pack Licenses: 
2024-08-22 10:21:08,701 [INFO] AnalyticsPlugin:257 - Accepted Firmware Licenses: FW.F7.1.17.0,FW.F4.1.27.0
2024-08-22 10:21:08,701 [INFO] PluginManage:359 - Loaded plugin analytics (category:tool,tabindex:-1)
2024-08-22 10:21:08,701 [INFO] PluginManage:310 - Check plugin cadmodel
2024-08-22 10:21:08,749 [INFO] CADModel:105 - Init CAD model plugin
2024-08-22 10:21:08,749 [INFO] PluginManage:359 - Loaded plugin cadmodel (category:power,tabindex:5)
2024-08-22 10:21:08,749 [INFO] PluginManage:310 - Check plugin clock
2024-08-22 10:21:08,773 [INFO] PluginManage:359 - Loaded plugin clock (category:base,tabindex:2)
2024-08-22 10:21:08,773 [INFO] PluginManage:310 - Check plugin ddr
2024-08-22 10:21:08,773 [INFO] PluginManage:359 - Loaded plugin ddr (category:tool,tabindex:6)
2024-08-22 10:21:08,773 [INFO] PluginManage:310 - Check plugin filemanager
2024-08-22 10:21:08,909 [INFO] PluginManage:359 - Loaded plugin filemanager (category:base,tabindex:10)
2024-08-22 10:21:08,909 [INFO] PluginManage:310 - Check plugin ipmanager
2024-08-22 10:21:08,917 [INFO] PluginManage:359 - Loaded plugin ipmanager (category:base,tabindex:5)
2024-08-22 10:21:08,917 [INFO] PluginManage:310 - Check plugin lpbam
2024-08-22 10:21:08,933 [INFO] PluginManage:359 - Loaded plugin lpbam (category:base,tabindex:0)
2024-08-22 10:21:08,933 [INFO] PluginManage:310 - Check plugin memorymap
2024-08-22 10:21:08,959 [INFO] PluginManage:359 - Loaded plugin memorymap (category:base,tabindex:4)
2024-08-22 10:21:08,959 [INFO] PluginManage:310 - Check plugin pinoutandconfiguration
2024-08-22 10:21:08,973 [INFO] PluginManage:359 - Loaded plugin pinoutandconfiguration (category:base,tabindex:1)
2024-08-22 10:21:08,973 [INFO] PluginManage:310 - Check plugin pinoutconfig
2024-08-22 10:21:09,062 [WARN] SupportedApi:132 - Cannot load RTOS API schema: s4s-elt-must-match.1: The content of 'definitions' must match (annotation?, (simpleType | complexType)?, (unique | key | keyref)*)). A problem was found starting at: attribute.
2024-08-22 10:21:09,191 [INFO] PluginManage:359 - Loaded plugin pinoutconfig (category:base,tabindex:0)
2024-08-22 10:21:09,191 [INFO] PluginManage:310 - Check plugin power
2024-08-22 10:21:09,207 [INFO] PluginManage:359 - Loaded plugin power (category:power,tabindex:4)
2024-08-22 10:21:09,207 [INFO] PluginManage:310 - Check plugin projectmanager
2024-08-22 10:21:09,228 [INFO] PluginManage:359 - Loaded plugin projectmanager (category:projectmanager,tabindex:3)
2024-08-22 10:21:09,228 [INFO] PluginManage:310 - Check plugin thirdparty
2024-08-22 10:21:09,500 [INFO] PluginManage:359 - Loaded plugin thirdparty (category:base,tabindex:-1)
2024-08-22 10:21:09,501 [INFO] PluginManage:310 - Check plugin tools
2024-08-22 10:21:09,500 [WARN] IntegrityCheckThread:84 - waiting for thirdparty lock release [integrity check]
2024-08-22 10:21:09,501 [INFO] IntegrityCheckThread:86 - entering critical section [integrity check]
2024-08-22 10:21:09,501 [INFO] ThirdPartyUpdaterWithRetryManager:70 - Updater plugin not ready yet. [1/15]
2024-08-22 10:21:09,533 [INFO] PluginManage:359 - Loaded plugin tools (category:base,tabindex:7)
2024-08-22 10:21:09,533 [INFO] PluginManage:310 - Check plugin tutovideos
2024-08-22 10:21:09,730 [INFO] PluginManage:359 - Loaded plugin tutovideos (category:base,tabindex:-1)
2024-08-22 10:21:09,730 [INFO] PluginManage:310 - Check plugin updater
2024-08-22 10:21:09,743 [INFO] PluginManage:359 - Loaded plugin updater (category:base,tabindex:12)
2024-08-22 10:21:09,743 [INFO] PluginManage:310 - Check plugin userauth
2024-08-22 10:21:09,743 [INFO] UserAuth:113 - Init User Auth plugin
2024-08-22 10:21:09,743 [INFO] PluginManage:359 - Loaded plugin userauth (category:base,tabindex:14)
2024-08-22 10:21:09,743 [INFO] PluginManage:283 - PluginManage : Loaded plugins [17]
2024-08-22 10:21:10,005 [INFO] PinOutPanel:1499 - setPackage(No Configuration,No Configuration)
2024-08-22 10:21:10,152 [INFO] CADModel:165 - CPN selected for project level
2024-08-22 10:21:10,152 [INFO] CADModel:114 - Register for checkConnection events
2024-08-22 10:21:10,183 [INFO] IPUIPlugin:80 - create IPUIPlugin
2024-08-22 10:21:10,183 [INFO] PluginManager:220 - loadIPPluginJar : add adc
2024-08-22 10:21:10,218 [INFO] IPUIPlugin:80 - create IPUIPlugin
2024-08-22 10:21:10,218 [INFO] PluginManager:220 - loadIPPluginJar : add aes
2024-08-22 10:21:10,261 [INFO] IPUIPlugin:80 - create IPUIPlugin
2024-08-22 10:21:10,261 [INFO] PluginManager:220 - loadIPPluginJar : add can
2024-08-22 10:21:10,283 [INFO] IPUIPlugin:80 - create IPUIPlugin
2024-08-22 10:21:10,284 [INFO] PluginManager:220 - loadIPPluginJar : add comp
2024-08-22 10:21:10,335 [INFO] IPUIPlugin:80 - create IPUIPlugin
2024-08-22 10:21:10,335 [INFO] PluginManager:220 - loadIPPluginJar : add cryp
2024-08-22 10:21:10,368 [INFO] IPUIPlugin:80 - create IPUIPlugin
2024-08-22 10:21:10,369 [INFO] PluginManager:220 - loadIPPluginJar : add dfsdm
2024-08-22 10:21:10,382 [INFO] IPUIPlugin:80 - create IPUIPlugin
2024-08-22 10:21:10,383 [INFO] PluginManager:220 - loadIPPluginJar : add dma
2024-08-22 10:21:10,420 [INFO] IPUIPlugin:80 - create IPUIPlugin
2024-08-22 10:21:10,420 [INFO] PluginManager:220 - loadIPPluginJar : add dma3
2024-08-22 10:21:10,440 [INFO] IPUIPlugin:80 - create IPUIPlugin
2024-08-22 10:21:10,440 [INFO] PluginManager:220 - loadIPPluginJar : add fatfs
2024-08-22 10:21:10,477 [INFO] IPUIPlugin:80 - create IPUIPlugin
2024-08-22 10:21:10,477 [INFO] PluginManager:220 - loadIPPluginJar : add fmc
2024-08-22 10:21:10,490 [INFO] IPUIPlugin:80 - create IPUIPlugin
2024-08-22 10:21:10,490 [INFO] PluginManager:220 - loadIPPluginJar : add freertos
2024-08-22 10:21:10,508 [INFO] IPUIPlugin:80 - create IPUIPlugin
2024-08-22 10:21:10,508 [INFO] PluginManager:220 - loadIPPluginJar : add genericplugin
2024-08-22 10:21:10,587 [INFO] IPUIPlugin:80 - create IPUIPlugin
2024-08-22 10:21:10,588 [INFO] PluginManager:220 - loadIPPluginJar : add gfxmmu
2024-08-22 10:21:10,679 [INFO] IPUIPlugin:80 - create IPUIPlugin
2024-08-22 10:21:10,680 [INFO] PluginManager:220 - loadIPPluginJar : add gic
2024-08-22 10:21:10,705 [INFO] IPUIPlugin:80 - create IPUIPlugin
2024-08-22 10:21:10,705 [INFO] PluginManager:220 - loadIPPluginJar : add gpio
2024-08-22 10:21:10,775 [INFO] IPUIPlugin:80 - create IPUIPlugin
2024-08-22 10:21:10,775 [INFO] PluginManager:220 - loadIPPluginJar : add gtzc
2024-08-22 10:21:10,805 [INFO] IPUIPlugin:80 - create IPUIPlugin
2024-08-22 10:21:10,805 [INFO] PluginManager:220 - loadIPPluginJar : add hash
2024-08-22 10:21:10,850 [INFO] IPUIPlugin:80 - create IPUIPlugin
2024-08-22 10:21:10,850 [INFO] PluginManager:220 - loadIPPluginJar : add i2c
2024-08-22 10:21:10,881 [INFO] IPUIPlugin:80 - create IPUIPlugin
2024-08-22 10:21:10,881 [INFO] PluginManager:220 - loadIPPluginJar : add i2s
2024-08-22 10:21:10,914 [INFO] IPUIPlugin:80 - create IPUIPlugin
2024-08-22 10:21:10,914 [INFO] PluginManager:220 - loadIPPluginJar : add i3c
2024-08-22 10:21:11,006 [INFO] IPUIPlugin:80 - create IPUIPlugin
2024-08-22 10:21:11,006 [INFO] PluginManager:220 - loadIPPluginJar : add ipddr
2024-08-22 10:21:11,096 [INFO] IPUIPlugin:80 - create IPUIPlugin
2024-08-22 10:21:11,096 [INFO] PluginManager:220 - loadIPPluginJar : add linkedlist
2024-08-22 10:21:11,124 [INFO] IPUIPlugin:80 - create IPUIPlugin
2024-08-22 10:21:11,124 [INFO] PluginManager:220 - loadIPPluginJar : add lorawan
2024-08-22 10:21:11,153 [INFO] IPUIPlugin:80 - create IPUIPlugin
2024-08-22 10:21:11,153 [INFO] PluginManager:220 - loadIPPluginJar : add ltdc
2024-08-22 10:21:11,166 [INFO] IPUIPlugin:80 - create IPUIPlugin
2024-08-22 10:21:11,166 [INFO] PluginManager:220 - loadIPPluginJar : add mdma
2024-08-22 10:21:11,177 [INFO] IPUIPlugin:80 - create IPUIPlugin
2024-08-22 10:21:11,177 [INFO] PluginManager:220 - loadIPPluginJar : add nvic
2024-08-22 10:21:11,207 [INFO] IPUIPlugin:80 - create IPUIPlugin
2024-08-22 10:21:11,207 [INFO] PluginManager:220 - loadIPPluginJar : add opamp
2024-08-22 10:21:11,269 [INFO] IPUIPlugin:80 - create IPUIPlugin
2024-08-22 10:21:11,269 [INFO] PluginManager:220 - loadIPPluginJar : add openamp
2024-08-22 10:21:11,302 [INFO] IPUIPlugin:80 - create IPUIPlugin
2024-08-22 10:21:11,302 [INFO] PluginManager:220 - loadIPPluginJar : add pdm2pcm
2024-08-22 10:21:11,315 [INFO] IPUIPlugin:80 - create IPUIPlugin
2024-08-22 10:21:11,317 [INFO] PluginManager:220 - loadIPPluginJar : add plateformsettings
2024-08-22 10:21:11,336 [INFO] IPUIPlugin:80 - create IPUIPlugin
2024-08-22 10:21:11,336 [INFO] PluginManager:220 - loadIPPluginJar : add quadspi
2024-08-22 10:21:11,347 [INFO] IPUIPlugin:80 - create IPUIPlugin
2024-08-22 10:21:11,347 [INFO] PluginManager:220 - loadIPPluginJar : add resmgrutility
2024-08-22 10:21:11,383 [INFO] IPUIPlugin:80 - create IPUIPlugin
2024-08-22 10:21:11,383 [INFO] PluginManager:220 - loadIPPluginJar : add sai
2024-08-22 10:21:11,412 [INFO] IPUIPlugin:80 - create IPUIPlugin
2024-08-22 10:21:11,412 [INFO] PluginManager:220 - loadIPPluginJar : add spi
2024-08-22 10:21:11,458 [INFO] IPUIPlugin:80 - create IPUIPlugin
2024-08-22 10:21:11,459 [INFO] PluginManager:220 - loadIPPluginJar : add stm32_wpan
2024-08-22 10:21:11,482 [INFO] IPUIPlugin:80 - create IPUIPlugin
2024-08-22 10:21:11,482 [INFO] PluginManager:220 - loadIPPluginJar : add tim
2024-08-22 10:21:11,526 [INFO] IPUIPlugin:80 - create IPUIPlugin
2024-08-22 10:21:11,528 [INFO] PluginManager:220 - loadIPPluginJar : add touchsensing
2024-08-22 10:21:11,545 [INFO] IPUIPlugin:80 - create IPUIPlugin
2024-08-22 10:21:11,545 [INFO] PluginManager:220 - loadIPPluginJar : add tracer_emb
2024-08-22 10:21:11,564 [INFO] IPUIPlugin:80 - create IPUIPlugin
2024-08-22 10:21:11,564 [INFO] PluginManager:220 - loadIPPluginJar : add ts
2024-08-22 10:21:11,584 [INFO] IPUIPlugin:80 - create IPUIPlugin
2024-08-22 10:21:11,584 [INFO] PluginManager:220 - loadIPPluginJar : add tsc
2024-08-22 10:21:11,602 [INFO] IPUIPlugin:80 - create IPUIPlugin
2024-08-22 10:21:11,603 [INFO] PluginManager:220 - loadIPPluginJar : add ucpd
2024-08-22 10:21:11,640 [INFO] IPUIPlugin:80 - create IPUIPlugin
2024-08-22 10:21:11,640 [INFO] PluginManager:220 - loadIPPluginJar : add usart
2024-08-22 10:21:11,691 [INFO] IPUIPlugin:80 - create IPUIPlugin
2024-08-22 10:21:11,691 [INFO] PluginManager:220 - loadIPPluginJar : add usbx
2024-08-22 10:21:11,824 [INFO] CADModel:165 - CPN selected for project level
2024-08-22 10:21:11,824 [INFO] CADModel:114 - Register for checkConnection events
2024-08-22 10:21:11,824 [FATAL] Updater:308 - Updater called before beeing initialized
2024-08-22 10:21:11,824 [ERROR] CADModel:125 - Updater not yet initialized, retry later 
2024-08-22 10:21:11,971 [INFO] CADModel:165 - CPN selected for project level
2024-08-22 10:21:11,971 [INFO] CADModel:114 - Register for checkConnection events
2024-08-22 10:21:11,971 [FATAL] Updater:308 - Updater called before beeing initialized
2024-08-22 10:21:11,971 [ERROR] CADModel:125 - Updater not yet initialized, retry later 
2024-08-22 10:21:11,976 [FATAL] Updater:308 - Updater called before beeing initialized
2024-08-22 10:21:12,063 [FATAL] Updater:308 - Updater called before beeing initialized
2024-08-22 10:21:12,074 [INFO] DbMcusAds:53 - JSON generation date=Tue Mar 07 15:50:55 ICT 2023 (1678179055114)
2024-08-22 10:21:12,074 [FATAL] Updater:308 - Updater called before beeing initialized
2024-08-22 10:21:12,109 [WARN] DetailPanel:346 - Failed to get advertising image, set to default
2024-08-22 10:21:12,196 [FATAL] Updater:308 - Updater called before beeing initialized
2024-08-22 10:21:12,208 [FATAL] Updater:308 - Updater called before beeing initialized
2024-08-22 10:21:12,208 [FATAL] Updater:308 - Updater called before beeing initialized
2024-08-22 10:21:12,209 [WARN] DetailPanel:346 - Failed to get advertising image, set to default
2024-08-22 10:21:12,210 [FATAL] Updater:308 - Updater called before beeing initialized
2024-08-22 10:21:12,268 [ERROR] Updater:1120 - MainUpdater not yet initialized. External WinMGr cannot be set.
2024-08-22 10:21:12,277 [INFO] Updater:1056 - Updater Version found : 6.9.2
2024-08-22 10:21:12,294 [INFO] ApplicationProperties:184 - Using Application install path: C:\ST\STM32CubeIDE_1.13.0\STM32CubeIDE\plugins\com.st.stm32cube.common.mx_6.9.2.202309101412
2024-08-22 10:21:12,512 [INFO] ThirdPartyUpdaterWithRetryManager:70 - Updater plugin not ready yet. [2/15]
2024-08-22 10:21:12,597 [INFO] MainUpdater:2868 - connection check result : 10
2024-08-22 10:21:12,597 [INFO] MainUpdater:3562 - Updater definition file requires update
2024-08-22 10:21:12,598 [INFO] MainUpdater:285 - Updater Check For Update Now.
2024-08-22 10:21:12,598 [INFO] MicroXplorer:498 - Change Database Version : DB.6.0.92
2024-08-22 10:21:12,612 [INFO] McuFinderGlobals:63 - Set McuFinder mode to 2 (CubeIDE integrated)
2024-08-22 10:21:12,626 [INFO] ServerAccessManage:473 - Download File updaters.zip
2024-08-22 10:21:12,715 [INFO] FileExtend:240 - Unzip File : updaters.zip
2024-08-22 10:21:12,715 [INFO] FileExtend:255 - Standard Zip Deflate
2024-08-22 10:21:13,136 [INFO] ServerAccessManage:473 - Download File PacksControlFlags.xml
2024-08-22 10:21:13,186 [INFO] ServerAccessManage:473 - Download File cubemx.pidx
2024-08-22 10:21:13,827 [INFO] ServerAccessManage:473 - Download File STMicroelectronics.X-CUBE-MEMS1.pdsc
2024-08-22 10:21:14,610 [INFO] ServerAccessManage:473 - Download File STMicroelectronics.X-CUBE-AZRTOS-H7.pdsc
2024-08-22 10:21:15,514 [WARN] MainUpdater:1189 - Updater busy. Cannot search thirdparties
2024-08-22 10:21:15,514 [INFO] ThirdPartyUpdaterWithRetryManager:96 - Updater plugin is busy. [1/15]
2024-08-22 10:21:15,738 [WARN] PackLoader:240 - Cannot read IP mode file for STMicroelectronics.X-CUBE-MEMS1.11.0.0
2024-08-22 10:21:15,792 [INFO] CheckServerUpdateThread:120 - End of CheckServer Thread
2024-08-22 10:21:15,834 [INFO] MainUpdater:2868 - connection check result : 10
2024-08-22 10:21:15,849 [INFO] MainUpdater:2868 - connection check result : 10
2024-08-22 10:21:15,852 [WARN] PackLoader:240 - Cannot read IP mode file for STMicroelectronics.X-CUBE-AZRTOS-H7.3.3.0
2024-08-22 10:21:15,856 [INFO] PopulateThirdPartyThread:66 - Ending populate Thread
2024-08-22 10:21:15,858 [INFO] ThirdParty:1030 - CMSIS Pack Vendor :STMicroelectronics X-CUBE-AZRTOS-H7 3.3.0
2024-08-22 10:21:15,858 [INFO] ThirdParty:1030 - CMSIS Pack Vendor :STMicroelectronics X-CUBE-MEMS1 11.0.0
2024-08-22 10:21:15,858 [INFO] LoadServerUpdatesThread:373 - End of LoadServerUpdate Thread
2024-08-22 10:21:16,087 [INFO] MicroXplorer:468 - Change Database Path : 
2024-08-22 10:21:16,088 [INFO] MicroXplorer:498 - Change Database Version : DB.6.0.92
2024-08-22 10:21:16,093 [WARN] ThirdParty:871 - waiting for thirdparty lock release [close project]
2024-08-22 10:21:18,703 [WARN] PackLoader:240 - Cannot read IP mode file for STMicroelectronics.FP-SNS-MOTENVWB1.1.4.0
2024-08-22 10:21:18,721 [WARN] PackLoader:240 - Cannot read IP mode file for STMicroelectronics.X-CUBE-SMBUS.2.1.0
2024-08-22 10:21:18,740 [WARN] PackLoader:240 - Cannot read IP mode file for STMicroelectronics.X-CUBE-TOUCHGFX.4.23.0
2024-08-22 10:21:18,767 [WARN] PackLoader:240 - Cannot read IP mode file for STMicroelectronics.X-CUBE-AZRTOS-F7.1.1.0
2024-08-22 10:21:18,788 [WARN] PackLoader:240 - Cannot read IP mode file for STMicroelectronics.FP-SNS-MOTENV1.4.3.2
2024-08-22 10:21:18,811 [WARN] PackLoader:240 - Cannot read IP mode file for STMicroelectronics.X-CUBE-MEMS1.11.0.0
2024-08-22 10:21:18,901 [WARN] PackLoader:240 - Cannot read IP mode file for STMicroelectronics.X-CUBE-BLE1.6.2.4
2024-08-22 10:21:18,909 [WARN] PackLoader:240 - Cannot read IP mode file for STMicroelectronics.FP-SNS-FLIGHT1.5.0.2
2024-08-22 10:21:18,927 [WARN] PackLoader:240 - Cannot read IP mode file for STMicroelectronics.X-CUBE-DISPLAY.3.0.0
2024-08-22 10:21:18,948 [WARN] PackLoader:240 - Cannot read IP mode file for STMicroelectronics.X-CUBE-BLE1.7.0.0
2024-08-22 10:21:18,966 [WARN] PackLoader:240 - Cannot read IP mode file for emotas.I-CUBE-CANOPEN.1.3.0
2024-08-22 10:21:18,984 [WARN] PackLoader:240 - Cannot read IP mode file for STMicroelectronics.X-CUBE-TOUCHGFX.4.22.0
2024-08-22 10:21:18,999 [WARN] PackLoader:240 - Cannot read IP mode file for STMicroelectronics.X-CUBE-TOUCHGFX.4.22.1
2024-08-22 10:21:19,012 [WARN] PackLoader:240 - Cannot read IP mode file for STMicroelectronics.X-CUBE-BLEMGR.3.1.0
2024-08-22 10:21:19,033 [WARN] PackLoader:240 - Cannot read IP mode file for STMicroelectronics.FP-SNS-SMARTAG2.1.2.0
2024-08-22 10:21:19,058 [INFO] LogOutputStream:77 - [STDOUT_REDIRECT] 1 : Invalid condition id : UX_CORESTACK_Condition cause : null
2024-08-22 10:21:19,059 [INFO] LogOutputStream:77 - [STDOUT_REDIRECT] 1 : Invalid condition id : UX_CORESTACK_Condition cause : null
2024-08-22 10:21:19,060 [INFO] LogOutputStream:77 - [STDOUT_REDIRECT] 1 : Invalid condition id : UX_CORESTACK_Condition cause : null
2024-08-22 10:21:19,061 [INFO] LogOutputStream:77 - [STDOUT_REDIRECT] 1 : Invalid condition id : UX_CORESTACK_Condition cause : null
2024-08-22 10:21:19,063 [INFO] LogOutputStream:77 - [STDOUT_REDIRECT] 1 : Invalid condition id : UX_CORESTACK_Condition cause : null
2024-08-22 10:21:19,064 [WARN] PackLoader:240 - Cannot read IP mode file for STMicroelectronics.X-CUBE-AZRTOS-WL.2.0.0
2024-08-22 10:21:19,079 [WARN] PackLoader:240 - Cannot read IP mode file for STMicroelectronics.FP-SNS-MOTENV1.5.0.0
2024-08-22 10:21:19,084 [WARN] PackLoader:240 - Cannot read IP mode file for wolfSSL.I-CUBE-wolfMQTT.1.19.0
2024-08-22 10:21:19,098 [WARN] PackLoader:240 - Cannot read IP mode file for WES.I-CUBE-Cesium.1.3.0
2024-08-22 10:21:19,117 [WARN] PackLoader:240 - Cannot read IP mode file for STMicroelectronics.X-CUBE-BLE2.3.3.0
2024-08-22 10:21:19,136 [WARN] PackLoader:240 - Cannot read IP mode file for STMicroelectronics.X-CUBE-TCPP.4.1.0
2024-08-22 10:21:19,154 [WARN] PackLoader:240 - Cannot read IP mode file for STMicroelectronics.X-CUBE-ALGOBUILD.1.3.0
2024-08-22 10:21:19,184 [WARN] PackLoader:240 - Cannot read IP mode file for STMicroelectronics.X-CUBE-AZRTOS-G0.1.1.0
2024-08-22 10:21:19,199 [WARN] PackLoader:240 - Cannot read IP mode file for STMicroelectronics.X-CUBE-SAFEA1.1.2.2
2024-08-22 10:21:19,211 [WARN] PackLoader:240 - Cannot read IP mode file for STMicroelectronics.X-CUBE-NFC4.3.0.0
2024-08-22 10:21:19,222 [ERROR] Engine:466 - C:\Users\User\.stm32cubemx\thirdparties\pdsc\EmbeddedOffice.I-CUBE-FS-RTOS.1.0.1.pdsc: PDSC version is not supported
2024-08-22 10:21:19,239 [WARN] PackLoader:240 - Cannot read IP mode file for STMicroelectronics.X-CUBE-BLEMGR.3.0.0
2024-08-22 10:21:19,251 [ERROR] Engine:466 - C:\Users\User\.stm32cubemx\thirdparties\pdsc\RealThread.X-CUBE-RT-Thread_Nano.4.1.1.pdsc: PDSC version is not supported
2024-08-22 10:21:19,257 [WARN] PackLoader:240 - Cannot read IP mode file for STMicroelectronics.FP-ATR-SIGFOX1.3.2.0
2024-08-22 10:21:19,269 [WARN] PackLoader:240 - Cannot read IP mode file for STMicroelectronics.X-CUBE-EEPRMA1.5.1.0
2024-08-22 10:21:19,299 [WARN] PackLoader:240 - Cannot read IP mode file for SEGGER.I-CUBE-embOS.1.3.1
2024-08-22 10:21:19,326 [WARN] PackLoader:240 - Cannot read IP mode file for STMicroelectronics.X-CUBE-ALGOBUILD.1.4.0
2024-08-22 10:21:19,336 [WARN] PackLoader:240 - Cannot read IP mode file for STMicroelectronics.X-CUBE-GNSS1.6.0.0
2024-08-22 10:21:19,357 [WARN] PackLoader:240 - Cannot read IP mode file for STMicroelectronics.X-CUBE-AZRTOS-F4.1.1.0
2024-08-22 10:21:19,369 [WARN] PackLoader:240 - Cannot read IP mode file for wolfSSL.I-CUBE-wolfSSL.5.6.3
2024-08-22 10:21:19,380 [WARN] PackLoader:240 - Cannot read IP mode file for STMicroelectronics.X-CUBE-FREERTOS.1.2.0
2024-08-22 10:21:19,401 [WARN] PackLoader:240 - Cannot read IP mode file for STMicroelectronics.X-CUBE-AZRTOS-L5.2.0.0
2024-08-22 10:21:19,435 [WARN] PackLoader:240 - Cannot read IP mode file for STMicroelectronics.X-CUBE-MEMS1.9.6.0
2024-08-22 10:21:19,518 [WARN] PackLoader:240 - Cannot read IP mode file for STMicroelectronics.X-CUBE-NFC6.3.1.0
2024-08-22 10:21:19,529 [WARN] PackLoader:240 - Cannot read IP mode file for ITTIA_DB.I-CUBE-ITTIADB.8.8.0
2024-08-22 10:21:19,544 [WARN] PackLoader:240 - Cannot read IP mode file for STMicroelectronics.X-CUBE-BLEMGR.2.0.0
2024-08-22 10:21:19,556 [ERROR] Engine:466 - C:\Users\User\.stm32cubemx\thirdparties\pdsc\STMicroelectronics.X-CUBE-DPower.1.2.0.pdsc: PDSC version is not supported
2024-08-22 10:21:19,567 [WARN] PackLoader:240 - Cannot read IP mode file for STMicroelectronics.X-CUBE-AI.9.0.0
2024-08-22 10:21:19,589 [WARN] ConditionMgr:438 - getConditionDescription Invalid condition id : UX DEVICE CLASS RTOS Condition cause : null
2024-08-22 10:21:19,590 [WARN] ConditionMgr:438 - getConditionDescription Invalid condition id : UX DEVICE CLASS RTOS Condition cause : null
2024-08-22 10:21:19,591 [WARN] PackLoader:240 - Cannot read IP mode file for STMicroelectronics.X-CUBE-AZRTOS-H7.3.1.0
2024-08-22 10:21:19,593 [WARN] ConditionMgr:1039 - genDependencies : Invalid condition id : UX DEVICE CLASS RTOS Condition cause : null
2024-08-22 10:21:19,593 [WARN] ConditionMgr:1039 - genDependencies : Invalid condition id : UX DEVICE CLASS RTOS Condition cause : null
2024-08-22 10:21:19,593 [WARN] ConditionMgr:1039 - genDependencies : Invalid condition id : UX DEVICE CLASS RTOS Condition cause : null
2024-08-22 10:21:19,593 [WARN] ConditionMgr:1039 - genDependencies : Invalid condition id : UX DEVICE CLASS RTOS Condition cause : null
2024-08-22 10:21:19,593 [WARN] ConditionMgr:1039 - genDependencies : Invalid condition id : UX DEVICE CLASS RTOS Condition cause : null
2024-08-22 10:21:19,607 [WARN] PackLoader:240 - Cannot read IP mode file for STMicroelectronics.X-CUBE-NFC7.1.0.1
2024-08-22 10:21:19,622 [WARN] PackLoader:240 - Cannot read IP mode file for wolfSSL.I-CUBE-wolfTPM.3.2.0
2024-08-22 10:21:19,634 [WARN] PackLoader:240 - Cannot read IP mode file for STMicroelectronics.X-CUBE-NFC6.3.0.0
2024-08-22 10:21:19,646 [WARN] PackLoader:240 - Cannot read IP mode file for STMicroelectronics.X-CUBE-EEPRMA1.4.1.0
2024-08-22 10:21:19,659 [WARN] PackLoader:240 - Cannot read IP mode file for STMicroelectronics.X-CUBE-AI.8.1.0
2024-08-22 10:21:19,685 [WARN] ConditionMgr:438 - getConditionDescription Invalid condition id : LAN8742 Phy interface Condition cause : null
2024-08-22 10:21:19,685 [WARN] PackLoader:240 - Cannot read IP mode file for STMicroelectronics.X-CUBE-AZRTOS-L4.2.0.0
2024-08-22 10:21:19,685 [WARN] ConditionMgr:1039 - genDependencies : Invalid condition id : LAN8742 Phy interface Condition cause : null
2024-08-22 10:21:19,686 [WARN] ConditionMgr:1039 - genDependencies : Invalid condition id : LAN8742 Phy interface Condition cause : null
2024-08-22 10:21:19,686 [WARN] ConditionMgr:1039 - genDependencies : Invalid condition id : LAN8742 Phy interface Condition cause : null
2024-08-22 10:21:19,697 [WARN] PackLoader:240 - Cannot read IP mode file for STMicroelectronics.X-CUBE-SFXS2LP1.4.0.0
2024-08-22 10:21:19,708 [WARN] PackLoader:240 - Cannot read IP mode file for STMicroelectronics.X-CUBE-ISPU.1.1.0
2024-08-22 10:21:19,719 [WARN] PackLoader:240 - Cannot read IP mode file for STMicroelectronics.X-CUBE-AZRTOS-H7.3.3.0
2024-08-22 10:21:19,744 [WARN] ConditionMgr:438 - getConditionDescription Invalid condition id : UX DEVICE CLASS RTOS Condition cause : null
2024-08-22 10:21:19,744 [WARN] ConditionMgr:438 - getConditionDescription Invalid condition id : UX DEVICE CLASS RTOS Condition cause : null
2024-08-22 10:21:19,746 [WARN] PackLoader:240 - Cannot read IP mode file for STMicroelectronics.X-CUBE-AZRTOS-WB.2.0.0
2024-08-22 10:21:19,746 [WARN] ConditionMgr:1039 - genDependencies : Invalid condition id : UX DEVICE CLASS RTOS Condition cause : null
2024-08-22 10:21:19,746 [WARN] ConditionMgr:1039 - genDependencies : Invalid condition id : UX DEVICE CLASS RTOS Condition cause : null
2024-08-22 10:21:19,747 [WARN] ConditionMgr:1039 - genDependencies : Invalid condition id : UX DEVICE CLASS RTOS Condition cause : null
2024-08-22 10:21:19,747 [WARN] ConditionMgr:1039 - genDependencies : Invalid condition id : UX DEVICE CLASS RTOS Condition cause : null
2024-08-22 10:21:19,747 [WARN] ConditionMgr:1039 - genDependencies : Invalid condition id : UX DEVICE CLASS RTOS Condition cause : null
2024-08-22 10:21:19,760 [WARN] PackLoader:240 - Cannot read IP mode file for STMicroelectronics.X-CUBE-FREERTOS.1.0.1
2024-08-22 10:21:19,774 [ERROR] Engine:466 - C:\Users\User\.stm32cubemx\thirdparties\pdsc\STMicroelectronics.FP-SNS-STBOX1.2.0.0.pdsc: PDSC version is not supported
2024-08-22 10:21:19,797 [WARN] PackLoader:240 - Cannot read IP mode file for STMicroelectronics.X-CUBE-AZRTOS-L5.1.1.0
2024-08-22 10:21:19,810 [WARN] PackLoader:240 - Cannot read IP mode file for STMicroelectronics.X-CUBE-AI.8.0.1
2024-08-22 10:21:19,824 [WARN] PackLoader:240 - Cannot read IP mode file for STMicroelectronics.X-CUBE-SUBG2.5.0.0
2024-08-22 10:21:19,831 [WARN] PackLoader:240 - Cannot read IP mode file for Cesanta.I-CUBE-Mongoose.7.13.0
2024-08-22 10:21:19,846 [WARN] PackLoader:240 - Cannot read IP mode file for STMicroelectronics.X-CUBE-TOF1.3.3.1
2024-08-22 10:21:19,868 [WARN] PackLoader:240 - Cannot read IP mode file for STMicroelectronics.X-CUBE-AZRTOS-G4.2.0.0
2024-08-22 10:21:19,884 [WARN] PackLoader:240 - Cannot read IP mode file for Infineon.AIROC-Wi-Fi-Bluetooth-STM32.1.5.1
2024-08-22 10:21:19,895 [WARN] PackLoader:240 - Cannot read IP mode file for STMicroelectronics.FP-SNS-MOTENVWB1.1.3.1
2024-08-22 10:21:19,906 [WARN] PackLoader:240 - Cannot read IP mode file for STMicroelectronics.X-CUBE-ISPU.2.0.0
2024-08-22 10:21:19,915 [WARN] PackLoader:240 - Cannot read IP mode file for STMicroelectronics.X-CUBE-ALS.1.0.2
2024-08-22 10:21:19,942 [WARN] PackLoader:240 - Cannot read IP mode file for STMicroelectronics.X-CUBE-MEMS1.10.0.0
2024-08-22 10:21:19,991 [WARN] PackLoader:240 - Cannot read IP mode file for STMicroelectronics.X-CUBE-FREERTOS.1.1.0
2024-08-22 10:21:20,001 [WARN] PackLoader:240 - Cannot read IP mode file for STMicroelectronics.X-CUBE-TOUCHGFX.4.24.0
2024-08-22 10:21:20,011 [WARN] PackLoader:240 - Cannot read IP mode file for portGmbH.I-Cube-SoM-uGOAL.1.1.0
2024-08-22 10:21:20,022 [WARN] PackLoader:240 - Cannot read IP mode file for STMicroelectronics.X-CUBE-ALS.1.0.1
2024-08-22 10:21:20,044 [WARN] PackLoader:240 - Cannot read IP mode file for STMicroelectronics.X-CUBE-AZRTOS-WB.1.1.0
2024-08-22 10:21:20,067 [WARN] PackLoader:240 - Cannot read IP mode file for STMicroelectronics.X-CUBE-AZRTOS-H7RS.1.0.0
2024-08-22 10:21:20,072 [WARN] PackLoader:240 - Cannot read IP mode file for STMicroelectronics.FP-ATR-ASTRA1.2.0.0
2024-08-22 10:21:20,084 [ERROR] Engine:466 - C:\Users\User\.stm32cubemx\thirdparties\pdsc\STMicroelectronics.X-CUBE-TOF1.3.4.2.pdsc: PDSC version is not supported
2024-08-22 10:21:20,098 [WARN] PackLoader:240 - Cannot read IP mode file for STMicroelectronics.X-CUBE-TOF1.3.4.0
2024-08-22 10:21:20,122 [WARN] PackLoader:240 - Cannot read IP mode file for STMicroelectronics.X-CUBE-AZRTOS-H7.3.2.0
2024-08-22 10:21:20,128 [WARN] PackLoader:240 - Cannot read IP mode file for wolfSSL.I-CUBE-wolfSSH.1.4.17
2024-08-22 10:21:20,128 [INFO] ThirdParty:978 - Integrity check success = true
2024-08-22 10:21:20,128 [INFO] IntegrityCheckThread:100 - exiting critical section [integrity check]
2024-08-22 10:21:20,128 [INFO] IntegrityCheckThread:103 - End integrity checks thread
2024-08-22 10:21:20,128 [INFO] ThirdParty:873 - entering critical section [close project]
2024-08-22 10:21:20,129 [INFO] ThirdParty:883 - exiting critical section [close project]
2024-08-22 10:21:20,130 [INFO] PinOutPanel:1499 - setPackage(No Configuration,No Configuration)
2024-08-22 10:21:20,134 [INFO] UtilMem:75 - Begin LoadConfig() Used Memory: 181519976 Bytes (332398592)
2024-08-22 10:21:20,142 [INFO] MicroXplorer:468 - Change Database Path : C:/Users/User/.stm32cubemx/databases/DB.6.0.90/db/
2024-08-22 10:21:20,142 [INFO] MicroXplorer:498 - Change Database Version : DB.6.0.90
2024-08-22 10:21:30,503 [INFO] MainUpdater:2868 - connection check result : 10
2024-08-22 10:21:30,503 [INFO] MainUpdater:2868 - connection check result : 10
2024-08-22 10:21:30,533 [INFO] MicroXplorer:468 - Change Database Path : 
2024-08-22 10:21:30,533 [INFO] MicroXplorer:498 - Change Database Version : DB.6.0.92
2024-08-22 10:21:30,533 [WARN] ThirdParty:871 - waiting for thirdparty lock release [close project]
2024-08-22 10:21:30,533 [INFO] ThirdParty:873 - entering critical section [close project]
2024-08-22 10:21:30,533 [INFO] ThirdParty:883 - exiting critical section [close project]
2024-08-22 10:21:30,534 [INFO] PinOutPanel:1499 - setPackage(No Configuration,No Configuration)
2024-08-22 10:21:30,534 [INFO] UtilMem:75 - Begin LoadConfig() Used Memory: 206903528 Bytes (332398592)
2024-08-22 10:21:30,546 [INFO] MicroXplorer:468 - Change Database Path : C:/Users/User/.stm32cubemx/databases/DB.6.0.90/db/
2024-08-22 10:21:30,546 [INFO] MicroXplorer:498 - Change Database Version : DB.6.0.90
2024-08-22 10:21:30,698 [ERROR] LogOutputStream:75 - [STDERR_REDIRECT] SLF4J: Failed to load class "org.slf4j.impl.StaticLoggerBinder".
2024-08-22 10:21:30,699 [ERROR] LogOutputStream:75 - [STDERR_REDIRECT] SLF4J: Defaulting to no-operation (NOP) logger implementation
2024-08-22 10:21:30,700 [ERROR] LogOutputStream:75 - [STDERR_REDIRECT] SLF4J: See http://www.slf4j.org/codes.html#StaticLoggerBinder for further details.
2024-08-22 10:21:33,079 [INFO] OpenFileManager:308 - Change cursor
2024-08-22 10:21:33,109 [INFO] Mcu:1946 - Initializing MCU STM32F767ZITx STM32F767ZITx STM32F767ZIT6
2024-08-22 10:21:35,188 [INFO] Context:659 - Trying to add GPIOservice into a context  which must be forbidden
2024-08-22 10:21:36,142 [INFO] RtosManager:555 - Registered RTOS mode: class=CMSIS, group=RTOS, mode=CMSIS_V1, owner=FREERTOS
2024-08-22 10:21:36,143 [INFO] RtosManager:555 - Registered RTOS mode: class=CMSIS, group=RTOS2, mode=CMSIS_V2, owner=FREERTOS
2024-08-22 10:21:36,143 [INFO] RtosManager:555 - Registered RTOS mode: class=RTOS, group=Core, mode=CMSIS_V1, owner=FREERTOS
2024-08-22 10:21:36,143 [INFO] RtosManager:555 - Registered RTOS mode: class=RTOS, group=Core, mode=CMSIS_V2, owner=FREERTOS
2024-08-22 10:21:36,143 [WARN] ModelIntegratedComponent:184 - Missing modes for component STMicroelectronics:FreeRTOS:0.0.1:STMicroelectronics:RTOS:FreeRTOS:Core:::10.2.0:
2024-08-22 10:21:36,162 [WARN] ModelIntegratedComponent:63 - No mode defined for component null
2024-08-22 10:21:36,162 [WARN] ModelIntegratedComponent:63 - No mode defined for component null
2024-08-22 10:21:36,162 [WARN] ModelIntegratedComponent:63 - No mode defined for component null
2024-08-22 10:21:36,162 [WARN] ModelIntegratedComponent:63 - No mode defined for component null
2024-08-22 10:21:36,162 [WARN] ModelIntegratedComponent:63 - No mode defined for component null
2024-08-22 10:21:36,162 [WARN] ModelIntegratedComponent:63 - No mode defined for component null
2024-08-22 10:21:36,163 [WARN] ModelIntegratedComponent:63 - No mode defined for component null
2024-08-22 10:21:36,163 [WARN] ModelIntegratedComponent:63 - No mode defined for component null
2024-08-22 10:21:36,163 [WARN] ModelIntegratedComponent:63 - No mode defined for component null
2024-08-22 10:21:36,163 [WARN] ModelIntegratedComponent:63 - No mode defined for component null
2024-08-22 10:21:36,163 [WARN] ModelIntegratedComponent:63 - No mode defined for component null
2024-08-22 10:21:36,163 [WARN] ModelIntegratedComponent:63 - No mode defined for component null
2024-08-22 10:21:36,163 [WARN] ModelIntegratedComponent:63 - No mode defined for component null
2024-08-22 10:21:36,163 [WARN] ModelIntegratedComponent:63 - No mode defined for component null
2024-08-22 10:21:36,163 [WARN] ModelIntegratedComponent:63 - No mode defined for component null
2024-08-22 10:21:36,163 [WARN] ModelIntegratedComponent:63 - No mode defined for component null
2024-08-22 10:21:36,163 [WARN] ModelIntegratedComponent:63 - No mode defined for component null
2024-08-22 10:21:36,163 [WARN] ModelIntegratedComponent:63 - No mode defined for component null
2024-08-22 10:21:36,163 [WARN] ModelIntegratedComponent:63 - No mode defined for component null
2024-08-22 10:21:36,163 [WARN] ModelIntegratedComponent:63 - No mode defined for component null
2024-08-22 10:21:36,163 [WARN] ModelIntegratedComponent:63 - No mode defined for component null
2024-08-22 10:21:36,163 [WARN] ModelIntegratedComponent:63 - No mode defined for component null
2024-08-22 10:21:36,163 [WARN] ModelIntegratedComponent:63 - No mode defined for component null
2024-08-22 10:21:36,163 [WARN] ModelIntegratedComponent:63 - No mode defined for component null
2024-08-22 10:21:36,163 [WARN] ModelIntegratedComponent:63 - No mode defined for component null
2024-08-22 10:21:36,163 [WARN] ModelIntegratedComponent:63 - No mode defined for component null
2024-08-22 10:21:36,163 [WARN] ModelIntegratedComponent:63 - No mode defined for component null
2024-08-22 10:21:36,163 [WARN] ModelIntegratedComponent:63 - No mode defined for component null
2024-08-22 10:21:36,163 [WARN] ModelIntegratedComponent:63 - No mode defined for component null
2024-08-22 10:21:36,163 [WARN] ModelIntegratedComponent:63 - No mode defined for component null
2024-08-22 10:21:36,163 [WARN] ModelIntegratedComponent:63 - No mode defined for component null
2024-08-22 10:21:36,163 [WARN] ModelIntegratedComponent:63 - No mode defined for component null
2024-08-22 10:21:36,163 [WARN] ModelIntegratedComponent:63 - No mode defined for component null
2024-08-22 10:21:36,243 [INFO] ThirdPartyModel:298 - Start build external matchings
2024-08-22 10:21:37,396 [INFO] ThirdPartyModel:316 - End build external matchings
2024-08-22 10:21:37,428 [INFO] ImportTextPane:194 - (OptionalMessage_ERROR) IP (DMA) : Parameter (Instance) has Id (ADC1) currently not set
2024-08-22 10:21:37,429 [INFO] ImportTextPane:194 - (OptionalMessage_ERROR) IP (DMA) : Parameter (Channel) has Id (ADC1) currently not set
2024-08-22 10:21:37,429 [INFO] ImportTextPane:194 - (OptionalMessage_ERROR) IP (DMA) : Parameter (Direction) has Id (ADC1) currently not set
2024-08-22 10:21:37,429 [INFO] ImportTextPane:194 - (OptionalMessage_ERROR) IP (DMA) : Parameter (PeriphInc) has Id (ADC1) currently not set
2024-08-22 10:21:37,429 [INFO] ImportTextPane:194 - (OptionalMessage_ERROR) IP (DMA) : Parameter (MemInc) has Id (ADC1) currently not set
2024-08-22 10:21:37,429 [INFO] ImportTextPane:194 - (OptionalMessage_ERROR) IP (DMA) : Parameter (PeriphDataAlignment) has Id (ADC1) currently not set
2024-08-22 10:21:37,430 [INFO] ImportTextPane:194 - (OptionalMessage_ERROR) IP (DMA) : Parameter (MemDataAlignment) has Id (ADC1) currently not set
2024-08-22 10:21:37,430 [INFO] ImportTextPane:194 - (OptionalMessage_ERROR) IP (DMA) : Parameter (Mode) has Id (ADC1) currently not set
2024-08-22 10:21:37,430 [INFO] ImportTextPane:194 - (OptionalMessage_ERROR) IP (DMA) : Parameter (Priority) has Id (ADC1) currently not set
2024-08-22 10:21:37,430 [INFO] ImportTextPane:194 - (OptionalMessage_ERROR) IP (DMA) : Parameter (FIFOMode) has Id (ADC1) currently not set
2024-08-22 10:21:37,858 [INFO] UtilMem:75 - End LoadConfig() Used Memory: 263011728 Bytes (592445440)
2024-08-22 10:21:38,508 [INFO] ApiDb:581 - Connected to CubeFinder SQLite database (C:\Users\User\.stmcufinder\plugins\mcufinder\mcu\cube-finder-db.db)
2024-08-22 10:21:38,824 [INFO] ApiDb:668 - CubeFinder database Data Model version=2.1
2024-08-22 10:21:38,824 [INFO] ApiDb:669 - CubeFinder database Configuration version=3.0.37
2024-08-22 10:21:38,824 [INFO] ApiDb:670 - CubeFinder database generation date=2023-08-09 (1691586011)
2024-08-22 10:21:38,824 [INFO] ApiDb:671 - CubeFinder database FW Pack versions=[FP-ATR-ASTRA1_V2.0.0, FP-SNS-FLIGHT1_V5.0.1, FP-SNS-FLIGHT1_V5.0.2, FP-SNS-MOTENV1_V4.3.1, FP-SNS-MOTENV1_V4.3.2, STM32Cube_FW_C0_V1.1.0, STM32Cube_FW_F4_V1.27.1, STM32Cube_FW_F7_V1.17.0, STM32Cube_FW_G0_V1.6.1, STM32Cube_FW_G4_V1.5.1, STM32Cube_FW_H5_V0.5.1, STM32Cube_FW_H5_V1.1.0, STM32Cube_FW_H7_V1.11.0, STM32Cube_FW_L0_V1.12.2, STM32Cube_FW_L5_V1.5.0, STM32Cube_FW_U5_V1.3.0, STM32Cube_FW_U5_V1.3.0RC4, STM32Cube_FW_WBA_V1.0.0RC1, STM32Cube_FW_WBA_V1.1.0, STM32Cube_FW_WBA_V1.1.0RC1, STM32Cube_FW_WB_V1.15.0RC1, STM32Cube_FW_WB_V1.16.0, STM32Cube_FW_WB_V1.16.0RC2, STM32Cube_FW_WB_V1.17.0, STM32Cube_FW_WL_V1.3.0, X-CUBE-ALGOBUILD_V1.3.0, X-CUBE-ALS_V1.0.1, X-CUBE-AZRTOS-F4_V1.1.0, X-CUBE-AZRTOS-F7_V1.1.0, X-CUBE-AZRTOS-G0_V1.1.0, X-CUBE-AZRTOS-G4_V2.0.0, X-CUBE-AZRTOS-H7_V3.1.0, X-CUBE-AZRTOS-L4_V1.0.0, X-CUBE-AZRTOS-L4_V2.0.0, X-CUBE-AZRTOS-L5_V1.1.0, X-CUBE-AZRTOS-WB_V1.1.0, X-CUBE-AZRTOS-WL_V2.0.0, X-CUBE-BLE1_V7.0.0, X-CUBE-BLE2_V3.3.0, X-CUBE-BLEMGR_V2.0.0, X-CUBE-EEPRMA1_V4.1.0, X-CUBE-FREERTOS_V1.1.0, X-CUBE-GNSS1_V6.0.0, X-CUBE-MEMS1_V9.1.0, X-CUBE-MEMS1_V9.4.0, X-CUBE-MEMS1_V9.6.0, X-CUBE-NFC4_V3.0.0, X-CUBE-NFC7_V1.0.0, X-CUBE-SFXS2LP1_V4.0.0, X-CUBE-SUBG2_V5.0.0, X-CUBE-TOF1_V3.3.1]
2024-08-22 10:21:41,295 [INFO] ApiDb:240 - Found 323 in-development CPN: [B-G473E-ZEST1S, B-WB1M-WPAN1, B-WL5M-SUBG1, NUCLEO-C031C6, NUCLEO-H503RB, NUCLEO-H563ZI, NUCLEO-U545RE-Q, NUCLEO-U5A5ZJ-Q, NUCLEO-WBA52CG, STEVAL-PROTEUS1, STEVAL-SMARTAG2, STEVAL-STWINBX1, STM320518-EVAL, STM32C0116-DK, STM32C011D6Y3TR, STM32C011D6Y6TR, STM32C011F4P3, STM32C011F4P6, STM32C011F4U3, STM32C011F4U6TR, STM32C011F6P3, STM32C011F6P6, STM32C011F6U3, STM32C011F6U6TR, STM32C011J4M3, STM32C011J4M6, STM32C011J6M3, STM32C011J6M6, STM32C0316-DK, STM32C031C4T3, STM32C031C4T6, STM32C031C4U3, STM32C031C4U6, STM32C031C6T3, STM32C031C6T6, STM32C031C6U3, STM32C031C6U6, STM32C031F4P3, STM32C031F4P6, STM32C031F6P3, STM32C031F6P6, STM32C031G4U3, STM32C031G4U6, STM32C031G6U3, STM32C031G6U6, STM32C031K4T3, STM32C031K4T6, STM32C031K4U3, STM32C031K4U6, STM32C031K6T3, STM32C031K6T6, STM32C031K6U3, STM32C031K6U6, STM32G071K8TXN, STM32G071K8UXN, STM32G081GBU6N, STM32G081KBT6N, STM32G081KBUXN, STM32G0B1CCT6N, STM32G0B1KCT6, STM32G0B1NEY6TR, STM32G0B1RCT6N, STM32G0C1CCT6, STM32G0C1CCT6N, STM32G0C1CCU6N, STM32G0C1CET6N, STM32G0C1CEU6N, STM32G0C1KCT6, STM32G0C1NEY6TR, STM32G0C1RCI6N, STM32G0C1RCT6N, STM32G0C1REI6N, STM32G0C1RET6N, STM32G0C1VCI6, STM32G0C1VEI6, STM32G471CCT6, STM32G471CCU6, STM32G471CET3, STM32G471CET6, STM32G471CEU3, STM32G471CEU6, STM32G471MCT6, STM32G471MET3, STM32G471MET6, STM32G471MEY6TR, STM32G471QCT6, STM32G471QET3, STM32G471RCT6, STM32G471RET3, STM32G471RET6, STM32G471VCH6, STM32G471VCI6, STM32G471VCT6, STM32G471VEH3, STM32G471VEH6, STM32G471VEI3, STM32G471VEI6, STM32G471VET3, STM32G471VET6, STM32G474CCT6, STM32H503CBT6, STM32H503CBU6, STM32H503EBY6TR, STM32H503KBU6, STM32H503RBT6, STM32H562AGI6, STM32H562AII6, STM32H562IGK6, STM32H562IGT6, STM32H562IIK6, STM32H562IIT6, STM32H562RGT6, STM32H562RGV6, STM32H562RIT6, STM32H562RIV6, STM32H562VGT6, STM32H562VIT6, STM32H562ZGT6, STM32H562ZIT6, STM32H563AGI6, STM32H563AII3Q, STM32H563AII6, STM32H563IGK6, STM32H563IGT6, STM32H563IIK3Q, STM32H563IIK6, STM32H563IIT3Q, STM32H563IIT6, STM32H563MIY3QTR, STM32H563RGT6, STM32H563RGV6, STM32H563RIT6, STM32H563RIV6, STM32H563VGT6, STM32H563VIT3Q, STM32H563VIT6, STM32H563ZGT6, STM32H563ZIT3Q, STM32H563ZIT6, STM32H573AII3Q, STM32H573AII6, STM32H573I-DK, STM32H573IIK3Q, STM32H573IIK6, STM32H573IIT3Q, STM32H573IIT6, STM32H573MIY3QTR, STM32H573RIT6, STM32H573RIV6, STM32H573VIT3Q, STM32H573VIT6, STM32H573ZIT3Q, STM32H573ZIT6, STM32L4R5QGI6STR, STM32MP131AAE3, STM32MP131AAF3, STM32MP131AAG3, STM32MP131CAE3, STM32MP131CAF3, STM32MP131CAG3, STM32MP131DAE7, STM32MP131DAF7, STM32MP131DAG7, STM32MP131FAE7, STM32MP131FAF7, STM32MP131FAG7, STM32MP133AAE3, STM32MP133AAF3, STM32MP133AAG3, STM32MP133CAE3, STM32MP133CAF3, STM32MP133CAG3, STM32MP133DAE7, STM32MP133DAF7, STM32MP133DAG7, STM32MP133FAE7, STM32MP133FAF7, STM32MP133FAG7, STM32MP135AAE3, STM32MP135AAF3, STM32MP135AAG3, STM32MP135CAE3, STM32MP135CAF3, STM32MP135CAG3, STM32MP135DAE7, STM32MP135DAF7, STM32MP135DAG7, STM32MP135F-DK, STM32MP135FAE7, STM32MP135FAF7, STM32MP135FAF7T, STM32MP135FAF7U, STM32MP135FAG7, STM32U535CBT6, STM32U535CBT6Q, STM32U535CBU6, STM32U535CBU6Q, STM32U535CCT6, STM32U535CCT6Q, STM32U535CCU6, STM32U535CCU6Q, STM32U535CET6, STM32U535CET6Q, STM32U535CEU6, STM32U535CEU6Q, STM32U535JEY6QTR, STM32U535NCY6QTR, STM32U535NEY6QTR, STM32U535RBI6, STM32U535RBI6Q, STM32U535RBT6, STM32U535RBT6Q, STM32U535RCI6, STM32U535RCI6Q, STM32U535RCT6, STM32U535RCT6Q, STM32U535REI6, STM32U535REI6Q, STM32U535RET6, STM32U535RET6Q, STM32U535VCI6, STM32U535VCI6Q, STM32U535VCT6, STM32U535VCT6Q, STM32U535VEI6, STM32U535VEI6Q, STM32U535VET6, STM32U535VET6Q, STM32U545CET6, STM32U545CET6Q, STM32U545CEU6, STM32U545CEU6Q, STM32U545JEY6QTR, STM32U545NEY6QTR, STM32U545REI6, STM32U545REI6Q, STM32U545RET6, STM32U545RET6Q, STM32U545VEI6, STM32U545VEI6Q, STM32U545VET6, STM32U545VET6Q, STM32U595AIH6, STM32U595AIH6Q, STM32U595AJH6, STM32U595AJH6Q, STM32U595QII6, STM32U595QII6Q, STM32U595QJI6, STM32U595QJI6Q, STM32U595RIT6, STM32U595RIT6Q, STM32U595RJT6, STM32U595RJT6Q, STM32U595VIT6, STM32U595VIT6Q, STM32U595VJT6, STM32U595VJT6Q, STM32U595ZIT6, STM32U595ZIT6Q, STM32U595ZIY6QTR, STM32U595ZJT6, STM32U595ZJT6Q, STM32U595ZJY6QTR, STM32U599BJY6QTR, STM32U599NIH6Q, STM32U599NJH6Q, STM32U599VIT6Q, STM32U599VJT6, STM32U599VJT6Q, STM32U599ZIT6Q, STM32U599ZIY6QTR, STM32U599ZJT6Q, STM32U599ZJY6QTR, STM32U5A5AJH6, STM32U5A5AJH6Q, STM32U5A5QJI6, STM32U5A5QJI6Q, STM32U5A5RJT6, STM32U5A5RJT6Q, STM32U5A5VJT6, STM32U5A5VJT6Q, STM32U5A5ZJT6, STM32U5A5ZJT6Q, STM32U5A5ZJY6QTR, STM32U5A9BJY6QTR, STM32U5A9J-DK, STM32U5A9NJH6Q, STM32U5A9VJT6Q, STM32U5A9ZJT6Q, STM32U5A9ZJY6QTR, STM32U5F7VIT6, STM32U5F7VIT6Q, STM32U5F7VJT6, STM32U5F7VJT6Q, STM32U5F9BJY6QTR, STM32U5F9NJH6Q, STM32U5F9VIT6Q, STM32U5F9VJT6Q, STM32U5F9ZIJ6QTR, STM32U5F9ZIT6Q, STM32U5F9ZJJ6QTR, STM32U5F9ZJT6Q, STM32U5G7VJT6, STM32U5G7VJT6Q, STM32U5G9BJY6QTR, STM32U5G9J-DK1, STM32U5G9J-DK2, STM32U5G9NJH6Q, STM32U5G9VJT6Q, STM32U5G9ZJJ6QTR, STM32U5G9ZJT6Q, STM32WB1MMCH6, STM32WBA52CEU6, STM32WBA52CEU6T, STM32WBA52CGU6, STM32WBA52CGU6T, STM32WBA52KEU6, STM32WBA52KEU6T, STM32WBA52KGU6, STM32WBA52KGU6T, STM32WL5MOCH6, STM32WL5MOCH6TR]
2024-08-22 10:21:41,298 [INFO] DbMcus:217 - Found 3848 MCUs, 3848 are supported
2024-08-22 10:21:41,299 [INFO] ApiDb:423 - Load user favorites file C:\Users\User/.stm32cubeide/favorites.mcus.txt: 0 item(s)
2024-08-22 10:21:41,300 [INFO] ApiDb:427 - User favorites MCUs=[]
2024-08-22 10:21:41,300 [INFO] DbMcus:223 - Set 0 / 0 favorites MCUs
2024-08-22 10:21:41,642 [WARN] ThirdParty:833 - waiting for thirdparty lock release [change project]
2024-08-22 10:21:41,642 [INFO] ThirdParty:835 - entering critical section [change project]
2024-08-22 10:21:41,642 [INFO] ThirdParty:1030 - CMSIS Pack Vendor :STMicroelectronics X-CUBE-ISPU 1.1.0
2024-08-22 10:21:41,642 [INFO] ThirdParty:1030 - CMSIS Pack Vendor :STMicroelectronics USBPD 4.1
2024-08-22 10:21:41,642 [INFO] ThirdParty:1030 - CMSIS Pack Vendor :STMicroelectronics X-CUBE-AZRTOS-H7 3.3.0
2024-08-22 10:21:41,642 [INFO] ThirdParty:1030 - CMSIS Pack Vendor :STMicroelectronics X-CUBE-GNSS1 6.0.0
2024-08-22 10:21:41,642 [INFO] ThirdParty:1030 - CMSIS Pack Vendor :STMicroelectronics USB_HOST 2.0.0
2024-08-22 10:21:41,642 [INFO] ThirdParty:1030 - CMSIS Pack Vendor :STMicroelectronics FP-SNS-MOTENVWB1 1.4.0
2024-08-22 10:21:41,642 [INFO] ThirdParty:1030 - CMSIS Pack Vendor :STMicroelectronics X-CUBE-AZRTOS-F4 1.1.0
2024-08-22 10:21:41,642 [INFO] ThirdParty:1030 - CMSIS Pack Vendor :STMicroelectronics LIBJPEG 8.0.0
2024-08-22 10:21:41,642 [INFO] ThirdParty:1030 - CMSIS Pack Vendor :wolfSSL I-CUBE-wolfSSL 5.6.3
2024-08-22 10:21:41,642 [INFO] ThirdParty:1030 - CMSIS Pack Vendor :STMicroelectronics X-CUBE-SMBUS 2.1.0
2024-08-22 10:21:41,642 [INFO] ThirdParty:1030 - CMSIS Pack Vendor :STMicroelectronics USB_DEVICE 3.0.0
2024-08-22 10:21:41,643 [INFO] ThirdParty:1030 - CMSIS Pack Vendor :STMicroelectronics X-CUBE-TCPP 4.1.0
2024-08-22 10:21:41,643 [INFO] ThirdParty:1030 - CMSIS Pack Vendor :STMicroelectronics X-CUBE-FREERTOS 1.2.0
2024-08-22 10:21:41,643 [INFO] ThirdParty:1030 - CMSIS Pack Vendor :STMicroelectronics X-CUBE-AZRTOS-WB 2.0.0
2024-08-22 10:21:41,643 [INFO] ThirdParty:1030 - CMSIS Pack Vendor :STMicroelectronics X-CUBE-FREERTOS 1.0.1
2024-08-22 10:21:41,643 [INFO] ThirdParty:1030 - CMSIS Pack Vendor :STMicroelectronics X-CUBE-TOUCHGFX 4.23.0
2024-08-22 10:21:41,643 [INFO] ThirdParty:1030 - CMSIS Pack Vendor :STMicroelectronics X-CUBE-AZRTOS-F7 1.1.0
2024-08-22 10:21:41,643 [INFO] ThirdParty:1030 - CMSIS Pack Vendor :STMicroelectronics X-CUBE-AZRTOS-L5 2.0.0
2024-08-22 10:21:41,643 [INFO] ThirdParty:1030 - CMSIS Pack Vendor :STMicroelectronics USB_DEVICE 2.0.0
2024-08-22 10:21:41,643 [INFO] ThirdParty:1030 - CMSIS Pack Vendor :STMicroelectronics X-CUBE-MEMS1 9.6.0
2024-08-22 10:21:41,643 [INFO] ThirdParty:1030 - CMSIS Pack Vendor :STMicroelectronics X-CUBE-NFC6 3.1.0
2024-08-22 10:21:41,643 [INFO] ThirdParty:1030 - CMSIS Pack Vendor :ITTIA_DB I-CUBE-ITTIADB 8.8.0
2024-08-22 10:21:41,643 [INFO] ThirdParty:1030 - CMSIS Pack Vendor :STMicroelectronics FP-SNS-MOTENV1 4.3.2
2024-08-22 10:21:41,643 [INFO] ThirdParty:1030 - CMSIS Pack Vendor :STMicroelectronics X-CUBE-ALGOBUILD 1.3.0
2024-08-22 10:21:41,643 [INFO] ThirdParty:1030 - CMSIS Pack Vendor :STMicroelectronics X-CUBE-MEMS1 11.0.0
2024-08-22 10:21:41,643 [INFO] ThirdParty:1030 - CMSIS Pack Vendor :STMicroelectronics X-CUBE-BLE1 6.2.4
2024-08-22 10:21:41,643 [INFO] ThirdParty:1030 - CMSIS Pack Vendor :STMicroelectronics X-CUBE-AZRTOS-L5 1.1.0
2024-08-22 10:21:41,643 [INFO] ThirdParty:1030 - CMSIS Pack Vendor :STMicroelectronics FreeRTOS 0.0.1
2024-08-22 10:21:41,643 [INFO] ThirdParty:1030 - CMSIS Pack Vendor :STMicroelectronics X-CUBE-AZRTOS-G0 1.1.0
2024-08-22 10:21:41,643 [INFO] ThirdParty:1030 - CMSIS Pack Vendor :STMicroelectronics X-CUBE-BLEMGR 2.0.0
2024-08-22 10:21:41,643 [INFO] ThirdParty:1030 - CMSIS Pack Vendor :STMicroelectronics X-CUBE-AI 8.0.1
2024-08-22 10:21:41,643 [INFO] ThirdParty:1030 - CMSIS Pack Vendor :STMicroelectronics X-CUBE-SAFEA1 1.2.2
2024-08-22 10:21:41,643 [INFO] ThirdParty:1030 - CMSIS Pack Vendor :STMicroelectronics X-CUBE-NFC4 3.0.0
2024-08-22 10:21:41,643 [INFO] ThirdParty:1030 - CMSIS Pack Vendor :STMicroelectronics X-CUBE-SUBG2 5.0.0
2024-08-22 10:21:41,643 [INFO] ThirdParty:1030 - CMSIS Pack Vendor :STMicroelectronics STM32_WPAN 1.0.0
2024-08-22 10:21:41,643 [INFO] ThirdParty:1030 - CMSIS Pack Vendor :STMicroelectronics lwIP 2.0.3
2024-08-22 10:21:41,643 [INFO] ThirdParty:1030 - CMSIS Pack Vendor :STMicroelectronics FP-SNS-FLIGHT1 5.0.2
2024-08-22 10:21:41,643 [INFO] ThirdParty:1030 - CMSIS Pack Vendor :Cesanta I-CUBE-Mongoose 7.13.0
2024-08-22 10:21:41,643 [INFO] ThirdParty:1030 - CMSIS Pack Vendor :STMicroelectronics USB_HOST 1.0.0
2024-08-22 10:21:41,643 [INFO] ThirdParty:1030 - CMSIS Pack Vendor :STMicroelectronics X-CUBE-TOF1 3.3.1
2024-08-22 10:21:41,643 [INFO] ThirdParty:1030 - CMSIS Pack Vendor :STMicroelectronics X-CUBE-AI 9.0.0
2024-08-22 10:21:41,643 [INFO] ThirdParty:1030 - CMSIS Pack Vendor :STMicroelectronics X-CUBE-AZRTOS-G4 2.0.0
2024-08-22 10:21:41,643 [INFO] ThirdParty:1030 - CMSIS Pack Vendor :STMicroelectronics PDM2PCM 3.1.0
2024-08-22 10:21:41,643 [INFO] ThirdParty:1030 - CMSIS Pack Vendor :STMicroelectronics X-CUBE-AZRTOS-H7 3.1.0
2024-08-22 10:21:41,643 [INFO] ThirdParty:1030 - CMSIS Pack Vendor :Infineon AIROC-Wi-Fi-Bluetooth-STM32 1.5.1
2024-08-22 10:21:41,643 [INFO] ThirdParty:1030 - CMSIS Pack Vendor :STMicroelectronics X-CUBE-BLEMGR 3.0.0
2024-08-22 10:21:41,643 [INFO] ThirdParty:1030 - CMSIS Pack Vendor :STMicroelectronics PDM2PCM 3.3.0
2024-08-22 10:21:41,643 [INFO] ThirdParty:1030 - CMSIS Pack Vendor :STMicroelectronics X-CUBE-DISPLAY 3.0.0
2024-08-22 10:21:41,643 [INFO] ThirdParty:1030 - CMSIS Pack Vendor :STMicroelectronics FP-SNS-MOTENVWB1 1.3.1
2024-08-22 10:21:41,643 [INFO] ThirdParty:1030 - CMSIS Pack Vendor :STMicroelectronics X-CUBE-BLE1 7.0.0
2024-08-22 10:21:41,643 [INFO] ThirdParty:1030 - CMSIS Pack Vendor :STMicroelectronics FP-ATR-SIGFOX1 3.2.0
2024-08-22 10:21:41,643 [INFO] ThirdParty:1030 - CMSIS Pack Vendor :STMicroelectronics X-CUBE-ISPU 2.0.0
2024-08-22 10:21:41,643 [INFO] ThirdParty:1030 - CMSIS Pack Vendor :STMicroelectronics X-CUBE-EEPRMA1 5.1.0
2024-08-22 10:21:41,643 [INFO] ThirdParty:1030 - CMSIS Pack Vendor :STMicroelectronics HAL Drivers 0.0.0
2024-08-22 10:21:41,643 [INFO] ThirdParty:1030 - CMSIS Pack Vendor :STMicroelectronics MBEDTLS 2.16.2
2024-08-22 10:21:41,643 [INFO] ThirdParty:1030 - CMSIS Pack Vendor :STMicroelectronics X-CUBE-ALS 1.0.2
2024-08-22 10:21:41,643 [INFO] ThirdParty:1030 - CMSIS Pack Vendor :emotas I-CUBE-CANOPEN 1.3.0
2024-08-22 10:21:41,643 [INFO] ThirdParty:1030 - CMSIS Pack Vendor :STMicroelectronics X-CUBE-MEMS1 10.0.0
2024-08-22 10:21:41,643 [INFO] ThirdParty:1030 - CMSIS Pack Vendor :STMicroelectronics X-CUBE-FREERTOS 1.1.0
2024-08-22 10:21:41,643 [INFO] ThirdParty:1030 - CMSIS Pack Vendor :STMicroelectronics X-CUBE-TOUCHGFX 4.22.0
2024-08-22 10:21:41,643 [INFO] ThirdParty:1030 - CMSIS Pack Vendor :STMicroelectronics X-CUBE-NFC7 1.0.1
2024-08-22 10:21:41,643 [INFO] ThirdParty:1030 - CMSIS Pack Vendor :STMicroelectronics MBEDTLS 2.14.1
2024-08-22 10:21:41,643 [INFO] ThirdParty:1030 - CMSIS Pack Vendor :STMicroelectronics X-CUBE-TOUCHGFX 4.24.0
2024-08-22 10:21:41,644 [INFO] ThirdParty:1030 - CMSIS Pack Vendor :STMicroelectronics X-CUBE-TOUCHGFX 4.22.1
2024-08-22 10:21:41,644 [INFO] ThirdParty:1030 - CMSIS Pack Vendor :wolfSSL I-CUBE-wolfTPM 3.2.0
2024-08-22 10:21:41,644 [INFO] ThirdParty:1030 - CMSIS Pack Vendor :STMicroelectronics X-CUBE-NFC6 3.0.0
2024-08-22 10:21:41,644 [INFO] ThirdParty:1030 - CMSIS Pack Vendor :STMicroelectronics X-CUBE-EEPRMA1 4.1.0
2024-08-22 10:21:41,644 [INFO] ThirdParty:1030 - CMSIS Pack Vendor :portGmbH I-Cube-SoM-uGOAL 1.1.0
2024-08-22 10:21:41,644 [INFO] ThirdParty:1030 - CMSIS Pack Vendor :STMicroelectronics X-CUBE-ALS 1.0.1
2024-08-22 10:21:41,644 [INFO] ThirdParty:1030 - CMSIS Pack Vendor :STMicroelectronics X-CUBE-BLEMGR 3.1.0
2024-08-22 10:21:41,644 [INFO] ThirdParty:1030 - CMSIS Pack Vendor :STMicroelectronics ThreadX 1.0.0
2024-08-22 10:21:41,644 [INFO] ThirdParty:1030 - CMSIS Pack Vendor :STMicroelectronics FP-SNS-SMARTAG2 1.2.0
2024-08-22 10:21:41,644 [INFO] ThirdParty:1030 - CMSIS Pack Vendor :STMicroelectronics X-CUBE-AZRTOS-WB 1.1.0
2024-08-22 10:21:41,644 [INFO] ThirdParty:1030 - CMSIS Pack Vendor :STMicroelectronics X-CUBE-AZRTOS-WL 2.0.0
2024-08-22 10:21:41,644 [INFO] ThirdParty:1030 - CMSIS Pack Vendor :SEGGER I-CUBE-embOS 1.3.1
2024-08-22 10:21:41,644 [INFO] ThirdParty:1030 - CMSIS Pack Vendor :STMicroelectronics X-CUBE-ALGOBUILD 1.4.0
2024-08-22 10:21:41,644 [INFO] ThirdParty:1030 - CMSIS Pack Vendor :STMicroelectronics FP-SNS-MOTENV1 5.0.0
2024-08-22 10:21:41,644 [INFO] ThirdParty:1030 - CMSIS Pack Vendor :STMicroelectronics USB_DEVICE 1.0.0
2024-08-22 10:21:41,644 [INFO] ThirdParty:1030 - CMSIS Pack Vendor :STMicroelectronics X-CUBE-AI 8.1.0
2024-08-22 10:21:41,644 [INFO] ThirdParty:1030 - CMSIS Pack Vendor :STMicroelectronics X-CUBE-AZRTOS-H7RS 1.0.0
2024-08-22 10:21:41,644 [INFO] ThirdParty:1030 - CMSIS Pack Vendor :wolfSSL I-CUBE-wolfMQTT 1.19.0
2024-08-22 10:21:41,644 [INFO] ThirdParty:1030 - CMSIS Pack Vendor :STMicroelectronics X-CUBE-AZRTOS-L4 2.0.0
2024-08-22 10:21:41,644 [INFO] ThirdParty:1030 - CMSIS Pack Vendor :STMicroelectronics ThreadX 0.0.2
2024-08-22 10:21:41,644 [INFO] ThirdParty:1030 - CMSIS Pack Vendor :WES I-CUBE-Cesium 1.3.0
2024-08-22 10:21:41,644 [INFO] ThirdParty:1030 - CMSIS Pack Vendor :STMicroelectronics FP-ATR-ASTRA1 2.0.0
2024-08-22 10:21:41,644 [INFO] ThirdParty:1030 - CMSIS Pack Vendor :STMicroelectronics lwIP 2.1.2
2024-08-22 10:21:41,644 [INFO] ThirdParty:1030 - CMSIS Pack Vendor :STMicroelectronics X-CUBE-SFXS2LP1 4.0.0
2024-08-22 10:21:41,645 [INFO] ThirdParty:1030 - CMSIS Pack Vendor :STMicroelectronics X-CUBE-BLE2 3.3.0
2024-08-22 10:21:41,645 [INFO] ThirdParty:1030 - CMSIS Pack Vendor :STMicroelectronics X-CUBE-TOF1 3.4.0
2024-08-22 10:21:41,645 [INFO] ThirdParty:1030 - CMSIS Pack Vendor :STMicroelectronics X-CUBE-AZRTOS-H7 3.2.0
2024-08-22 10:21:41,645 [INFO] ThirdParty:1030 - CMSIS Pack Vendor :STMicroelectronics PDM2PCM 3.2.0
2024-08-22 10:21:41,645 [INFO] ThirdParty:1030 - CMSIS Pack Vendor :wolfSSL I-CUBE-wolfSSH 1.4.17
2024-08-22 10:21:41,645 [INFO] ThirdParty:841 - exiting critical section [change project]
2024-08-22 10:21:42,127 [INFO] PinOutPanel:1499 - setPackage(No Configuration,No Configuration)
2024-08-22 10:21:42,149 [INFO] PinOutPanel:1499 - setPackage(STM32F767ZITx,LQFP144)
2024-08-22 10:21:42,706 [INFO] UtilMem:75 - Before build in PCC Used Memory: 360746656 Bytes (592445440)
2024-08-22 10:21:43,752 [INFO] UtilMem:75 - After build in PCC Used Memory: 464861920 Bytes (592445440)
2024-08-22 10:21:43,811 [INFO] IPUIPlugin:80 - create IPUIPlugin
2024-08-22 10:21:43,812 [INFO] IPUIPlugin:80 - create IPUIPlugin
2024-08-22 10:21:43,812 [INFO] IPUIPlugin:80 - create IPUIPlugin
2024-08-22 10:21:43,812 [INFO] IPUIPlugin:80 - create IPUIPlugin
2024-08-22 10:21:43,812 [INFO] IPUIPlugin:80 - create IPUIPlugin
2024-08-22 10:21:43,812 [INFO] IPUIPlugin:80 - create IPUIPlugin
2024-08-22 10:21:43,812 [INFO] IPUIPlugin:80 - create IPUIPlugin
2024-08-22 10:21:43,812 [INFO] IPUIPlugin:80 - create IPUIPlugin
2024-08-22 10:21:43,812 [INFO] IPUIPlugin:80 - create IPUIPlugin
2024-08-22 10:21:43,812 [INFO] IPUIPlugin:80 - create IPUIPlugin
2024-08-22 10:21:43,812 [INFO] IPUIPlugin:80 - create IPUIPlugin
2024-08-22 10:21:43,813 [INFO] IPUIPlugin:80 - create IPUIPlugin
2024-08-22 10:21:43,813 [INFO] IPUIPlugin:80 - create IPUIPlugin
2024-08-22 10:21:43,813 [INFO] IPUIPlugin:80 - create IPUIPlugin
2024-08-22 10:21:43,813 [INFO] IPUIPlugin:80 - create IPUIPlugin
2024-08-22 10:21:43,813 [INFO] IPUIPlugin:80 - create IPUIPlugin
2024-08-22 10:21:43,813 [INFO] IPUIPlugin:80 - create IPUIPlugin
2024-08-22 10:21:43,813 [INFO] IPUIPlugin:80 - create IPUIPlugin
2024-08-22 10:21:43,814 [INFO] IPUIPlugin:80 - create IPUIPlugin
2024-08-22 10:21:43,814 [INFO] IPUIPlugin:80 - create IPUIPlugin
2024-08-22 10:21:43,814 [INFO] IPUIPlugin:80 - create IPUIPlugin
2024-08-22 10:21:43,814 [INFO] IPUIPlugin:80 - create IPUIPlugin
2024-08-22 10:21:43,814 [INFO] IPUIPlugin:80 - create IPUIPlugin
2024-08-22 10:21:43,814 [INFO] IPUIPlugin:80 - create IPUIPlugin
2024-08-22 10:21:43,815 [INFO] IPUIPlugin:80 - create IPUIPlugin
2024-08-22 10:21:43,815 [INFO] IPUIPlugin:80 - create IPUIPlugin
2024-08-22 10:21:43,815 [INFO] IPUIPlugin:80 - create IPUIPlugin
2024-08-22 10:21:43,815 [INFO] IPUIPlugin:80 - create IPUIPlugin
2024-08-22 10:21:43,815 [INFO] IPUIPlugin:80 - create IPUIPlugin
2024-08-22 10:21:43,816 [INFO] IPUIPlugin:80 - create IPUIPlugin
2024-08-22 10:21:43,816 [INFO] IPUIPlugin:80 - create IPUIPlugin
2024-08-22 10:21:43,816 [INFO] IPUIPlugin:80 - create IPUIPlugin
2024-08-22 10:21:43,816 [INFO] IPUIPlugin:80 - create IPUIPlugin
2024-08-22 10:21:43,816 [INFO] IPUIPlugin:80 - create IPUIPlugin
2024-08-22 10:21:43,816 [INFO] IPUIPlugin:80 - create IPUIPlugin
2024-08-22 10:21:43,816 [INFO] IPUIPlugin:80 - create IPUIPlugin
2024-08-22 10:21:43,818 [INFO] IPUIPlugin:80 - create IPUIPlugin
2024-08-22 10:21:43,819 [INFO] IPUIPlugin:80 - create IPUIPlugin
2024-08-22 10:21:43,819 [INFO] IPUIPlugin:80 - create IPUIPlugin
2024-08-22 10:21:43,820 [INFO] IPUIPlugin:80 - create IPUIPlugin
2024-08-22 10:21:43,820 [INFO] IPUIPlugin:80 - create IPUIPlugin
2024-08-22 10:21:43,820 [INFO] IPUIPlugin:80 - create IPUIPlugin
2024-08-22 10:21:43,820 [INFO] IPUIPlugin:80 - create IPUIPlugin
2024-08-22 10:21:43,820 [INFO] IPUIPlugin:80 - create IPUIPlugin
2024-08-22 10:21:43,821 [INFO] IPUIPlugin:80 - create IPUIPlugin
2024-08-22 10:21:43,821 [INFO] IPUIPlugin:80 - create IPUIPlugin
2024-08-22 10:21:43,821 [INFO] IPUIPlugin:80 - create IPUIPlugin
2024-08-22 10:21:43,821 [INFO] IPUIPlugin:80 - create IPUIPlugin
2024-08-22 10:21:43,822 [INFO] IPUIPlugin:80 - create IPUIPlugin
2024-08-22 10:21:43,822 [INFO] IPUIPlugin:80 - create IPUIPlugin
2024-08-22 10:21:43,822 [INFO] IPUIPlugin:80 - create IPUIPlugin
2024-08-22 10:21:43,822 [INFO] IPUIPlugin:80 - create IPUIPlugin
2024-08-22 10:21:43,823 [INFO] IPUIPlugin:80 - create IPUIPlugin
2024-08-22 10:21:43,823 [INFO] IPUIPlugin:80 - create IPUIPlugin
2024-08-22 10:21:43,823 [INFO] IPUIPlugin:80 - create IPUIPlugin
2024-08-22 10:21:43,823 [INFO] IPUIPlugin:80 - create IPUIPlugin
2024-08-22 10:21:43,823 [INFO] IPUIPlugin:80 - create IPUIPlugin
2024-08-22 10:21:43,824 [INFO] IPUIPlugin:80 - create IPUIPlugin
2024-08-22 10:21:43,824 [INFO] IPUIPlugin:80 - create IPUIPlugin
2024-08-22 10:21:43,824 [INFO] IPUIPlugin:80 - create IPUIPlugin
2024-08-22 10:21:43,824 [INFO] IPUIPlugin:80 - create IPUIPlugin
2024-08-22 10:21:43,824 [INFO] IPUIPlugin:80 - create IPUIPlugin
2024-08-22 10:21:43,825 [INFO] IPUIPlugin:80 - create IPUIPlugin
2024-08-22 10:21:43,825 [INFO] IPUIPlugin:80 - create IPUIPlugin
2024-08-22 10:21:43,825 [INFO] IPUIPlugin:80 - create IPUIPlugin
2024-08-22 10:21:43,825 [INFO] IPUIPlugin:80 - create IPUIPlugin
2024-08-22 10:21:43,826 [INFO] IPUIPlugin:80 - create IPUIPlugin
2024-08-22 10:21:43,826 [INFO] IPUIPlugin:80 - create IPUIPlugin
2024-08-22 10:21:43,826 [INFO] IPUIPlugin:80 - create IPUIPlugin
2024-08-22 10:21:43,826 [INFO] IPUIPlugin:80 - create IPUIPlugin
2024-08-22 10:21:43,828 [INFO] IPUIPlugin:80 - create IPUIPlugin
2024-08-22 10:21:43,828 [INFO] IPUIPlugin:80 - create IPUIPlugin
2024-08-22 10:21:43,828 [INFO] IPUIPlugin:80 - create IPUIPlugin
2024-08-22 10:21:43,829 [INFO] IPUIPlugin:80 - create IPUIPlugin
2024-08-22 10:21:43,829 [INFO] IPUIPlugin:80 - create IPUIPlugin
2024-08-22 10:21:43,834 [INFO] IPUIPlugin:80 - create IPUIPlugin
2024-08-22 10:21:43,836 [INFO] IPUIPlugin:80 - create IPUIPlugin
2024-08-22 10:21:43,836 [INFO] IPUIPlugin:80 - create IPUIPlugin
2024-08-22 10:21:43,837 [INFO] IPUIPlugin:80 - create IPUIPlugin
2024-08-22 10:21:43,999 [INFO] ApiDbMcu:507 - Load IP Config File for PDM2PCM
2024-08-22 10:21:44,295 [INFO] CADModel:165 - CPN selected for project levelSTM32F767ZIT6
2024-08-22 10:21:44,295 [INFO] CADModel:114 - Register for checkConnection events
2024-08-22 10:21:44,350 [INFO] OpenFileManager:328 - Restore cursor
2024-08-22 10:21:52,944 [INFO] ADCParametersView:116 -                Rank 1 : false
2024-08-22 10:21:52,944 [INFO] ADCParametersView:116 -                Rank 1 : false
2024-08-22 10:21:52,944 [INFO] ADCParametersView:116 -                Rank 2 : false
2024-08-22 10:21:53,083 [INFO] ADCParametersView:116 -                Rank 1 : false
2024-08-22 10:21:53,083 [INFO] ADCParametersView:116 -                Rank 2 : false
2024-08-22 10:21:53,083 [INFO] ADCParametersView:116 -                Rank 1 : false
2024-08-22 10:21:53,083 [INFO] ADCParametersView:116 -                Rank 2 : false
2024-08-22 10:21:53,083 [INFO] ADCParametersView:116 -                Rank 1 : false
2024-08-22 10:21:53,083 [INFO] ADCParametersView:116 -                Rank 2 : false
2024-08-22 10:21:53,083 [INFO] ADCParametersView:116 -                Rank 1 : false
2024-08-22 10:21:53,083 [INFO] ADCParametersView:116 -                Rank 2 : false
2024-08-22 10:21:53,083 [INFO] ADCParametersView:116 -                Rank 1 : false
2024-08-22 10:21:53,084 [INFO] ADCParametersView:116 -                Rank 2 : false
2024-08-22 10:21:53,084 [INFO] ADCParametersView:116 -                Rank 1 : false
2024-08-22 10:21:53,084 [INFO] ADCParametersView:116 -                Rank 2 : false
2024-08-22 10:21:53,084 [INFO] ADCParametersView:116 -                Rank 1 : false
2024-08-22 10:21:53,084 [INFO] ADCParametersView:116 -                Rank 2 : false
2024-08-22 10:21:53,084 [INFO] ADCParametersView:116 -                Rank 1 : false
2024-08-22 10:21:53,084 [INFO] ADCParametersView:116 -                Rank 2 : false
2024-08-22 10:21:53,084 [INFO] ADCParametersView:116 -                Rank 1 : false
2024-08-22 10:21:53,084 [INFO] ADCParametersView:116 -                Rank 2 : false
2024-08-22 10:21:53,084 [INFO] ADCParametersView:116 -                Rank 1 : false
2024-08-22 10:21:53,084 [INFO] ADCParametersView:116 -                Rank 2 : false
2024-08-22 10:21:53,084 [INFO] ADCParametersView:116 -                Rank 1 : false
2024-08-22 10:21:53,084 [INFO] ADCParametersView:116 -                Rank 2 : false
2024-08-22 10:21:53,084 [INFO] ADCParametersView:116 -                Rank 1 : false
2024-08-22 10:21:53,084 [INFO] ADCParametersView:116 -                Rank 2 : false
2024-08-22 10:21:53,084 [INFO] ADCParametersView:116 -                Rank 1 : false
2024-08-22 10:21:53,084 [INFO] ADCParametersView:116 -                Rank 2 : false
2024-08-22 10:21:53,084 [INFO] ADCParametersView:116 -                Rank 1 : false
2024-08-22 10:21:53,084 [INFO] ADCParametersView:116 -                Rank 2 : false
2024-08-22 10:21:53,084 [INFO] ADCParametersView:116 -                Rank 2 : false
2024-08-22 10:21:53,126 [INFO] ADCParametersView:116 -                Rank 1 : false
2024-08-22 10:21:53,126 [INFO] ADCParametersView:116 -                Rank 1 : false
2024-08-22 10:21:53,127 [INFO] ADCParametersView:116 -                Rank 2 : false
