2024-02-14 15:14:03,198 [INFO] Activator:176 - 


2024-02-14 15:14:03,202 [INFO] Activator:177 - !SESSION log4j initialized
2024-02-14 15:14:06,052 [INFO] LogOutputStream:77 - [STDOUT_REDIRECT] 
2024-02-14 15:14:18,597 [INFO] ApplicationProperties:184 - Using Application install path: C:\ST\STM32CubeIDE_1.13.0\STM32CubeIDE\plugins\com.st.stm32cube.common.mx_6.9.2.202309101412
2024-02-14 15:14:18,617 [INFO] DbMcusXml:78 - Set database path to: C:\ST\STM32CubeIDE_1.13.0\STM32CubeIDE\plugins\com.st.stm32cube.common.mx_6.9.2.202309101412\\db\/mcu/
2024-02-14 15:14:18,618 [INFO] ApiDb:274 - Set plugin database path to: C:\ST\STM32CubeIDE_1.13.0\STM32CubeIDE\plugins\com.st.stm32cube.common.mx_6.9.2.202309101412\\db\/plugins/boardmanager/
2024-02-14 15:14:18,618 [WARN] ApiDb:259 - Overriding images path with different value:  => C:\ST\STM32CubeIDE_1.13.0\STM32CubeIDE\plugins\com.st.stm32cube.common.mx_6.9.2.202309101412\\db\/plugins/mcufinder/images/
2024-02-14 15:14:18,633 [INFO] ApiDb:250 - Set database path to: C:\Users\User\.stmcufinder\plugins\mcufinder//mcu/
2024-02-14 15:14:18,634 [INFO] DbMcusAds:125 - Set database path to: C:\Users\User\.stmcufinder\plugins\mcufinder//mcu/
2024-02-14 15:14:18,639 [INFO] CrossReferenceDbSqlite:203 - Set database path to: C:\Users\User\.stmcufinder\plugins\mcufinder//mcu/cs/
2024-02-14 15:14:18,752 [INFO] RulesReader:64 - Compatibility file has been processed (293 Rules)
2024-02-14 15:14:18,878 [INFO] DbMcusXml:78 - Set database path to: C:\ST\STM32CubeIDE_1.13.0\STM32CubeIDE\plugins\com.st.stm32cube.common.mx_6.9.2.202309101412\\db\/mcu/
2024-02-14 15:14:18,878 [INFO] ApiDb:274 - Set plugin database path to: C:\ST\STM32CubeIDE_1.13.0\STM32CubeIDE\plugins\com.st.stm32cube.common.mx_6.9.2.202309101412\\db\/plugins/boardmanager/
2024-02-14 15:14:18,878 [INFO] ApiDb:261 - Set plugin images path to: C:\ST\STM32CubeIDE_1.13.0\STM32CubeIDE\plugins\com.st.stm32cube.common.mx_6.9.2.202309101412\\db\/plugins/mcufinder/images/
2024-02-14 15:14:18,879 [WARN] DbFile:41 - Overriding database path with different value: C:\Users\User\.stmcufinder\plugins\mcufinder/ => C:\Users\User\.stmcufinder\plugins\mcufinder
2024-02-14 15:14:18,879 [INFO] ApiDb:250 - Set database path to: C:\Users\User\.stmcufinder\plugins\mcufinder//mcu/
2024-02-14 15:14:18,879 [WARN] DbFile:41 - Overriding database path with different value: C:\Users\User\.stmcufinder\plugins\mcufinder/ => C:\Users\User\.stmcufinder\plugins\mcufinder
2024-02-14 15:14:18,879 [INFO] DbMcusAds:125 - Set database path to: C:\Users\User\.stmcufinder\plugins\mcufinder//mcu/
2024-02-14 15:14:18,879 [WARN] DbFile:41 - Overriding database path with different value: C:\Users\User\.stmcufinder\plugins\mcufinder/ => C:\Users\User\.stmcufinder\plugins\mcufinder
2024-02-14 15:14:18,879 [WARN] DbFile:41 - Overriding database path with different value: C:\Users\User\.stmcufinder\plugins\mcufinder/ => C:\Users\User\.stmcufinder\plugins\mcufinder
2024-02-14 15:14:18,879 [INFO] CrossReferenceDbSqlite:203 - Set database path to: C:\Users\User\.stmcufinder\plugins\mcufinder//mcu/cs/
2024-02-14 15:14:19,003 [INFO] MainPanel:262 - HeapMemory: 325058560
2024-02-14 15:14:19,117 [INFO] DbMcusXml:78 - Set database path to: C:\ST\STM32CubeIDE_1.13.0\STM32CubeIDE\plugins\com.st.stm32cube.common.mx_6.9.2.202309101412\\db\/mcu/
2024-02-14 15:14:19,117 [INFO] ApiDb:274 - Set plugin database path to: C:\ST\STM32CubeIDE_1.13.0\STM32CubeIDE\plugins\com.st.stm32cube.common.mx_6.9.2.202309101412\\db\/plugins/boardmanager/
2024-02-14 15:14:19,117 [INFO] ApiDb:261 - Set plugin images path to: C:\ST\STM32CubeIDE_1.13.0\STM32CubeIDE\plugins\com.st.stm32cube.common.mx_6.9.2.202309101412\\db\/plugins/mcufinder/images/
2024-02-14 15:14:19,118 [WARN] DbFile:41 - Overriding database path with different value: C:\Users\User\.stmcufinder\plugins\mcufinder/ => C:\Users\User\.stmcufinder\plugins\mcufinder
2024-02-14 15:14:19,118 [INFO] ApiDb:250 - Set database path to: C:\Users\User\.stmcufinder\plugins\mcufinder//mcu/
2024-02-14 15:14:19,118 [WARN] DbFile:41 - Overriding database path with different value: C:\Users\User\.stmcufinder\plugins\mcufinder/ => C:\Users\User\.stmcufinder\plugins\mcufinder
2024-02-14 15:14:19,118 [INFO] DbMcusAds:125 - Set database path to: C:\Users\User\.stmcufinder\plugins\mcufinder//mcu/
2024-02-14 15:14:19,118 [WARN] DbFile:41 - Overriding database path with different value: C:\Users\User\.stmcufinder\plugins\mcufinder/ => C:\Users\User\.stmcufinder\plugins\mcufinder
2024-02-14 15:14:19,118 [WARN] DbFile:41 - Overriding database path with different value: C:\Users\User\.stmcufinder\plugins\mcufinder/ => C:\Users\User\.stmcufinder\plugins\mcufinder
2024-02-14 15:14:19,118 [INFO] CrossReferenceDbSqlite:203 - Set database path to: C:\Users\User\.stmcufinder\plugins\mcufinder//mcu/cs/
2024-02-14 15:14:19,138 [INFO] ApplicationProperties:184 - Using Application install path: C:\ST\STM32CubeIDE_1.13.0\STM32CubeIDE\plugins\com.st.stm32cube.common.mx_6.9.2.202309101412
2024-02-14 15:14:19,140 [INFO] PluginManage:196 - Search for loadable plugins [exclusion list=, ]
2024-02-14 15:14:19,142 [INFO] PluginManage:310 - Check plugin analytics
2024-02-14 15:14:19,309 [INFO] AnalyticsPlugin:253 - Accepted Software Licenses: 
2024-02-14 15:14:19,309 [INFO] AnalyticsPlugin:255 - Accepted CMSIS Pack Licenses: 
2024-02-14 15:14:19,309 [INFO] AnalyticsPlugin:257 - Accepted Firmware Licenses: FW.F7.1.17.0,FW.F4.1.27.0
2024-02-14 15:14:19,312 [INFO] PluginManage:359 - Loaded plugin analytics (category:tool,tabindex:-1)
2024-02-14 15:14:19,312 [INFO] PluginManage:310 - Check plugin cadmodel
2024-02-14 15:14:19,327 [INFO] CADModel:105 - Init CAD model plugin
2024-02-14 15:14:19,327 [INFO] PluginManage:359 - Loaded plugin cadmodel (category:power,tabindex:5)
2024-02-14 15:14:19,327 [INFO] PluginManage:310 - Check plugin clock
2024-02-14 15:14:19,347 [INFO] PluginManage:359 - Loaded plugin clock (category:base,tabindex:2)
2024-02-14 15:14:19,347 [INFO] PluginManage:310 - Check plugin ddr
2024-02-14 15:14:19,349 [INFO] PluginManage:359 - Loaded plugin ddr (category:tool,tabindex:6)
2024-02-14 15:14:19,349 [INFO] PluginManage:310 - Check plugin filemanager
2024-02-14 15:14:19,468 [INFO] PluginManage:359 - Loaded plugin filemanager (category:base,tabindex:10)
2024-02-14 15:14:19,468 [INFO] PluginManage:310 - Check plugin ipmanager
2024-02-14 15:14:19,475 [INFO] PluginManage:359 - Loaded plugin ipmanager (category:base,tabindex:5)
2024-02-14 15:14:19,475 [INFO] PluginManage:310 - Check plugin lpbam
2024-02-14 15:14:19,491 [INFO] PluginManage:359 - Loaded plugin lpbam (category:base,tabindex:0)
2024-02-14 15:14:19,491 [INFO] PluginManage:310 - Check plugin memorymap
2024-02-14 15:14:19,514 [INFO] PluginManage:359 - Loaded plugin memorymap (category:base,tabindex:4)
2024-02-14 15:14:19,514 [INFO] PluginManage:310 - Check plugin pinoutandconfiguration
2024-02-14 15:14:19,537 [INFO] PluginManage:359 - Loaded plugin pinoutandconfiguration (category:base,tabindex:1)
2024-02-14 15:14:19,537 [INFO] PluginManage:310 - Check plugin pinoutconfig
2024-02-14 15:14:19,640 [WARN] SupportedApi:132 - Cannot load RTOS API schema: s4s-elt-must-match.1: The content of 'definitions' must match (annotation?, (simpleType | complexType)?, (unique | key | keyref)*)). A problem was found starting at: attribute.
2024-02-14 15:14:19,772 [INFO] PluginManage:359 - Loaded plugin pinoutconfig (category:base,tabindex:0)
2024-02-14 15:14:19,772 [INFO] PluginManage:310 - Check plugin power
2024-02-14 15:14:19,797 [INFO] PluginManage:359 - Loaded plugin power (category:power,tabindex:4)
2024-02-14 15:14:19,797 [INFO] PluginManage:310 - Check plugin projectmanager
2024-02-14 15:14:19,816 [INFO] PluginManage:359 - Loaded plugin projectmanager (category:projectmanager,tabindex:3)
2024-02-14 15:14:19,816 [INFO] PluginManage:310 - Check plugin thirdparty
2024-02-14 15:14:20,075 [INFO] PluginManage:359 - Loaded plugin thirdparty (category:base,tabindex:-1)
2024-02-14 15:14:20,075 [WARN] IntegrityCheckThread:84 - waiting for thirdparty lock release [integrity check]
2024-02-14 15:14:20,075 [INFO] IntegrityCheckThread:86 - entering critical section [integrity check]
2024-02-14 15:14:20,075 [INFO] PluginManage:310 - Check plugin tools
2024-02-14 15:14:20,076 [INFO] ThirdPartyUpdaterWithRetryManager:70 - Updater plugin not ready yet. [1/15]
2024-02-14 15:14:20,104 [INFO] PluginManage:359 - Loaded plugin tools (category:base,tabindex:7)
2024-02-14 15:14:20,104 [INFO] PluginManage:310 - Check plugin tutovideos
2024-02-14 15:14:20,344 [INFO] PluginManage:359 - Loaded plugin tutovideos (category:base,tabindex:-1)
2024-02-14 15:14:20,344 [INFO] PluginManage:310 - Check plugin updater
2024-02-14 15:14:20,359 [INFO] PluginManage:359 - Loaded plugin updater (category:base,tabindex:12)
2024-02-14 15:14:20,359 [INFO] PluginManage:310 - Check plugin userauth
2024-02-14 15:14:20,366 [INFO] UserAuth:113 - Init User Auth plugin
2024-02-14 15:14:20,366 [INFO] PluginManage:359 - Loaded plugin userauth (category:base,tabindex:14)
2024-02-14 15:14:20,368 [INFO] PluginManage:283 - PluginManage : Loaded plugins [17]
2024-02-14 15:14:20,610 [INFO] PinOutPanel:1499 - setPackage(No Configuration,No Configuration)
2024-02-14 15:14:20,706 [INFO] CADModel:165 - CPN selected for project level
2024-02-14 15:14:20,706 [INFO] CADModel:114 - Register for checkConnection events
2024-02-14 15:14:20,731 [INFO] IPUIPlugin:80 - create IPUIPlugin
2024-02-14 15:14:20,731 [INFO] PluginManager:220 - loadIPPluginJar : add adc
2024-02-14 15:14:20,760 [INFO] IPUIPlugin:80 - create IPUIPlugin
2024-02-14 15:14:20,761 [INFO] PluginManager:220 - loadIPPluginJar : add aes
2024-02-14 15:14:20,794 [INFO] IPUIPlugin:80 - create IPUIPlugin
2024-02-14 15:14:20,794 [INFO] PluginManager:220 - loadIPPluginJar : add can
2024-02-14 15:14:20,813 [INFO] IPUIPlugin:80 - create IPUIPlugin
2024-02-14 15:14:20,813 [INFO] PluginManager:220 - loadIPPluginJar : add comp
2024-02-14 15:14:20,838 [INFO] IPUIPlugin:80 - create IPUIPlugin
2024-02-14 15:14:20,839 [INFO] PluginManager:220 - loadIPPluginJar : add cryp
2024-02-14 15:14:20,865 [INFO] IPUIPlugin:80 - create IPUIPlugin
2024-02-14 15:14:20,865 [INFO] PluginManager:220 - loadIPPluginJar : add dfsdm
2024-02-14 15:14:20,874 [INFO] IPUIPlugin:80 - create IPUIPlugin
2024-02-14 15:14:20,875 [INFO] PluginManager:220 - loadIPPluginJar : add dma
2024-02-14 15:14:20,905 [INFO] IPUIPlugin:80 - create IPUIPlugin
2024-02-14 15:14:20,905 [INFO] PluginManager:220 - loadIPPluginJar : add dma3
2024-02-14 15:14:20,925 [INFO] IPUIPlugin:80 - create IPUIPlugin
2024-02-14 15:14:20,925 [INFO] PluginManager:220 - loadIPPluginJar : add fatfs
2024-02-14 15:14:20,961 [INFO] IPUIPlugin:80 - create IPUIPlugin
2024-02-14 15:14:20,961 [INFO] PluginManager:220 - loadIPPluginJar : add fmc
2024-02-14 15:14:20,974 [INFO] IPUIPlugin:80 - create IPUIPlugin
2024-02-14 15:14:20,974 [INFO] PluginManager:220 - loadIPPluginJar : add freertos
2024-02-14 15:14:20,991 [INFO] IPUIPlugin:80 - create IPUIPlugin
2024-02-14 15:14:20,991 [INFO] PluginManager:220 - loadIPPluginJar : add genericplugin
2024-02-14 15:14:21,062 [INFO] IPUIPlugin:80 - create IPUIPlugin
2024-02-14 15:14:21,062 [INFO] PluginManager:220 - loadIPPluginJar : add gfxmmu
2024-02-14 15:14:21,167 [INFO] IPUIPlugin:80 - create IPUIPlugin
2024-02-14 15:14:21,167 [INFO] PluginManager:220 - loadIPPluginJar : add gic
2024-02-14 15:14:21,181 [INFO] IPUIPlugin:80 - create IPUIPlugin
2024-02-14 15:14:21,181 [INFO] PluginManager:220 - loadIPPluginJar : add gpio
2024-02-14 15:14:21,250 [INFO] IPUIPlugin:80 - create IPUIPlugin
2024-02-14 15:14:21,250 [INFO] PluginManager:220 - loadIPPluginJar : add gtzc
2024-02-14 15:14:21,277 [INFO] IPUIPlugin:80 - create IPUIPlugin
2024-02-14 15:14:21,277 [INFO] PluginManager:220 - loadIPPluginJar : add hash
2024-02-14 15:14:21,314 [INFO] IPUIPlugin:80 - create IPUIPlugin
2024-02-14 15:14:21,315 [INFO] PluginManager:220 - loadIPPluginJar : add i2c
2024-02-14 15:14:21,343 [INFO] IPUIPlugin:80 - create IPUIPlugin
2024-02-14 15:14:21,343 [INFO] PluginManager:220 - loadIPPluginJar : add i2s
2024-02-14 15:14:21,374 [INFO] IPUIPlugin:80 - create IPUIPlugin
2024-02-14 15:14:21,374 [INFO] PluginManager:220 - loadIPPluginJar : add i3c
2024-02-14 15:14:21,459 [INFO] IPUIPlugin:80 - create IPUIPlugin
2024-02-14 15:14:21,459 [INFO] PluginManager:220 - loadIPPluginJar : add ipddr
2024-02-14 15:14:21,526 [INFO] IPUIPlugin:80 - create IPUIPlugin
2024-02-14 15:14:21,527 [INFO] PluginManager:220 - loadIPPluginJar : add linkedlist
2024-02-14 15:14:21,552 [INFO] IPUIPlugin:80 - create IPUIPlugin
2024-02-14 15:14:21,553 [INFO] PluginManager:220 - loadIPPluginJar : add lorawan
2024-02-14 15:14:21,582 [INFO] IPUIPlugin:80 - create IPUIPlugin
2024-02-14 15:14:21,582 [INFO] PluginManager:220 - loadIPPluginJar : add ltdc
2024-02-14 15:14:21,601 [INFO] IPUIPlugin:80 - create IPUIPlugin
2024-02-14 15:14:21,601 [INFO] PluginManager:220 - loadIPPluginJar : add mdma
2024-02-14 15:14:21,611 [INFO] IPUIPlugin:80 - create IPUIPlugin
2024-02-14 15:14:21,612 [INFO] PluginManager:220 - loadIPPluginJar : add nvic
2024-02-14 15:14:21,640 [INFO] IPUIPlugin:80 - create IPUIPlugin
2024-02-14 15:14:21,640 [INFO] PluginManager:220 - loadIPPluginJar : add opamp
2024-02-14 15:14:21,688 [INFO] IPUIPlugin:80 - create IPUIPlugin
2024-02-14 15:14:21,688 [INFO] PluginManager:220 - loadIPPluginJar : add openamp
2024-02-14 15:14:21,720 [INFO] IPUIPlugin:80 - create IPUIPlugin
2024-02-14 15:14:21,720 [INFO] PluginManager:220 - loadIPPluginJar : add pdm2pcm
2024-02-14 15:14:21,731 [INFO] IPUIPlugin:80 - create IPUIPlugin
2024-02-14 15:14:21,733 [INFO] PluginManager:220 - loadIPPluginJar : add plateformsettings
2024-02-14 15:14:21,750 [INFO] IPUIPlugin:80 - create IPUIPlugin
2024-02-14 15:14:21,750 [INFO] PluginManager:220 - loadIPPluginJar : add quadspi
2024-02-14 15:14:21,760 [INFO] IPUIPlugin:80 - create IPUIPlugin
2024-02-14 15:14:21,760 [INFO] PluginManager:220 - loadIPPluginJar : add resmgrutility
2024-02-14 15:14:21,806 [INFO] IPUIPlugin:80 - create IPUIPlugin
2024-02-14 15:14:21,806 [INFO] PluginManager:220 - loadIPPluginJar : add sai
2024-02-14 15:14:21,834 [INFO] IPUIPlugin:80 - create IPUIPlugin
2024-02-14 15:14:21,834 [INFO] PluginManager:220 - loadIPPluginJar : add spi
2024-02-14 15:14:21,889 [INFO] IPUIPlugin:80 - create IPUIPlugin
2024-02-14 15:14:21,889 [INFO] PluginManager:220 - loadIPPluginJar : add stm32_wpan
2024-02-14 15:14:21,906 [INFO] IPUIPlugin:80 - create IPUIPlugin
2024-02-14 15:14:21,907 [INFO] PluginManager:220 - loadIPPluginJar : add tim
2024-02-14 15:14:21,951 [INFO] IPUIPlugin:80 - create IPUIPlugin
2024-02-14 15:14:21,951 [INFO] PluginManager:220 - loadIPPluginJar : add touchsensing
2024-02-14 15:14:21,970 [INFO] IPUIPlugin:80 - create IPUIPlugin
2024-02-14 15:14:21,970 [INFO] PluginManager:220 - loadIPPluginJar : add tracer_emb
2024-02-14 15:14:21,990 [INFO] IPUIPlugin:80 - create IPUIPlugin
2024-02-14 15:14:21,990 [INFO] PluginManager:220 - loadIPPluginJar : add ts
2024-02-14 15:14:22,007 [INFO] IPUIPlugin:80 - create IPUIPlugin
2024-02-14 15:14:22,007 [INFO] PluginManager:220 - loadIPPluginJar : add tsc
2024-02-14 15:14:22,024 [INFO] IPUIPlugin:80 - create IPUIPlugin
2024-02-14 15:14:22,024 [INFO] PluginManager:220 - loadIPPluginJar : add ucpd
2024-02-14 15:14:22,059 [INFO] IPUIPlugin:80 - create IPUIPlugin
2024-02-14 15:14:22,059 [INFO] PluginManager:220 - loadIPPluginJar : add usart
2024-02-14 15:14:22,097 [INFO] IPUIPlugin:80 - create IPUIPlugin
2024-02-14 15:14:22,097 [INFO] PluginManager:220 - loadIPPluginJar : add usbx
2024-02-14 15:14:22,214 [INFO] CADModel:165 - CPN selected for project level
2024-02-14 15:14:22,214 [INFO] CADModel:114 - Register for checkConnection events
2024-02-14 15:14:22,214 [FATAL] Updater:308 - Updater called before beeing initialized
2024-02-14 15:14:22,214 [ERROR] CADModel:125 - Updater not yet initialized, retry later 
2024-02-14 15:14:22,335 [INFO] CADModel:165 - CPN selected for project level
2024-02-14 15:14:22,336 [INFO] CADModel:114 - Register for checkConnection events
2024-02-14 15:14:22,336 [FATAL] Updater:308 - Updater called before beeing initialized
2024-02-14 15:14:22,336 [ERROR] CADModel:125 - Updater not yet initialized, retry later 
2024-02-14 15:14:22,339 [FATAL] Updater:308 - Updater called before beeing initialized
2024-02-14 15:14:22,425 [FATAL] Updater:308 - Updater called before beeing initialized
2024-02-14 15:14:22,436 [INFO] DbMcusAds:53 - JSON generation date=Tue Mar 07 15:50:55 ICT 2023 (1678179055114)
2024-02-14 15:14:22,436 [FATAL] Updater:308 - Updater called before beeing initialized
2024-02-14 15:14:22,473 [WARN] DetailPanel:346 - Failed to get advertising image, set to default
2024-02-14 15:14:22,553 [FATAL] Updater:308 - Updater called before beeing initialized
2024-02-14 15:14:22,555 [FATAL] Updater:308 - Updater called before beeing initialized
2024-02-14 15:14:22,555 [FATAL] Updater:308 - Updater called before beeing initialized
2024-02-14 15:14:22,555 [WARN] DetailPanel:346 - Failed to get advertising image, set to default
2024-02-14 15:14:22,556 [FATAL] Updater:308 - Updater called before beeing initialized
2024-02-14 15:14:22,616 [ERROR] Updater:1120 - MainUpdater not yet initialized. External WinMGr cannot be set.
2024-02-14 15:14:22,625 [INFO] Updater:1056 - Updater Version found : 6.9.2
2024-02-14 15:14:22,648 [INFO] ApplicationProperties:184 - Using Application install path: C:\ST\STM32CubeIDE_1.13.0\STM32CubeIDE\plugins\com.st.stm32cube.common.mx_6.9.2.202309101412
2024-02-14 15:14:23,077 [INFO] ThirdPartyUpdaterWithRetryManager:70 - Updater plugin not ready yet. [2/15]
2024-02-14 15:14:23,924 [INFO] MainUpdater:2868 - connection check result : 10
2024-02-14 15:14:23,924 [INFO] MainUpdater:3562 - Updater definition file requires update
2024-02-14 15:14:23,926 [INFO] MainUpdater:285 - Updater Check For Update Now.
2024-02-14 15:14:23,926 [INFO] MicroXplorer:498 - Change Database Version : DB.6.0.92
2024-02-14 15:14:23,943 [INFO] McuFinderGlobals:63 - Set McuFinder mode to 2 (CubeIDE integrated)
2024-02-14 15:14:25,671 [INFO] ServerAccessManage:473 - Download File updaters.zip
2024-02-14 15:14:25,724 [INFO] FileExtend:240 - Unzip File : updaters.zip
2024-02-14 15:14:25,724 [INFO] FileExtend:255 - Standard Zip Deflate
2024-02-14 15:14:26,078 [WARN] MainUpdater:1189 - Updater busy. Cannot search thirdparties
2024-02-14 15:14:26,079 [INFO] ThirdPartyUpdaterWithRetryManager:96 - Updater plugin is busy. [1/15]
2024-02-14 15:14:27,073 [INFO] ServerAccessManage:473 - Download File PacksControlFlags.xml
2024-02-14 15:14:28,025 [INFO] ServerAccessManage:473 - Download File cubemx.pidx
2024-02-14 15:14:29,080 [WARN] MainUpdater:1189 - Updater busy. Cannot search thirdparties
2024-02-14 15:14:29,080 [INFO] ThirdPartyUpdaterWithRetryManager:96 - Updater plugin is busy. [2/15]
2024-02-14 15:14:29,248 [INFO] ServerAccessManage:473 - Download File STMicroelectronics.FP-SNS-MOTENVWB1.pdsc
2024-02-14 15:14:32,080 [WARN] MainUpdater:1189 - Updater busy. Cannot search thirdparties
2024-02-14 15:14:32,080 [INFO] ThirdPartyUpdaterWithRetryManager:96 - Updater plugin is busy. [3/15]
2024-02-14 15:14:32,087 [INFO] ServerAccessManage:473 - Download File STMicroelectronics.X-CUBE-BLEMGR.pdsc
2024-02-14 15:14:35,081 [WARN] MainUpdater:1189 - Updater busy. Cannot search thirdparties
2024-02-14 15:14:35,081 [INFO] ThirdPartyUpdaterWithRetryManager:96 - Updater plugin is busy. [4/15]
2024-02-14 15:14:37,711 [INFO] ServerAccessManage:473 - Download File STMicroelectronics.X-CUBE-EEPRMA1.pdsc
2024-02-14 15:14:37,887 [ERROR] LogOutputStream:75 - [STDERR_REDIRECT] SLF4J: Failed to load class "org.slf4j.impl.StaticLoggerBinder".
2024-02-14 15:14:37,887 [ERROR] LogOutputStream:75 - [STDERR_REDIRECT] SLF4J: Defaulting to no-operation (NOP) logger implementation
2024-02-14 15:14:37,889 [ERROR] LogOutputStream:75 - [STDERR_REDIRECT] SLF4J: See http://www.slf4j.org/codes.html#StaticLoggerBinder for further details.
2024-02-14 15:14:38,081 [WARN] MainUpdater:1189 - Updater busy. Cannot search thirdparties
2024-02-14 15:14:38,081 [INFO] ThirdPartyUpdaterWithRetryManager:96 - Updater plugin is busy. [5/15]
2024-02-14 15:14:39,395 [ERROR] ServerAccessManage:1089 - Problem, file not found on Server
2024-02-14 15:14:41,083 [WARN] MainUpdater:1189 - Updater busy. Cannot search thirdparties
2024-02-14 15:14:41,083 [INFO] ThirdPartyUpdaterWithRetryManager:96 - Updater plugin is busy. [6/15]
2024-02-14 15:14:42,241 [ERROR] ServerAccessManage:1089 - Problem, file not found on Server
2024-02-14 15:14:44,084 [WARN] MainUpdater:1189 - Updater busy. Cannot search thirdparties
2024-02-14 15:14:44,084 [INFO] ThirdPartyUpdaterWithRetryManager:96 - Updater plugin is busy. [7/15]
2024-02-14 15:14:45,636 [INFO] ServerAccessManage:473 - Download File STMicroelectronics.X-CUBE-ISPU.pdsc
2024-02-14 15:14:47,085 [WARN] MainUpdater:1189 - Updater busy. Cannot search thirdparties
2024-02-14 15:14:47,085 [INFO] ThirdPartyUpdaterWithRetryManager:96 - Updater plugin is busy. [8/15]
2024-02-14 15:14:48,403 [INFO] ServerAccessManage:473 - Download File STMicroelectronics.X-CUBE-TOF1.pdsc
2024-02-14 15:14:50,086 [WARN] MainUpdater:1189 - Updater busy. Cannot search thirdparties
2024-02-14 15:14:50,086 [INFO] ThirdPartyUpdaterWithRetryManager:96 - Updater plugin is busy. [9/15]
2024-02-14 15:14:53,089 [WARN] MainUpdater:1189 - Updater busy. Cannot search thirdparties
2024-02-14 15:14:53,089 [INFO] ThirdPartyUpdaterWithRetryManager:96 - Updater plugin is busy. [10/15]
2024-02-14 15:14:54,168 [ERROR] ServerAccessManage:1089 - Problem, file not found on Server
2024-02-14 15:14:56,023 [INFO] ServerAccessManage:473 - Download File STMicroelectronics.X-CUBE-TOUCHGFX.pdsc
2024-02-14 15:14:56,092 [WARN] MainUpdater:1189 - Updater busy. Cannot search thirdparties
2024-02-14 15:14:56,092 [INFO] ThirdPartyUpdaterWithRetryManager:96 - Updater plugin is busy. [11/15]
2024-02-14 15:14:59,094 [WARN] MainUpdater:1189 - Updater busy. Cannot search thirdparties
2024-02-14 15:14:59,094 [INFO] ThirdPartyUpdaterWithRetryManager:96 - Updater plugin is busy. [12/15]
2024-02-14 15:15:02,095 [WARN] MainUpdater:1189 - Updater busy. Cannot search thirdparties
2024-02-14 15:15:02,095 [INFO] ThirdPartyUpdaterWithRetryManager:96 - Updater plugin is busy. [13/15]
2024-02-14 15:15:05,096 [WARN] MainUpdater:1189 - Updater busy. Cannot search thirdparties
2024-02-14 15:15:05,096 [INFO] ThirdPartyUpdaterWithRetryManager:96 - Updater plugin is busy. [14/15]
2024-02-14 15:15:08,098 [WARN] MainUpdater:1189 - Updater busy. Cannot search thirdparties
2024-02-14 15:15:08,098 [INFO] ThirdPartyUpdaterWithRetryManager:96 - Updater plugin is busy. [15/15]
2024-02-14 15:15:08,099 [ERROR] IntegrityCheckThread:130 - Cannot retrieve database content from updater: error -1
2024-02-14 15:15:08,099 [INFO] ThirdParty:978 - Integrity check success = false
2024-02-14 15:15:08,099 [INFO] IntegrityCheckThread:100 - exiting critical section [integrity check]
2024-02-14 15:15:08,099 [INFO] IntegrityCheckThread:103 - End integrity checks thread
2024-02-14 15:15:11,623 [INFO] ServerAccessManage:473 - Download File STMicroelectronics.X-CUBE-AZRTOS-H7.pdsc
2024-02-14 15:15:18,052 [ERROR] ServerAccessManage:1096 - Problem, Http access forbiden
2024-02-14 15:15:18,053 [ERROR] ServerAccessManage:651 - Problem, Http access forbiden : RoweBots.I-CUBE-UNISONRTOS.pdsc.
2024-02-14 15:15:18,178 [WARN] PackLoader:240 - Cannot read IP mode file for STMicroelectronics.FP-SNS-MOTENVWB1.1.3.1
2024-02-14 15:15:18,192 [WARN] PackLoader:240 - Cannot read IP mode file for STMicroelectronics.X-CUBE-BLEMGR.3.0.0
2024-02-14 15:15:18,202 [WARN] PackLoader:240 - Cannot read IP mode file for STMicroelectronics.X-CUBE-EEPRMA1.5.1.0
2024-02-14 15:15:18,208 [WARN] PackLoader:240 - Cannot read IP mode file for STMicroelectronics.X-CUBE-ISPU.2.0.0
2024-02-14 15:15:18,215 [WARN] PackLoader:240 - Cannot read IP mode file for STMicroelectronics.X-CUBE-TOF1.3.4.0
2024-02-14 15:15:18,231 [WARN] PackLoader:240 - Cannot read IP mode file for STMicroelectronics.X-CUBE-TOUCHGFX.4.23.0
2024-02-14 15:15:18,247 [WARN] PackLoader:240 - Cannot read IP mode file for STMicroelectronics.X-CUBE-AZRTOS-H7.3.2.0
2024-02-14 15:15:18,250 [INFO] PopulateThirdPartyThread:66 - Ending populate Thread
2024-02-14 15:15:18,252 [INFO] ThirdParty:1030 - CMSIS Pack Vendor :STMicroelectronics X-CUBE-EEPRMA1 5.1.0
2024-02-14 15:15:18,252 [INFO] ThirdParty:1030 - CMSIS Pack Vendor :STMicroelectronics FP-SNS-MOTENVWB1 1.3.1
2024-02-14 15:15:18,253 [INFO] ThirdParty:1030 - CMSIS Pack Vendor :STMicroelectronics X-CUBE-TOUCHGFX 4.23.0
2024-02-14 15:15:18,253 [INFO] ThirdParty:1030 - CMSIS Pack Vendor :STMicroelectronics X-CUBE-TOF1 3.4.0
2024-02-14 15:15:18,253 [INFO] ThirdParty:1030 - CMSIS Pack Vendor :STMicroelectronics X-CUBE-AZRTOS-H7 3.2.0
2024-02-14 15:15:18,253 [INFO] ThirdParty:1030 - CMSIS Pack Vendor :STMicroelectronics X-CUBE-BLEMGR 3.0.0
2024-02-14 15:15:18,253 [INFO] ThirdParty:1030 - CMSIS Pack Vendor :STMicroelectronics X-CUBE-ISPU 2.0.0
2024-02-14 15:15:18,253 [INFO] LoadServerUpdatesThread:373 - End of LoadServerUpdate Thread
2024-02-14 15:15:18,299 [INFO] CheckServerUpdateThread:120 - End of CheckServer Thread
